<?xml version="1.0" encoding="utf-8"?>
<TestRun id="91943f45-bccb-4e83-917f-64f9a17840f3" name="FreezaPC@DESKTOP-EO2KNBC 2026-04-13 13:08:09" runUser="DESKTOP-EO2KNBC\FreezaPC" xmlns="http://microsoft.com/schemas/VisualStudio/TeamTest/2010">
  <Times creation="2026-04-13T13:08:09.5603092-03:00" queuing="2026-04-13T13:08:09.5603095-03:00" start="2026-04-13T13:08:07.0732491-03:00" finish="2026-04-13T13:08:09.5647441-03:00" />
  <TestSettings name="default" id="fc1b83f7-fc6f-4f16-912b-c4ff8c212750">
    <Deployment runDeploymentRoot="FreezaPC_DESKTOP-EO2KNBC_2026-04-13_13_08_09" />
  </TestSettings>
  <Results>
    <UnitTestResult executionId="996a44aa-1473-41e7-b25c-8f0fac51cce7" testId="27be3436-9fd7-8903-0285-47e703e052e9" testName="OtServMarket.Tests.AuthenticationIntegrationTests.AllowsLoginWithoutConfirmedEmail_WhenRuntimePolicyDisablesRequirement" computerName="DESKTOP-EO2KNBC" duration="00:00:01.7340415" startTime="2026-04-13T13:08:07.7279881-03:00" endTime="2026-04-13T13:08:09.4768004-03:00" testType="13cdc9d9-ddb5-4fa4-a97d-d965ccfc6d4b" outcome="Failed" testListId="8c84fa94-04c1-424b-9868-57a2d4851a1d" relativeResultsDirectory="996a44aa-1473-41e7-b25c-8f0fac51cce7">
      <Output>
        <ErrorInfo>
          <Message>Assert.Equal() Failure: Strings differ&#xD;
            ↓ (pos 1)&#xD;
Expected: "/dashboard"&#xD;
Actual:   "/servers"&#xD;
            ↑ (pos 1)</Message>
          <StackTrace>   at OtServMarket.Tests.AuthenticationIntegrationTests.AllowsLoginWithoutConfirmedEmail_WhenRuntimePolicyDisablesRequirement() in C:\FreezaSSD\Dev\OtServMarket\OtServMarket.Tests\AuthenticationIntegrationTests.cs:line 151&#xD;
--- End of stack trace from previous location ---</StackTrace>
        </ErrorInfo>
      </Output>
    </UnitTestResult>
  </Results>
  <TestDefinitions>
    <UnitTest name="OtServMarket.Tests.AuthenticationIntegrationTests.AllowsLoginWithoutConfirmedEmail_WhenRuntimePolicyDisablesRequirement" storage="c:\freezassd\dev\otservmarket\otservmarket.tests\bin\debug\net9.0\otservmarket.tests.dll" id="27be3436-9fd7-8903-0285-47e703e052e9">
      <Execution id="996a44aa-1473-41e7-b25c-8f0fac51cce7" />
      <TestMethod codeBase="C:\FreezaSSD\Dev\OtServMarket\OtServMarket.Tests\bin\Debug\net9.0\OtServMarket.Tests.dll" adapterTypeName="executor://xunit/VsTestRunner3/netcore/" className="OtServMarket.Tests.AuthenticationIntegrationTests" name="AllowsLoginWithoutConfirmedEmail_WhenRuntimePolicyDisablesRequirement" />
    </UnitTest>
  </TestDefinitions>
  <TestEntries>
    <TestEntry testId="27be3436-9fd7-8903-0285-47e703e052e9" executionId="996a44aa-1473-41e7-b25c-8f0fac51cce7" testListId="8c84fa94-04c1-424b-9868-57a2d4851a1d" />
  </TestEntries>
  <TestLists>
    <TestList name="Results Not in a List" id="8c84fa94-04c1-424b-9868-57a2d4851a1d" />
    <TestList name="All Loaded Results" id="19431567-8539-422a-85d7-44ee4e166bda" />
  </TestLists>
  <ResultSummary outcome="Failed">
    <Counters total="1" executed="1" passed="0" failed="1" error="0" timeout="0" aborted="0" inconclusive="0" passedButRunAborted="0" notRunnable="0" notExecuted="0" disconnected="0" warning="0" completed="0" inProgress="0" pending="0" />
    <Output>
      <StdOut>[xUnit.net 00:00:00.00] xUnit.net VSTest Adapter v3.1.4+50e68bbb8b (64-bit .NET 9.0.13)&#xD;
[xUnit.net 00:00:00.09]   Discovering: OtServMarket.Tests&#xD;
[xUnit.net 00:00:00.17]   Discovered:  OtServMarket.Tests&#xD;
[xUnit.net 00:00:00.20]   Starting:    OtServMarket.Tests&#xD;
info: Microsoft.AspNetCore.DataProtection.KeyManagement.XmlKeyManager[63]&#xD;
      User profile is available. Using 'C:\Users\FreezaPC\AppData\Local\ASP.NET\DataProtection-Keys' as key repository and Windows DPAPI to encrypt keys at rest.&#xD;
info: Microsoft.EntityFrameworkCore.Update[30100]&#xD;
      Saved 0 entities to in-memory store.&#xD;
info: Microsoft.EntityFrameworkCore.Update[30100]&#xD;
      Saved 1 entities to in-memory store.&#xD;
info: Microsoft.EntityFrameworkCore.Update[30100]&#xD;
      Saved 1 entities to in-memory store.&#xD;
info: Microsoft.EntityFrameworkCore.Update[30100]&#xD;
      Saved 1 entities to in-memory store.&#xD;
info: OtServMarket.Services.AppInitializationService[0]&#xD;
      UsuA�rio admin seed criado: admin@test.local&#xD;
info: Microsoft.EntityFrameworkCore.Update[30100]&#xD;
      Saved 2 entities to in-memory store.&#xD;
info: OtServMarket.Services.AppInitializationService[0]&#xD;
      UsuA�rio admin@test.local promovido a admin.&#xD;
info: Microsoft.EntityFrameworkCore.Update[30100]&#xD;
      Saved 3 entities to in-memory store.&#xD;
info: Microsoft.EntityFrameworkCore.Update[30100]&#xD;
      Saved 1 entities to in-memory store.&#xD;
info: Microsoft.EntityFrameworkCore.Update[30100]&#xD;
      Saved 3 entities to in-memory store.&#xD;
info: Microsoft.EntityFrameworkCore.Update[30100]&#xD;
      Saved 1 entities to in-memory store.&#xD;
info: Microsoft.EntityFrameworkCore.Update[30100]&#xD;
      Saved 1 entities to in-memory store.&#xD;
info: Microsoft.EntityFrameworkCore.Update[30100]&#xD;
      Saved 1 entities to in-memory store.&#xD;
info: Microsoft.AspNetCore.Hosting.Diagnostics[1]&#xD;
      Request starting HTTP/1.1 GET http://localhost/Identity/Account/Login - - -&#xD;
warn: Microsoft.AspNetCore.HttpsPolicy.HttpsRedirectionMiddleware[3]&#xD;
      Failed to determine the https port for redirect.&#xD;
info: Microsoft.AspNetCore.Routing.EndpointMiddleware[0]&#xD;
      Executing endpoint '/Account/Login'&#xD;
info: Microsoft.AspNetCore.Mvc.RazorPages.Infrastructure.PageActionInvoker[103]&#xD;
      Route matched with {page = "/Account/Login", area = "Identity", action = "", controller = ""}. Executing page /Account/Login&#xD;
info: Microsoft.AspNetCore.Mvc.RazorPages.Infrastructure.PageActionInvoker[105]&#xD;
      Executing handler method OtServMarket.Areas.Identity.Pages.Account.LoginModel.OnGet - ModelState is Valid&#xD;
info: Microsoft.AspNetCore.Mvc.RazorPages.Infrastructure.PageActionInvoker[108]&#xD;
      Executed handler method OnGet, returned result .&#xD;
info: Microsoft.AspNetCore.Mvc.RazorPages.Infrastructure.PageActionInvoker[107]&#xD;
      Executing an implicit handler method - ModelState is Valid&#xD;
info: Microsoft.AspNetCore.Mvc.RazorPages.Infrastructure.PageActionInvoker[109]&#xD;
      Executed an implicit handler method, returned result Microsoft.AspNetCore.Mvc.RazorPages.PageResult.&#xD;
info: Microsoft.AspNetCore.Mvc.RazorPages.Infrastructure.PageActionInvoker[104]&#xD;
      Executed page /Account/Login in 98.1464ms&#xD;
info: Microsoft.AspNetCore.Routing.EndpointMiddleware[1]&#xD;
      Executed endpoint '/Account/Login'&#xD;
info: Microsoft.AspNetCore.Hosting.Diagnostics[2]&#xD;
      Request finished HTTP/1.1 GET http://localhost/Identity/Account/Login - 200 - text/html;+charset=utf-8 157.2241ms&#xD;
info: Microsoft.AspNetCore.Hosting.Diagnostics[1]&#xD;
      Request starting HTTP/1.1 POST http://localhost/Identity/Account/Login - application/x-www-form-urlencoded 279&#xD;
info: Microsoft.AspNetCore.Routing.EndpointMiddleware[0]&#xD;
      Executing endpoint '/Account/Login'&#xD;
info: Microsoft.AspNetCore.Mvc.RazorPages.Infrastructure.PageActionInvoker[103]&#xD;
      Route matched with {page = "/Account/Login", area = "Identity", action = "", controller = ""}. Executing page /Account/Login&#xD;
info: Microsoft.AspNetCore.Mvc.RazorPages.Infrastructure.PageActionInvoker[105]&#xD;
      Executing handler method OtServMarket.Areas.Identity.Pages.Account.LoginModel.OnPostAsync - ModelState is Valid&#xD;
info: Microsoft.AspNetCore.Authentication.Cookies.CookieAuthenticationHandler[10]&#xD;
      AuthenticationScheme: Identity.Application signed in.&#xD;
info: Microsoft.AspNetCore.Mvc.RazorPages.Infrastructure.PageActionInvoker[108]&#xD;
      Executed handler method OnPostAsync, returned result Microsoft.AspNetCore.Mvc.LocalRedirectResult.&#xD;
info: Microsoft.AspNetCore.Mvc.Infrastructure.LocalRedirectResultExecutor[1]&#xD;
      Executing LocalRedirectResult, redirecting to /servers.&#xD;
info: Microsoft.AspNetCore.Mvc.RazorPages.Infrastructure.PageActionInvoker[104]&#xD;
      Executed page /Account/Login in 159.0311ms&#xD;
info: Microsoft.AspNetCore.Routing.EndpointMiddleware[1]&#xD;
      Executed endpoint '/Account/Login'&#xD;
info: Microsoft.AspNetCore.Hosting.Diagnostics[2]&#xD;
      Request finished HTTP/1.1 POST http://localhost/Identity/Account/Login - 302 - - 163.5932ms&#xD;
[xUnit.net 00:00:01.97]       Assert.Equal() Failure: Strings differ&#xD;
[xUnit.net 00:00:01.97]                   ↓ (pos 1)&#xD;
[xUnit.net 00:00:01.97]       Expected: "/dashboard"&#xD;
[xUnit.net 00:00:01.97]       Actual:   "/servers"&#xD;
[xUnit.net 00:00:01.97]                   ↑ (pos 1)&#xD;
[xUnit.net 00:00:01.97]       Stack Trace:&#xD;
[xUnit.net 00:00:01.97]         C:\FreezaSSD\Dev\OtServMarket\OtServMarket.Tests\AuthenticationIntegrationTests.cs(151,0): at OtServMarket.Tests.AuthenticationIntegrationTests.AllowsLoginWithoutConfirmedEmail_WhenRuntimePolicyDisablesRequirement()&#xD;
[xUnit.net 00:00:01.97]         --- End of stack trace from previous location ---&#xD;
[xUnit.net 00:00:01.98]   Finished:    OtServMarket.Tests&#xD;
</StdOut>
    </Output>
    <RunInfos>
      <RunInfo computerName="DESKTOP-EO2KNBC" outcome="Error" timestamp="2026-04-13T13:08:09.4785460-03:00">
        <Text>[xUnit.net 00:00:01.97]     OtServMarket.Tests.AuthenticationIntegrationTests.AllowsLoginWithoutConfirmedEmail_WhenRuntimePolicyDisablesRequirement [FAIL]</Text>
      </RunInfo>
    </RunInfos>
  </ResultSummary>
</TestRun>