<?xml version="1.0" encoding="utf-8"?>
<TestRun id="d8204f2d-0de0-4fbf-afd3-fb2bccc9e068" name="FreezaPC@DESKTOP-EO2KNBC 2026-05-27 04:50:47" runUser="DESKTOP-EO2KNBC\FreezaPC" xmlns="http://microsoft.com/schemas/VisualStudio/TeamTest/2010">
  <Times creation="2026-05-27T04:50:47.2729813-03:00" queuing="2026-05-27T04:50:47.2729816-03:00" start="2026-05-27T04:50:45.2823397-03:00" finish="2026-05-27T04:50:56.4519547-03:00" />
  <TestSettings name="default" id="b3b34166-76df-4083-ab6b-f740d79c7e38">
    <Deployment runDeploymentRoot="FreezaPC_DESKTOP-EO2KNBC_2026-05-27_04_50_47" />
  </TestSettings>
  <Results>
    <UnitTestResult executionId="7cb65242-e99b-44ca-9f6a-febf150824e0" testId="203b7c72-3758-a83d-5f64-e95df4d57ead" testName="Confirmai.Tests.AdminLogsFilterStateRulesTests.ShouldShowRestoredNotice_WhenAnyFilterIsPresent_ReturnsTrue" computerName="DESKTOP-EO2KNBC" duration="00:00:00.0003412" startTime="2026-05-27T04:50:50.4346540-03:00" endTime="2026-05-27T04:50:50.4348842-03:00" testType="13cdc9d9-ddb5-4fa4-a97d-d965ccfc6d4b" outcome="Passed" testListId="8c84fa94-04c1-424b-9868-57a2d4851a1d" relativeResultsDirectory="7cb65242-e99b-44ca-9f6a-febf150824e0" />
    <UnitTestResult executionId="294bc64d-fb78-4ca1-9750-477d9b1380e5" testId="d4b014f1-ad25-c9cc-5a3c-a5a1af35d3c4" testName="Confirmai.Tests.LogRetentionServiceTests.RunAsync_DoesNotAnonymize_LogsThatAlreadyHaveNullIpAddress" computerName="DESKTOP-EO2KNBC" duration="00:00:00.0024257" startTime="2026-05-27T04:50:49.5633263-03:00" endTime="2026-05-27T04:50:49.5659103-03:00" testType="13cdc9d9-ddb5-4fa4-a97d-d965ccfc6d4b" outcome="Passed" testListId="8c84fa94-04c1-424b-9868-57a2d4851a1d" relativeResultsDirectory="294bc64d-fb78-4ca1-9750-477d9b1380e5" />
    <UnitTestResult executionId="284b6fca-4253-4420-813c-e54b450144d5" testId="58a5087e-c0b5-ee09-4a4c-00310b474634" testName="Confirmai.Tests.BtcPayServerPaymentServiceTests.GenerateAddressWithKeyAsync_ThrowsNotImplemented" computerName="DESKTOP-EO2KNBC" duration="00:00:00.0007765" startTime="2026-05-27T04:50:50.0818073-03:00" endTime="2026-05-27T04:50:50.0824227-03:00" testType="13cdc9d9-ddb5-4fa4-a97d-d965ccfc6d4b" outcome="Passed" testListId="8c84fa94-04c1-424b-9868-57a2d4851a1d" relativeResultsDirectory="284b6fca-4253-4420-813c-e54b450144d5" />
    <UnitTestResult executionId="dd21071b-563b-4790-afa6-6c0f84f4e8d4" testId="9ce467f6-39d8-b1ea-ecac-a7384c02957d" testName="Confirmai.Tests.FullFlowRecentFeaturesIntegrationTests.CookieConsent_AssetsAndMarkup_ArePublishedWithExpectedContracts" computerName="DESKTOP-EO2KNBC" duration="00:00:00.0449515" startTime="2026-05-27T04:50:51.4907767-03:00" endTime="2026-05-27T04:50:51.5353494-03:00" testType="13cdc9d9-ddb5-4fa4-a97d-d965ccfc6d4b" outcome="Passed" testListId="8c84fa94-04c1-424b-9868-57a2d4851a1d" relativeResultsDirectory="dd21071b-563b-4790-afa6-6c0f84f4e8d4" />
    <UnitTestResult executionId="0254e786-2f62-4509-a078-d3fa1efa0190" testId="a41ae92a-d9d7-d5d3-21e6-61cc5bf47df8" testName="Confirmai.Tests.EventNotificationServiceTests.NotifyEventUpdatedAsync_SendsMessages_WhenDateChangedMoreThanOneMinute" computerName="DESKTOP-EO2KNBC" duration="00:00:00.0052902" startTime="2026-05-27T04:50:50.9446504-03:00" endTime="2026-05-27T04:50:50.9498303-03:00" testType="13cdc9d9-ddb5-4fa4-a97d-d965ccfc6d4b" outcome="Passed" testListId="8c84fa94-04c1-424b-9868-57a2d4851a1d" relativeResultsDirectory="0254e786-2f62-4509-a078-d3fa1efa0190" />
    <UnitTestResult executionId="c54a5570-cc0f-4fb6-9dc0-6a9619b35064" testId="207dd251-959a-1b7d-7672-d7765a761b8e" testName="Confirmai.Tests.AdminLogFilteringIntegrationTests.Apply_WithGlobalTermAndLevelAndDateRange_ReturnsOnlyIntersection" computerName="DESKTOP-EO2KNBC" duration="00:00:00.1792525" startTime="2026-05-27T04:50:50.2513941-03:00" endTime="2026-05-27T04:50:50.4301482-03:00" testType="13cdc9d9-ddb5-4fa4-a97d-d965ccfc6d4b" outcome="Passed" testListId="8c84fa94-04c1-424b-9868-57a2d4851a1d" relativeResultsDirectory="c54a5570-cc0f-4fb6-9dc0-6a9619b35064" />
    <UnitTestResult executionId="9d1bb44a-f62f-453a-918c-e5b91ca019f6" testId="31d8aac1-b3b4-3642-8e04-c9c070f8984b" testName="Confirmai.Tests.EventNotificationServiceTests.NotifyNewRecurringEventAsync_DoesNothing_WhenEventNotFound" computerName="DESKTOP-EO2KNBC" duration="00:00:00.0012179" startTime="2026-05-27T04:50:50.9712949-03:00" endTime="2026-05-27T04:50:50.9724869-03:00" testType="13cdc9d9-ddb5-4fa4-a97d-d965ccfc6d4b" outcome="Passed" testListId="8c84fa94-04c1-424b-9868-57a2d4851a1d" relativeResultsDirectory="9d1bb44a-f62f-453a-918c-e5b91ca019f6" />
    <UnitTestResult executionId="4dcc77dd-c128-4d9c-be46-82ac4b155b66" testId="d322d82e-08c2-527c-7210-26bc1caea2b9" testName="Confirmai.Tests.FullFlowAuthenticationIdentityScenariosIntegrationTests.Login_UsesEnglishConfirmEmailMessage_WhenPolicyRequiresConfirmation_AndLanguageIsEnglish" computerName="DESKTOP-EO2KNBC" duration="00:00:00.1591420" startTime="2026-05-27T04:50:49.8544064-03:00" endTime="2026-05-27T04:50:50.0150656-03:00" testType="13cdc9d9-ddb5-4fa4-a97d-d965ccfc6d4b" outcome="Passed" testListId="8c84fa94-04c1-424b-9868-57a2d4851a1d" relativeResultsDirectory="4dcc77dd-c128-4d9c-be46-82ac4b155b66" />
    <UnitTestResult executionId="42872842-6227-4412-b595-7f2613c44243" testId="41d3f99a-8759-4c52-eeea-0bc720f41bfe" testName="Confirmai.Tests.PaymentConfirmationServiceTests.ConfirmAsync_WhenAlreadyPaidInTestnet_ReturnsAlreadyPaid" computerName="DESKTOP-EO2KNBC" duration="00:00:00.0027582" startTime="2026-05-27T04:50:50.1499252-03:00" endTime="2026-05-27T04:50:50.1525523-03:00" testType="13cdc9d9-ddb5-4fa4-a97d-d965ccfc6d4b" outcome="Passed" testListId="8c84fa94-04c1-424b-9868-57a2d4851a1d" relativeResultsDirectory="42872842-6227-4412-b595-7f2613c44243" />
    <UnitTestResult executionId="632e6918-e621-4c50-8587-b4c6ac3759bc" testId="091393ea-c111-29cf-df52-28e88ebd5ace" testName="Confirmai.Tests.WebhookEndpointIntegrationTests.WebhookEndpoint_IsIdempotent_WhenInvoiceSettledIsReceivedTwice" computerName="DESKTOP-EO2KNBC" duration="00:00:00.0520642" startTime="2026-05-27T04:50:49.8145323-03:00" endTime="2026-05-27T04:50:49.8668434-03:00" testType="13cdc9d9-ddb5-4fa4-a97d-d965ccfc6d4b" outcome="Passed" testListId="8c84fa94-04c1-424b-9868-57a2d4851a1d" relativeResultsDirectory="632e6918-e621-4c50-8587-b4c6ac3759bc" />
    <UnitTestResult executionId="2e7739b4-27fd-43af-8dd4-bd4eeeb03902" testId="d6364776-dc33-597d-62fc-de6f91857458" testName="Confirmai.Tests.PiiSanitizerTests.MaskEmailsInJson_LeavesNonEmailJsonUnchanged" computerName="DESKTOP-EO2KNBC" duration="00:00:00.0000612" startTime="2026-05-27T04:50:50.0767648-03:00" endTime="2026-05-27T04:50:50.0768191-03:00" testType="13cdc9d9-ddb5-4fa4-a97d-d965ccfc6d4b" outcome="Passed" testListId="8c84fa94-04c1-424b-9868-57a2d4851a1d" relativeResultsDirectory="2e7739b4-27fd-43af-8dd4-bd4eeeb03902" />
    <UnitTestResult executionId="db92aaed-b685-4a55-9f96-7516a84b95f4" testId="2b2fd9e6-99e0-1f9f-5e90-cd4bf0fac7ba" testName="Confirmai.Tests.LogRetentionServiceTests.RunAsync_NeverPurges_FinancialLog_OlderThan90Days(eventType: &quot;order.released&quot;)" computerName="DESKTOP-EO2KNBC" duration="00:00:00.0014797" startTime="2026-05-27T04:50:49.5502129-03:00" endTime="2026-05-27T04:50:49.5517094-03:00" testType="13cdc9d9-ddb5-4fa4-a97d-d965ccfc6d4b" outcome="Passed" testListId="8c84fa94-04c1-424b-9868-57a2d4851a1d" relativeResultsDirectory="db92aaed-b685-4a55-9f96-7516a84b95f4" />
    <UnitTestResult executionId="89df1aca-b0d7-46d4-a917-73c40a0b4334" testId="b146af2f-f06f-0c18-f453-d18cd77412fd" testName="Confirmai.Tests.FutsalIntegrationTests.FutsalDetail_Returns200_ForExistingEvent" computerName="DESKTOP-EO2KNBC" duration="00:00:00.0517573" startTime="2026-05-27T04:50:50.4601182-03:00" endTime="2026-05-27T04:50:50.5145829-03:00" testType="13cdc9d9-ddb5-4fa4-a97d-d965ccfc6d4b" outcome="Passed" testListId="8c84fa94-04c1-424b-9868-57a2d4851a1d" relativeResultsDirectory="89df1aca-b0d7-46d4-a917-73c40a0b4334" />
    <UnitTestResult executionId="6e02f668-921a-463f-86e2-3f699f0eb279" testId="afe3c6ba-2dd4-ed10-688b-518a36422910" testName="Confirmai.Tests.BtcPayWebhookServiceTests.HandleAsync_ReturnsPayloadTooLarge_WhenBodyExceedsLimit" computerName="DESKTOP-EO2KNBC" duration="00:00:00.0020006" startTime="2026-05-27T04:50:49.0048728-03:00" endTime="2026-05-27T04:50:49.0064369-03:00" testType="13cdc9d9-ddb5-4fa4-a97d-d965ccfc6d4b" outcome="Passed" testListId="8c84fa94-04c1-424b-9868-57a2d4851a1d" relativeResultsDirectory="6e02f668-921a-463f-86e2-3f699f0eb279" />
    <UnitTestResult executionId="b3120fab-0133-4ae5-8df6-c9eb573cd6d3" testId="752ea8c9-fc92-0c63-d556-876547fe5622" testName="Confirmai.Tests.CryptoQuoteServiceTests.GetQuoteAsync_ReturnsNull_WhenCryptoIdIsBlank" computerName="DESKTOP-EO2KNBC" duration="00:00:00.0006199" startTime="2026-05-27T04:50:50.0338426-03:00" endTime="2026-05-27T04:50:50.0345451-03:00" testType="13cdc9d9-ddb5-4fa4-a97d-d965ccfc6d4b" outcome="Passed" testListId="8c84fa94-04c1-424b-9868-57a2d4851a1d" relativeResultsDirectory="b3120fab-0133-4ae5-8df6-c9eb573cd6d3" />
    <UnitTestResult executionId="c526f645-c7ba-4c69-8a14-938bd69e4fc0" testId="d4a3851d-760a-73c9-dfdf-6a7de555a8cd" testName="Confirmai.Tests.EventNotificationServiceTests.NotifyEventCancelledAsync_DoesNothing_WhenEventNotFound" computerName="DESKTOP-EO2KNBC" duration="00:00:00.0034011" startTime="2026-05-27T04:50:50.9677642-03:00" endTime="2026-05-27T04:50:50.9710703-03:00" testType="13cdc9d9-ddb5-4fa4-a97d-d965ccfc6d4b" outcome="Passed" testListId="8c84fa94-04c1-424b-9868-57a2d4851a1d" relativeResultsDirectory="c526f645-c7ba-4c69-8a14-938bd69e4fc0" />
    <UnitTestResult executionId="46d23402-428f-44af-a97a-ea5d54a08da4" testId="f24e936e-5a59-9df9-de3b-f875fbf19fd7" testName="Confirmai.Tests.RachaSchedulerServiceTests.GenerateEventsAsync_SkipsCollision_WhenGroupAlreadyHasEventAtThatTime" computerName="DESKTOP-EO2KNBC" duration="00:00:00.0280335" startTime="2026-05-27T04:50:49.4261426-03:00" endTime="2026-05-27T04:50:49.4541837-03:00" testType="13cdc9d9-ddb5-4fa4-a97d-d965ccfc6d4b" outcome="Passed" testListId="8c84fa94-04c1-424b-9868-57a2d4851a1d" relativeResultsDirectory="46d23402-428f-44af-a97a-ea5d54a08da4" />
    <UnitTestResult executionId="4d80f24e-4e5f-46ea-8de6-50246847db8b" testId="bece6eaf-4244-d977-6504-cbe6ad1ad74b" testName="Confirmai.Tests.CurrencyPreferenceServiceTests.SetCurrency_AllowsBrl_AndFallsBackToUsd" computerName="DESKTOP-EO2KNBC" duration="00:00:00.0006740" startTime="2026-05-27T04:50:48.9501515-03:00" endTime="2026-05-27T04:50:48.9509770-03:00" testType="13cdc9d9-ddb5-4fa4-a97d-d965ccfc6d4b" outcome="Passed" testListId="8c84fa94-04c1-424b-9868-57a2d4851a1d" relativeResultsDirectory="4d80f24e-4e5f-46ea-8de6-50246847db8b" />
    <UnitTestResult executionId="3e2fe78b-96d8-42d7-b7af-de815051ffa6" testId="461942d8-f6e4-641f-4de0-cd86416c0499" testName="Confirmai.Tests.FutsalIntegrationTests.FutsalEdit_Returns200AndShowsForm_WhenCreatorAccesses" computerName="DESKTOP-EO2KNBC" duration="00:00:00.0284919" startTime="2026-05-27T04:50:50.2501111-03:00" endTime="2026-05-27T04:50:50.2779514-03:00" testType="13cdc9d9-ddb5-4fa4-a97d-d965ccfc6d4b" outcome="Passed" testListId="8c84fa94-04c1-424b-9868-57a2d4851a1d" relativeResultsDirectory="3e2fe78b-96d8-42d7-b7af-de815051ffa6" />
    <UnitTestResult executionId="8dca5f48-2bf1-4ca3-9780-daa6d276673e" testId="2f026a53-6e18-62f7-f831-beacbed6ee4d" testName="Confirmai.Tests.ProductServiceTests.AccentColor_IsNormalizedOnAdd(input: &quot;#ff00aa&quot;, expected: &quot;#FF00AA&quot;)" computerName="DESKTOP-EO2KNBC" duration="00:00:00.0005955" startTime="2026-05-27T04:50:49.0069669-03:00" endTime="2026-05-27T04:50:49.0070272-03:00" testType="13cdc9d9-ddb5-4fa4-a97d-d965ccfc6d4b" outcome="Passed" testListId="8c84fa94-04c1-424b-9868-57a2d4851a1d" relativeResultsDirectory="8dca5f48-2bf1-4ca3-9780-daa6d276673e" />
    <UnitTestResult executionId="3ddf4a39-0332-4189-a19e-2ee91e179e37" testId="20d7c41e-dc76-d768-0211-213ef8687f80" testName="Confirmai.Tests.PiiSanitizerTests.MaskEmail_ReturnsFirstCharPlusMaskedLocalPart(input: &quot;first.last@sub.domain.com&quot;, expected: &quot;f***@sub.domain.com&quot;)" computerName="DESKTOP-EO2KNBC" duration="00:00:00.0000028" startTime="2026-05-27T04:50:50.0685049-03:00" endTime="2026-05-27T04:50:50.0703021-03:00" testType="13cdc9d9-ddb5-4fa4-a97d-d965ccfc6d4b" outcome="Passed" testListId="8c84fa94-04c1-424b-9868-57a2d4851a1d" relativeResultsDirectory="3ddf4a39-0332-4189-a19e-2ee91e179e37" />
    <UnitTestResult executionId="167f43ac-9d61-4152-8013-e0fb876744aa" testId="e0b61128-880a-604f-dfff-3991aae49778" testName="Confirmai.Tests.AdminLogsExportServiceTests.BuildJson_WithProjectedRows_ReturnsIndentedPayloadWithFields" computerName="DESKTOP-EO2KNBC" duration="00:00:00.0003643" startTime="2026-05-27T04:50:49.8758805-03:00" endTime="2026-05-27T04:50:49.8759427-03:00" testType="13cdc9d9-ddb5-4fa4-a97d-d965ccfc6d4b" outcome="Passed" testListId="8c84fa94-04c1-424b-9868-57a2d4851a1d" relativeResultsDirectory="167f43ac-9d61-4152-8013-e0fb876744aa" />
    <UnitTestResult executionId="39310e04-7bc4-4219-b573-8570b3666969" testId="f0b167dc-46fd-dd48-8c56-8efece36f30f" testName="Confirmai.Tests.UiTextServiceTests.Get_ReturnsSpanishText_WhenLanguageIsSpanish" computerName="DESKTOP-EO2KNBC" duration="00:00:00.0000893" startTime="2026-05-27T04:50:50.6218805-03:00" endTime="2026-05-27T04:50:50.6219369-03:00" testType="13cdc9d9-ddb5-4fa4-a97d-d965ccfc6d4b" outcome="Passed" testListId="8c84fa94-04c1-424b-9868-57a2d4851a1d" relativeResultsDirectory="39310e04-7bc4-4219-b573-8570b3666969" />
    <UnitTestResult executionId="2ff27fac-4a27-4e08-87f8-56bf1e1e2a00" testId="e8a7c2be-ca6b-266b-302d-a0e11e7a28dd" testName="Confirmai.Tests.ProductServiceTests.GetProductsCountAsync_ExcludesArchived" computerName="DESKTOP-EO2KNBC" duration="00:00:00.0084107" startTime="2026-05-27T04:50:49.0147242-03:00" endTime="2026-05-27T04:50:49.0300904-03:00" testType="13cdc9d9-ddb5-4fa4-a97d-d965ccfc6d4b" outcome="Passed" testListId="8c84fa94-04c1-424b-9868-57a2d4851a1d" relativeResultsDirectory="2ff27fac-4a27-4e08-87f8-56bf1e1e2a00" />
    <UnitTestResult executionId="41e7e9a6-509b-4546-bc92-3c47158c5226" testId="7aac278b-d8b4-f43e-e169-f81fc849a5cf" testName="Confirmai.Tests.LogRetentionServiceTests.RunAsync_AnonymizesIpAndPurgesOldOperational_InSameCycle" computerName="DESKTOP-EO2KNBC" duration="00:00:00.0031468" startTime="2026-05-27T04:50:49.5378868-03:00" endTime="2026-05-27T04:50:49.5409907-03:00" testType="13cdc9d9-ddb5-4fa4-a97d-d965ccfc6d4b" outcome="Passed" testListId="8c84fa94-04c1-424b-9868-57a2d4851a1d" relativeResultsDirectory="41e7e9a6-509b-4546-bc92-3c47158c5226" />
    <UnitTestResult executionId="55ab155c-445e-4bcf-b66f-262e104a864f" testId="4bff6a18-6d2a-eaac-7fcd-b3afca3842a6" testName="Confirmai.Tests.AdminLogFilteringIntegrationTests.Apply_WithLevelSourceAndMessage_ReturnsOnlyMatchingRows" computerName="DESKTOP-EO2KNBC" duration="00:00:00.0119835" startTime="2026-05-27T04:50:50.4389343-03:00" endTime="2026-05-27T04:50:50.4508167-03:00" testType="13cdc9d9-ddb5-4fa4-a97d-d965ccfc6d4b" outcome="Passed" testListId="8c84fa94-04c1-424b-9868-57a2d4851a1d" relativeResultsDirectory="55ab155c-445e-4bcf-b66f-262e104a864f" />
    <UnitTestResult executionId="89361b81-76b5-4ea4-b48e-34e0a289340f" testId="17db86c5-8d68-aa46-d815-d46c605a8e21" testName="Confirmai.Tests.FutsalEscalacaoIntegrationTests.EscalacaoPage_Returns200_AndShowsNotFound_WhenEventDoesNotExist" computerName="DESKTOP-EO2KNBC" duration="00:00:00.0468185" startTime="2026-05-27T04:50:50.0350129-03:00" endTime="2026-05-27T04:50:50.0818942-03:00" testType="13cdc9d9-ddb5-4fa4-a97d-d965ccfc6d4b" outcome="Passed" testListId="8c84fa94-04c1-424b-9868-57a2d4851a1d" relativeResultsDirectory="89361b81-76b5-4ea4-b48e-34e0a289340f" />
    <UnitTestResult executionId="1c8d04c0-b5d2-4e92-a0b2-e445544bb22d" testId="0f5bd7db-b439-9b9a-506d-979261738382" testName="Confirmai.Tests.LogRetentionServiceTests.RunAsync_NeverPurges_FinancialLog_OlderThan90Days(eventType: &quot;order.disputed&quot;)" computerName="DESKTOP-EO2KNBC" duration="00:00:00.0087171" startTime="2026-05-27T04:50:49.5595685-03:00" endTime="2026-05-27T04:50:49.5604848-03:00" testType="13cdc9d9-ddb5-4fa4-a97d-d965ccfc6d4b" outcome="Passed" testListId="8c84fa94-04c1-424b-9868-57a2d4851a1d" relativeResultsDirectory="1c8d04c0-b5d2-4e92-a0b2-e445544bb22d" />
    <UnitTestResult executionId="ee5acc23-e7e9-42a8-9926-c6cfd647dd21" testId="6eae5b5f-a1ac-d984-a9b4-f4d892ff7ab5" testName="Confirmai.Tests.AppInitializationServiceTests.SeedAsync_CreatesAdminUser_AndAssignsAdminRole" computerName="DESKTOP-EO2KNBC" duration="00:00:01.5353079" startTime="2026-05-27T04:50:53.2439058-03:00" endTime="2026-05-27T04:50:54.7788563-03:00" testType="13cdc9d9-ddb5-4fa4-a97d-d965ccfc6d4b" outcome="Passed" testListId="8c84fa94-04c1-424b-9868-57a2d4851a1d" relativeResultsDirectory="ee5acc23-e7e9-42a8-9926-c6cfd647dd21" />
    <UnitTestResult executionId="1210d140-f502-4ec6-823d-3425e3f013ac" testId="dc103e8d-3ff3-623b-5987-86e69a23bb9f" testName="Confirmai.Tests.BtcUsdFormatterTests.Format_ShowsUsdEstimate_WhenUsdRateExists" computerName="DESKTOP-EO2KNBC" duration="00:00:00.0069960" startTime="2026-05-27T04:50:50.4412605-03:00" endTime="2026-05-27T04:50:50.4482348-03:00" testType="13cdc9d9-ddb5-4fa4-a97d-d965ccfc6d4b" outcome="Passed" testListId="8c84fa94-04c1-424b-9868-57a2d4851a1d" relativeResultsDirectory="1210d140-f502-4ec6-823d-3425e3f013ac" />
    <UnitTestResult executionId="dcbe450b-37ad-40cf-817b-fe3fb0add692" testId="7a44bf9c-9224-8d9e-1e1a-9324520e27fb" testName="Confirmai.Tests.PiiSanitizerTests.MaskEmailsInJson_MasksBareEmailValue" computerName="DESKTOP-EO2KNBC" duration="00:00:00.0000963" startTime="2026-05-27T04:50:50.0728659-03:00" endTime="2026-05-27T04:50:50.0729481-03:00" testType="13cdc9d9-ddb5-4fa4-a97d-d965ccfc6d4b" outcome="Passed" testListId="8c84fa94-04c1-424b-9868-57a2d4851a1d" relativeResultsDirectory="dcbe450b-37ad-40cf-817b-fe3fb0add692" />
    <UnitTestResult executionId="344e09e0-6bbc-4dfb-811f-45643881faf2" testId="45e43c8d-945e-e4a5-54db-acc508adbd63" testName="Confirmai.Tests.ProtectedPagesIntegrationTests.AdminPage_ShowsNotAuthorized_ForNonAdminUser" computerName="DESKTOP-EO2KNBC" duration="00:00:00.0109477" startTime="2026-05-27T04:50:51.5815833-03:00" endTime="2026-05-27T04:50:51.5927003-03:00" testType="13cdc9d9-ddb5-4fa4-a97d-d965ccfc6d4b" outcome="Passed" testListId="8c84fa94-04c1-424b-9868-57a2d4851a1d" relativeResultsDirectory="344e09e0-6bbc-4dfb-811f-45643881faf2" />
    <UnitTestResult executionId="b071180c-11bd-4672-9eda-852b9a1859e2" testId="fb6a723a-155c-8388-969c-003e71c38a8b" testName="Confirmai.Tests.ProtectedPagesIntegrationTests.PublicRoutes_AreAccessible_WhenAnonymous(route: &quot;/contact&quot;)" computerName="DESKTOP-EO2KNBC" duration="00:00:00.0045922" startTime="2026-05-27T04:50:51.5129681-03:00" endTime="2026-05-27T04:50:51.5176236-03:00" testType="13cdc9d9-ddb5-4fa4-a97d-d965ccfc6d4b" outcome="Passed" testListId="8c84fa94-04c1-424b-9868-57a2d4851a1d" relativeResultsDirectory="b071180c-11bd-4672-9eda-852b9a1859e2" />
    <UnitTestResult executionId="af79de5b-be3c-4142-b5f2-c674427ab192" testId="836a40d7-c4f8-b057-ca0f-4244a60aee15" testName="Confirmai.Tests.ProductServiceTests.AccentColor_IsNormalizedOnAdd(input: &quot;ff00aa&quot;, expected: &quot;#FF00AA&quot;)" computerName="DESKTOP-EO2KNBC" duration="00:00:00.0011298" startTime="2026-05-27T04:50:49.0063509-03:00" endTime="2026-05-27T04:50:49.0066848-03:00" testType="13cdc9d9-ddb5-4fa4-a97d-d965ccfc6d4b" outcome="Passed" testListId="8c84fa94-04c1-424b-9868-57a2d4851a1d" relativeResultsDirectory="af79de5b-be3c-4142-b5f2-c674427ab192" />
    <UnitTestResult executionId="6ca68ab6-e25f-4fd1-a79e-a36149455d06" testId="9853d445-f088-d624-fdc3-ba3a7af490a7" testName="Confirmai.Tests.AppInitializationServiceTests.SeedAsync_EmitsLogs_WhenAdminIsCreatedAndPromoted" computerName="DESKTOP-EO2KNBC" duration="00:00:01.9527332" startTime="2026-05-27T04:50:49.5293234-03:00" endTime="2026-05-27T04:50:51.4820927-03:00" testType="13cdc9d9-ddb5-4fa4-a97d-d965ccfc6d4b" outcome="Passed" testListId="8c84fa94-04c1-424b-9868-57a2d4851a1d" relativeResultsDirectory="6ca68ab6-e25f-4fd1-a79e-a36149455d06" />
    <UnitTestResult executionId="749dc371-b117-4882-8e13-1b8741ec3820" testId="b9c81452-49bb-b461-e7e9-d2f9b488cfeb" testName="Confirmai.Tests.RecentFeaturesIntegrationTests.SetLanguageRoute_SetsCookie_AndRedirectsToReturnUrl" computerName="DESKTOP-EO2KNBC" duration="00:00:00.0044391" startTime="2026-05-27T04:50:51.3083236-03:00" endTime="2026-05-27T04:50:51.3128814-03:00" testType="13cdc9d9-ddb5-4fa4-a97d-d965ccfc6d4b" outcome="Passed" testListId="8c84fa94-04c1-424b-9868-57a2d4851a1d" relativeResultsDirectory="749dc371-b117-4882-8e13-1b8741ec3820" />
    <UnitTestResult executionId="c1ac42cd-35e1-40a3-b83f-d73be3a4a36c" testId="9c898cd2-3495-35f4-a326-c5c148355485" testName="Confirmai.Tests.ProtectedPagesIntegrationTests.AdminPage_ShowsNotAuthorized_ForMixedRoleHeader_WithoutAdmin" computerName="DESKTOP-EO2KNBC" duration="00:00:00.0050549" startTime="2026-05-27T04:50:51.5763588-03:00" endTime="2026-05-27T04:50:51.5814179-03:00" testType="13cdc9d9-ddb5-4fa4-a97d-d965ccfc6d4b" outcome="Passed" testListId="8c84fa94-04c1-424b-9868-57a2d4851a1d" relativeResultsDirectory="c1ac42cd-35e1-40a3-b83f-d73be3a4a36c" />
    <UnitTestResult executionId="24dc356c-1aa3-4ba0-bf7e-aafa1762a9a2" testId="325c2d5b-25bc-ac53-9e97-dd78bbdbf188" testName="Confirmai.Tests.EventCollisionServiceTests.SaveChanges_Throws_WhenAddingTwoEventsSameGroupAndTime" computerName="DESKTOP-EO2KNBC" duration="00:00:00.0019847" startTime="2026-05-27T04:50:49.8833438-03:00" endTime="2026-05-27T04:50:49.8857647-03:00" testType="13cdc9d9-ddb5-4fa4-a97d-d965ccfc6d4b" outcome="Passed" testListId="8c84fa94-04c1-424b-9868-57a2d4851a1d" relativeResultsDirectory="24dc356c-1aa3-4ba0-bf7e-aafa1762a9a2" />
    <UnitTestResult executionId="fa70aa36-cf63-47a9-80e4-fee88e0dd7cd" testId="a5276a46-48cb-68ac-dd68-6079af03bedc" testName="Confirmai.Tests.LogRetentionServiceTests.RunAsync_DoesNotAnonymizeIpAddress_ForLogsNewerThan30Days" computerName="DESKTOP-EO2KNBC" duration="00:00:00.0042687" startTime="2026-05-27T04:50:49.5412469-03:00" endTime="2026-05-27T04:50:49.5456496-03:00" testType="13cdc9d9-ddb5-4fa4-a97d-d965ccfc6d4b" outcome="Passed" testListId="8c84fa94-04c1-424b-9868-57a2d4851a1d" relativeResultsDirectory="fa70aa36-cf63-47a9-80e4-fee88e0dd7cd" />
    <UnitTestResult executionId="bcf621a6-a63f-490c-90d1-6122da374309" testId="04356570-ad04-422d-31ad-439a1c92aa7c" testName="Confirmai.Tests.ProtectedPagesIntegrationTests.AdminPage_RendersForMixedRoleHeader_WhenAdminIsPresent" computerName="DESKTOP-EO2KNBC" duration="00:00:00.0115085" startTime="2026-05-27T04:50:51.6215437-03:00" endTime="2026-05-27T04:50:51.6331106-03:00" testType="13cdc9d9-ddb5-4fa4-a97d-d965ccfc6d4b" outcome="Passed" testListId="8c84fa94-04c1-424b-9868-57a2d4851a1d" relativeResultsDirectory="bcf621a6-a63f-490c-90d1-6122da374309" />
    <UnitTestResult executionId="008771da-0bd3-4253-8c1c-79c5d04c626b" testId="4928eba1-7c63-850d-d16c-c2a6bb827698" testName="Confirmai.Tests.EventNotificationServiceTests.NotifyEventCancelledAsync_SendsMailbox_ToAllConfirmedParticipants" computerName="DESKTOP-EO2KNBC" duration="00:00:00.0182319" startTime="2026-05-27T04:50:50.9263298-03:00" endTime="2026-05-27T04:50:50.9444357-03:00" testType="13cdc9d9-ddb5-4fa4-a97d-d965ccfc6d4b" outcome="Passed" testListId="8c84fa94-04c1-424b-9868-57a2d4851a1d" relativeResultsDirectory="008771da-0bd3-4253-8c1c-79c5d04c626b" />
    <UnitTestResult executionId="dfbbdd91-7aa7-4826-96e7-131223ac4bba" testId="7eb59134-55cd-921b-0c3e-fe2907002960" testName="Confirmai.Tests.RachaSchedulerServiceTests.GenerateEventsAsync_CreatesEvents_ForActiveSchedule" computerName="DESKTOP-EO2KNBC" duration="00:00:00.0216492" startTime="2026-05-27T04:50:49.4575517-03:00" endTime="2026-05-27T04:50:49.4791621-03:00" testType="13cdc9d9-ddb5-4fa4-a97d-d965ccfc6d4b" outcome="Passed" testListId="8c84fa94-04c1-424b-9868-57a2d4851a1d" relativeResultsDirectory="dfbbdd91-7aa7-4826-96e7-131223ac4bba" />
    <UnitTestResult executionId="949104fb-8cfb-48a5-ba15-345eb1495f9d" testId="81c1a30a-c6db-d8c2-439a-64d525cb54f3" testName="Confirmai.Tests.DebounceDispatcherTests.DebounceAsync_WhenDisposed_CancelsPendingAction" computerName="DESKTOP-EO2KNBC" duration="00:00:00.0010265" startTime="2026-05-27T04:50:47.9455217-03:00" endTime="2026-05-27T04:50:47.9467473-03:00" testType="13cdc9d9-ddb5-4fa4-a97d-d965ccfc6d4b" outcome="Passed" testListId="8c84fa94-04c1-424b-9868-57a2d4851a1d" relativeResultsDirectory="949104fb-8cfb-48a5-ba15-345eb1495f9d" />
    <UnitTestResult executionId="70927447-608f-492a-a550-ce6c49da6303" testId="c8ec2dc1-7b0c-14aa-9c79-71b7989622de" testName="Confirmai.Tests.ProductServiceTests.DeleteAsync_ReturnsNotFound_WhenMissing" computerName="DESKTOP-EO2KNBC" duration="00:00:00.0010052" startTime="2026-05-27T04:50:49.1269039-03:00" endTime="2026-05-27T04:50:49.1280576-03:00" testType="13cdc9d9-ddb5-4fa4-a97d-d965ccfc6d4b" outcome="Passed" testListId="8c84fa94-04c1-424b-9868-57a2d4851a1d" relativeResultsDirectory="70927447-608f-492a-a550-ce6c49da6303" />
    <UnitTestResult executionId="97ea44b6-69eb-4fd4-8870-710305aa92e3" testId="7a2f7a21-af7d-bc50-babb-73e4c680f329" testName="Confirmai.Tests.LogServiceTests.LogAsync_PersistsLogEntry_WithProvidedValues" computerName="DESKTOP-EO2KNBC" duration="00:00:00.0014141" startTime="2026-05-27T04:50:48.9087253-03:00" endTime="2026-05-27T04:50:48.9098317-03:00" testType="13cdc9d9-ddb5-4fa4-a97d-d965ccfc6d4b" outcome="Passed" testListId="8c84fa94-04c1-424b-9868-57a2d4851a1d" relativeResultsDirectory="97ea44b6-69eb-4fd4-8870-710305aa92e3" />
    <UnitTestResult executionId="6e8fb3ec-aa07-4b81-937f-6fe72f6fb969" testId="303197c7-aa8f-b0a4-dbc8-8dd45e340b2f" testName="Confirmai.Tests.BtcPayWebhookServiceTests.HandleAsync_ReturnsUnauthorized_WhenConfiguredSecretIsMissing" computerName="DESKTOP-EO2KNBC" duration="00:00:00.0018233" startTime="2026-05-27T04:50:49.0588172-03:00" endTime="2026-05-27T04:50:49.0588783-03:00" testType="13cdc9d9-ddb5-4fa4-a97d-d965ccfc6d4b" outcome="Passed" testListId="8c84fa94-04c1-424b-9868-57a2d4851a1d" relativeResultsDirectory="6e8fb3ec-aa07-4b81-937f-6fe72f6fb969" />
    <UnitTestResult executionId="46453dc3-1a88-4c2e-8998-1470c8039284" testId="5b004738-dac1-748f-aac5-7c9105b7b9f1" testName="Confirmai.Tests.AdminLogFilteringIntegrationTests.Apply_WithGlobalTerm_MatchesUserSourceOrMessage" computerName="DESKTOP-EO2KNBC" duration="00:00:00.0099115" startTime="2026-05-27T04:50:50.4509700-03:00" endTime="2026-05-27T04:50:50.4607947-03:00" testType="13cdc9d9-ddb5-4fa4-a97d-d965ccfc6d4b" outcome="Passed" testListId="8c84fa94-04c1-424b-9868-57a2d4851a1d" relativeResultsDirectory="46453dc3-1a88-4c2e-8998-1470c8039284" />
    <UnitTestResult executionId="67beed47-93eb-4906-a8a2-4e00cd4634bf" testId="1ba8567e-b5a6-3e55-2887-055cfac11aab" testName="Confirmai.Tests.LanguagePreferenceServiceTests.SetLanguage_UsesDefault_WhenLanguageIsUnsupported" computerName="DESKTOP-EO2KNBC" duration="00:00:00.0000519" startTime="2026-05-27T04:50:50.2508085-03:00" endTime="2026-05-27T04:50:50.2509389-03:00" testType="13cdc9d9-ddb5-4fa4-a97d-d965ccfc6d4b" outcome="Passed" testListId="8c84fa94-04c1-424b-9868-57a2d4851a1d" relativeResultsDirectory="67beed47-93eb-4906-a8a2-4e00cd4634bf" />
    <UnitTestResult executionId="377619a0-0187-48a6-9787-77b8d9d3ab43" testId="381416b1-2c0d-ae8e-49b9-0f56ddc94a7c" testName="Confirmai.Tests.PiiSanitizerTests.LogService_AuditAsync_MasksEmailInMetadataJson" computerName="DESKTOP-EO2KNBC" duration="00:00:00.0025552" startTime="2026-05-27T04:50:50.0739637-03:00" endTime="2026-05-27T04:50:50.0761737-03:00" testType="13cdc9d9-ddb5-4fa4-a97d-d965ccfc6d4b" outcome="Passed" testListId="8c84fa94-04c1-424b-9868-57a2d4851a1d" relativeResultsDirectory="377619a0-0187-48a6-9787-77b8d9d3ab43" />
    <UnitTestResult executionId="534ed68f-5ca4-4622-a975-d98663becf95" testId="fc8ac3f0-1825-c3aa-c1c1-a5645260f462" testName="Confirmai.Tests.LogRetentionServiceTests.RunAsync_NeverPurges_FinancialLog_OlderThan90Days(eventType: &quot;order.created&quot;)" computerName="DESKTOP-EO2KNBC" duration="00:00:00.0013786" startTime="2026-05-27T04:50:49.5487166-03:00" endTime="2026-05-27T04:50:49.5500162-03:00" testType="13cdc9d9-ddb5-4fa4-a97d-d965ccfc6d4b" outcome="Passed" testListId="8c84fa94-04c1-424b-9868-57a2d4851a1d" relativeResultsDirectory="534ed68f-5ca4-4622-a975-d98663becf95" />
    <UnitTestResult executionId="bf3fe435-29b2-40b5-9a8d-193244a2342a" testId="d19b3f54-8914-633f-d6c9-34508f978cbd" testName="Confirmai.Tests.ProductServiceTests.AddAsync_NormalizesAccentColor" computerName="DESKTOP-EO2KNBC" duration="00:00:00.0009558" startTime="2026-05-27T04:50:49.0350158-03:00" endTime="2026-05-27T04:50:49.0350779-03:00" testType="13cdc9d9-ddb5-4fa4-a97d-d965ccfc6d4b" outcome="Passed" testListId="8c84fa94-04c1-424b-9868-57a2d4851a1d" relativeResultsDirectory="bf3fe435-29b2-40b5-9a8d-193244a2342a" />
    <UnitTestResult executionId="f87859f2-744e-4d2c-bf59-dace1b156f18" testId="1936aa27-d239-d9ce-5789-614537ce2598" testName="Confirmai.Tests.BtcPayWebhookServiceTests.HandleAsync_UsesDefaultLimit_WhenWebhookMaxBodyBytesIsNegative" computerName="DESKTOP-EO2KNBC" duration="00:00:00.0021138" startTime="2026-05-27T04:50:49.0225074-03:00" endTime="2026-05-27T04:50:49.0227677-03:00" testType="13cdc9d9-ddb5-4fa4-a97d-d965ccfc6d4b" outcome="Passed" testListId="8c84fa94-04c1-424b-9868-57a2d4851a1d" relativeResultsDirectory="f87859f2-744e-4d2c-bf59-dace1b156f18" />
    <UnitTestResult executionId="fcabe333-eddc-4404-8afe-2d2bd5172335" testId="6d5209c0-f401-5c47-11cd-c16193b4ed43" testName="Confirmai.Tests.TestnetBitcoinPaymentServiceTests.CheckAndMarkPaymentAsync_WhenAlreadyPaid_ReturnsTrue" computerName="DESKTOP-EO2KNBC" duration="00:00:00.0036772" startTime="2026-05-27T04:50:50.4520479-03:00" endTime="2026-05-27T04:50:50.4556763-03:00" testType="13cdc9d9-ddb5-4fa4-a97d-d965ccfc6d4b" outcome="Passed" testListId="8c84fa94-04c1-424b-9868-57a2d4851a1d" relativeResultsDirectory="fcabe333-eddc-4404-8afe-2d2bd5172335" />
    <UnitTestResult executionId="3c00de83-4073-4eac-8522-bc7b4d584a74" testId="a5be3dc5-05a8-1fbe-ae87-9d1dac7c092e" testName="Confirmai.Tests.ConfigurationDefaultsTests.SecurityPolicyDefaults_Create_ReturnsProductionDefaults_WhenIsDevelopmentIsFalse" computerName="DESKTOP-EO2KNBC" duration="00:00:00.0002073" startTime="2026-05-27T04:50:49.8763809-03:00" endTime="2026-05-27T04:50:49.8764405-03:00" testType="13cdc9d9-ddb5-4fa4-a97d-d965ccfc6d4b" outcome="Passed" testListId="8c84fa94-04c1-424b-9868-57a2d4851a1d" relativeResultsDirectory="3c00de83-4073-4eac-8522-bc7b4d584a74" />
    <UnitTestResult executionId="bef66e2e-d6de-49ec-becf-b0ac0f945c29" testId="df10b9e0-d238-9e8a-ec06-89a6c3f9f23a" testName="Confirmai.Tests.IdentityPageModelsIntegrationTests.IdentityPages_RenderForAnonymousUser(route: &quot;/Identity/Account/ForgotPassword&quot;)" computerName="DESKTOP-EO2KNBC" duration="00:00:00.1454168" startTime="2026-05-27T04:50:50.7811441-03:00" endTime="2026-05-27T04:50:50.9646931-03:00" testType="13cdc9d9-ddb5-4fa4-a97d-d965ccfc6d4b" outcome="Passed" testListId="8c84fa94-04c1-424b-9868-57a2d4851a1d" relativeResultsDirectory="bef66e2e-d6de-49ec-becf-b0ac0f945c29" />
    <UnitTestResult executionId="ee865ae0-9e41-4259-b6c6-52f4d576cac8" testId="a46c2c53-9342-0d4c-4632-26d996ace1ab" testName="Confirmai.Tests.WebhookEndpointIntegrationTests.WebhookEndpoint_ReturnsUnauthorized_WhenSecretValueHasDifferentCasing_AndDoesNotMutateData" computerName="DESKTOP-EO2KNBC" duration="00:00:00.0154244" startTime="2026-05-27T04:50:50.3099122-03:00" endTime="2026-05-27T04:50:50.3295707-03:00" testType="13cdc9d9-ddb5-4fa4-a97d-d965ccfc6d4b" outcome="Passed" testListId="8c84fa94-04c1-424b-9868-57a2d4851a1d" relativeResultsDirectory="ee865ae0-9e41-4259-b6c6-52f4d576cac8" />
    <UnitTestResult executionId="4fbde1d7-a1af-4fcd-b826-1a7f57cf4129" testId="3e8c52da-20ef-4feb-877c-d3d8e6ff8eaa" testName="Confirmai.Tests.FutsalIntegrationTests.FutsalIndex_ContainsFutsalTitle" computerName="DESKTOP-EO2KNBC" duration="00:00:00.0103470" startTime="2026-05-27T04:50:50.4476688-03:00" endTime="2026-05-27T04:50:50.4599327-03:00" testType="13cdc9d9-ddb5-4fa4-a97d-d965ccfc6d4b" outcome="Passed" testListId="8c84fa94-04c1-424b-9868-57a2d4851a1d" relativeResultsDirectory="4fbde1d7-a1af-4fcd-b826-1a7f57cf4129" />
    <UnitTestResult executionId="54c5e8bb-e762-4759-92f4-acfdd7296fed" testId="8c90679e-33d5-62a3-1391-0cc205731361" testName="Confirmai.Tests.IdentityPageModelsIntegrationTests.ResetPassword_ReturnsBadRequest_WhenCodeIsMissing" computerName="DESKTOP-EO2KNBC" duration="00:00:00.0718982" startTime="2026-05-27T04:50:51.3579767-03:00" endTime="2026-05-27T04:50:51.4319208-03:00" testType="13cdc9d9-ddb5-4fa4-a97d-d965ccfc6d4b" outcome="Passed" testListId="8c84fa94-04c1-424b-9868-57a2d4851a1d" relativeResultsDirectory="54c5e8bb-e762-4759-92f4-acfdd7296fed" />
    <UnitTestResult executionId="8057e61b-427b-44e4-91f2-ccef50911328" testId="59cf4226-6800-3f1c-d2c0-5ea28102dd78" testName="Confirmai.Tests.AdminSettingsServiceTests.GetOperationFeePercentAsync_ReturnsDefault_WhenSettingDoesNotExist" computerName="DESKTOP-EO2KNBC" duration="00:00:00.0009116" startTime="2026-05-27T04:50:51.4448958-03:00" endTime="2026-05-27T04:50:51.4456538-03:00" testType="13cdc9d9-ddb5-4fa4-a97d-d965ccfc6d4b" outcome="Passed" testListId="8c84fa94-04c1-424b-9868-57a2d4851a1d" relativeResultsDirectory="8057e61b-427b-44e4-91f2-ccef50911328" />
    <UnitTestResult executionId="88beee16-1739-4086-99bd-ba2d43742f0a" testId="c98900ba-05af-d501-6de0-507ac1e2a5cc" testName="Confirmai.Tests.SecurityHeadersIntegrationTests.PublicResponse_IncludesHardeningHeaders" computerName="DESKTOP-EO2KNBC" duration="00:00:00.2276608" startTime="2026-05-27T04:50:50.0864932-03:00" endTime="2026-05-27T04:50:50.3136899-03:00" testType="13cdc9d9-ddb5-4fa4-a97d-d965ccfc6d4b" outcome="Passed" testListId="8c84fa94-04c1-424b-9868-57a2d4851a1d" relativeResultsDirectory="88beee16-1739-4086-99bd-ba2d43742f0a" />
    <UnitTestResult executionId="d9f9153d-918a-49af-8c0c-6cad82891af8" testId="62d46368-6ef8-e7a2-171c-42fbc31d2550" testName="Confirmai.Tests.RecentFeaturesIntegrationTests.SetLanguageRoute_UsesDefaultLanguage_WhenLanguageIsInvalid" computerName="DESKTOP-EO2KNBC" duration="00:00:00.1680075" startTime="2026-05-27T04:50:51.1141569-03:00" endTime="2026-05-27T04:50:51.2823868-03:00" testType="13cdc9d9-ddb5-4fa4-a97d-d965ccfc6d4b" outcome="Passed" testListId="8c84fa94-04c1-424b-9868-57a2d4851a1d" relativeResultsDirectory="d9f9153d-918a-49af-8c0c-6cad82891af8" />
    <UnitTestResult executionId="d308e36c-3852-4cf7-997b-2575f7f8af12" testId="1df0c2ed-71e6-7dae-18d0-b8681e542fec" testName="Confirmai.Tests.AdminLogsExportServiceTests.BuildCsv_WhenRowsProvided_ReturnsHeaderAndEscapedValues" computerName="DESKTOP-EO2KNBC" duration="00:00:00.0004312" startTime="2026-05-27T04:50:49.8760827-03:00" endTime="2026-05-27T04:50:49.8761387-03:00" testType="13cdc9d9-ddb5-4fa4-a97d-d965ccfc6d4b" outcome="Passed" testListId="8c84fa94-04c1-424b-9868-57a2d4851a1d" relativeResultsDirectory="d308e36c-3852-4cf7-997b-2575f7f8af12" />
    <UnitTestResult executionId="3ffbc0f2-fb06-4c9f-9047-7ea60fed2ee4" testId="efbe9a6a-29ea-35d5-5071-0a9a77cedffa" testName="Confirmai.Tests.LogRetentionServiceTests.RunAsync_NeverPurges_FinancialLog_OlderThan90Days(eventType: &quot;payment.confirmed&quot;)" computerName="DESKTOP-EO2KNBC" duration="00:00:00.0013268" startTime="2026-05-27T04:50:49.5606319-03:00" endTime="2026-05-27T04:50:49.5618831-03:00" testType="13cdc9d9-ddb5-4fa4-a97d-d965ccfc6d4b" outcome="Passed" testListId="8c84fa94-04c1-424b-9868-57a2d4851a1d" relativeResultsDirectory="3ffbc0f2-fb06-4c9f-9047-7ea60fed2ee4" />
    <UnitTestResult executionId="026aa520-389e-441c-bcc0-12134366942d" testId="f201ed40-3521-5670-bea4-d59757950b00" testName="Confirmai.Tests.FutsalIntegrationTests.FutsalIndex_ShowsCreateLink_ForAuthenticatedUser" computerName="DESKTOP-EO2KNBC" duration="00:00:00.3884434" startTime="2026-05-27T04:50:49.5784394-03:00" endTime="2026-05-27T04:50:49.9676272-03:00" testType="13cdc9d9-ddb5-4fa4-a97d-d965ccfc6d4b" outcome="Passed" testListId="8c84fa94-04c1-424b-9868-57a2d4851a1d" relativeResultsDirectory="026aa520-389e-441c-bcc0-12134366942d" />
    <UnitTestResult executionId="2d7e0f67-95c7-450d-8845-d1d4314e0c18" testId="2dea77bd-10a4-1659-901e-fe81a3bafe47" testName="Confirmai.Tests.AdminLogSortingIntegrationTests.Apply_WhenSortingByLevelAscending_UsesTimestampAsTieBreaker" computerName="DESKTOP-EO2KNBC" duration="00:00:00.4267949" startTime="2026-05-27T04:50:49.1009835-03:00" endTime="2026-05-27T04:50:49.5277001-03:00" testType="13cdc9d9-ddb5-4fa4-a97d-d965ccfc6d4b" outcome="Passed" testListId="8c84fa94-04c1-424b-9868-57a2d4851a1d" relativeResultsDirectory="2d7e0f67-95c7-450d-8845-d1d4314e0c18" />
    <UnitTestResult executionId="cf08d1d8-5d64-46a4-beca-40e987d492b2" testId="e6205927-87a2-0cd4-33ba-b8eefc96f3a2" testName="Confirmai.Tests.AdminLogsFilterStateRulesTests.ShouldShowRestoredNotice_WhenDateOrPageIsPresent_ReturnsTrue" computerName="DESKTOP-EO2KNBC" duration="00:00:00.0003573" startTime="2026-05-27T04:50:50.4350339-03:00" endTime="2026-05-27T04:50:50.4376539-03:00" testType="13cdc9d9-ddb5-4fa4-a97d-d965ccfc6d4b" outcome="Passed" testListId="8c84fa94-04c1-424b-9868-57a2d4851a1d" relativeResultsDirectory="cf08d1d8-5d64-46a4-beca-40e987d492b2" />
    <UnitTestResult executionId="79956810-4990-482d-844d-b611dda27d73" testId="9ef58f49-6f24-7c7b-e7cb-19fbc6f5154f" testName="Confirmai.Tests.AdminUsersFilterStateServiceTests.LoadAsync_WithInvalidPage_ReturnsNullPage" computerName="DESKTOP-EO2KNBC" duration="00:00:00.0006356" startTime="2026-05-27T04:50:47.2112322-03:00" endTime="2026-05-27T04:50:47.2113166-03:00" testType="13cdc9d9-ddb5-4fa4-a97d-d965ccfc6d4b" outcome="Passed" testListId="8c84fa94-04c1-424b-9868-57a2d4851a1d" relativeResultsDirectory="79956810-4990-482d-844d-b611dda27d73" />
    <UnitTestResult executionId="dcbf1009-c6c0-468b-8c40-33999b7f773b" testId="b8debfba-2cd9-1bef-1072-605d5170ca6f" testName="Confirmai.Tests.ProductServiceTests.GetByIdAsync_ReturnsNull_WhenNotFound" computerName="DESKTOP-EO2KNBC" duration="00:00:00.0009806" startTime="2026-05-27T04:50:49.0071705-03:00" endTime="2026-05-27T04:50:49.0072302-03:00" testType="13cdc9d9-ddb5-4fa4-a97d-d965ccfc6d4b" outcome="Passed" testListId="8c84fa94-04c1-424b-9868-57a2d4851a1d" relativeResultsDirectory="dcbf1009-c6c0-468b-8c40-33999b7f773b" />
    <UnitTestResult executionId="dcf7c50f-8e20-4f9f-a936-6d7c57acdbe4" testId="9cda556a-31f4-6397-e514-45012b25d7a6" testName="Confirmai.Tests.AdminLogsFilterInferenceTests.InferQuickRangePreset_WhenRangeMatchesCurrentMonth_ReturnsCurrentMonth" computerName="DESKTOP-EO2KNBC" duration="00:00:00.0000743" startTime="2026-05-27T04:50:48.9610467-03:00" endTime="2026-05-27T04:50:48.9611054-03:00" testType="13cdc9d9-ddb5-4fa4-a97d-d965ccfc6d4b" outcome="Passed" testListId="8c84fa94-04c1-424b-9868-57a2d4851a1d" relativeResultsDirectory="dcf7c50f-8e20-4f9f-a936-6d7c57acdbe4" />
    <UnitTestResult executionId="16341752-07df-43bf-8741-e1b64dd6c837" testId="af8a483c-ba81-f4b7-3dd6-aac85e7999d2" testName="Confirmai.Tests.ModelValidationTests.Venue_Invalid_WhenNameExceeds120Chars" computerName="DESKTOP-EO2KNBC" duration="00:00:00.0008886" startTime="2026-05-27T04:50:48.9708458-03:00" endTime="2026-05-27T04:50:48.9709413-03:00" testType="13cdc9d9-ddb5-4fa4-a97d-d965ccfc6d4b" outcome="Passed" testListId="8c84fa94-04c1-424b-9868-57a2d4851a1d" relativeResultsDirectory="16341752-07df-43bf-8741-e1b64dd6c837" />
    <UnitTestResult executionId="8e34b40e-49a0-4dda-98d0-2f5857fc1e7a" testId="fed94c43-bd7a-e96a-3584-2d46c6b466dc" testName="Confirmai.Tests.WebhookEndpointIntegrationTests.WebhookEndpoint_AllowsPayloadExactlyAtLimit_AndProcessesSettlement" computerName="DESKTOP-EO2KNBC" duration="00:00:00.0358208" startTime="2026-05-27T04:50:50.4981434-03:00" endTime="2026-05-27T04:50:50.5388161-03:00" testType="13cdc9d9-ddb5-4fa4-a97d-d965ccfc6d4b" outcome="Passed" testListId="8c84fa94-04c1-424b-9868-57a2d4851a1d" relativeResultsDirectory="8e34b40e-49a0-4dda-98d0-2f5857fc1e7a" />
    <UnitTestResult executionId="c06e90df-394c-4d79-a41e-dbfb24ff9b4c" testId="1967892d-8eb4-dc03-4fcd-2e80edda9480" testName="Confirmai.Tests.ModelValidationTests.UserMailboxMessage_Invalid_WhenSubjectExceeds180Chars" computerName="DESKTOP-EO2KNBC" duration="00:00:00.0000976" startTime="2026-05-27T04:50:48.9776472-03:00" endTime="2026-05-27T04:50:48.9777068-03:00" testType="13cdc9d9-ddb5-4fa4-a97d-d965ccfc6d4b" outcome="Passed" testListId="8c84fa94-04c1-424b-9868-57a2d4851a1d" relativeResultsDirectory="c06e90df-394c-4d79-a41e-dbfb24ff9b4c" />
    <UnitTestResult executionId="083c58b7-1cfc-4971-97fe-3150c44dbb59" testId="0e1dd82c-2e26-299b-aa67-54225e51174f" testName="Confirmai.Tests.BtcPayWebhookServiceTests.HandleAsync_UsesDefaultLimit_WhenWebhookMaxBodyBytesIsNotANumber" computerName="DESKTOP-EO2KNBC" duration="00:00:00.0037608" startTime="2026-05-27T04:50:49.0446706-03:00" endTime="2026-05-27T04:50:49.0487194-03:00" testType="13cdc9d9-ddb5-4fa4-a97d-d965ccfc6d4b" outcome="Passed" testListId="8c84fa94-04c1-424b-9868-57a2d4851a1d" relativeResultsDirectory="083c58b7-1cfc-4971-97fe-3150c44dbb59" />
    <UnitTestResult executionId="5bca6a88-6e78-40ef-84bc-e8d4cc514d2c" testId="97abe85f-d0e7-ef3b-a87b-69afadc78ee3" testName="Confirmai.Tests.RecentFeaturesIntegrationTests.SetLanguageRoute_SanitizesUnsafeReturnUrl" computerName="DESKTOP-EO2KNBC" duration="00:00:00.0063133" startTime="2026-05-27T04:50:51.2832708-03:00" endTime="2026-05-27T04:50:51.3081219-03:00" testType="13cdc9d9-ddb5-4fa4-a97d-d965ccfc6d4b" outcome="Passed" testListId="8c84fa94-04c1-424b-9868-57a2d4851a1d" relativeResultsDirectory="5bca6a88-6e78-40ef-84bc-e8d4cc514d2c" />
    <UnitTestResult executionId="f653c66d-da2f-42da-a4cf-4e1cd2eaa10c" testId="2b1711a1-059d-2837-6c6b-446bd2872b99" testName="Confirmai.Tests.AdminLogsFilterStateServiceTests.LoadAsync_WhenJsInteropThrows_ReturnsDefaultState" computerName="DESKTOP-EO2KNBC" duration="00:00:00.0200799" startTime="2026-05-27T04:50:51.0272690-03:00" endTime="2026-05-27T04:50:51.0487649-03:00" testType="13cdc9d9-ddb5-4fa4-a97d-d965ccfc6d4b" outcome="Passed" testListId="8c84fa94-04c1-424b-9868-57a2d4851a1d" relativeResultsDirectory="f653c66d-da2f-42da-a4cf-4e1cd2eaa10c" />
    <UnitTestResult executionId="6b15d972-3260-4c61-891b-456561fa5642" testId="5298307b-ccff-543e-48fa-82185f68a7d8" testName="Confirmai.Tests.ModelValidationTests.Event_Invalid_WhenLocationIsEmpty" computerName="DESKTOP-EO2KNBC" duration="00:00:00.0013822" startTime="2026-05-27T04:50:48.9671320-03:00" endTime="2026-05-27T04:50:48.9683925-03:00" testType="13cdc9d9-ddb5-4fa4-a97d-d965ccfc6d4b" outcome="Passed" testListId="8c84fa94-04c1-424b-9868-57a2d4851a1d" relativeResultsDirectory="6b15d972-3260-4c61-891b-456561fa5642" />
    <UnitTestResult executionId="bd282cc3-0f20-4ce2-acd2-617cce6e04d0" testId="552d2a40-e9f9-28f3-3e65-91c7ea83cef4" testName="Confirmai.Tests.EventNotificationServiceTests.NotifyNewRecurringEventAsync_SendsMailbox_ToGroupMembers" computerName="DESKTOP-EO2KNBC" duration="00:00:00.0158937" startTime="2026-05-27T04:50:50.9727786-03:00" endTime="2026-05-27T04:50:50.9886160-03:00" testType="13cdc9d9-ddb5-4fa4-a97d-d965ccfc6d4b" outcome="Passed" testListId="8c84fa94-04c1-424b-9868-57a2d4851a1d" relativeResultsDirectory="bd282cc3-0f20-4ce2-acd2-617cce6e04d0" />
    <UnitTestResult executionId="b66d7cb0-45a2-4118-b024-f28a49f22b82" testId="e7a2648d-0cb5-4087-5cc5-d6cf265b6110" testName="Confirmai.Tests.MatchScheduleTests.EventEdit_ClearsMaxGoalkeepers_WhenRotateInGoalEnabled" computerName="DESKTOP-EO2KNBC" duration="00:00:00.0118375" startTime="2026-05-27T04:50:50.2156875-03:00" endTime="2026-05-27T04:50:50.2274391-03:00" testType="13cdc9d9-ddb5-4fa4-a97d-d965ccfc6d4b" outcome="Passed" testListId="8c84fa94-04c1-424b-9868-57a2d4851a1d" relativeResultsDirectory="b66d7cb0-45a2-4118-b024-f28a49f22b82" />
    <UnitTestResult executionId="63199be0-f509-4917-80e9-1e871bffe43d" testId="060810d2-bb61-84e8-a5c1-662929ecfe3f" testName="Confirmai.Tests.PurchaseFlowIntegrationTests.BuyerPaymentIsMarkedPaid_AfterWebhookConfirmsPayment" computerName="DESKTOP-EO2KNBC" duration="00:00:00.0260654" startTime="2026-05-27T04:50:49.7746492-03:00" endTime="2026-05-27T04:50:49.8015210-03:00" testType="13cdc9d9-ddb5-4fa4-a97d-d965ccfc6d4b" outcome="Passed" testListId="8c84fa94-04c1-424b-9868-57a2d4851a1d" relativeResultsDirectory="63199be0-f509-4917-80e9-1e871bffe43d" />
    <UnitTestResult executionId="0f41705b-3389-4cb7-adb5-423da5171ce2" testId="03c098c1-6d10-e958-6ce3-0c190f0b34e6" testName="Confirmai.Tests.CurrencyPreferenceServiceTests.DefaultsToUsd" computerName="DESKTOP-EO2KNBC" duration="00:00:00.0000598" startTime="2026-05-27T04:50:48.9511848-03:00" endTime="2026-05-27T04:50:48.9512511-03:00" testType="13cdc9d9-ddb5-4fa4-a97d-d965ccfc6d4b" outcome="Passed" testListId="8c84fa94-04c1-424b-9868-57a2d4851a1d" relativeResultsDirectory="0f41705b-3389-4cb7-adb5-423da5171ce2" />
    <UnitTestResult executionId="6dbfe256-a89b-47de-bd02-9fa9957c46dc" testId="e5a68fb7-9ba1-b869-bf86-bf68fd26af83" testName="Confirmai.Tests.ProductServiceTests.GetByUserIdAsync_ReturnsOnlyUserProducts" computerName="DESKTOP-EO2KNBC" duration="00:00:00.0014215" startTime="2026-05-27T04:50:49.1284325-03:00" endTime="2026-05-27T04:50:49.1299747-03:00" testType="13cdc9d9-ddb5-4fa4-a97d-d965ccfc6d4b" outcome="Passed" testListId="8c84fa94-04c1-424b-9868-57a2d4851a1d" relativeResultsDirectory="6dbfe256-a89b-47de-bd02-9fa9957c46dc" />
    <UnitTestResult executionId="99069ee7-ff26-4908-ae91-72d7fb9d8c39" testId="86482a10-3999-713c-f56d-5349458503d8" testName="Confirmai.Tests.PaymentConfirmationServiceTests.ConfirmAsync_Returns_NotConfirmed_WhenPaymentDoesNotExist" computerName="DESKTOP-EO2KNBC" duration="00:00:00.0031671" startTime="2026-05-27T04:50:50.1530797-03:00" endTime="2026-05-27T04:50:50.1696547-03:00" testType="13cdc9d9-ddb5-4fa4-a97d-d965ccfc6d4b" outcome="Passed" testListId="8c84fa94-04c1-424b-9868-57a2d4851a1d" relativeResultsDirectory="99069ee7-ff26-4908-ae91-72d7fb9d8c39" />
    <UnitTestResult executionId="63c6e7c1-88c4-4d95-bd89-47658f5bb2c7" testId="0077510a-ad35-179f-acec-a76f0cd56782" testName="Confirmai.Tests.CryptoQuoteServiceTests.GetQuoteAsync_DoesNotCreateQuoteQueryLogs_WhenFetchingLiveData" computerName="DESKTOP-EO2KNBC" duration="00:00:00.0070857" startTime="2026-05-27T04:50:50.0347833-03:00" endTime="2026-05-27T04:50:50.0415974-03:00" testType="13cdc9d9-ddb5-4fa4-a97d-d965ccfc6d4b" outcome="Passed" testListId="8c84fa94-04c1-424b-9868-57a2d4851a1d" relativeResultsDirectory="63c6e7c1-88c4-4d95-bd89-47658f5bb2c7" />
    <UnitTestResult executionId="5010f8af-d732-4ead-bb54-216871c517c6" testId="3d7cdfe7-881c-6af1-9fb2-eee6e9ccbe8d" testName="Confirmai.Tests.AdminLogsQueryServiceIntegrationTests.GetPageDataAsync_ReturnsCountsAndSortedPage" computerName="DESKTOP-EO2KNBC" duration="00:00:00.0216696" startTime="2026-05-27T04:50:50.7924960-03:00" endTime="2026-05-27T04:50:50.8140796-03:00" testType="13cdc9d9-ddb5-4fa4-a97d-d965ccfc6d4b" outcome="Passed" testListId="8c84fa94-04c1-424b-9868-57a2d4851a1d" relativeResultsDirectory="5010f8af-d732-4ead-bb54-216871c517c6" />
    <UnitTestResult executionId="68236430-3470-4554-82f4-20d1910c0040" testId="3292d2aa-ff51-2383-40dd-f3b83d4eecf2" testName="Confirmai.Tests.AdminLogSortingIntegrationTests.Apply_WhenSortingByUserAscending_PlacesNullOrEmptyFirstThenLexicographic" computerName="DESKTOP-EO2KNBC" duration="00:00:00.0062029" startTime="2026-05-27T04:50:49.5278496-03:00" endTime="2026-05-27T04:50:49.5339371-03:00" testType="13cdc9d9-ddb5-4fa4-a97d-d965ccfc6d4b" outcome="Passed" testListId="8c84fa94-04c1-424b-9868-57a2d4851a1d" relativeResultsDirectory="68236430-3470-4554-82f4-20d1910c0040" />
    <UnitTestResult executionId="597a7ded-daa5-462b-bee5-55f399a7e2af" testId="1e069a9a-91ee-fdb0-5cee-92bce731ffe9" testName="Confirmai.Tests.FullFlowRecentFeaturesIntegrationTests.LanguageFlow_AnonymousAdminPage_RendersEnglishNotAuthorized_WhenCookieIsEnglish" computerName="DESKTOP-EO2KNBC" duration="00:00:00.0161839" startTime="2026-05-27T04:50:51.3349567-03:00" endTime="2026-05-27T04:50:51.3561262-03:00" testType="13cdc9d9-ddb5-4fa4-a97d-d965ccfc6d4b" outcome="Passed" testListId="8c84fa94-04c1-424b-9868-57a2d4851a1d" relativeResultsDirectory="597a7ded-daa5-462b-bee5-55f399a7e2af" />
    <UnitTestResult executionId="1a4ab333-74bf-4de7-8dd8-f469d08f5a19" testId="e3d40f7d-6949-e59d-3dce-e25647167720" testName="Confirmai.Tests.PaymentEventBusTests.NotifyPaymentConfirmed_InvokesMultipleSubscribers" computerName="DESKTOP-EO2KNBC" duration="00:00:00.0004421" startTime="2026-05-27T04:50:50.0778082-03:00" endTime="2026-05-27T04:50:50.0778628-03:00" testType="13cdc9d9-ddb5-4fa4-a97d-d965ccfc6d4b" outcome="Passed" testListId="8c84fa94-04c1-424b-9868-57a2d4851a1d" relativeResultsDirectory="1a4ab333-74bf-4de7-8dd8-f469d08f5a19" />
    <UnitTestResult executionId="21a2760a-6120-4e64-852b-4d9634c3c331" testId="3aad9d2b-78a2-1db9-dd5c-6b83ee55bf5d" testName="Confirmai.Tests.AdminLogsExportServiceTests.BuildExportFileName_WhenTruncated_AppendsTruncatedSuffix" computerName="DESKTOP-EO2KNBC" duration="00:00:00.0001395" startTime="2026-05-27T04:50:49.8585618-03:00" endTime="2026-05-27T04:50:49.8586250-03:00" testType="13cdc9d9-ddb5-4fa4-a97d-d965ccfc6d4b" outcome="Passed" testListId="8c84fa94-04c1-424b-9868-57a2d4851a1d" relativeResultsDirectory="21a2760a-6120-4e64-852b-4d9634c3c331" />
    <UnitTestResult executionId="a6ad4c2b-36c6-499c-bf97-4cf028da1daf" testId="4c1d51fe-efbf-4c4c-4b1d-d28fe7fb5ba0" testName="Confirmai.Tests.ProductServiceTests.GetByUserIdAsync_ExcludesArchived" computerName="DESKTOP-EO2KNBC" duration="00:00:00.0116988" startTime="2026-05-27T04:50:49.1145802-03:00" endTime="2026-05-27T04:50:49.1265235-03:00" testType="13cdc9d9-ddb5-4fa4-a97d-d965ccfc6d4b" outcome="Passed" testListId="8c84fa94-04c1-424b-9868-57a2d4851a1d" relativeResultsDirectory="a6ad4c2b-36c6-499c-bf97-4cf028da1daf" />
    <UnitTestResult executionId="cb1005eb-b24d-4834-a217-02cf4ab846fa" testId="59b56359-e147-5cb1-faea-e98294d473b2" testName="Confirmai.Tests.LanguagePreferenceServiceTests.SetLanguage_UsesDefault_WhenInputIsNullOrWhitespace" computerName="DESKTOP-EO2KNBC" duration="00:00:00.0001350" startTime="2026-05-27T04:50:50.2504043-03:00" endTime="2026-05-27T04:50:50.2504596-03:00" testType="13cdc9d9-ddb5-4fa4-a97d-d965ccfc6d4b" outcome="Passed" testListId="8c84fa94-04c1-424b-9868-57a2d4851a1d" relativeResultsDirectory="cb1005eb-b24d-4834-a217-02cf4ab846fa" />
    <UnitTestResult executionId="7a1a2a0b-dca3-475f-b261-97a78935a92f" testId="5dfe474a-2e43-169f-cec5-cc2cbfad3e17" testName="Confirmai.Tests.ProtectedPagesIntegrationTests.AdminPage_RendersForAdminRole" computerName="DESKTOP-EO2KNBC" duration="00:00:00.0149214" startTime="2026-05-27T04:50:51.5978466-03:00" endTime="2026-05-27T04:50:51.6128187-03:00" testType="13cdc9d9-ddb5-4fa4-a97d-d965ccfc6d4b" outcome="Passed" testListId="8c84fa94-04c1-424b-9868-57a2d4851a1d" relativeResultsDirectory="7a1a2a0b-dca3-475f-b261-97a78935a92f" />
    <UnitTestResult executionId="c99befaf-605f-4c35-bb70-f5cc19b59a68" testId="75cada4f-f072-f9bf-bc65-2ebc4b955ba4" testName="Confirmai.Tests.BtcPayWebhookServiceTests.HandleAsync_ReturnsBadRequest_WhenJsonIsInvalid" computerName="DESKTOP-EO2KNBC" duration="00:00:00.0040862" startTime="2026-05-27T04:50:49.0590276-03:00" endTime="2026-05-27T04:50:49.0674139-03:00" testType="13cdc9d9-ddb5-4fa4-a97d-d965ccfc6d4b" outcome="Passed" testListId="8c84fa94-04c1-424b-9868-57a2d4851a1d" relativeResultsDirectory="c99befaf-605f-4c35-bb70-f5cc19b59a68" />
    <UnitTestResult executionId="092b6ed2-5c08-4d8e-9930-57d9eea28730" testId="fbdc7e06-3734-1024-92cc-dc864fee9114" testName="Confirmai.Tests.BtcPayServerPaymentServiceTests.GenerateAddressAsync_ReturnsCheckoutLinkAndInvoiceId" computerName="DESKTOP-EO2KNBC" duration="00:00:00.0037221" startTime="2026-05-27T04:50:50.0782573-03:00" endTime="2026-05-27T04:50:50.0816017-03:00" testType="13cdc9d9-ddb5-4fa4-a97d-d965ccfc6d4b" outcome="Passed" testListId="8c84fa94-04c1-424b-9868-57a2d4851a1d" relativeResultsDirectory="092b6ed2-5c08-4d8e-9930-57d9eea28730" />
    <UnitTestResult executionId="e567e5bb-cca4-4b28-a920-004427f4411e" testId="bb693044-2362-283e-2951-28c9440bba8a" testName="Confirmai.Tests.LocalStorageStateHelpersTests.GetEnumAsync_And_GetNullableBoolAsync_ParseAndFallbackCorrectly" computerName="DESKTOP-EO2KNBC" duration="00:00:00.0050709" startTime="2026-05-27T04:50:50.2386123-03:00" endTime="2026-05-27T04:50:50.2436110-03:00" testType="13cdc9d9-ddb5-4fa4-a97d-d965ccfc6d4b" outcome="Passed" testListId="8c84fa94-04c1-424b-9868-57a2d4851a1d" relativeResultsDirectory="e567e5bb-cca4-4b28-a920-004427f4411e" />
    <UnitTestResult executionId="4822efe5-fd1e-4d2b-93b4-4926319e3102" testId="11b4ea49-3b2f-82bf-e1ab-ac4b39e1db32" testName="Confirmai.Tests.MailboxConversationArchiveServiceTests.ArchiveOrderConversation_SetsTimestamps_OnlyOnce" computerName="DESKTOP-EO2KNBC" duration="00:00:00.0029822" startTime="2026-05-27T04:50:48.9428484-03:00" endTime="2026-05-27T04:50:48.9452434-03:00" testType="13cdc9d9-ddb5-4fa4-a97d-d965ccfc6d4b" outcome="Passed" testListId="8c84fa94-04c1-424b-9868-57a2d4851a1d" relativeResultsDirectory="4822efe5-fd1e-4d2b-93b4-4926319e3102" />
    <UnitTestResult executionId="0ebb6736-2979-47b2-bc60-c9a7551a18b3" testId="1823bed7-a35f-6eec-6919-ddd31c7bbc26" testName="Confirmai.Tests.FutsalIntegrationTests.FutsalCreate_RedirectsToLogin_ForAnonymousUser" computerName="DESKTOP-EO2KNBC" duration="00:00:00.0404529" startTime="2026-05-27T04:50:50.0901820-03:00" endTime="2026-05-27T04:50:50.1310357-03:00" testType="13cdc9d9-ddb5-4fa4-a97d-d965ccfc6d4b" outcome="Passed" testListId="8c84fa94-04c1-424b-9868-57a2d4851a1d" relativeResultsDirectory="0ebb6736-2979-47b2-bc60-c9a7551a18b3" />
    <UnitTestResult executionId="d1c3f579-45fa-4594-81b5-c2b253ced586" testId="86dc7466-4189-6baf-dcbe-4b89b57d928c" testName="Confirmai.Tests.WebhookEndpointIntegrationTests.WebhookEndpoint_DoesNotMutatePayment_WhenEventIsNotSettled" computerName="DESKTOP-EO2KNBC" duration="00:00:00.0058300" startTime="2026-05-27T04:50:49.9132318-03:00" endTime="2026-05-27T04:50:49.9217247-03:00" testType="13cdc9d9-ddb5-4fa4-a97d-d965ccfc6d4b" outcome="Passed" testListId="8c84fa94-04c1-424b-9868-57a2d4851a1d" relativeResultsDirectory="d1c3f579-45fa-4594-81b5-c2b253ced586" />
    <UnitTestResult executionId="0075d011-d218-4cfe-88ba-bcc0cc78520f" testId="fd99ad15-650e-24d6-16b7-946e17d424b1" testName="Confirmai.Tests.IdentityEmailSenderTests.SendEmailAsync_FallsBack_WhenSmtpConfigurationIsIncomplete" computerName="DESKTOP-EO2KNBC" duration="00:00:00.0284056" startTime="2026-05-27T04:50:50.0672641-03:00" endTime="2026-05-27T04:50:50.0957272-03:00" testType="13cdc9d9-ddb5-4fa4-a97d-d965ccfc6d4b" outcome="Passed" testListId="8c84fa94-04c1-424b-9868-57a2d4851a1d" relativeResultsDirectory="0075d011-d218-4cfe-88ba-bcc0cc78520f" />
    <UnitTestResult executionId="bd280f8f-a97a-471f-9cca-35e150c2c3eb" testId="4ed45374-fd92-55b8-26cc-9541d5a13ef6" testName="Confirmai.Tests.BtcUsdFormatterTests.Format_ShowsUnavailableIndicator_WhenUsdRateIsMissing" computerName="DESKTOP-EO2KNBC" duration="00:00:00.0000821" startTime="2026-05-27T04:50:50.4502141-03:00" endTime="2026-05-27T04:50:50.4502808-03:00" testType="13cdc9d9-ddb5-4fa4-a97d-d965ccfc6d4b" outcome="Passed" testListId="8c84fa94-04c1-424b-9868-57a2d4851a1d" relativeResultsDirectory="bd280f8f-a97a-471f-9cca-35e150c2c3eb" />
    <UnitTestResult executionId="e62158a6-3080-4402-95a2-ba2bdc13972f" testId="8dd34ea9-d92f-68ed-3dd9-220593333d53" testName="Confirmai.Tests.EventNotificationServiceTests.NotifyEventCancelledAsync_SendsEmail_BestEffort" computerName="DESKTOP-EO2KNBC" duration="00:00:00.0072018" startTime="2026-05-27T04:50:51.0016871-03:00" endTime="2026-05-27T04:50:51.0087384-03:00" testType="13cdc9d9-ddb5-4fa4-a97d-d965ccfc6d4b" outcome="Passed" testListId="8c84fa94-04c1-424b-9868-57a2d4851a1d" relativeResultsDirectory="e62158a6-3080-4402-95a2-ba2bdc13972f" />
    <UnitTestResult executionId="4d5355d5-b4d0-4738-8a80-15bf84557579" testId="51c29fd7-ac0c-aedd-5ccb-094791c80f08" testName="Confirmai.Tests.AdminPaymentsFilterStateServiceTests.LoadAsync_WithStoredValues_ParsesState" computerName="DESKTOP-EO2KNBC" duration="00:00:00.0057394" startTime="2026-05-27T04:50:47.2435467-03:00" endTime="2026-05-27T04:50:47.2436031-03:00" testType="13cdc9d9-ddb5-4fa4-a97d-d965ccfc6d4b" outcome="Passed" testListId="8c84fa94-04c1-424b-9868-57a2d4851a1d" relativeResultsDirectory="4d5355d5-b4d0-4738-8a80-15bf84557579" />
    <UnitTestResult executionId="3492cada-e026-4052-a54a-aff5bff04a73" testId="21cdb632-ff6b-3206-5051-a5539bdfb2af" testName="Confirmai.Tests.AdminLogSortingIntegrationTests.Apply_WhenSortingByTimestampDescending_ReturnsNewestFirst" computerName="DESKTOP-EO2KNBC" duration="00:00:00.0083325" startTime="2026-05-27T04:50:49.5342044-03:00" endTime="2026-05-27T04:50:49.5423412-03:00" testType="13cdc9d9-ddb5-4fa4-a97d-d965ccfc6d4b" outcome="Passed" testListId="8c84fa94-04c1-424b-9868-57a2d4851a1d" relativeResultsDirectory="3492cada-e026-4052-a54a-aff5bff04a73" />
    <UnitTestResult executionId="bc9f3f35-fb04-4278-ad1c-3885984e8d93" testId="dafe75c9-d154-e8bf-d249-d41d3d24b6cc" testName="Confirmai.Tests.RachaSchedulerServiceTests.GetOccurrences_ReturnsUtcKindDates" computerName="DESKTOP-EO2KNBC" duration="00:00:00.0021709" startTime="2026-05-27T04:50:49.4560856-03:00" endTime="2026-05-27T04:50:49.4573445-03:00" testType="13cdc9d9-ddb5-4fa4-a97d-d965ccfc6d4b" outcome="Passed" testListId="8c84fa94-04c1-424b-9868-57a2d4851a1d" relativeResultsDirectory="bc9f3f35-fb04-4278-ad1c-3885984e8d93" />
    <UnitTestResult executionId="799f705f-613c-482c-8d1d-479710a1845a" testId="4bd44927-66b4-60cc-cb62-731f6f1d898b" testName="Confirmai.Tests.AdminSettingsServiceTests.SetOperationFeePercentForAdminAsync_Succeeds_WhenUserIsAdmin" computerName="DESKTOP-EO2KNBC" duration="00:00:00.0016109" startTime="2026-05-27T04:50:51.4431709-03:00" endTime="2026-05-27T04:50:51.4447106-03:00" testType="13cdc9d9-ddb5-4fa4-a97d-d965ccfc6d4b" outcome="Passed" testListId="8c84fa94-04c1-424b-9868-57a2d4851a1d" relativeResultsDirectory="799f705f-613c-482c-8d1d-479710a1845a" />
    <UnitTestResult executionId="d3a3cb43-6bf5-4bf3-9f3a-79fba0532c6b" testId="599a854a-13d0-9db8-29c3-2ec8a6a375d4" testName="Confirmai.Tests.AdminLogsExportServiceTests.BuildCsv_WithProjectedRows_ReturnsExpectedCsv" computerName="DESKTOP-EO2KNBC" duration="00:00:00.0522612" startTime="2026-05-27T04:50:49.8060591-03:00" endTime="2026-05-27T04:50:49.8583518-03:00" testType="13cdc9d9-ddb5-4fa4-a97d-d965ccfc6d4b" outcome="Passed" testListId="8c84fa94-04c1-424b-9868-57a2d4851a1d" relativeResultsDirectory="d3a3cb43-6bf5-4bf3-9f3a-79fba0532c6b" />
    <UnitTestResult executionId="7b654a61-a723-4213-8ad0-1515e3a74f98" testId="ab490450-6a94-169c-8d3e-83dfdd57d47d" testName="Confirmai.Tests.ProtectedPagesIntegrationTests.AdminRoutes_ShowNotAuthorized_ForNonAdminUser(route: &quot;/admin/payments&quot;)" computerName="DESKTOP-EO2KNBC" duration="00:00:00.0663885" startTime="2026-05-27T04:50:51.1127607-03:00" endTime="2026-05-27T04:50:51.1794402-03:00" testType="13cdc9d9-ddb5-4fa4-a97d-d965ccfc6d4b" outcome="Passed" testListId="8c84fa94-04c1-424b-9868-57a2d4851a1d" relativeResultsDirectory="7b654a61-a723-4213-8ad0-1515e3a74f98" />
    <UnitTestResult executionId="a2829594-1ee3-4f9c-b2ee-6279a1aeb6bb" testId="1aaad4e3-b256-6300-14ee-f65b0edc8758" testName="Confirmai.Tests.ModelValidationTests.Venue_Invalid_WhenNameIsEmpty" computerName="DESKTOP-EO2KNBC" duration="00:00:00.0007655" startTime="2026-05-27T04:50:48.9662899-03:00" endTime="2026-05-27T04:50:48.9669572-03:00" testType="13cdc9d9-ddb5-4fa4-a97d-d965ccfc6d4b" outcome="Passed" testListId="8c84fa94-04c1-424b-9868-57a2d4851a1d" relativeResultsDirectory="a2829594-1ee3-4f9c-b2ee-6279a1aeb6bb" />
    <UnitTestResult executionId="f00120bb-8450-4d7a-a12f-bc9e5a716e35" testId="d838041c-309c-a396-671e-ae082e725b9f" testName="Confirmai.Tests.ProductServiceTests.AccentColor_IsNormalizedOnAdd(input: &quot;  &quot;, expected: null)" computerName="DESKTOP-EO2KNBC" duration="00:00:00.0006484" startTime="2026-05-27T04:50:49.0067997-03:00" endTime="2026-05-27T04:50:49.0068600-03:00" testType="13cdc9d9-ddb5-4fa4-a97d-d965ccfc6d4b" outcome="Passed" testListId="8c84fa94-04c1-424b-9868-57a2d4851a1d" relativeResultsDirectory="f00120bb-8450-4d7a-a12f-bc9e5a716e35" />
    <UnitTestResult executionId="8d4c11bd-8e25-4b70-a7af-74b580bdc336" testId="d719763d-db9e-6486-ba54-1e2441e9b3e6" testName="Confirmai.Tests.PaymentEventBusTests.NotifyPaymentConfirmed_InvokesSubscribers" computerName="DESKTOP-EO2KNBC" duration="00:00:00.0001510" startTime="2026-05-27T04:50:50.0779967-03:00" endTime="2026-05-27T04:50:50.0780513-03:00" testType="13cdc9d9-ddb5-4fa4-a97d-d965ccfc6d4b" outcome="Passed" testListId="8c84fa94-04c1-424b-9868-57a2d4851a1d" relativeResultsDirectory="8d4c11bd-8e25-4b70-a7af-74b580bdc336" />
    <UnitTestResult executionId="d6775b2f-509b-4437-9691-e45dd0817715" testId="df7fd402-db42-1789-985e-07e96fb42858" testName="Confirmai.Tests.AdminLogsFilterStateServiceTests.SaveAsync_WritesValuesAndRemovesMissingDates" computerName="DESKTOP-EO2KNBC" duration="00:00:00.0006277" startTime="2026-05-27T04:50:51.0261880-03:00" endTime="2026-05-27T04:50:51.0262568-03:00" testType="13cdc9d9-ddb5-4fa4-a97d-d965ccfc6d4b" outcome="Passed" testListId="8c84fa94-04c1-424b-9868-57a2d4851a1d" relativeResultsDirectory="d6775b2f-509b-4437-9691-e45dd0817715" />
    <UnitTestResult executionId="b89c231a-670c-4317-8b65-3f6530fc81ed" testId="5a80fba0-d6b7-8544-1f41-2a99d57778ad" testName="Confirmai.Tests.LogRetentionServiceTests.RunAsync_NeverPurges_FinancialLog_EvenAfterManyYears" computerName="DESKTOP-EO2KNBC" duration="00:00:00.0021553" startTime="2026-05-27T04:50:49.5759320-03:00" endTime="2026-05-27T04:50:49.5776023-03:00" testType="13cdc9d9-ddb5-4fa4-a97d-d965ccfc6d4b" outcome="Passed" testListId="8c84fa94-04c1-424b-9868-57a2d4851a1d" relativeResultsDirectory="b89c231a-670c-4317-8b65-3f6530fc81ed" />
    <UnitTestResult executionId="06db4da2-f303-48ab-83ab-c14191ab7864" testId="e7ef969c-acd0-dd38-7cb0-0459d0fb2286" testName="Confirmai.Tests.AuditLoggingHooksTests.ProductService_DeleteAsync_WritesProductDeletedAudit_WhenNoOrders" computerName="DESKTOP-EO2KNBC" duration="00:00:00.0279246" startTime="2026-05-27T04:50:48.9835024-03:00" endTime="2026-05-27T04:50:49.0120155-03:00" testType="13cdc9d9-ddb5-4fa4-a97d-d965ccfc6d4b" outcome="Passed" testListId="8c84fa94-04c1-424b-9868-57a2d4851a1d" relativeResultsDirectory="06db4da2-f303-48ab-83ab-c14191ab7864" />
    <UnitTestResult executionId="4fb2991a-c53f-4d3a-91fb-bff5a559033a" testId="52c90187-dc10-1d3b-6908-5adb2ac4c74a" testName="Confirmai.Tests.FullFlowRecentFeaturesIntegrationTests.SetLanguage_UnsafeReturnUrl_RedirectsHome_AndStillSetsLanguageCookie" computerName="DESKTOP-EO2KNBC" duration="00:00:00.1974600" startTime="2026-05-27T04:50:51.0490450-03:00" endTime="2026-05-27T04:50:51.2457799-03:00" testType="13cdc9d9-ddb5-4fa4-a97d-d965ccfc6d4b" outcome="Passed" testListId="8c84fa94-04c1-424b-9868-57a2d4851a1d" relativeResultsDirectory="4fb2991a-c53f-4d3a-91fb-bff5a559033a" />
    <UnitTestResult executionId="533f5c61-b48a-424f-bf56-0c9decc2bbf2" testId="a0f994b5-61c6-e394-27cc-1b8ffe1934d2" testName="Confirmai.Tests.IdentityPageModelsIntegrationTests.RegisterConfirmation_Renders_WhenEmailIsProvided" computerName="DESKTOP-EO2KNBC" duration="00:00:00.0423567" startTime="2026-05-27T04:50:51.2892655-03:00" endTime="2026-05-27T04:50:51.3337062-03:00" testType="13cdc9d9-ddb5-4fa4-a97d-d965ccfc6d4b" outcome="Passed" testListId="8c84fa94-04c1-424b-9868-57a2d4851a1d" relativeResultsDirectory="533f5c61-b48a-424f-bf56-0c9decc2bbf2" />
    <UnitTestResult executionId="bc50096d-6d20-4129-a1be-03eba647c88d" testId="87fc1985-0963-6970-8031-0b9587870b68" testName="Confirmai.Tests.ProtectedPagesIntegrationTests.AdminRoutes_ShowNotAuthorized_ForNonAdminUser(route: &quot;/admin/users/view/user-123&quot;)" computerName="DESKTOP-EO2KNBC" duration="00:00:00.0062231" startTime="2026-05-27T04:50:51.3090254-03:00" endTime="2026-05-27T04:50:51.3154147-03:00" testType="13cdc9d9-ddb5-4fa4-a97d-d965ccfc6d4b" outcome="Passed" testListId="8c84fa94-04c1-424b-9868-57a2d4851a1d" relativeResultsDirectory="bc50096d-6d20-4129-a1be-03eba647c88d" />
    <UnitTestResult executionId="59fee384-ddd8-430c-8983-a7e89e4c61db" testId="0d14dd82-3425-ebe0-63e6-00490f7ed8dd" testName="Confirmai.Tests.CryptoQuoteServiceTests.GetQuoteAsync_RetriesWithApiKey_WhenForbidden" computerName="DESKTOP-EO2KNBC" duration="00:00:00.0013595" startTime="2026-05-27T04:50:50.0331681-03:00" endTime="2026-05-27T04:50:50.0336432-03:00" testType="13cdc9d9-ddb5-4fa4-a97d-d965ccfc6d4b" outcome="Passed" testListId="8c84fa94-04c1-424b-9868-57a2d4851a1d" relativeResultsDirectory="59fee384-ddd8-430c-8983-a7e89e4c61db" />
    <UnitTestResult executionId="fa19a00b-c4b8-4c49-aada-8a32eb7eb3e0" testId="21fcfdbc-cdd9-9dcc-5266-8993010a0454" testName="Confirmai.Tests.AuthNavigationHelperTests.BuildLoginUrl_EncodesReturnUrl" computerName="DESKTOP-EO2KNBC" duration="00:00:00.0001563" startTime="2026-05-27T04:50:50.6294275-03:00" endTime="2026-05-27T04:50:50.6294822-03:00" testType="13cdc9d9-ddb5-4fa4-a97d-d965ccfc6d4b" outcome="Passed" testListId="8c84fa94-04c1-424b-9868-57a2d4851a1d" relativeResultsDirectory="fa19a00b-c4b8-4c49-aada-8a32eb7eb3e0" />
    <UnitTestResult executionId="85b6bdf4-41ae-43af-9d5c-0d5e30841e10" testId="27a522d0-c66c-1f2e-f0e0-f4ba3ccc4e8b" testName="Confirmai.Tests.WebhookEndpointIntegrationTests.WebhookEndpoint_ReturnsUnauthorized_WhenSecretHeaderHasDuplicateExpectedValues_AndDoesNotMutateData" computerName="DESKTOP-EO2KNBC" duration="00:00:00.8059760" startTime="2026-05-27T04:50:48.9781935-03:00" endTime="2026-05-27T04:50:49.7837382-03:00" testType="13cdc9d9-ddb5-4fa4-a97d-d965ccfc6d4b" outcome="Passed" testListId="8c84fa94-04c1-424b-9868-57a2d4851a1d" relativeResultsDirectory="85b6bdf4-41ae-43af-9d5c-0d5e30841e10" />
    <UnitTestResult executionId="b2273d53-bc0c-45c7-bc4c-7dcea69b82fe" testId="fc0a3176-f331-35e0-ddfe-0dd3719f7673" testName="Confirmai.Tests.EventNotificationServiceTests.NotifyEventUpdatedAsync_DoesNothing_WhenEventNotFound" computerName="DESKTOP-EO2KNBC" duration="00:00:00.0022286" startTime="2026-05-27T04:50:50.9624882-03:00" endTime="2026-05-27T04:50:50.9639424-03:00" testType="13cdc9d9-ddb5-4fa4-a97d-d965ccfc6d4b" outcome="Passed" testListId="8c84fa94-04c1-424b-9868-57a2d4851a1d" relativeResultsDirectory="b2273d53-bc0c-45c7-bc4c-7dcea69b82fe" />
    <UnitTestResult executionId="1ea6a452-97eb-489d-8105-2a7b5f0c54f1" testId="a5fd2c40-8330-bae5-12c7-24bc29e96c1e" testName="Confirmai.Tests.FullFlowIdentityLocalizationIntegrationTests.LoginPage_ReturnsSpanishInvalidLoginMessage_WhenUiLanguageCookieIsSpanish" computerName="DESKTOP-EO2KNBC" duration="00:00:00.1173328" startTime="2026-05-27T04:50:50.9746288-03:00" endTime="2026-05-27T04:50:51.1004944-03:00" testType="13cdc9d9-ddb5-4fa4-a97d-d965ccfc6d4b" outcome="Passed" testListId="8c84fa94-04c1-424b-9868-57a2d4851a1d" relativeResultsDirectory="1ea6a452-97eb-489d-8105-2a7b5f0c54f1" />
    <UnitTestResult executionId="c2179246-e716-4d24-a99d-68865963e90a" testId="304e753e-2d3e-4851-5e1e-ebd16ef180bd" testName="Confirmai.Tests.AdminLogsFilterInferenceTests.InferAuditQuickFilter_WhenSourceMatchesSecurityPolicy_ReturnsSecurityPolicy" computerName="DESKTOP-EO2KNBC" duration="00:00:00.0000720" startTime="2026-05-27T04:50:48.9612459-03:00" endTime="2026-05-27T04:50:48.9613034-03:00" testType="13cdc9d9-ddb5-4fa4-a97d-d965ccfc6d4b" outcome="Passed" testListId="8c84fa94-04c1-424b-9868-57a2d4851a1d" relativeResultsDirectory="c2179246-e716-4d24-a99d-68865963e90a" />
    <UnitTestResult executionId="401c8d58-8fe8-42ec-a033-9ca032732b5c" testId="61986960-c0b1-0336-996a-49c57c761c6f" testName="Confirmai.Tests.ModelValidationTests.UserMailboxMessage_Invalid_WhenSenderUserIdIsEmpty" computerName="DESKTOP-EO2KNBC" duration="00:00:00.0000911" startTime="2026-05-27T04:50:48.9741071-03:00" endTime="2026-05-27T04:50:48.9741731-03:00" testType="13cdc9d9-ddb5-4fa4-a97d-d965ccfc6d4b" outcome="Passed" testListId="8c84fa94-04c1-424b-9868-57a2d4851a1d" relativeResultsDirectory="401c8d58-8fe8-42ec-a033-9ca032732b5c" />
    <UnitTestResult executionId="8efe76c1-0ff8-4a7f-914f-e40c0d090525" testId="7793515d-3d6f-d362-7971-a8c00693678c" testName="Confirmai.Tests.PiiSanitizerTests.MaskEmail_ReturnsFirstCharPlusMaskedLocalPart(input: &quot;j@domain.io&quot;, expected: &quot;j***@domain.io&quot;)" computerName="DESKTOP-EO2KNBC" duration="00:00:00.0001102" startTime="2026-05-27T04:50:50.0681671-03:00" endTime="2026-05-27T04:50:50.0682306-03:00" testType="13cdc9d9-ddb5-4fa4-a97d-d965ccfc6d4b" outcome="Passed" testListId="8c84fa94-04c1-424b-9868-57a2d4851a1d" relativeResultsDirectory="8efe76c1-0ff8-4a7f-914f-e40c0d090525" />
    <UnitTestResult executionId="c45e1cde-389f-4d33-b9f3-9cf7d71d07b1" testId="ad0b6bca-4521-abd3-9b3c-9c84a14330fd" testName="Confirmai.Tests.LocalStorageStateHelpersTests.GetStringAsync_WhenMissing_ReturnsEmptyString" computerName="DESKTOP-EO2KNBC" duration="00:00:00.0004353" startTime="2026-05-27T04:50:50.2438719-03:00" endTime="2026-05-27T04:50:50.2440920-03:00" testType="13cdc9d9-ddb5-4fa4-a97d-d965ccfc6d4b" outcome="Passed" testListId="8c84fa94-04c1-424b-9868-57a2d4851a1d" relativeResultsDirectory="c45e1cde-389f-4d33-b9f3-9cf7d71d07b1" />
    <UnitTestResult executionId="0cb02a95-0720-481c-a9e4-de7775b57e52" testId="c4ac07e1-7d29-7de0-ca5c-9777a912c4ed" testName="Confirmai.Tests.WebhookEndpointIntegrationTests.WebhookEndpoint_ReturnsUnauthorized_WhenSecretIsInvalid" computerName="DESKTOP-EO2KNBC" duration="00:00:00.0863545" startTime="2026-05-27T04:50:50.3297729-03:00" endTime="2026-05-27T04:50:50.4163360-03:00" testType="13cdc9d9-ddb5-4fa4-a97d-d965ccfc6d4b" outcome="Passed" testListId="8c84fa94-04c1-424b-9868-57a2d4851a1d" relativeResultsDirectory="0cb02a95-0720-481c-a9e4-de7775b57e52" />
    <UnitTestResult executionId="17fb5576-f751-4a1a-aa19-af920893bddf" testId="22c412fd-c3eb-0c5f-14b7-217623cd42e5" testName="Confirmai.Tests.BtcPayWebhookServiceTests.HandleAsync_ReturnsBadRequest_WhenTypeHasInvalidType" computerName="DESKTOP-EO2KNBC" duration="00:00:00.0034118" startTime="2026-05-27T04:50:49.0145074-03:00" endTime="2026-05-27T04:50:49.0223634-03:00" testType="13cdc9d9-ddb5-4fa4-a97d-d965ccfc6d4b" outcome="Passed" testListId="8c84fa94-04c1-424b-9868-57a2d4851a1d" relativeResultsDirectory="17fb5576-f751-4a1a-aa19-af920893bddf" />
    <UnitTestResult executionId="501b9cc3-b626-4bc4-b049-33710c4068fe" testId="168a8463-bb53-5c5a-4159-af76ebb43fd9" testName="Confirmai.Tests.RachaSchedulerServiceTests.GetOccurrences_AllReturnedDatesHaveCorrectTime" computerName="DESKTOP-EO2KNBC" duration="00:00:00.0007829" startTime="2026-05-27T04:50:49.4226466-03:00" endTime="2026-05-27T04:50:49.4232469-03:00" testType="13cdc9d9-ddb5-4fa4-a97d-d965ccfc6d4b" outcome="Passed" testListId="8c84fa94-04c1-424b-9868-57a2d4851a1d" relativeResultsDirectory="501b9cc3-b626-4bc4-b049-33710c4068fe" />
    <UnitTestResult executionId="760aa1fd-06a0-4117-aa41-950b40e7c30d" testId="f5aa75f8-5780-c7be-fb0c-51d14f51cf6e" testName="Confirmai.Tests.ProtectedPagesIntegrationTests.AdminPage_RendersWhenAdminRoleIsDuplicated" computerName="DESKTOP-EO2KNBC" duration="00:00:00.0081570" startTime="2026-05-27T04:50:51.6130655-03:00" endTime="2026-05-27T04:50:51.6213111-03:00" testType="13cdc9d9-ddb5-4fa4-a97d-d965ccfc6d4b" outcome="Passed" testListId="8c84fa94-04c1-424b-9868-57a2d4851a1d" relativeResultsDirectory="760aa1fd-06a0-4117-aa41-950b40e7c30d" />
    <UnitTestResult executionId="3042c400-845f-4dff-ae51-22da9f1ee42a" testId="baae0301-4fd8-c8e5-1209-750bde06dcc0" testName="Confirmai.Tests.UserServiceTests.GetUserByNameAsync_ReturnsNull_WhenUserNameIsBlank" computerName="DESKTOP-EO2KNBC" duration="00:00:00.0005455" startTime="2026-05-27T04:50:49.9812714-03:00" endTime="2026-05-27T04:50:49.9816638-03:00" testType="13cdc9d9-ddb5-4fa4-a97d-d965ccfc6d4b" outcome="Passed" testListId="8c84fa94-04c1-424b-9868-57a2d4851a1d" relativeResultsDirectory="3042c400-845f-4dff-ae51-22da9f1ee42a" />
    <UnitTestResult executionId="6c7d4848-2338-4aa0-9e5d-e27fd9a8fc46" testId="73db8686-e867-c5db-351b-2afc592ad3c3" testName="Confirmai.Tests.RachaSchedulerServiceTests.GenerateEventsAsync_DoesNothing_WhenNoSchedulesExist" computerName="DESKTOP-EO2KNBC" duration="00:00:00.0016184" startTime="2026-05-27T04:50:49.5276374-03:00" endTime="2026-05-27T04:50:49.5290553-03:00" testType="13cdc9d9-ddb5-4fa4-a97d-d965ccfc6d4b" outcome="Passed" testListId="8c84fa94-04c1-424b-9868-57a2d4851a1d" relativeResultsDirectory="6c7d4848-2338-4aa0-9e5d-e27fd9a8fc46" />
    <UnitTestResult executionId="919a7b2e-2c13-4b06-b3c0-49fa1cb282f8" testId="81ed0a19-d257-e7a7-0e70-9590f525bb15" testName="Confirmai.Tests.BtcPayWebhookServiceTests.HandleAsync_ReturnsBadRequest_WhenTypeIsBlank" computerName="DESKTOP-EO2KNBC" duration="00:00:00.0026451" startTime="2026-05-27T04:50:48.9984778-03:00" endTime="2026-05-27T04:50:49.0014888-03:00" testType="13cdc9d9-ddb5-4fa4-a97d-d965ccfc6d4b" outcome="Passed" testListId="8c84fa94-04c1-424b-9868-57a2d4851a1d" relativeResultsDirectory="919a7b2e-2c13-4b06-b3c0-49fa1cb282f8" />
    <UnitTestResult executionId="50c269c2-ef43-47e2-98ed-9ffb8a89226e" testId="dbed37a7-59ce-23d7-9bce-44a16c03b900" testName="Confirmai.Tests.PaymentHubTests.SignalRTestFactory_CreateHubContext_ReturnsNonNull" computerName="DESKTOP-EO2KNBC" duration="00:00:00.0008678" startTime="2026-05-27T04:50:50.4381268-03:00" endTime="2026-05-27T04:50:50.4389916-03:00" testType="13cdc9d9-ddb5-4fa4-a97d-d965ccfc6d4b" outcome="Passed" testListId="8c84fa94-04c1-424b-9868-57a2d4851a1d" relativeResultsDirectory="50c269c2-ef43-47e2-98ed-9ffb8a89226e" />
    <UnitTestResult executionId="d0f5c0aa-aa9d-4e1a-8acc-0028036b2934" testId="81990095-9192-69ba-1e31-4eafd8fc70a3" testName="Confirmai.Tests.ModelValidationTests.UserMailboxMessage_Invalid_WhenRecipientUserIdIsEmpty" computerName="DESKTOP-EO2KNBC" duration="00:00:00.0043965" startTime="2026-05-27T04:50:48.9621609-03:00" endTime="2026-05-27T04:50:48.9654760-03:00" testType="13cdc9d9-ddb5-4fa4-a97d-d965ccfc6d4b" outcome="Passed" testListId="8c84fa94-04c1-424b-9868-57a2d4851a1d" relativeResultsDirectory="d0f5c0aa-aa9d-4e1a-8acc-0028036b2934" />
    <UnitTestResult executionId="e682c275-f8a3-459a-9b7e-f01e3478b734" testId="9754868b-244d-5f33-18f2-681daca23e84" testName="Confirmai.Tests.WebhookEndpointIntegrationTests.WebhookEndpoint_ProcessesValidPayload_WithEscapesAndUnicodeWithinLimit" computerName="DESKTOP-EO2KNBC" duration="00:00:00.0748837" startTime="2026-05-27T04:50:50.2004486-03:00" endTime="2026-05-27T04:50:50.2762236-03:00" testType="13cdc9d9-ddb5-4fa4-a97d-d965ccfc6d4b" outcome="Passed" testListId="8c84fa94-04c1-424b-9868-57a2d4851a1d" relativeResultsDirectory="e682c275-f8a3-459a-9b7e-f01e3478b734" />
    <UnitTestResult executionId="5c656761-45aa-4e12-9dc3-83ee5655808f" testId="fa53db41-ee58-e841-4a75-d9817f9d3f8a" testName="Confirmai.Tests.PiiSanitizerTests.LogService_AuditAsync_MetadataWithoutEmail_IsUnchanged" computerName="DESKTOP-EO2KNBC" duration="00:00:00.0043685" startTime="2026-05-27T04:50:50.0733420-03:00" endTime="2026-05-27T04:50:50.0734002-03:00" testType="13cdc9d9-ddb5-4fa4-a97d-d965ccfc6d4b" outcome="Passed" testListId="8c84fa94-04c1-424b-9868-57a2d4851a1d" relativeResultsDirectory="5c656761-45aa-4e12-9dc3-83ee5655808f" />
    <UnitTestResult executionId="c2a8db9e-8523-4662-9866-f1d79be93f55" testId="88b45f77-7a7e-b9fa-ddef-c367219798e2" testName="Confirmai.Tests.AuthenticationIntegrationTests.Lockout_UsesRuntimeConfiguredMaxAttempts" computerName="DESKTOP-EO2KNBC" duration="00:00:00.5315029" startTime="2026-05-27T04:50:50.0960692-03:00" endTime="2026-05-27T04:50:50.6303951-03:00" testType="13cdc9d9-ddb5-4fa4-a97d-d965ccfc6d4b" outcome="Passed" testListId="8c84fa94-04c1-424b-9868-57a2d4851a1d" relativeResultsDirectory="c2a8db9e-8523-4662-9866-f1d79be93f55" />
    <UnitTestResult executionId="0898aa7e-891f-4766-9318-b48ef6d3d66d" testId="bcce7cfd-ef72-e922-a1e0-7f5b20941023" testName="Confirmai.Tests.LocalStorageStateHelpersTests.SetOrRemoveHelpers_WriteExpectedStorageValues" computerName="DESKTOP-EO2KNBC" duration="00:00:00.0009302" startTime="2026-05-27T04:50:50.2326515-03:00" endTime="2026-05-27T04:50:50.2335423-03:00" testType="13cdc9d9-ddb5-4fa4-a97d-d965ccfc6d4b" outcome="Passed" testListId="8c84fa94-04c1-424b-9868-57a2d4851a1d" relativeResultsDirectory="0898aa7e-891f-4766-9318-b48ef6d3d66d" />
    <UnitTestResult executionId="356dee00-9a48-49c4-a00d-1e78d99bc0e6" testId="519ab241-6ba6-85f3-e56c-9b694023d3a9" testName="Confirmai.Tests.AuditLoggingHooksTests.LogService_AuditAsync_PersistsExceptionDetails_WhenProvided" computerName="DESKTOP-EO2KNBC" duration="00:00:00.0009500" startTime="2026-05-27T04:50:49.0220844-03:00" endTime="2026-05-27T04:50:49.0221499-03:00" testType="13cdc9d9-ddb5-4fa4-a97d-d965ccfc6d4b" outcome="Passed" testListId="8c84fa94-04c1-424b-9868-57a2d4851a1d" relativeResultsDirectory="356dee00-9a48-49c4-a00d-1e78d99bc0e6" />
    <UnitTestResult executionId="f6ac2f50-5c47-4a10-8efa-b494783fe377" testId="bee84014-90c2-12ac-5228-de0fa8ee97d5" testName="Confirmai.Tests.OperationFeeFlowIntegrationTests.SaveFee_ThenGetFee_ReturnsPersistedValue" computerName="DESKTOP-EO2KNBC" duration="00:00:00.0051284" startTime="2026-05-27T04:50:51.5003068-03:00" endTime="2026-05-27T04:50:51.5053186-03:00" testType="13cdc9d9-ddb5-4fa4-a97d-d965ccfc6d4b" outcome="Passed" testListId="8c84fa94-04c1-424b-9868-57a2d4851a1d" relativeResultsDirectory="f6ac2f50-5c47-4a10-8efa-b494783fe377" />
    <UnitTestResult executionId="4f1c2b64-1de6-4e23-8ff6-e71dda9344fc" testId="f478e6cf-9f27-fca6-21b6-8d255eeb6efe" testName="Confirmai.Tests.WebhookEndpointIntegrationTests.WebhookEndpoint_ReturnsPayloadTooLarge_WhenBodyExceedsLimit_AndDoesNotMutateData" computerName="DESKTOP-EO2KNBC" duration="00:00:00.0416542" startTime="2026-05-27T04:50:50.4165491-03:00" endTime="2026-05-27T04:50:50.4583741-03:00" testType="13cdc9d9-ddb5-4fa4-a97d-d965ccfc6d4b" outcome="Passed" testListId="8c84fa94-04c1-424b-9868-57a2d4851a1d" relativeResultsDirectory="4f1c2b64-1de6-4e23-8ff6-e71dda9344fc" />
    <UnitTestResult executionId="344f16e1-b8a0-434c-b94b-a34637a7c69f" testId="6900b0d9-cc5e-4384-1aa4-597a733f2b3b" testName="Confirmai.Tests.EventNotificationServiceTests.NotifyEventCancelledAsync_DoesNotThrow_WhenEmailFails" computerName="DESKTOP-EO2KNBC" duration="00:00:00.0069015" startTime="2026-05-27T04:50:50.9888537-03:00" endTime="2026-05-27T04:50:50.9958074-03:00" testType="13cdc9d9-ddb5-4fa4-a97d-d965ccfc6d4b" outcome="Passed" testListId="8c84fa94-04c1-424b-9868-57a2d4851a1d" relativeResultsDirectory="344f16e1-b8a0-434c-b94b-a34637a7c69f" />
[...]
    <TestEntry testId="001d330a-775c-e6ea-74c3-d47aa82d8f18" executionId="47ada026-70eb-4631-a181-866f6fd9452b" testListId="8c84fa94-04c1-424b-9868-57a2d4851a1d" />
    <TestEntry testId="867b1d7a-660d-4a4d-baa4-ad5c05a5d1ff" executionId="e384c1f1-cbb4-4f55-8ba8-c3a1361dff70" testListId="8c84fa94-04c1-424b-9868-57a2d4851a1d" />
    <TestEntry testId="940c27a9-868d-f35e-00ba-a00df6607b4e" executionId="f391d515-0dfb-43fc-a149-28584d6a0b91" testListId="8c84fa94-04c1-424b-9868-57a2d4851a1d" />
    <TestEntry testId="6406a516-0098-da3f-9718-8ec78e8f115c" executionId="b9095f57-73c6-4f70-8511-5e54442c3975" testListId="8c84fa94-04c1-424b-9868-57a2d4851a1d" />
    <TestEntry testId="d6c09c40-566b-72d9-9343-b2878c9bea69" executionId="2c5bddcf-c5f5-43c2-b664-a851f033dc14" testListId="8c84fa94-04c1-424b-9868-57a2d4851a1d" />
    <TestEntry testId="285c8814-220f-3e5f-d07a-753419989725" executionId="8dd2c3e9-5184-4651-b73d-b4e7d689b1c3" testListId="8c84fa94-04c1-424b-9868-57a2d4851a1d" />
    <TestEntry testId="5291fa06-087f-cbec-f0d9-6e452022fe2e" executionId="ed71e10a-90bd-4884-8627-7bb5a3c6f22a" testListId="8c84fa94-04c1-424b-9868-57a2d4851a1d" />
    <TestEntry testId="bbd8b794-30b2-c284-3225-ba483acdd628" executionId="49308aeb-1384-4713-8f10-96b1a43749b1" testListId="8c84fa94-04c1-424b-9868-57a2d4851a1d" />
    <TestEntry testId="d69856bd-dd84-23c0-b2d8-4a7738808288" executionId="6eaa5f39-3faf-4a61-8634-9e25648d7a53" testListId="8c84fa94-04c1-424b-9868-57a2d4851a1d" />
    <TestEntry testId="c74275ef-657d-a44c-0306-c087df01e5ca" executionId="1ec21455-8870-4c71-a631-a7116c5237dd" testListId="8c84fa94-04c1-424b-9868-57a2d4851a1d" />
    <TestEntry testId="ca418922-1ac3-fe4f-2644-0b57c3c225fb" executionId="ec43e296-8c4c-4df0-9b17-8541535c66b3" testListId="8c84fa94-04c1-424b-9868-57a2d4851a1d" />
    <TestEntry testId="c9275e49-0282-b7a8-d1c6-0ca80dbd7dbd" executionId="10b9646c-1544-43e2-8b93-dd85b29e1a64" testListId="8c84fa94-04c1-424b-9868-57a2d4851a1d" />
    <TestEntry testId="a792a386-f2ac-b06b-c73e-d9279d435253" executionId="959d18d0-7d38-4faf-b22d-482a532ecb4a" testListId="8c84fa94-04c1-424b-9868-57a2d4851a1d" />
    <TestEntry testId="fe486eee-63ed-2732-3f74-94d71743e485" executionId="1fbdfff0-b11c-4cb7-b813-58f0c65790f4" testListId="8c84fa94-04c1-424b-9868-57a2d4851a1d" />
    <TestEntry testId="c5db46b1-5b96-446d-7a91-937ae1e89b3f" executionId="886b963f-0055-4cb1-9505-400e878e69bf" testListId="8c84fa94-04c1-424b-9868-57a2d4851a1d" />
    <TestEntry testId="6a36ea27-d543-a743-f07d-64211ecd31f1" executionId="ed045465-ef0b-4eee-b659-7ea5ca151da3" testListId="8c84fa94-04c1-424b-9868-57a2d4851a1d" />
    <TestEntry testId="94ee0d9a-c866-06ed-a341-037a6071cc27" executionId="4f8219f4-273a-41e4-b89e-729d326823df" testListId="8c84fa94-04c1-424b-9868-57a2d4851a1d" />
  </TestEntries>
  <TestLists>
    <TestList name="Results Not in a List" id="8c84fa94-04c1-424b-9868-57a2d4851a1d" />
    <TestList name="All Loaded Results" id="19431567-8539-422a-85d7-44ee4e166bda" />
  </TestLists>
  <ResultSummary outcome="Completed">
    <Counters total="393" executed="393" passed="393" failed="0" error="0" timeout="0" aborted="0" inconclusive="0" passedButRunAborted="0" notRunnable="0" notExecuted="0" disconnected="0" warning="0" completed="0" inProgress="0" pending="0" />
    <Output>
      <StdOut>[xUnit.net 00:00:00.00] xUnit.net VSTest Adapter v3.1.4+50e68bbb8b (64-bit .NET 9.0.13)&#xD;
[xUnit.net 00:00:00.49]   Discovering: Confirmai.Tests&#xD;
[xUnit.net 00:00:00.57]   Discovered:  Confirmai.Tests&#xD;
[xUnit.net 00:00:00.63]   Starting:    Confirmai.Tests&#xD;
[04:50:49 INF] Confirmai.Services.AppInitializationService: Usu�rio admin seed criado: admin@test.local&#xD;
[04:50:49 INF] Confirmai.Services.AppInitializationService: Usu�rio admin@test.local promovido a admin.&#xD;
[04:50:49 INF] Confirmai.Services.AppInitializationService: Usu�rio admin seed criado: admin@test.local&#xD;
[04:50:49 INF] Confirmai.Services.AppInitializationService: Usu�rio admin@test.local promovido a admin.&#xD;
[04:50:49 INF] Confirmai.Services.AppInitializationService: Usu�rio admin seed criado: admin@test.local&#xD;
[04:50:49 INF] Confirmai.Services.AppInitializationService: Usu�rio admin@test.local promovido a admin.&#xD;
[04:50:49 INF] Confirmai.Services.AppInitializationService: Usu�rio admin seed criado: admin@test.local&#xD;
[04:50:49 INF] Confirmai.Services.AppInitializationService: Usu�rio admin@test.local promovido a admin.&#xD;
[04:50:49 INF] Confirmai.Services.AppInitializationService: Usu�rio admin seed criado: admin@test.local&#xD;
[04:50:49 INF] Confirmai.Services.AppInitializationService: Usu�rio admin@test.local promovido a admin.&#xD;
[04:50:49 INF] Confirmai.Services.LogService: [Webhook] Webhook chamado.&#xD;
[04:50:49 INF] Confirmai.Services.LogService: [Webhook] Webhook chamado.&#xD;
[04:50:49 WRN] Confirmai.Services.LogService: [Webhook] Tentativa de acesso negada ao webhook. Header recebido: 'null'. IP: &#xD;
[04:50:49 INF] Confirmai.Services.LogService: [Webhook] Webhook chamado. Body recebido: {"invoiceId":"inv-flow-dup-1","type":"InvoiceSettled"}&#xD;
[04:50:49 INF] Confirmai.Services.LogService: [Webhook] Webhook recebido: status=InvoiceSettled, invoiceId=inv-flow-dup-1, deliveryId=&#xD;
[04:50:49 INF] Confirmai.Services.LogService: [Payments] Pagamento confirmado via webhook BtcPay (invoice inv-flow-dup-1).&#xD;
[04:50:49 INF] Confirmai.Services.LogService: [Webhook] Pagamento confirmado: paymentId=1, userId=buyer-flow-dup, productId=1&#xD;
[04:50:49 INF] Confirmai.Services.LogService: [Webhook] Webhook chamado.&#xD;
[04:50:49 INF] Confirmai.Services.LogService: [Webhook] Webhook chamado. Body recebido: {"invoiceId":"inv-flow-dup-1","type":"InvoiceSettled"}&#xD;
[04:50:49 INF] Confirmai.Services.LogService: [Webhook] Webhook recebido: status=InvoiceSettled, invoiceId=inv-flow-dup-1, deliveryId=&#xD;
[04:50:49 INF] Confirmai.Services.LogService: [Webhook] Pagamento j� est� marcado como pago para invoiceId=inv-flow-dup-1&#xD;
[04:50:49 INF] Confirmai.Services.AppInitializationService: Usu�rio admin seed criado: admin@test.local&#xD;
[04:50:49 INF] Confirmai.Services.AppInitializationService: Usu�rio admin@test.local promovido a admin.&#xD;
[04:50:49 INF] Confirmai.Services.AppInitializationService: Usu�rio admin seed criado: admin@test.local&#xD;
[04:50:49 INF] Confirmai.Services.AppInitializationService: Usu�rio admin@test.local promovido a admin.&#xD;
[04:50:49 INF] Confirmai.Services.LogService: [Webhook] Webhook chamado.&#xD;
[04:50:49 INF] Confirmai.Services.LogService: [Webhook] Webhook chamado. Body recebido: {"invoiceId":"inv-flow-1","type":"InvoiceSettled"}&#xD;
[04:50:49 INF] Confirmai.Services.LogService: [Webhook] Webhook recebido: status=InvoiceSettled, invoiceId=inv-flow-1, deliveryId=&#xD;
[04:50:49 INF] Confirmai.Services.LogService: [Payments] Pagamento confirmado via webhook BtcPay (invoice inv-flow-1).&#xD;
[04:50:49 INF] Confirmai.Services.LogService: [Webhook] Pagamento confirmado: paymentId=2, userId=buyer-flow-1, productId=2&#xD;
[04:50:49 INF] Confirmai.Services.LogService: [Webhook] Webhook chamado.&#xD;
[04:50:49 WRN] Confirmai.Services.LogService: [Webhook] Tentativa de acesso negada ao webhook. Header recebido: ' expected-secret '. IP: &#xD;
[04:50:49 INF] Confirmai.Services.LogService: [Webhook] Webhook chamado.&#xD;
[04:50:49 INF] Confirmai.Services.LogService: [Webhook] Webhook chamado. Body recebido: {"invoiceId":"inv-http-idempotent","type":"InvoiceSettled"}&#xD;
[04:50:49 INF] Confirmai.Services.LogService: [Webhook] Webhook recebido: status=InvoiceSettled, invoiceId=inv-http-idempotent, deliveryId=&#xD;
[04:50:49 INF] Confirmai.Services.LogService: [Payments] Pagamento confirmado via webhook BtcPay (invoice inv-http-idempotent).&#xD;
[04:50:49 INF] Confirmai.Services.LogService: [Webhook] Pagamento confirmado: paymentId=2, userId=buyer-int-1, productId=2&#xD;
[04:50:49 INF] Confirmai.Services.LogService: [Webhook] Webhook chamado.&#xD;
[04:50:49 INF] Confirmai.Services.LogService: [Webhook] Webhook chamado. Body recebido: {"invoiceId":"inv-http-idempotent","type":"InvoiceSettled"}&#xD;
[04:50:49 INF] Confirmai.Services.LogService: [Webhook] Webhook recebido: status=InvoiceSettled, invoiceId=inv-http-idempotent, deliveryId=&#xD;
[04:50:49 INF] Confirmai.Services.LogService: [Webhook] Pagamento j� est� marcado como pago para invoiceId=inv-http-idempotent&#xD;
[04:50:49 INF] Confirmai.Services.LogService: [Webhook] Webhook chamado.&#xD;
[04:50:49 WRN] Confirmai.Services.LogService: [Webhook] Tentativa de acesso negada ao webhook. Header recebido: 'null'. IP: &#xD;
[04:50:49 INF] Confirmai.Services.LogService: [Webhook] Webhook chamado.&#xD;
[04:50:49 INF] Confirmai.Services.LogService: [Webhook] Webhook chamado. Body recebido: {"invoiceId":"inv-http-processing","type":"InvoiceProcessing"}&#xD;
[04:50:49 INF] Confirmai.Services.LogService: [Webhook] Webhook recebido: status=InvoiceProcessing, invoiceId=inv-http-processing, deliveryId=&#xD;
[04:50:49 INF] Confirmai.Services.LogService: [Webhook] Webhook chamado.&#xD;
[04:50:49 INF] Confirmai.Services.LogService: [Webhook] Webhook chamado. Body recebido: {"invoiceId":"   ","type":" \t "}&#xD;
[04:50:49 WRN] Confirmai.Services.LogService: [Webhook] Payload do webhook com invoiceId/type vazios.&#xD;
[04:50:49 INF] Confirmai.Services.LogService: [Webhook] Webhook chamado.&#xD;
[04:50:49 WRN] Confirmai.Services.LogService: [Webhook] Payload do webhook excede limite permitido (2131 bytes). Limite: 256 bytes.&#xD;
[04:50:50 INF] Confirmai.Services.LogService: [Webhook] Webhook chamado.&#xD;
[04:50:50 INF] Confirmai.Services.LogService: [Webhook] Webhook chamado. Body recebido: {invalid-json&#xD;
[04:50:50 WRN] Confirmai.Services.LogService: [Webhook] Payload JSON inv�lido no webhook: 'i' is an invalid start of a property name. Expected a '"'. LineNumber: 0 | BytePositionInLine: 1.&#xD;
[04:50:50 INF] Confirmai.Services.LogService: [Webhook] Webhook chamado.&#xD;
[04:50:50 INF] Confirmai.Services.LogService: [Webhook] Webhook chamado. Body recebido: {"invoiceId":"inv-http-missing","type":"InvoiceSettled"}&#xD;
[04:50:50 INF] Confirmai.Services.LogService: [Webhook] Webhook recebido: status=InvoiceSettled, invoiceId=inv-http-missing, deliveryId=&#xD;
[04:50:50 WRN] Confirmai.Services.LogService: [Webhook] Pagamento nao encontrado para invoiceId=inv-http-missing&#xD;
[04:50:50 INF] Confirmai.Services.LogService: [Webhook] Webhook chamado.&#xD;
[04:50:50 WRN] Confirmai.Services.LogService: [Webhook] Tentativa de acesso negada ao webhook. Header recebido: 'null'. IP: &#xD;
[04:50:50 INF] Confirmai.Services.LogService: [Webhook] Webhook chamado.&#xD;
[04:50:50 INF] Confirmai.Services.LogService: [Webhook] Webhook chamado. Body recebido: {"invoiceId":"inv-http-unicode-valid","type":"InvoiceSettled","note":"linha\ncom\ttab e unicode \u20AC"}&#xD;
[04:50:50 INF] Confirmai.Services.LogService: [Webhook] Webhook recebido: status=InvoiceSettled, invoiceId=inv-http-unicode-valid, deliveryId=&#xD;
[04:50:50 INF] Confirmai.Services.LogService: [Payments] Pagamento confirmado via webhook BtcPay (invoice inv-http-unicode-valid).&#xD;
[04:50:50 INF] Confirmai.Services.LogService: [Webhook] Pagamento confirmado: paymentId=9, userId=buyer-int-1, productId=9&#xD;
[04:50:50 INF] Confirmai.Services.AppInitializationService: Usu�rio admin seed criado: admin@test.local&#xD;
[04:50:50 INF] Confirmai.Services.AppInitializationService: Usu�rio admin seed criado: admin@test.local&#xD;
[04:50:50 INF] Confirmai.Services.AppInitializationService: Usu�rio admin@test.local promovido a admin.&#xD;
[04:50:50 INF] Confirmai.Services.AppInitializationService: Usu�rio admin@test.local promovido a admin.&#xD;
[04:50:50 INF] Confirmai.Services.LogService: [Webhook] Webhook chamado.&#xD;
[04:50:50 INF] Confirmai.Services.LogService: [Webhook] Webhook chamado. Body recebido: {"invoiceId":"inv-http-paid","type":"InvoiceSettled"}&#xD;
[04:50:50 INF] Confirmai.Services.LogService: [Webhook] Webhook recebido: status=InvoiceSettled, invoiceId=inv-http-paid, deliveryId=&#xD;
[04:50:50 INF] Confirmai.Services.LogService: [Payments] Pagamento confirmado via webhook BtcPay (invoice inv-http-paid).&#xD;
[04:50:50 INF] Confirmai.Services.LogService: [Webhook] Pagamento confirmado: paymentId=10, userId=buyer-int-1, productId=10&#xD;
[04:50:50 INF] Confirmai.Services.LogService: [Webhook] Webhook chamado.&#xD;
[04:50:50 WRN] Confirmai.Services.LogService: [Webhook] Tentativa de acesso negada ao webhook. Header recebido: 'EXPECTED-SECRET'. IP: &#xD;
[04:50:50 INF] Confirmai.Services.LogService: [Webhook] Webhook chamado.&#xD;
[04:50:50 WRN] Confirmai.Services.LogService: [Webhook] Tentativa de acesso negada ao webhook. Header recebido: 'wrong-secret'. IP: &#xD;
[04:50:50 INF] Confirmai.Services.AppInitializationService: Usu�rio admin seed criado: admin@test.local&#xD;
[04:50:50 INF] Confirmai.Services.AppInitializationService: Usu�rio admin@test.local promovido a admin.&#xD;
[04:50:50 INF] Confirmai.Services.LogService: [Webhook] Webhook chamado.&#xD;
[04:50:50 WRN] Confirmai.Services.LogService: [Webhook] Payload do webhook excede limite permitido (2116 bytes). Limite: 256 bytes.&#xD;
[04:50:50 INF] Confirmai.Services.LogService: [Webhook] Webhook chamado.&#xD;
[04:50:50 INF] Confirmai.Services.LogService: [Webhook] Webhook chamado. Body recebido: {"invoiceId":"inv-http-utf8-at-limit","type":"InvoiceSettled","note":"aaaaaaaaaaaaaaaaaaaaaaaaaaaaaaaaaaaaaaaaaaaaaaaaaaaaaaaaaaaaaaaaaaaaaaaaaaaaaaaaaaaaaaaaaaaaaaaaaaaaaaaaaaaaaaaaaaaaaaaaaaaaaaaaaaaaaaaaaaaaaaaaaaaaaaaaaaaaaaaaaaaaaaaaaaaaaaaaaaaaaaaa"}&#xD;
[04:50:50 INF] Confirmai.Services.LogService: [Webhook] Webhook recebido: status=InvoiceSettled, invoiceId=inv-http-utf8-at-limit, deliveryId=&#xD;
[04:50:50 INF] Confirmai.Services.LogService: [Payments] Pagamento confirmado via webhook BtcPay (invoice inv-http-utf8-at-limit).&#xD;
[04:50:50 INF] Confirmai.Services.LogService: [Webhook] Pagamento confirmado: paymentId=13, userId=buyer-int-1, productId=13&#xD;
[04:50:50 INF] Confirmai.Services.LogService: [Webhook] Webhook chamado.&#xD;
[04:50:50 INF] Confirmai.Services.LogService: [Webhook] Webhook chamado. Body recebido: {"invoiceId":"inv-http-at-limit","type":"InvoiceSettled","note":"aaaaaaaaaaaaaaaaaaaaaaaaaaaaaaaaaaaaaaaaaaaaaaaaaaaaaaaaaaaaaaaaaaaaaaaaaaaaaaaaaaaaaaaaaaaaaaaaaaaaaaaaaaaaaaaaaaaaaaaaaaaaaaaaaaaaaaaaaaaaaaaaaaaaaaaaaaaaaaaaaaaaaaaaaaaaaaaaaaaaaaaaaaaaa"}&#xD;
[04:50:50 INF] Confirmai.Services.LogService: [Webhook] Webhook recebido: status=InvoiceSettled, invoiceId=inv-http-at-limit, deliveryId=&#xD;
[04:50:50 INF] Confirmai.Services.LogService: [Payments] Pagamento confirmado via webhook BtcPay (invoice inv-http-at-limit).&#xD;
[04:50:50 INF] Confirmai.Services.LogService: [Webhook] Pagamento confirmado: paymentId=14, userId=buyer-int-1, productId=14&#xD;
[04:50:50 WRN] Confirmai.Services.LogService: [Identity] Tentativa de login inv�lida: runtime-lockout@test.local.&#xD;
[04:50:50 INF] Confirmai.Services.LogService: [Webhook] Webhook chamado.&#xD;
[04:50:50 WRN] Confirmai.Services.LogService: [Webhook] Payload do webhook excede limite permitido (433 bytes). Limite: 256 bytes.&#xD;
[04:50:50 INF] Confirmai.Services.LogService: [Webhook] Webhook chamado.&#xD;
[04:50:50 INF] Confirmai.Services.LogService: [Webhook] Webhook chamado. Body recebido: {"invoiceId":12345,"type":999}&#xD;
[04:50:50 WRN] Confirmai.Services.LogService: [Webhook] Payload do webhook com tipos inv�lidos para invoiceId/type.&#xD;
[04:50:50 INF] Confirmai.Services.LogService: [Webhook] Webhook chamado.&#xD;
[04:50:50 WRN] Confirmai.Services.LogService: [Webhook] Payload do webhook excede limite permitido (508 bytes). Limite: 256 bytes.&#xD;
[04:50:50 WRN] Confirmai.Services.LogService: [Identity] Usu�rio bloqueado por excesso de tentativas: runtime-lockout@test.local.&#xD;
[04:50:50 INF] Confirmai.Services.LogService: [Webhook] Webhook chamado.&#xD;
[04:50:50 INF] Confirmai.Services.LogService: [Webhook] Webhook chamado. Body recebido: {"invoiceId":"inv-http-secret-case","type":"InvoiceSettled"}&#xD;
[04:50:50 INF] Confirmai.Services.LogService: [Webhook] Webhook recebido: status=InvoiceSettled, invoiceId=inv-http-secret-case, deliveryId=&#xD;
[04:50:50 INF] Confirmai.Services.LogService: [Payments] Pagamento confirmado via webhook BtcPay (invoice inv-http-secret-case).&#xD;
[04:50:50 INF] Confirmai.Services.LogService: [Webhook] Pagamento confirmado: paymentId=18, userId=buyer-int-1, productId=18&#xD;
[04:50:50 INF] Confirmai.Services.AppInitializationService: Usu�rio admin seed criado: admin@test.local&#xD;
[04:50:50 INF] Confirmai.Services.AppInitializationService: Usu�rio admin seed criado: admin@test.local&#xD;
[04:50:50 INF] Confirmai.Services.AppInitializationService: Usu�rio admin@test.local promovido a admin.&#xD;
[04:50:50 INF] Confirmai.Services.AppInitializationService: Usu�rio admin@test.local promovido a admin.&#xD;
[04:50:50 INF] Confirmai.Services.LogService: [AdminSecurityPolicy] Security policy updated. RequireConfirmedEmail: True -&gt; False; LockoutMaxFailedAccessAttempts: 5 -&gt; 4; LockoutMinutes: 15 -&gt; 22.&#xD;
[04:50:50 INF] Confirmai.Services.LogService: [Webhook] Webhook chamado.&#xD;
[04:50:50 INF] Confirmai.Services.LogService: [Webhook] Webhook chamado. Body recebido: {"invoiceId":"","type":""}&#xD;
[04:50:50 WRN] Confirmai.Services.LogService: [Webhook] Payload do webhook com invoiceId/type vazios.&#xD;
[04:50:50 INF] Confirmai.Services.AppInitializationService: Usu�rio admin seed criado: admin@test.local&#xD;
[04:50:50 INF] Confirmai.Services.AppInitializationService: Usu�rio admin@test.local promovido a admin.&#xD;
[04:50:50 INF] Confirmai.Services.LogService: [Identity] Login bem-sucedido: runtime-unconfirmed@test.local.&#xD;
[04:50:50 INF] Confirmai.Services.AppInitializationService: Usu�rio admin seed criado: admin@test.local&#xD;
[04:50:50 INF] Confirmai.Services.AppInitializationService: Usu�rio admin@test.local promovido a admin.&#xD;
[04:50:51 INF] Confirmai.Services.AppInitializationService: Usu�rio admin seed criado: admin@test.local&#xD;
[04:50:51 INF] Confirmai.Services.AppInitializationService: Usu�rio admin@test.local promovido a admin.&#xD;
[04:50:51 INF] Confirmai.Services.AppInitializationService: Usu�rio admin seed criado: admin@test.local&#xD;
[04:50:51 INF] Confirmai.Tests.TestAuthHandler: AuthenticationScheme: TestAuth was challenged.&#xD;
[04:50:51 INF] Confirmai.Services.AppInitializationService: Usu�rio admin@test.local promovido a admin.&#xD;
[04:50:51 WRN] Confirmai.Services.LogService: [Identity] Tentativa de login inv�lida: lockout@test.local.&#xD;
[04:50:51 WRN] Confirmai.Services.LogService: [Identity] Tentativa de login inv�lida: lockout@test.local.&#xD;
[04:50:51 WRN] Confirmai.Services.LogService: [Identity] Tentativa de login inv�lida: lockout@test.local.&#xD;
[04:50:51 INF] Confirmai.Services.AppInitializationService: Usu�rio admin seed criado: admin@test.local&#xD;
[04:50:51 INF] Confirmai.Services.AppInitializationService: Usu�rio admin@test.local promovido a admin.&#xD;
[04:50:51 INF] Confirmai.Services.LogService: [AdminSettings] Configura�ao alterada: OperationFeePercent = 2.&#xD;
[04:50:51 WRN] Confirmai.Services.LogService: [Identity] Tentativa de login inv�lida: lockout@test.local.&#xD;
[04:50:51 INF] Confirmai.Services.LogService: [AdminSettings] Configura�ao alterada: OperationFeePercent = 3.75.&#xD;
[04:50:51 INF] Confirmai.Services.LogService: [AdminSettings] Configura�ao alterada: OperationFeePercent = 4.25.&#xD;
[04:50:51 WRN] Confirmai.Services.LogService: [Identity] Tentativa de login inv�lida: lockout@test.local.&#xD;
[xUnit.net 00:00:09.93]   Finished:    Confirmai.Tests&#xD;
</StdOut>
    </Output>
  </ResultSummary>
</TestRun>