<?xml version="1.0" encoding="utf-8"?>
<TestRun id="921de5f4-e89f-4906-8ab7-a6661cbf9917" name="FreezaPC@DESKTOP-EO2KNBC 2026-05-27 05:11:12" runUser="DESKTOP-EO2KNBC\FreezaPC" xmlns="http://microsoft.com/schemas/VisualStudio/TeamTest/2010">
  <Times creation="2026-05-27T05:11:12.7935047-03:00" queuing="2026-05-27T05:11:12.7935051-03:00" start="2026-05-27T05:11:12.0972735-03:00" finish="2026-05-27T05:11:20.2837121-03:00" />
  <TestSettings name="default" id="e0a48d32-f980-4ad8-9962-677ae0e93eab">
    <Deployment runDeploymentRoot="FreezaPC_DESKTOP-EO2KNBC_2026-05-27_05_11_12" />
  </TestSettings>
  <Results>
    <UnitTestResult executionId="134ff4f6-6c73-4ced-b096-c92f6dd332f7" testId="b352339c-091a-dbd6-817f-a4e9b36db2ee" testName="Confirmai.Tests.FutsalIntegrationTests.FutsalDetail_ShowsNotFound_ForMissingEvent" computerName="DESKTOP-EO2KNBC" duration="00:00:00.1000188" startTime="2026-05-27T05:11:15.4074034-03:00" endTime="2026-05-27T05:11:15.5096774-03:00" testType="13cdc9d9-ddb5-4fa4-a97d-d965ccfc6d4b" outcome="Passed" testListId="8c84fa94-04c1-424b-9868-57a2d4851a1d" relativeResultsDirectory="134ff4f6-6c73-4ced-b096-c92f6dd332f7" />
    <UnitTestResult executionId="54df68a7-90c5-4fa2-bf5e-daca0d443d7e" testId="f918ed4d-6e48-1201-e1c5-048286cc4f25" testName="Confirmai.Tests.LogServiceTests.AuditAsync_KeepsLegacyFieldsBackwardCompatible" computerName="DESKTOP-EO2KNBC" duration="00:00:00.0012894" startTime="2026-05-27T05:11:15.3158011-03:00" endTime="2026-05-27T05:11:15.3172060-03:00" testType="13cdc9d9-ddb5-4fa4-a97d-d965ccfc6d4b" outcome="Passed" testListId="8c84fa94-04c1-424b-9868-57a2d4851a1d" relativeResultsDirectory="54df68a7-90c5-4fa2-bf5e-daca0d443d7e" />
    <UnitTestResult executionId="bcde033e-0464-4f71-98de-057d5c10700e" testId="2dea77bd-10a4-1659-901e-fe81a3bafe47" testName="Confirmai.Tests.AdminLogSortingIntegrationTests.Apply_WhenSortingByLevelAscending_UsesTimestampAsTieBreaker" computerName="DESKTOP-EO2KNBC" duration="00:00:00.1976621" startTime="2026-05-27T05:11:14.7197713-03:00" endTime="2026-05-27T05:11:14.9174514-03:00" testType="13cdc9d9-ddb5-4fa4-a97d-d965ccfc6d4b" outcome="Passed" testListId="8c84fa94-04c1-424b-9868-57a2d4851a1d" relativeResultsDirectory="bcde033e-0464-4f71-98de-057d5c10700e" />
    <UnitTestResult executionId="123ba900-6b28-4016-a8b5-d3f1b612e058" testId="73db8686-e867-c5db-351b-2afc592ad3c3" testName="Confirmai.Tests.RachaSchedulerServiceTests.GenerateEventsAsync_DoesNothing_WhenNoSchedulesExist" computerName="DESKTOP-EO2KNBC" duration="00:00:00.0072766" startTime="2026-05-27T05:11:13.7047818-03:00" endTime="2026-05-27T05:11:13.7119328-03:00" testType="13cdc9d9-ddb5-4fa4-a97d-d965ccfc6d4b" outcome="Passed" testListId="8c84fa94-04c1-424b-9868-57a2d4851a1d" relativeResultsDirectory="123ba900-6b28-4016-a8b5-d3f1b612e058" />
    <UnitTestResult executionId="71cf0840-a90e-488b-b71c-593c0b1343af" testId="45ba1d7b-5e66-e486-a780-f8931e7d42c2" testName="Confirmai.Tests.ModelValidationTests.Event_Invalid_WhenLocationExceeds200Chars" computerName="DESKTOP-EO2KNBC" duration="00:00:00.0004763" startTime="2026-05-27T05:11:13.8121533-03:00" endTime="2026-05-27T05:11:13.8124633-03:00" testType="13cdc9d9-ddb5-4fa4-a97d-d965ccfc6d4b" outcome="Passed" testListId="8c84fa94-04c1-424b-9868-57a2d4851a1d" relativeResultsDirectory="71cf0840-a90e-488b-b71c-593c0b1343af" />
    <UnitTestResult executionId="9a2abeb9-0748-44d7-897e-51f2997c411b" testId="b146af2f-f06f-0c18-f453-d18cd77412fd" testName="Confirmai.Tests.FutsalIntegrationTests.FutsalDetail_Returns200_ForExistingEvent" computerName="DESKTOP-EO2KNBC" duration="00:00:00.0370156" startTime="2026-05-27T05:11:15.5141302-03:00" endTime="2026-05-27T05:11:15.5512635-03:00" testType="13cdc9d9-ddb5-4fa4-a97d-d965ccfc6d4b" outcome="Passed" testListId="8c84fa94-04c1-424b-9868-57a2d4851a1d" relativeResultsDirectory="9a2abeb9-0748-44d7-897e-51f2997c411b" />
    <UnitTestResult executionId="0ace9678-5162-4fcd-8491-bb6050999cff" testId="afe3c6ba-2dd4-ed10-688b-518a36422910" testName="Confirmai.Tests.BtcPayWebhookServiceTests.HandleAsync_ReturnsPayloadTooLarge_WhenBodyExceedsLimit" computerName="DESKTOP-EO2KNBC" duration="00:00:00.0016355" startTime="2026-05-27T05:11:14.2374917-03:00" endTime="2026-05-27T05:11:14.2388048-03:00" testType="13cdc9d9-ddb5-4fa4-a97d-d965ccfc6d4b" outcome="Passed" testListId="8c84fa94-04c1-424b-9868-57a2d4851a1d" relativeResultsDirectory="0ace9678-5162-4fcd-8491-bb6050999cff" />
    <UnitTestResult executionId="57419dc3-fc15-4be4-a1b2-a0fcdee70bc7" testId="c4401781-6fdc-6d5e-48a0-7eb5e2c91127" testName="Confirmai.Tests.ProtectedPagesIntegrationTests.AdminRoutes_ShowNotAuthorized_ForNonAdminUser(route: &quot;/admin/venues&quot;)" computerName="DESKTOP-EO2KNBC" duration="00:00:00.0107576" startTime="2026-05-27T05:11:15.0462333-03:00" endTime="2026-05-27T05:11:15.0671693-03:00" testType="13cdc9d9-ddb5-4fa4-a97d-d965ccfc6d4b" outcome="Passed" testListId="8c84fa94-04c1-424b-9868-57a2d4851a1d" relativeResultsDirectory="57419dc3-fc15-4be4-a1b2-a0fcdee70bc7" />
    <UnitTestResult executionId="733c5545-6c00-46c7-b241-fa52199c133b" testId="74008f3c-fe81-cb2a-7ad8-29b558c26495" testName="Confirmai.Tests.RachaSchedulerServiceTests.GetOccurrences_AllReturnedDatesHaveCorrectDayOfWeek" computerName="DESKTOP-EO2KNBC" duration="00:00:00.0003066" startTime="2026-05-27T05:11:13.6401928-03:00" endTime="2026-05-27T05:11:13.6404191-03:00" testType="13cdc9d9-ddb5-4fa4-a97d-d965ccfc6d4b" outcome="Passed" testListId="8c84fa94-04c1-424b-9868-57a2d4851a1d" relativeResultsDirectory="733c5545-6c00-46c7-b241-fa52199c133b" />
    <UnitTestResult executionId="9f1a336a-2d09-42ec-89e9-26809ad6bd95" testId="81990095-9192-69ba-1e31-4eafd8fc70a3" testName="Confirmai.Tests.ModelValidationTests.UserMailboxMessage_Invalid_WhenRecipientUserIdIsEmpty" computerName="DESKTOP-EO2KNBC" duration="00:00:00.0040524" startTime="2026-05-27T05:11:13.8026872-03:00" endTime="2026-05-27T05:11:13.8068769-03:00" testType="13cdc9d9-ddb5-4fa4-a97d-d965ccfc6d4b" outcome="Passed" testListId="8c84fa94-04c1-424b-9868-57a2d4851a1d" relativeResultsDirectory="9f1a336a-2d09-42ec-89e9-26809ad6bd95" />
    <UnitTestResult executionId="f88c10c6-27c2-4b4c-9308-582b5723697e" testId="f5aa75f8-5780-c7be-fb0c-51d14f51cf6e" testName="Confirmai.Tests.ProtectedPagesIntegrationTests.AdminPage_RendersWhenAdminRoleIsDuplicated" computerName="DESKTOP-EO2KNBC" duration="00:00:00.0501899" startTime="2026-05-27T05:11:15.2489511-03:00" endTime="2026-05-27T05:11:15.3020471-03:00" testType="13cdc9d9-ddb5-4fa4-a97d-d965ccfc6d4b" outcome="Passed" testListId="8c84fa94-04c1-424b-9868-57a2d4851a1d" relativeResultsDirectory="f88c10c6-27c2-4b4c-9308-582b5723697e" />
    <UnitTestResult executionId="7bfc51df-ded1-4461-b84e-9ad01013c7f9" testId="1df0c2ed-71e6-7dae-18d0-b8681e542fec" testName="Confirmai.Tests.AdminLogsExportServiceTests.BuildCsv_WhenRowsProvided_ReturnsHeaderAndEscapedValues" computerName="DESKTOP-EO2KNBC" duration="00:00:00.0004711" startTime="2026-05-27T05:11:15.1385946-03:00" endTime="2026-05-27T05:11:15.1388919-03:00" testType="13cdc9d9-ddb5-4fa4-a97d-d965ccfc6d4b" outcome="Passed" testListId="8c84fa94-04c1-424b-9868-57a2d4851a1d" relativeResultsDirectory="7bfc51df-ded1-4461-b84e-9ad01013c7f9" />
    <UnitTestResult executionId="51aa6672-8e66-450d-9a84-017324fef17e" testId="c4ac07e1-7d29-7de0-ca5c-9777a912c4ed" testName="Confirmai.Tests.WebhookEndpointIntegrationTests.WebhookEndpoint_ReturnsUnauthorized_WhenSecretIsInvalid" computerName="DESKTOP-EO2KNBC" duration="00:00:00.0146513" startTime="2026-05-27T05:11:14.3066956-03:00" endTime="2026-05-27T05:11:14.3213315-03:00" testType="13cdc9d9-ddb5-4fa4-a97d-d965ccfc6d4b" outcome="Passed" testListId="8c84fa94-04c1-424b-9868-57a2d4851a1d" relativeResultsDirectory="51aa6672-8e66-450d-9a84-017324fef17e" />
    <UnitTestResult executionId="60c12c14-8e0d-424d-b0d7-c3e791ebb3f4" testId="baae0301-4fd8-c8e5-1209-750bde06dcc0" testName="Confirmai.Tests.UserServiceTests.GetUserByNameAsync_ReturnsNull_WhenUserNameIsBlank" computerName="DESKTOP-EO2KNBC" duration="00:00:00.0005218" startTime="2026-05-27T05:11:13.9784431-03:00" endTime="2026-05-27T05:11:13.9788251-03:00" testType="13cdc9d9-ddb5-4fa4-a97d-d965ccfc6d4b" outcome="Passed" testListId="8c84fa94-04c1-424b-9868-57a2d4851a1d" relativeResultsDirectory="60c12c14-8e0d-424d-b0d7-c3e791ebb3f4" />
    <UnitTestResult executionId="48891515-2b14-47a6-818a-378030787e3b" testId="671b0695-868f-e416-e608-24c7a06345e7" testName="Confirmai.Tests.FutsalIntegrationTests.FutsalDetail_ShowsGroupName_ForExistingEvent" computerName="DESKTOP-EO2KNBC" duration="00:00:00.0050982" startTime="2026-05-27T05:11:15.5645550-03:00" endTime="2026-05-27T05:11:15.5696996-03:00" testType="13cdc9d9-ddb5-4fa4-a97d-d965ccfc6d4b" outcome="Passed" testListId="8c84fa94-04c1-424b-9868-57a2d4851a1d" relativeResultsDirectory="48891515-2b14-47a6-818a-378030787e3b" />
    <UnitTestResult executionId="379970bc-bfa8-4f83-a5f5-fd4a5ad8ac4f" testId="c5db46b1-5b96-446d-7a91-937ae1e89b3f" testName="Confirmai.Tests.LogRetentionServiceTests.RunAsync_NeverPurges_FinancialLog_OlderThan90Days(eventType: &quot;payment.refunded&quot;)" computerName="DESKTOP-EO2KNBC" duration="00:00:00.0060558" startTime="2026-05-27T05:11:14.2119738-03:00" endTime="2026-05-27T05:11:14.2201831-03:00" testType="13cdc9d9-ddb5-4fa4-a97d-d965ccfc6d4b" outcome="Passed" testListId="8c84fa94-04c1-424b-9868-57a2d4851a1d" relativeResultsDirectory="379970bc-bfa8-4f83-a5f5-fd4a5ad8ac4f" />
    <UnitTestResult executionId="0386e644-0b6d-47d0-86c1-a570d5c4006e" testId="e3cf210e-685e-ac2b-d4d0-3f6cbd6853ab" testName="Confirmai.Tests.LocalStorageStateHelpersTests.GetHelpers_WhenJsThrows_PropagateExceptionToCaller" computerName="DESKTOP-EO2KNBC" duration="00:00:00.0022071" startTime="2026-05-27T05:11:15.4900226-03:00" endTime="2026-05-27T05:11:15.4922838-03:00" testType="13cdc9d9-ddb5-4fa4-a97d-d965ccfc6d4b" outcome="Passed" testListId="8c84fa94-04c1-424b-9868-57a2d4851a1d" relativeResultsDirectory="0386e644-0b6d-47d0-86c1-a570d5c4006e" />
    <UnitTestResult executionId="92a958c7-2ba6-4629-aa9a-fad024e73b80" testId="59cf4226-6800-3f1c-d2c0-5ea28102dd78" testName="Confirmai.Tests.AdminSettingsServiceTests.GetOperationFeePercentAsync_ReturnsDefault_WhenSettingDoesNotExist" computerName="DESKTOP-EO2KNBC" duration="00:00:00.0007362" startTime="2026-05-27T05:11:15.4876208-03:00" endTime="2026-05-27T05:11:15.4881925-03:00" testType="13cdc9d9-ddb5-4fa4-a97d-d965ccfc6d4b" outcome="Passed" testListId="8c84fa94-04c1-424b-9868-57a2d4851a1d" relativeResultsDirectory="92a958c7-2ba6-4629-aa9a-fad024e73b80" />
    <UnitTestResult executionId="ba38fd9e-08c0-47c6-ab19-dc539b636868" testId="6385dac2-1370-6b0a-dba6-7d6fa9d8c390" testName="Confirmai.Tests.WebhookEndpointIntegrationTests.WebhookEndpoint_ReturnsPayloadTooLarge_WhenBodyExceedsLimit_AndContentLengthIsUnknown" computerName="DESKTOP-EO2KNBC" duration="00:00:00.0250422" startTime="2026-05-27T05:11:13.9453116-03:00" endTime="2026-05-27T05:11:13.9934331-03:00" testType="13cdc9d9-ddb5-4fa4-a97d-d965ccfc6d4b" outcome="Passed" testListId="8c84fa94-04c1-424b-9868-57a2d4851a1d" relativeResultsDirectory="ba38fd9e-08c0-47c6-ab19-dc539b636868" />
    <UnitTestResult executionId="cae95a43-5735-4124-8d85-0cf3da6ef46b" testId="df10b9e0-d238-9e8a-ec06-89a6c3f9f23a" testName="Confirmai.Tests.IdentityPageModelsIntegrationTests.IdentityPages_RenderForAnonymousUser(route: &quot;/Identity/Account/ForgotPassword&quot;)" computerName="DESKTOP-EO2KNBC" duration="00:00:00.0685188" startTime="2026-05-27T05:11:13.9790362-03:00" endTime="2026-05-27T05:11:14.0476448-03:00" testType="13cdc9d9-ddb5-4fa4-a97d-d965ccfc6d4b" outcome="Passed" testListId="8c84fa94-04c1-424b-9868-57a2d4851a1d" relativeResultsDirectory="cae95a43-5735-4124-8d85-0cf3da6ef46b" />
    <UnitTestResult executionId="b4716066-e4bc-4d3c-8d4f-0e8a5ce2f538" testId="6d5209c0-f401-5c47-11cd-c16193b4ed43" testName="Confirmai.Tests.TestnetBitcoinPaymentServiceTests.CheckAndMarkPaymentAsync_WhenAlreadyPaid_ReturnsTrue" computerName="DESKTOP-EO2KNBC" duration="00:00:00.0016248" startTime="2026-05-27T05:11:14.9442247-03:00" endTime="2026-05-27T05:11:14.9450190-03:00" testType="13cdc9d9-ddb5-4fa4-a97d-d965ccfc6d4b" outcome="Passed" testListId="8c84fa94-04c1-424b-9868-57a2d4851a1d" relativeResultsDirectory="b4716066-e4bc-4d3c-8d4f-0e8a5ce2f538" />
    <UnitTestResult executionId="9f7cf73e-0cf1-4851-8b9e-c9e0b3963957" testId="6f5f1d3d-bb01-9b5b-7ea9-df6cdb8a2bec" testName="Confirmai.Tests.ProtectedPagesIntegrationTests.AuthenticatedRoutes_ShowNotAuthorized_WhenAnonymous(route: &quot;/payments/view/1&quot;)" computerName="DESKTOP-EO2KNBC" duration="00:00:00.0294744" startTime="2026-05-27T05:11:15.1571607-03:00" endTime="2026-05-27T05:11:15.1867132-03:00" testType="13cdc9d9-ddb5-4fa4-a97d-d965ccfc6d4b" outcome="Passed" testListId="8c84fa94-04c1-424b-9868-57a2d4851a1d" relativeResultsDirectory="9f7cf73e-0cf1-4851-8b9e-c9e0b3963957" />
    <UnitTestResult executionId="19be8b70-718a-43ca-8970-902855da6af5" testId="59e909b4-fde1-c92a-57f5-6efd391a2eec" testName="Confirmai.Tests.MatchScheduleTests.ScheduleNextEvents_ReturnsNearestUpcomingEvent_PerSchedule" computerName="DESKTOP-EO2KNBC" duration="00:00:00.0367874" startTime="2026-05-27T05:11:14.4805350-03:00" endTime="2026-05-27T05:11:14.5172023-03:00" testType="13cdc9d9-ddb5-4fa4-a97d-d965ccfc6d4b" outcome="Passed" testListId="8c84fa94-04c1-424b-9868-57a2d4851a1d" relativeResultsDirectory="19be8b70-718a-43ca-8970-902855da6af5" />
    <UnitTestResult executionId="8d0da914-dabc-4b2d-85db-8c86cf46dcb2" testId="e105625a-13d8-ce91-b906-7b40241cc3a3" testName="Confirmai.Tests.LogRetentionServiceTests.RunAsync_DoesNotPurge_NonFinancialLogNewerThan90Days" computerName="DESKTOP-EO2KNBC" duration="00:00:00.0081254" startTime="2026-05-27T05:11:14.1879036-03:00" endTime="2026-05-27T05:11:14.1954022-03:00" testType="13cdc9d9-ddb5-4fa4-a97d-d965ccfc6d4b" outcome="Passed" testListId="8c84fa94-04c1-424b-9868-57a2d4851a1d" relativeResultsDirectory="8d0da914-dabc-4b2d-85db-8c86cf46dcb2" />
    <UnitTestResult executionId="dae62680-983a-449a-848e-27e5553f6f5e" testId="e3ea3e6e-307c-9501-6c93-def03cbad6a4" testName="Confirmai.Tests.AdminUsersFilterStateServiceTests.LoadAsync_WithStoredValues_ParsesState" computerName="DESKTOP-EO2KNBC" duration="00:00:00.0009942" startTime="2026-05-27T05:11:15.2710615-03:00" endTime="2026-05-27T05:11:15.2719517-03:00" testType="13cdc9d9-ddb5-4fa4-a97d-d965ccfc6d4b" outcome="Passed" testListId="8c84fa94-04c1-424b-9868-57a2d4851a1d" relativeResultsDirectory="dae62680-983a-449a-848e-27e5553f6f5e" />
    <UnitTestResult executionId="e74c73fb-422b-4897-96cc-db9bc54e80ce" testId="d0e6c428-c1b4-3d4f-79b0-e0013deeee6e" testName="Confirmai.Tests.CryptoQuoteServiceTests.GetQuoteAsync_UsesNormalizedIdAndCache" computerName="DESKTOP-EO2KNBC" duration="00:00:00.0063911" startTime="2026-05-27T05:11:13.2957674-03:00" endTime="2026-05-27T05:11:13.3022259-03:00" testType="13cdc9d9-ddb5-4fa4-a97d-d965ccfc6d4b" outcome="Passed" testListId="8c84fa94-04c1-424b-9868-57a2d4851a1d" relativeResultsDirectory="e74c73fb-422b-4897-96cc-db9bc54e80ce" />
    <UnitTestResult executionId="aff7e1b3-e7c2-4098-8577-c19be94ef8e9" testId="5a572f34-0b0e-9713-a491-8eada2cb1fa9" testName="Confirmai.Tests.BtcPayWebhookServiceTests.HandleAsync_ReturnsBadRequest_WhenInvoiceIdIsBlank" computerName="DESKTOP-EO2KNBC" duration="00:00:00.0018670" startTime="2026-05-27T05:11:14.2769032-03:00" endTime="2026-05-27T05:11:14.2786806-03:00" testType="13cdc9d9-ddb5-4fa4-a97d-d965ccfc6d4b" outcome="Passed" testListId="8c84fa94-04c1-424b-9868-57a2d4851a1d" relativeResultsDirectory="aff7e1b3-e7c2-4098-8577-c19be94ef8e9" />
    <UnitTestResult executionId="2deacc05-31b5-475b-8cb1-5015e1a92146" testId="296dea52-d044-55c6-eaf8-1097289ee372" testName="Confirmai.Tests.WebhookEndpointIntegrationTests.WebhookEndpoint_ConfirmsPaymentAndCreatesOrder_WhenInvoiceSettled" computerName="DESKTOP-EO2KNBC" duration="00:00:00.0258259" startTime="2026-05-27T05:11:14.2195444-03:00" endTime="2026-05-27T05:11:14.2707589-03:00" testType="13cdc9d9-ddb5-4fa4-a97d-d965ccfc6d4b" outcome="Passed" testListId="8c84fa94-04c1-424b-9868-57a2d4851a1d" relativeResultsDirectory="2deacc05-31b5-475b-8cb1-5015e1a92146" />
    <UnitTestResult executionId="07dc6c40-d016-448a-9ae6-98031c9eaca6" testId="b5a96c53-0679-d520-b78f-74ed38c39600" testName="Confirmai.Tests.BtcPayWebhookServiceTests.HandleAsync_ReturnsBadRequest_WhenRequiredFieldsAreMissing" computerName="DESKTOP-EO2KNBC" duration="00:00:00.0066565" startTime="2026-05-27T05:11:14.2489511-03:00" endTime="2026-05-27T05:11:14.2555492-03:00" testType="13cdc9d9-ddb5-4fa4-a97d-d965ccfc6d4b" outcome="Passed" testListId="8c84fa94-04c1-424b-9868-57a2d4851a1d" relativeResultsDirectory="07dc6c40-d016-448a-9ae6-98031c9eaca6" />
    <UnitTestResult executionId="d58359a5-8146-438a-9aa7-ed4f6f60ae06" testId="40b27d24-5018-d2a7-c03b-4a2aab3f45c8" testName="Confirmai.Tests.ProtectedPagesIntegrationTests.AdminRoutes_ShowNotAuthorized_ForNonAdminUser(route: &quot;/admin/languages&quot;)" computerName="DESKTOP-EO2KNBC" duration="00:00:00.0944352" startTime="2026-05-27T05:11:14.5706721-03:00" endTime="2026-05-27T05:11:14.6819359-03:00" testType="13cdc9d9-ddb5-4fa4-a97d-d965ccfc6d4b" outcome="Passed" testListId="8c84fa94-04c1-424b-9868-57a2d4851a1d" relativeResultsDirectory="d58359a5-8146-438a-9aa7-ed4f6f60ae06" />
    <UnitTestResult executionId="1dc2f9c6-5329-44c9-9075-73a09953da9a" testId="26b6bfdc-f43c-08de-a3ea-411a549edfdc" testName="Confirmai.Tests.AppDbContextFactoryTests.CreateDbContext_Throws_WhenConfigurationIsMissingOrPlaceholder" computerName="DESKTOP-EO2KNBC" duration="00:00:00.0233187" startTime="2026-05-27T05:11:12.6899313-03:00" endTime="2026-05-27T05:11:12.7184227-03:00" testType="13cdc9d9-ddb5-4fa4-a97d-d965ccfc6d4b" outcome="Passed" testListId="8c84fa94-04c1-424b-9868-57a2d4851a1d" relativeResultsDirectory="1dc2f9c6-5329-44c9-9075-73a09953da9a" />
    <UnitTestResult executionId="a13cf0e5-d983-4a32-ac5f-a0478b558bfa" testId="762b3890-f6ee-38fa-ed7a-c1c476f557da" testName="Confirmai.Tests.AuthNavigationHelperTests.BuildLoginUrl_DefaultsToRoot_WhenEmpty" computerName="DESKTOP-EO2KNBC" duration="00:00:00.0007184" startTime="2026-05-27T05:11:12.7397480-03:00" endTime="2026-05-27T05:11:12.7405013-03:00" testType="13cdc9d9-ddb5-4fa4-a97d-d965ccfc6d4b" outcome="Passed" testListId="8c84fa94-04c1-424b-9868-57a2d4851a1d" relativeResultsDirectory="a13cf0e5-d983-4a32-ac5f-a0478b558bfa" />
    <UnitTestResult executionId="8add2ad4-b7f0-4abc-8803-4664ab3156dc" testId="58a5087e-c0b5-ee09-4a4c-00310b474634" testName="Confirmai.Tests.BtcPayServerPaymentServiceTests.GenerateAddressWithKeyAsync_ThrowsNotImplemented" computerName="DESKTOP-EO2KNBC" duration="00:00:00.0007166" startTime="2026-05-27T05:11:15.1149914-03:00" endTime="2026-05-27T05:11:15.1157032-03:00" testType="13cdc9d9-ddb5-4fa4-a97d-d965ccfc6d4b" outcome="Passed" testListId="8c84fa94-04c1-424b-9868-57a2d4851a1d" relativeResultsDirectory="8add2ad4-b7f0-4abc-8803-4664ab3156dc" />
    <UnitTestResult executionId="a4fc5d02-6e70-487c-9578-3a5fe5e7b3f3" testId="519ab241-6ba6-85f3-e56c-9b694023d3a9" testName="Confirmai.Tests.AuditLoggingHooksTests.LogService_AuditAsync_PersistsExceptionDetails_WhenProvided" computerName="DESKTOP-EO2KNBC" duration="00:00:00.0010877" startTime="2026-05-27T05:11:13.4641192-03:00" endTime="2026-05-27T05:11:13.4641647-03:00" testType="13cdc9d9-ddb5-4fa4-a97d-d965ccfc6d4b" outcome="Passed" testListId="8c84fa94-04c1-424b-9868-57a2d4851a1d" relativeResultsDirectory="a4fc5d02-6e70-487c-9578-3a5fe5e7b3f3" />
    <UnitTestResult executionId="ce0363ea-f9d2-4b29-ad6a-13049339201c" testId="6a36ea27-d543-a743-f07d-64211ecd31f1" testName="Confirmai.Tests.FutsalIntegrationTests.FutsalEdit_ShowsNotFound_ForNonExistentEvent_WhenAuthenticated" computerName="DESKTOP-EO2KNBC" duration="00:00:00.0615567" startTime="2026-05-27T05:11:15.2527030-03:00" endTime="2026-05-27T05:11:15.3147119-03:00" testType="13cdc9d9-ddb5-4fa4-a97d-d965ccfc6d4b" outcome="Passed" testListId="8c84fa94-04c1-424b-9868-57a2d4851a1d" relativeResultsDirectory="ce0363ea-f9d2-4b29-ad6a-13049339201c" />
    <UnitTestResult executionId="0d2f894e-6f98-4b47-a604-c856841b3e8c" testId="afd72e2f-10d7-f13d-7d37-2a37c67c5a02" testName="Confirmai.Tests.AdminUsersFilterStateServiceTests.SaveAsync_WhenJsInteropThrows_DoesNotPropagateException" computerName="DESKTOP-EO2KNBC" duration="00:00:00.0011081" startTime="2026-05-27T05:11:15.2697966-03:00" endTime="2026-05-27T05:11:15.2709140-03:00" testType="13cdc9d9-ddb5-4fa4-a97d-d965ccfc6d4b" outcome="Passed" testListId="8c84fa94-04c1-424b-9868-57a2d4851a1d" relativeResultsDirectory="0d2f894e-6f98-4b47-a604-c856841b3e8c" />
    <UnitTestResult executionId="16e7aee8-99b6-4ed2-813a-e38b448d9094" testId="8b1ff673-403b-4e12-f46d-fd880017659a" testName="Confirmai.Tests.AdminLogFilteringIntegrationTests.Apply_WithUserIdSubstring_ReturnsOnlyUserRelatedRows" computerName="DESKTOP-EO2KNBC" duration="00:00:00.0206066" startTime="2026-05-27T05:11:14.1609497-03:00" endTime="2026-05-27T05:11:14.1814842-03:00" testType="13cdc9d9-ddb5-4fa4-a97d-d965ccfc6d4b" outcome="Passed" testListId="8c84fa94-04c1-424b-9868-57a2d4851a1d" relativeResultsDirectory="16e7aee8-99b6-4ed2-813a-e38b448d9094" />
    <UnitTestResult executionId="0733011c-7610-4b69-8a76-5d07520ade8a" testId="1823bed7-a35f-6eec-6919-ddd31c7bbc26" testName="Confirmai.Tests.FutsalIntegrationTests.FutsalCreate_RedirectsToLogin_ForAnonymousUser" computerName="DESKTOP-EO2KNBC" duration="00:00:00.0193399" startTime="2026-05-27T05:11:15.2297652-03:00" endTime="2026-05-27T05:11:15.2525455-03:00" testType="13cdc9d9-ddb5-4fa4-a97d-d965ccfc6d4b" outcome="Passed" testListId="8c84fa94-04c1-424b-9868-57a2d4851a1d" relativeResultsDirectory="0733011c-7610-4b69-8a76-5d07520ade8a" />
    <UnitTestResult executionId="2d511ce3-10ea-44a9-9fa9-d965294e8fd3" testId="bfec2b69-ecca-a547-4235-765c2abf3124" testName="Confirmai.Tests.EventNotificationServiceTests.NotifyEventUpdatedAsync_SkipsNotification_WhenDateChangeIsUnderOneMinute" computerName="DESKTOP-EO2KNBC" duration="00:00:00.0111689" startTime="2026-05-27T05:11:15.4184589-03:00" endTime="2026-05-27T05:11:15.4342841-03:00" testType="13cdc9d9-ddb5-4fa4-a97d-d965ccfc6d4b" outcome="Passed" testListId="8c84fa94-04c1-424b-9868-57a2d4851a1d" relativeResultsDirectory="2d511ce3-10ea-44a9-9fa9-d965294e8fd3" />
    <UnitTestResult executionId="865a8284-cb54-4bc0-8e99-f4c753998835" testId="caf7f350-ac89-5197-9087-887906785af0" testName="Confirmai.Tests.ModelValidationTests.UserMailboxMessage_Invalid_WhenBodyIsEmpty" computerName="DESKTOP-EO2KNBC" duration="00:00:00.0000804" startTime="2026-05-27T05:11:13.8164446-03:00" endTime="2026-05-27T05:11:13.8164832-03:00" testType="13cdc9d9-ddb5-4fa4-a97d-d965ccfc6d4b" outcome="Passed" testListId="8c84fa94-04c1-424b-9868-57a2d4851a1d" relativeResultsDirectory="865a8284-cb54-4bc0-8e99-f4c753998835" />
    <UnitTestResult executionId="46578437-bd49-486a-95eb-7056a718c3ac" testId="88b45f77-7a7e-b9fa-ddef-c367219798e2" testName="Confirmai.Tests.AuthenticationIntegrationTests.Lockout_UsesRuntimeConfiguredMaxAttempts" computerName="DESKTOP-EO2KNBC" duration="00:00:00.4572092" startTime="2026-05-27T05:11:14.3040014-03:00" endTime="2026-05-27T05:11:14.7846921-03:00" testType="13cdc9d9-ddb5-4fa4-a97d-d965ccfc6d4b" outcome="Passed" testListId="8c84fa94-04c1-424b-9868-57a2d4851a1d" relativeResultsDirectory="46578437-bd49-486a-95eb-7056a718c3ac" />
    <UnitTestResult executionId="7d962016-4982-4a20-acec-4cebd5757ebc" testId="c330eadf-5286-3a40-f8b7-412bf8aea1cc" testName="Confirmai.Tests.BtcUsdFormatterTests.FormatMarkup_ShowsEstimateClass_WhenUsdRateExists" computerName="DESKTOP-EO2KNBC" duration="00:00:00.0001000" startTime="2026-05-27T05:11:14.2369402-03:00" endTime="2026-05-27T05:11:14.2370315-03:00" testType="13cdc9d9-ddb5-4fa4-a97d-d965ccfc6d4b" outcome="Passed" testListId="8c84fa94-04c1-424b-9868-57a2d4851a1d" relativeResultsDirectory="7d962016-4982-4a20-acec-4cebd5757ebc" />
    <UnitTestResult executionId="bf3b0c6d-2da7-4a43-bcac-acb65d18680d" testId="fd99ad15-650e-24d6-16b7-946e17d424b1" testName="Confirmai.Tests.IdentityEmailSenderTests.SendEmailAsync_FallsBack_WhenSmtpConfigurationIsIncomplete" computerName="DESKTOP-EO2KNBC" duration="00:00:00.0243274" startTime="2026-05-27T05:11:14.8332450-03:00" endTime="2026-05-27T05:11:14.8619390-03:00" testType="13cdc9d9-ddb5-4fa4-a97d-d965ccfc6d4b" outcome="Passed" testListId="8c84fa94-04c1-424b-9868-57a2d4851a1d" relativeResultsDirectory="bf3b0c6d-2da7-4a43-bcac-acb65d18680d" />
    <UnitTestResult executionId="7db71b09-c550-4704-885c-4265d5fa019b" testId="fa53db41-ee58-e841-4a75-d9817f9d3f8a" testName="Confirmai.Tests.PiiSanitizerTests.LogService_AuditAsync_MetadataWithoutEmail_IsUnchanged" computerName="DESKTOP-EO2KNBC" duration="00:00:00.0152854" startTime="2026-05-27T05:11:13.3399049-03:00" endTime="2026-05-27T05:11:13.3562388-03:00" testType="13cdc9d9-ddb5-4fa4-a97d-d965ccfc6d4b" outcome="Passed" testListId="8c84fa94-04c1-424b-9868-57a2d4851a1d" relativeResultsDirectory="7db71b09-c550-4704-885c-4265d5fa019b" />
    <UnitTestResult executionId="6178fefa-4141-4af7-95a4-42aee081d469" testId="ab490450-6a94-169c-8d3e-83dfdd57d47d" testName="Confirmai.Tests.ProtectedPagesIntegrationTests.AdminRoutes_ShowNotAuthorized_ForNonAdminUser(route: &quot;/admin/payments&quot;)" computerName="DESKTOP-EO2KNBC" duration="00:00:00.0740334" startTime="2026-05-27T05:11:14.6820748-03:00" endTime="2026-05-27T05:11:14.7612775-03:00" testType="13cdc9d9-ddb5-4fa4-a97d-d965ccfc6d4b" outcome="Passed" testListId="8c84fa94-04c1-424b-9868-57a2d4851a1d" relativeResultsDirectory="6178fefa-4141-4af7-95a4-42aee081d469" />
    <UnitTestResult executionId="0f4307bf-a193-4b84-8818-99af1df5949c" testId="4432b589-90c9-5fda-9750-436dd35d2fa8" testName="Confirmai.Tests.EventCollisionServiceTests.HasGroupTimeCollisionAsync_ReturnsTrue_WhenSameGroupAndTimeExists" computerName="DESKTOP-EO2KNBC" duration="00:00:00.0030501" startTime="2026-05-27T05:11:13.4915035-03:00" endTime="2026-05-27T05:11:13.4941250-03:00" testType="13cdc9d9-ddb5-4fa4-a97d-d965ccfc6d4b" outcome="Passed" testListId="8c84fa94-04c1-424b-9868-57a2d4851a1d" relativeResultsDirectory="0f4307bf-a193-4b84-8818-99af1df5949c" />
    <UnitTestResult executionId="6a3a9fde-a730-4ffa-9e51-c1aacdedc320" testId="1967892d-8eb4-dc03-4fcd-2e80edda9480" testName="Confirmai.Tests.ModelValidationTests.UserMailboxMessage_Invalid_WhenSubjectExceeds180Chars" computerName="DESKTOP-EO2KNBC" duration="00:00:00.0001226" startTime="2026-05-27T05:11:13.8165792-03:00" endTime="2026-05-27T05:11:13.8166182-03:00" testType="13cdc9d9-ddb5-4fa4-a97d-d965ccfc6d4b" outcome="Passed" testListId="8c84fa94-04c1-424b-9868-57a2d4851a1d" relativeResultsDirectory="6a3a9fde-a730-4ffa-9e51-c1aacdedc320" />
    <UnitTestResult executionId="b545783a-78a0-4a4b-a435-09f225b023fb" testId="a5276a46-48cb-68ac-dd68-6079af03bedc" testName="Confirmai.Tests.LogRetentionServiceTests.RunAsync_DoesNotAnonymizeIpAddress_ForLogsNewerThan30Days" computerName="DESKTOP-EO2KNBC" duration="00:00:00.0023859" startTime="2026-05-27T05:11:14.1985206-03:00" endTime="2026-05-27T05:11:14.2008215-03:00" testType="13cdc9d9-ddb5-4fa4-a97d-d965ccfc6d4b" outcome="Passed" testListId="8c84fa94-04c1-424b-9868-57a2d4851a1d" relativeResultsDirectory="b545783a-78a0-4a4b-a435-09f225b023fb" />
    <UnitTestResult executionId="21dd48a9-255c-48a0-94b9-4df0b72c4e79" testId="03108361-bc3e-838f-502c-ce356ae134bb" testName="Confirmai.Tests.FutsalEscalacaoIntegrationTests.EscalacaoPage_Returns200_ForValidEvent" computerName="DESKTOP-EO2KNBC" duration="00:00:00.0058978" startTime="2026-05-27T05:11:15.5015830-03:00" endTime="2026-05-27T05:11:15.5069999-03:00" testType="13cdc9d9-ddb5-4fa4-a97d-d965ccfc6d4b" outcome="Passed" testListId="8c84fa94-04c1-424b-9868-57a2d4851a1d" relativeResultsDirectory="21dd48a9-255c-48a0-94b9-4df0b72c4e79" />
    <UnitTestResult executionId="de075c7c-77e0-4f7c-a613-db17b2b8046a" testId="81c1a30a-c6db-d8c2-439a-64d525cb54f3" testName="Confirmai.Tests.DebounceDispatcherTests.DebounceAsync_WhenDisposed_CancelsPendingAction" computerName="DESKTOP-EO2KNBC" duration="00:00:00.0207337" startTime="2026-05-27T05:11:15.2486489-03:00" endTime="2026-05-27T05:11:15.2693162-03:00" testType="13cdc9d9-ddb5-4fa4-a97d-d965ccfc6d4b" outcome="Passed" testListId="8c84fa94-04c1-424b-9868-57a2d4851a1d" relativeResultsDirectory="de075c7c-77e0-4f7c-a613-db17b2b8046a" />
    <UnitTestResult executionId="9d7848c7-2f7f-491e-84a9-c1cfcf0de4e9" testId="9e7594f5-c215-9707-760e-f067d27b6962" testName="Confirmai.Tests.ModelValidationTests.Venue_Invalid_WhenCityIsEmpty" computerName="DESKTOP-EO2KNBC" duration="00:00:00.0000726" startTime="2026-05-27T05:11:13.8120176-03:00" endTime="2026-05-27T05:11:13.8120576-03:00" testType="13cdc9d9-ddb5-4fa4-a97d-d965ccfc6d4b" outcome="Passed" testListId="8c84fa94-04c1-424b-9868-57a2d4851a1d" relativeResultsDirectory="9d7848c7-2f7f-491e-84a9-c1cfcf0de4e9" />
    <UnitTestResult executionId="65681d9b-35b3-46eb-9c87-f5f6f879f943" testId="4c1d51fe-efbf-4c4c-4b1d-d28fe7fb5ba0" testName="Confirmai.Tests.ProductServiceTests.GetByUserIdAsync_ExcludesArchived" computerName="DESKTOP-EO2KNBC" duration="00:00:00.0084140" startTime="2026-05-27T05:11:15.0197085-03:00" endTime="2026-05-27T05:11:15.0280843-03:00" testType="13cdc9d9-ddb5-4fa4-a97d-d965ccfc6d4b" outcome="Passed" testListId="8c84fa94-04c1-424b-9868-57a2d4851a1d" relativeResultsDirectory="65681d9b-35b3-46eb-9c87-f5f6f879f943" />
    <UnitTestResult executionId="80d4495f-2156-4f16-91bb-99e8162adb76" testId="85fdfc6a-b133-aa4c-5078-a25401d10082" testName="Confirmai.Tests.AuditLoggingHooksTests.ProductService_AddAsync_WritesProductCreatedAudit" computerName="DESKTOP-EO2KNBC" duration="00:00:00.0014181" startTime="2026-05-27T05:11:13.4670364-03:00" endTime="2026-05-27T05:11:13.4678462-03:00" testType="13cdc9d9-ddb5-4fa4-a97d-d965ccfc6d4b" outcome="Passed" testListId="8c84fa94-04c1-424b-9868-57a2d4851a1d" relativeResultsDirectory="80d4495f-2156-4f16-91bb-99e8162adb76" />
    <UnitTestResult executionId="5ca94d42-debc-494b-9ae5-4416ae944c02" testId="5423e0e5-bef8-c192-e314-eeac42e9c9c7" testName="Confirmai.Tests.LogServiceTests.AuditAsync_PersistsStructuredAuditFields" computerName="DESKTOP-EO2KNBC" duration="00:00:00.0019813" startTime="2026-05-27T05:11:15.3182439-03:00" endTime="2026-05-27T05:11:15.3201591-03:00" testType="13cdc9d9-ddb5-4fa4-a97d-d965ccfc6d4b" outcome="Passed" testListId="8c84fa94-04c1-424b-9868-57a2d4851a1d" relativeResultsDirectory="5ca94d42-debc-494b-9ae5-4416ae944c02" />
    <UnitTestResult executionId="65874e35-0086-4bef-9be5-b578773224f6" testId="e1f00014-d0d8-23c1-9e28-115632c1c98a" testName="Confirmai.Tests.LogRetentionServiceTests.RunAsync_AnonymizesIpAddress_ForLogsOlderThan30Days" computerName="DESKTOP-EO2KNBC" duration="00:00:00.2213789" startTime="2026-05-27T05:11:13.9658191-03:00" endTime="2026-05-27T05:11:14.1872064-03:00" testType="13cdc9d9-ddb5-4fa4-a97d-d965ccfc6d4b" outcome="Passed" testListId="8c84fa94-04c1-424b-9868-57a2d4851a1d" relativeResultsDirectory="65874e35-0086-4bef-9be5-b578773224f6" />
    <UnitTestResult executionId="1e19637a-2029-48ea-934d-28aef7012761" testId="3aad9d2b-78a2-1db9-dd5c-6b83ee55bf5d" testName="Confirmai.Tests.AdminLogsExportServiceTests.BuildExportFileName_WhenTruncated_AppendsTruncatedSuffix" computerName="DESKTOP-EO2KNBC" duration="00:00:00.0001037" startTime="2026-05-27T05:11:15.1348447-03:00" endTime="2026-05-27T05:11:15.1348847-03:00" testType="13cdc9d9-ddb5-4fa4-a97d-d965ccfc6d4b" outcome="Passed" testListId="8c84fa94-04c1-424b-9868-57a2d4851a1d" relativeResultsDirectory="1e19637a-2029-48ea-934d-28aef7012761" />
    <UnitTestResult executionId="66669687-6657-4d27-b785-441743ef083b" testId="17db86c5-8d68-aa46-d815-d46c605a8e21" testName="Confirmai.Tests.FutsalEscalacaoIntegrationTests.EscalacaoPage_Returns200_AndShowsNotFound_WhenEventDoesNotExist" computerName="DESKTOP-EO2KNBC" duration="00:00:00.0313885" startTime="2026-05-27T05:11:15.4694454-03:00" endTime="2026-05-27T05:11:15.5008712-03:00" testType="13cdc9d9-ddb5-4fa4-a97d-d965ccfc6d4b" outcome="Passed" testListId="8c84fa94-04c1-424b-9868-57a2d4851a1d" relativeResultsDirectory="66669687-6657-4d27-b785-441743ef083b" />
    <UnitTestResult executionId="807e0ca1-fa9e-491c-be3a-2603a6030edd" testId="836a40d7-c4f8-b057-ca0f-4244a60aee15" testName="Confirmai.Tests.ProductServiceTests.AccentColor_IsNormalizedOnAdd(input: &quot;ff00aa&quot;, expected: &quot;#FF00AA&quot;)" computerName="DESKTOP-EO2KNBC" duration="00:00:00.0003086" startTime="2026-05-27T05:11:14.9726175-03:00" endTime="2026-05-27T05:11:14.9728656-03:00" testType="13cdc9d9-ddb5-4fa4-a97d-d965ccfc6d4b" outcome="Passed" testListId="8c84fa94-04c1-424b-9868-57a2d4851a1d" relativeResultsDirectory="807e0ca1-fa9e-491c-be3a-2603a6030edd" />
    <UnitTestResult executionId="10a6426d-939b-4900-a63f-8adcfbdeaee1" testId="62d46368-6ef8-e7a2-171c-42fbc31d2550" testName="Confirmai.Tests.RecentFeaturesIntegrationTests.SetLanguageRoute_UsesDefaultLanguage_WhenLanguageIsInvalid" computerName="DESKTOP-EO2KNBC" duration="00:00:00.2535060" startTime="2026-05-27T05:11:13.4695104-03:00" endTime="2026-05-27T05:11:13.7510752-03:00" testType="13cdc9d9-ddb5-4fa4-a97d-d965ccfc6d4b" outcome="Passed" testListId="8c84fa94-04c1-424b-9868-57a2d4851a1d" relativeResultsDirectory="10a6426d-939b-4900-a63f-8adcfbdeaee1" />
    <UnitTestResult executionId="30bb4032-6036-4877-b5e4-8ed2a4f1df14" testId="fbdc7e06-3734-1024-92cc-dc864fee9114" testName="Confirmai.Tests.BtcPayServerPaymentServiceTests.GenerateAddressAsync_ReturnsCheckoutLinkAndInvoiceId" computerName="DESKTOP-EO2KNBC" duration="00:00:00.0035342" startTime="2026-05-27T05:11:15.1112869-03:00" endTime="2026-05-27T05:11:15.1148366-03:00" testType="13cdc9d9-ddb5-4fa4-a97d-d965ccfc6d4b" outcome="Passed" testListId="8c84fa94-04c1-424b-9868-57a2d4851a1d" relativeResultsDirectory="30bb4032-6036-4877-b5e4-8ed2a4f1df14" />
    <UnitTestResult executionId="30567948-976b-440d-89ce-51fce173f351" testId="005f1058-5dba-5023-0078-f6229550fd13" testName="Confirmai.Tests.ProductServiceTests.UpdateAsync_DoesNothing_WhenProductNotFound" computerName="DESKTOP-EO2KNBC" duration="00:00:00.0008894" startTime="2026-05-27T05:11:14.9982208-03:00" endTime="2026-05-27T05:11:14.9990484-03:00" testType="13cdc9d9-ddb5-4fa4-a97d-d965ccfc6d4b" outcome="Passed" testListId="8c84fa94-04c1-424b-9868-57a2d4851a1d" relativeResultsDirectory="30567948-976b-440d-89ce-51fce173f351" />
    <UnitTestResult executionId="da948aad-da5a-4d68-ae42-9c9014522a48" testId="fe486eee-63ed-2732-3f74-94d71743e485" testName="Confirmai.Tests.FullFlowRecentFeaturesIntegrationTests.LanguageFlow_QueryHintWithoutCookie_RendersSpanishOnPayments" computerName="DESKTOP-EO2KNBC" duration="00:00:00.0672558" startTime="2026-05-27T05:11:14.7177041-03:00" endTime="2026-05-27T05:11:14.8068015-03:00" testType="13cdc9d9-ddb5-4fa4-a97d-d965ccfc6d4b" outcome="Passed" testListId="8c84fa94-04c1-424b-9868-57a2d4851a1d" relativeResultsDirectory="da948aad-da5a-4d68-ae42-9c9014522a48" />
    <UnitTestResult executionId="42fd1d0f-bed2-4170-8c7d-9517dbc29283" testId="aa84537a-0b4f-bdcc-8874-737463541aa8" testName="Confirmai.Tests.UiTextServiceTests.Get_ReturnsPortugueseText_ByDefault" computerName="DESKTOP-EO2KNBC" duration="00:00:00.0007377" startTime="2026-05-27T05:11:14.3083195-03:00" endTime="2026-05-27T05:11:14.3084198-03:00" testType="13cdc9d9-ddb5-4fa4-a97d-d965ccfc6d4b" outcome="Passed" testListId="8c84fa94-04c1-424b-9868-57a2d4851a1d" relativeResultsDirectory="42fd1d0f-bed2-4170-8c7d-9517dbc29283" />
    <UnitTestResult executionId="51516c08-9979-42b8-be9f-7cba6cc4b22c" testId="570b1a39-382a-3448-85f4-23163b3a594c" testName="Confirmai.Tests.BtcPayWebhookServiceTests.HandleAsync_ReturnsBadRequest_WhenInvoiceIdHasInvalidType" computerName="DESKTOP-EO2KNBC" duration="00:00:00.0018135" startTime="2026-05-27T05:11:14.3020930-03:00" endTime="2026-05-27T05:11:14.3038014-03:00" testType="13cdc9d9-ddb5-4fa4-a97d-d965ccfc6d4b" outcome="Passed" testListId="8c84fa94-04c1-424b-9868-57a2d4851a1d" relativeResultsDirectory="51516c08-9979-42b8-be9f-7cba6cc4b22c" />
    <UnitTestResult executionId="52b68f83-c867-4184-8c02-e770122e17a2" testId="961ca9c7-e5c9-c2d5-4a61-c5f96bf627de" testName="Confirmai.Tests.ProtectedPagesIntegrationTests.PublicRoutes_AreAccessible_WhenAnonymous(route: &quot;/about&quot;)" computerName="DESKTOP-EO2KNBC" duration="00:00:00.0035188" startTime="2026-05-27T05:11:15.1472044-03:00" endTime="2026-05-27T05:11:15.1508052-03:00" testType="13cdc9d9-ddb5-4fa4-a97d-d965ccfc6d4b" outcome="Passed" testListId="8c84fa94-04c1-424b-9868-57a2d4851a1d" relativeResultsDirectory="52b68f83-c867-4184-8c02-e770122e17a2" />
    <UnitTestResult executionId="44930c6e-5787-4d94-9312-b9d6c421ea1f" testId="5291fa06-087f-cbec-f0d9-6e452022fe2e" testName="Confirmai.Tests.PiiSanitizerTests.MaskEmail_ReturnsUnchanged_WhenInputIsNotEmail(input: &quot;notanemail&quot;)" computerName="DESKTOP-EO2KNBC" duration="00:00:00.0000733" startTime="2026-05-27T05:11:13.3384547-03:00" endTime="2026-05-27T05:11:13.3384945-03:00" testType="13cdc9d9-ddb5-4fa4-a97d-d965ccfc6d4b" outcome="Passed" testListId="8c84fa94-04c1-424b-9868-57a2d4851a1d" relativeResultsDirectory="44930c6e-5787-4d94-9312-b9d6c421ea1f" />
    <UnitTestResult executionId="2dba3b2b-e587-45f6-ba8f-0b412c21f619" testId="2c18676d-e467-5431-2914-1710b9f342c5" testName="Confirmai.Tests.AdminAuthorizationConventionsTests.AdminRazorPages_MustDeclareAdminRoleAuthorization" computerName="DESKTOP-EO2KNBC" duration="00:00:00.0064401" startTime="2026-05-27T05:11:15.1263663-03:00" endTime="2026-05-27T05:11:15.1342813-03:00" testType="13cdc9d9-ddb5-4fa4-a97d-d965ccfc6d4b" outcome="Passed" testListId="8c84fa94-04c1-424b-9868-57a2d4851a1d" relativeResultsDirectory="2dba3b2b-e587-45f6-ba8f-0b412c21f619" />
    <UnitTestResult executionId="e9fb8a53-084a-4955-9f29-1bb5f0b24a86" testId="2b1711a1-059d-2837-6c6b-446bd2872b99" testName="Confirmai.Tests.AdminLogsFilterStateServiceTests.LoadAsync_WhenJsInteropThrows_ReturnsDefaultState" computerName="DESKTOP-EO2KNBC" duration="00:00:00.0004633" startTime="2026-05-27T05:11:14.2657283-03:00" endTime="2026-05-27T05:11:14.2661394-03:00" testType="13cdc9d9-ddb5-4fa4-a97d-d965ccfc6d4b" outcome="Passed" testListId="8c84fa94-04c1-424b-9868-57a2d4851a1d" relativeResultsDirectory="e9fb8a53-084a-4955-9f29-1bb5f0b24a86" />
    <UnitTestResult executionId="0af6af64-8de7-44a6-a91c-79042af04cce" testId="f6f3d98f-eb1a-f3f2-89e9-60023cc871a5" testName="Confirmai.Tests.ProductServiceTests.AccentColor_IsNormalizedOnAdd(input: &quot;zzzzzz&quot;, expected: null)" computerName="DESKTOP-EO2KNBC" duration="00:00:00.0006635" startTime="2026-05-27T05:11:14.9712620-03:00" endTime="2026-05-27T05:11:14.9718134-03:00" testType="13cdc9d9-ddb5-4fa4-a97d-d965ccfc6d4b" outcome="Passed" testListId="8c84fa94-04c1-424b-9868-57a2d4851a1d" relativeResultsDirectory="0af6af64-8de7-44a6-a91c-79042af04cce" />
    <UnitTestResult executionId="b7e7dbef-a863-4138-b625-c3c0f097bf09" testId="a5be3dc5-05a8-1fbe-ae87-9d1dac7c092e" testName="Confirmai.Tests.ConfigurationDefaultsTests.SecurityPolicyDefaults_Create_ReturnsProductionDefaults_WhenIsDevelopmentIsFalse" computerName="DESKTOP-EO2KNBC" duration="00:00:00.0002200" startTime="2026-05-27T05:11:14.2328766-03:00" endTime="2026-05-27T05:11:14.2331361-03:00" testType="13cdc9d9-ddb5-4fa4-a97d-d965ccfc6d4b" outcome="Passed" testListId="8c84fa94-04c1-424b-9868-57a2d4851a1d" relativeResultsDirectory="b7e7dbef-a863-4138-b625-c3c0f097bf09" />
    <UnitTestResult executionId="1e941f20-ddaf-410c-ab9c-5a084e4592f3" testId="381416b1-2c0d-ae8e-49b9-0f56ddc94a7c" testName="Confirmai.Tests.PiiSanitizerTests.LogService_AuditAsync_MasksEmailInMetadataJson" computerName="DESKTOP-EO2KNBC" duration="00:00:00.0017856" startTime="2026-05-27T05:11:13.3566979-03:00" endTime="2026-05-27T05:11:13.3598759-03:00" testType="13cdc9d9-ddb5-4fa4-a97d-d965ccfc6d4b" outcome="Passed" testListId="8c84fa94-04c1-424b-9868-57a2d4851a1d" relativeResultsDirectory="1e941f20-ddaf-410c-ab9c-5a084e4592f3" />
    <UnitTestResult executionId="6adfcfe0-0e21-4b98-98da-6fb85b6ec40c" testId="5b004738-dac1-748f-aac5-7c9105b7b9f1" testName="Confirmai.Tests.AdminLogFilteringIntegrationTests.Apply_WithGlobalTerm_MatchesUserSourceOrMessage" computerName="DESKTOP-EO2KNBC" duration="00:00:00.0076793" startTime="2026-05-27T05:11:14.1880993-03:00" endTime="2026-05-27T05:11:14.1956372-03:00" testType="13cdc9d9-ddb5-4fa4-a97d-d965ccfc6d4b" outcome="Passed" testListId="8c84fa94-04c1-424b-9868-57a2d4851a1d" relativeResultsDirectory="6adfcfe0-0e21-4b98-98da-6fb85b6ec40c" />
    <UnitTestResult executionId="981c7128-fee5-4f4e-b85a-19d52393b591" testId="67cc66b7-db34-8ea3-b903-23fbd1168252" testName="Confirmai.Tests.ModelValidationTests.EventConfirmation_Valid_WhenTeamIdIsNull" computerName="DESKTOP-EO2KNBC" duration="00:00:00.0001745" startTime="2026-05-27T05:11:13.8112253-03:00" endTime="2026-05-27T05:11:13.8112933-03:00" testType="13cdc9d9-ddb5-4fa4-a97d-d965ccfc6d4b" outcome="Passed" testListId="8c84fa94-04c1-424b-9868-57a2d4851a1d" relativeResultsDirectory="981c7128-fee5-4f4e-b85a-19d52393b591" />
    <UnitTestResult executionId="12a8933f-d492-4c27-9b87-8e1406eb5b72" testId="187ea1a0-327b-b65e-68dd-b5203967ff2a" testName="Confirmai.Tests.RachaSchedulerServiceTests.GetOccurrences_FirstDateIsNextOccurrence_WhenFromDoesNotMatchDayOfWeek" computerName="DESKTOP-EO2KNBC" duration="00:00:00.0011134" startTime="2026-05-27T05:11:13.6098026-03:00" endTime="2026-05-27T05:11:13.6109578-03:00" testType="13cdc9d9-ddb5-4fa4-a97d-d965ccfc6d4b" outcome="Passed" testListId="8c84fa94-04c1-424b-9868-57a2d4851a1d" relativeResultsDirectory="12a8933f-d492-4c27-9b87-8e1406eb5b72" />
    <UnitTestResult executionId="b0dfe6e0-5aff-483f-b4a5-817be8bc4e25" testId="df7903c3-c0a6-07c8-f506-8032191c5e9d" testName="Confirmai.Tests.EventNotificationServiceTests.NotifyEventCancelledAsync_DoesNothing_WhenNoParticipantsOtherThanOrganizer" computerName="DESKTOP-EO2KNBC" duration="00:00:00.0036455" startTime="2026-05-27T05:11:15.4553915-03:00" endTime="2026-05-27T05:11:15.4585061-03:00" testType="13cdc9d9-ddb5-4fa4-a97d-d965ccfc6d4b" outcome="Passed" testListId="8c84fa94-04c1-424b-9868-57a2d4851a1d" relativeResultsDirectory="b0dfe6e0-5aff-483f-b4a5-817be8bc4e25" />
    <UnitTestResult executionId="c23cc986-f176-4bc8-be48-b8965c6c3198" testId="0252d23b-1df5-4dba-37f8-e6cc7f6fb74c" testName="Confirmai.Tests.AppInitializationServiceTests.SeedAsync_PromotesExistingUserToAdmin_WhenUserExistsWithoutRole" computerName="DESKTOP-EO2KNBC" duration="00:00:01.4319837" startTime="2026-05-27T05:11:18.7204313-03:00" endTime="2026-05-27T05:11:20.1515241-03:00" testType="13cdc9d9-ddb5-4fa4-a97d-d965ccfc6d4b" outcome="Passed" testListId="8c84fa94-04c1-424b-9868-57a2d4851a1d" relativeResultsDirectory="c23cc986-f176-4bc8-be48-b8965c6c3198" />
    <UnitTestResult executionId="ed0332f6-1180-4b75-9eb5-ec5c0b07dc91" testId="4928eba1-7c63-850d-d16c-c2a6bb827698" testName="Confirmai.Tests.EventNotificationServiceTests.NotifyEventCancelledAsync_SendsMailbox_ToAllConfirmedParticipants" computerName="DESKTOP-EO2KNBC" duration="00:00:00.0131820" startTime="2026-05-27T05:11:15.4344620-03:00" endTime="2026-05-27T05:11:15.4427661-03:00" testType="13cdc9d9-ddb5-4fa4-a97d-d965ccfc6d4b" outcome="Passed" testListId="8c84fa94-04c1-424b-9868-57a2d4851a1d" relativeResultsDirectory="ed0332f6-1180-4b75-9eb5-ec5c0b07dc91" />
    <UnitTestResult executionId="8188f024-bd19-4e40-aa2e-9c7062944257" testId="a46c2c53-9342-0d4c-4632-26d996ace1ab" testName="Confirmai.Tests.WebhookEndpointIntegrationTests.WebhookEndpoint_ReturnsUnauthorized_WhenSecretValueHasDifferentCasing_AndDoesNotMutateData" computerName="DESKTOP-EO2KNBC" duration="00:00:00.0160061" startTime="2026-05-27T05:11:14.2709260-03:00" endTime="2026-05-27T05:11:14.3064514-03:00" testType="13cdc9d9-ddb5-4fa4-a97d-d965ccfc6d4b" outcome="Passed" testListId="8c84fa94-04c1-424b-9868-57a2d4851a1d" relativeResultsDirectory="8188f024-bd19-4e40-aa2e-9c7062944257" />
    <UnitTestResult executionId="9297f933-507e-48d1-a813-9f336af1d5f0" testId="59b56359-e147-5cb1-faea-e98294d473b2" testName="Confirmai.Tests.LanguagePreferenceServiceTests.SetLanguage_UsesDefault_WhenInputIsNullOrWhitespace" computerName="DESKTOP-EO2KNBC" duration="00:00:00.0001065" startTime="2026-05-27T05:11:15.1176301-03:00" endTime="2026-05-27T05:11:15.1176928-03:00" testType="13cdc9d9-ddb5-4fa4-a97d-d965ccfc6d4b" outcome="Passed" testListId="8c84fa94-04c1-424b-9868-57a2d4851a1d" relativeResultsDirectory="9297f933-507e-48d1-a813-9f336af1d5f0" />
    <UnitTestResult executionId="6741f2ee-eb69-4649-82b7-bc9f9bdb9ad7" testId="1a14efe3-fb42-b076-cd8c-5f0e67f20fa0" testName="Confirmai.Tests.AdminLogsFilterInferenceTests.InferQuickRangePreset_WhenRangeMatchesLast7Days_ReturnsLast7Days" computerName="DESKTOP-EO2KNBC" duration="00:00:00.0024818" startTime="2026-05-27T05:11:13.7122696-03:00" endTime="2026-05-27T05:11:13.7146816-03:00" testType="13cdc9d9-ddb5-4fa4-a97d-d965ccfc6d4b" outcome="Passed" testListId="8c84fa94-04c1-424b-9868-57a2d4851a1d" relativeResultsDirectory="6741f2ee-eb69-4649-82b7-bc9f9bdb9ad7" />
    <UnitTestResult executionId="9d11776f-95b6-4b2c-a755-f2285a332fb4" testId="9bcfd9fc-0697-a6d5-8c73-a210d1fe79b3" testName="Confirmai.Tests.IdentityPageModelsIntegrationTests.ResendEmailConfirmation_PostRedirects_WhenUnknownEmailIsSubmitted" computerName="DESKTOP-EO2KNBC" duration="00:00:00.0355643" startTime="2026-05-27T05:11:14.2439669-03:00" endTime="2026-05-27T05:11:14.2799127-03:00" testType="13cdc9d9-ddb5-4fa4-a97d-d965ccfc6d4b" outcome="Passed" testListId="8c84fa94-04c1-424b-9868-57a2d4851a1d" relativeResultsDirectory="9d11776f-95b6-4b2c-a755-f2285a332fb4" />
    <UnitTestResult executionId="d5bd9976-06d4-42da-90cd-b34113bd1258" testId="8ab82132-7600-8753-ab82-5d91413b7ff6" testName="Confirmai.Tests.DashboardMetricsServiceTests.GetSnapshotAsync_ReturnsAggregatedMetrics" computerName="DESKTOP-EO2KNBC" duration="00:00:00.5622123" startTime="2026-05-27T05:11:12.7672181-03:00" endTime="2026-05-27T05:11:13.3064672-03:00" testType="13cdc9d9-ddb5-4fa4-a97d-d965ccfc6d4b" outcome="Passed" testListId="8c84fa94-04c1-424b-9868-57a2d4851a1d" relativeResultsDirectory="d5bd9976-06d4-42da-90cd-b34113bd1258" />
    <UnitTestResult executionId="75d5bbc9-64dd-47a2-81f6-1322e1f036cc" testId="d706c1bd-093e-21cb-e98a-c117594691e3" testName="Confirmai.Tests.LogRetentionServiceTests.RunAsync_AnonymizesIpAddress_ButPreservesOtherFields" computerName="DESKTOP-EO2KNBC" duration="00:00:00.0026687" startTime="2026-05-27T05:11:14.2223985-03:00" endTime="2026-05-27T05:11:14.2249808-03:00" testType="13cdc9d9-ddb5-4fa4-a97d-d965ccfc6d4b" outcome="Passed" testListId="8c84fa94-04c1-424b-9868-57a2d4851a1d" relativeResultsDirectory="75d5bbc9-64dd-47a2-81f6-1322e1f036cc" />
    <UnitTestResult executionId="a72295b9-f9f6-428b-b130-68f4d13c5851" testId="bcfcb82e-1889-de1f-2a37-be050de8df0a" testName="Confirmai.Tests.LogRetentionServiceTests.RunAsync_NeverPurges_FinancialLog_OlderThan90Days(eventType: &quot;payment.created&quot;)" computerName="DESKTOP-EO2KNBC" duration="00:00:00.0031509" startTime="2026-05-27T05:11:14.2010026-03:00" endTime="2026-05-27T05:11:14.2040699-03:00" testType="13cdc9d9-ddb5-4fa4-a97d-d965ccfc6d4b" outcome="Passed" testListId="8c84fa94-04c1-424b-9868-57a2d4851a1d" relativeResultsDirectory="a72295b9-f9f6-428b-b130-68f4d13c5851" />
    <UnitTestResult executionId="2021886f-80b0-4313-8932-e403b3336762" testId="f85d773e-1fbd-fdc3-463c-160df99d0821" testName="Confirmai.Tests.FullFlowRecentFeaturesIntegrationTests.LanguageFlow_ManualInvalidLanguageCookie_FallsBackToPortuguese" computerName="DESKTOP-EO2KNBC" duration="00:00:00.0166886" startTime="2026-05-27T05:11:15.0854224-03:00" endTime="2026-05-27T05:11:15.1028400-03:00" testType="13cdc9d9-ddb5-4fa4-a97d-d965ccfc6d4b" outcome="Passed" testListId="8c84fa94-04c1-424b-9868-57a2d4851a1d" relativeResultsDirectory="2021886f-80b0-4313-8932-e403b3336762" />
    <UnitTestResult executionId="b99a6065-0cac-4de1-a079-27f0dd13244c" testId="75cada4f-f072-f9bf-bc65-2ebc4b955ba4" testName="Confirmai.Tests.BtcPayWebhookServiceTests.HandleAsync_ReturnsBadRequest_WhenJsonIsInvalid" computerName="DESKTOP-EO2KNBC" duration="00:00:00.0017084" startTime="2026-05-27T05:11:14.2811047-03:00" endTime="2026-05-27T05:11:14.2822507-03:00" testType="13cdc9d9-ddb5-4fa4-a97d-d965ccfc6d4b" outcome="Passed" testListId="8c84fa94-04c1-424b-9868-57a2d4851a1d" relativeResultsDirectory="b99a6065-0cac-4de1-a079-27f0dd13244c" />
    <UnitTestResult executionId="2a72dc1f-c0e4-4902-9146-dd247729d512" testId="0d14dd82-3425-ebe0-63e6-00490f7ed8dd" testName="Confirmai.Tests.CryptoQuoteServiceTests.GetQuoteAsync_RetriesWithApiKey_WhenForbidden" computerName="DESKTOP-EO2KNBC" duration="00:00:00.0007186" startTime="2026-05-27T05:11:13.3023917-03:00" endTime="2026-05-27T05:11:13.3029355-03:00" testType="13cdc9d9-ddb5-4fa4-a97d-d965ccfc6d4b" outcome="Passed" testListId="8c84fa94-04c1-424b-9868-57a2d4851a1d" relativeResultsDirectory="2a72dc1f-c0e4-4902-9146-dd247729d512" />
    <UnitTestResult executionId="c100ccc4-ff0b-4f3f-af9d-be448da69934" testId="29056110-fd53-37ad-4a97-eff4a2d8be34" testName="Confirmai.Tests.ProtectedPagesIntegrationTests.AdminRoutes_ShowNotAuthorized_ForNonAdminUser(route: &quot;/admin/venues/edit/0&quot;)" computerName="DESKTOP-EO2KNBC" duration="00:00:00.0534269" startTime="2026-05-27T05:11:14.7614226-03:00" endTime="2026-05-27T05:11:14.8187011-03:00" testType="13cdc9d9-ddb5-4fa4-a97d-d965ccfc6d4b" outcome="Passed" testListId="8c84fa94-04c1-424b-9868-57a2d4851a1d" relativeResultsDirectory="c100ccc4-ff0b-4f3f-af9d-be448da69934" />
    <UnitTestResult executionId="a9f602ba-1725-451a-bf31-9f176f557861" testId="86482a10-3999-713c-f56d-5349458503d8" testName="Confirmai.Tests.PaymentConfirmationServiceTests.ConfirmAsync_Returns_NotConfirmed_WhenPaymentDoesNotExist" computerName="DESKTOP-EO2KNBC" duration="00:00:00.0012822" startTime="2026-05-27T05:11:14.3166333-03:00" endTime="2026-05-27T05:11:14.3173222-03:00" testType="13cdc9d9-ddb5-4fa4-a97d-d965ccfc6d4b" outcome="Passed" testListId="8c84fa94-04c1-424b-9868-57a2d4851a1d" relativeResultsDirectory="a9f602ba-1725-451a-bf31-9f176f557861" />
    <UnitTestResult executionId="8cb27646-d7ed-49d1-961a-ee9d40a8ac10" testId="02672cab-8112-63ed-f208-3ef9936c7fd0" testName="Confirmai.Tests.BtcPayWebhookServiceTests.HandleAsync_ReturnsOk_WhenTimestampIsTooOld" computerName="DESKTOP-EO2KNBC" duration="00:00:00.0167092" startTime="2026-05-27T05:11:14.2557103-03:00" endTime="2026-05-27T05:11:14.2722995-03:00" testType="13cdc9d9-ddb5-4fa4-a97d-d965ccfc6d4b" outcome="Passed" testListId="8c84fa94-04c1-424b-9868-57a2d4851a1d" relativeResultsDirectory="8cb27646-d7ed-49d1-961a-ee9d40a8ac10" />
    <UnitTestResult executionId="31b88bae-be04-45cf-83f0-e500ef06eb9c" testId="43841dea-46a8-b3c2-e240-0bddd1e218e4" testName="Confirmai.Tests.AdminSettingsServiceTests.SetOperationFeePercentForAdminAsync_Throws_WhenUserIsNotAdmin" computerName="DESKTOP-EO2KNBC" duration="00:00:00.0007458" startTime="2026-05-27T05:11:15.4855253-03:00" endTime="2026-05-27T05:11:15.4861732-03:00" testType="13cdc9d9-ddb5-4fa4-a97d-d965ccfc6d4b" outcome="Passed" testListId="8c84fa94-04c1-424b-9868-57a2d4851a1d" relativeResultsDirectory="31b88bae-be04-45cf-83f0-e500ef06eb9c" />
    <UnitTestResult executionId="dd6e873d-fef7-4baf-907b-78ed2eb2a88a" testId="eee572f0-4989-90c7-c0e9-289db2bb7c67" testName="Confirmai.Tests.ProductServiceTests.GetAllExceptUserAsync_FiltersByUser" computerName="DESKTOP-EO2KNBC" duration="00:00:00.0078301" startTime="2026-05-27T05:11:14.9615540-03:00" endTime="2026-05-27T05:11:14.9692976-03:00" testType="13cdc9d9-ddb5-4fa4-a97d-d965ccfc6d4b" outcome="Passed" testListId="8c84fa94-04c1-424b-9868-57a2d4851a1d" relativeResultsDirectory="dd6e873d-fef7-4baf-907b-78ed2eb2a88a" />
    <UnitTestResult executionId="0be02316-4b9f-4a39-993b-fe995a130b5d" testId="efa5f845-4bdb-8d2f-f902-ac7ec88a92b0" testName="Confirmai.Tests.AuditLoggingHooksTests.AdminLogsQueryService_GetEntityTimelineAsync_ReturnsOnlyMatchingLogs" computerName="DESKTOP-EO2KNBC" duration="00:00:00.0468021" startTime="2026-05-27T05:11:13.3692600-03:00" endTime="2026-05-27T05:11:13.4163762-03:00" testType="13cdc9d9-ddb5-4fa4-a97d-d965ccfc6d4b" outcome="Passed" testListId="8c84fa94-04c1-424b-9868-57a2d4851a1d" relativeResultsDirectory="0be02316-4b9f-4a39-993b-fe995a130b5d" />
    <UnitTestResult executionId="5a3d3a9d-d491-4120-9d66-9d96f20b8878" testId="2430fce7-514d-178e-9387-56c5c3da3a8e" testName="Confirmai.Tests.BtcPayWebhookServiceTests.HandleAsync_ProcessesWebhook_WhenTimestampIsRecentAndDeliveryIdIsNew" computerName="DESKTOP-EO2KNBC" duration="00:00:00.0088147" startTime="2026-05-27T05:11:14.2902927-03:00" endTime="2026-05-27T05:11:14.2990216-03:00" testType="13cdc9d9-ddb5-4fa4-a97d-d965ccfc6d4b" outcome="Passed" testListId="8c84fa94-04c1-424b-9868-57a2d4851a1d" relativeResultsDirectory="5a3d3a9d-d491-4120-9d66-9d96f20b8878" />
    <UnitTestResult executionId="331ea8ba-648f-4231-b0f2-57a1b1d101a0" testId="20beeee2-9af9-9f74-813d-f7d02c6e7e7e" testName="Confirmai.Tests.ProtectedPagesIntegrationTests.PublicRoutes_AreAccessible_WhenAnonymous(route: &quot;/profile/non-existent-user&quot;)" computerName="DESKTOP-EO2KNBC" duration="00:00:00.0188922" startTime="2026-05-27T05:11:15.0678357-03:00" endTime="2026-05-27T05:11:15.0879260-03:00" testType="13cdc9d9-ddb5-4fa4-a97d-d965ccfc6d4b" outcome="Passed" testListId="8c84fa94-04c1-424b-9868-57a2d4851a1d" relativeResultsDirectory="331ea8ba-648f-4231-b0f2-57a1b1d101a0" />
    <UnitTestResult executionId="abc347bb-a9a1-491a-8c01-6754a7d89281" testId="83da3220-90ee-49c7-64b4-f37b8bc4938c" testName="Confirmai.Tests.ModelValidationTests.UserMailboxMessage_Valid_WhenBodyIsExactly4000Chars" computerName="DESKTOP-EO2KNBC" duration="00:00:00.0000875" startTime="2026-05-27T05:11:13.8161689-03:00" endTime="2026-05-27T05:11:13.8162092-03:00" testType="13cdc9d9-ddb5-4fa4-a97d-d965ccfc6d4b" outcome="Passed" testListId="8c84fa94-04c1-424b-9868-57a2d4851a1d" relativeResultsDirectory="abc347bb-a9a1-491a-8c01-6754a7d89281" />
    <UnitTestResult executionId="6536516f-a877-457f-8930-f0756f65dd75" testId="b087dbc8-d11b-bfef-53a1-ef80fc4c1242" testName="Confirmai.Tests.SecurityHeadersIntegrationTests.ContentSecurityPolicy_GeneratesUniqueNoncePerRequest" computerName="DESKTOP-EO2KNBC" duration="00:00:00.0505296" startTime="2026-05-27T05:11:14.2369655-03:00" endTime="2026-05-27T05:11:14.3065779-03:00" testType="13cdc9d9-ddb5-4fa4-a97d-d965ccfc6d4b" outcome="Passed" testListId="8c84fa94-04c1-424b-9868-57a2d4851a1d" relativeResultsDirectory="6536516f-a877-457f-8930-f0756f65dd75" />
    <UnitTestResult executionId="8409c155-c6ba-4e99-b7e4-f8d90d355d7b" testId="9c438843-f81e-1a55-2cc1-b87759d65a59" testName="Confirmai.Tests.ModelValidationTests.Venue_Invalid_WhenStateCodeExceedsTwoChars" computerName="DESKTOP-EO2KNBC" duration="00:00:00.0000825" startTime="2026-05-27T05:11:13.8150690-03:00" endTime="2026-05-27T05:11:13.8151079-03:00" testType="13cdc9d9-ddb5-4fa4-a97d-d965ccfc6d4b" outcome="Passed" testListId="8c84fa94-04c1-424b-9868-57a2d4851a1d" relativeResultsDirectory="8409c155-c6ba-4e99-b7e4-f8d90d355d7b" />
    <UnitTestResult executionId="91bdd93f-e9bb-4dcf-b456-4631b6ff4e8b" testId="9758d23c-80a3-6d38-8353-fae00a01aa72" testName="Confirmai.Tests.AuthNavigationHelperTests.BuildLoginUrl_DefaultsToRoot_WhenWhitespace" computerName="DESKTOP-EO2KNBC" duration="00:00:00.0022320" startTime="2026-05-27T05:11:12.7426315-03:00" endTime="2026-05-27T05:11:12.7428727-03:00" testType="13cdc9d9-ddb5-4fa4-a97d-d965ccfc6d4b" outcome="Passed" testListId="8c84fa94-04c1-424b-9868-57a2d4851a1d" relativeResultsDirectory="91bdd93f-e9bb-4dcf-b456-4631b6ff4e8b" />
    <UnitTestResult executionId="bdf66744-6348-46ab-a2b9-cb45771221c7" testId="5ea2620b-dc15-384b-b878-6981e0617852" testName="Confirmai.Tests.ModelValidationTests.EventConfirmation_Valid_WhenTeamIdIsZero_TeamA" computerName="DESKTOP-EO2KNBC" duration="00:00:00.0026143" startTime="2026-05-27T05:11:13.8076241-03:00" endTime="2026-05-27T05:11:13.8095741-03:00" testType="13cdc9d9-ddb5-4fa4-a97d-d965ccfc6d4b" outcome="Passed" testListId="8c84fa94-04c1-424b-9868-57a2d4851a1d" relativeResultsDirectory="bdf66744-6348-46ab-a2b9-cb45771221c7" />
    <UnitTestResult executionId="a9e0524b-6569-4983-b766-028c72fa8191" testId="304e753e-2d3e-4851-5e1e-ebd16ef180bd" testName="Confirmai.Tests.AdminLogsFilterInferenceTests.InferAuditQuickFilter_WhenSourceMatchesSecurityPolicy_ReturnsSecurityPolicy" computerName="DESKTOP-EO2KNBC" duration="00:00:00.0001189" startTime="2026-05-27T05:11:13.7181326-03:00" endTime="2026-05-27T05:11:13.7181724-03:00" testType="13cdc9d9-ddb5-4fa4-a97d-d965ccfc6d4b" outcome="Passed" testListId="8c84fa94-04c1-424b-9868-57a2d4851a1d" relativeResultsDirectory="a9e0524b-6569-4983-b766-028c72fa8191" />
    <UnitTestResult executionId="5f68c602-5fd2-49b3-814b-e380c54dc8ee" testId="a5fd2c40-8330-bae5-12c7-24bc29e96c1e" testName="Confirmai.Tests.FullFlowIdentityLocalizationIntegrationTests.LoginPage_ReturnsSpanishInvalidLoginMessage_WhenUiLanguageCookieIsSpanish" computerName="DESKTOP-EO2KNBC" duration="00:00:00.0725465" startTime="2026-05-27T05:11:13.8553434-03:00" endTime="2026-05-27T05:11:13.9347918-03:00" testType="13cdc9d9-ddb5-4fa4-a97d-d965ccfc6d4b" outcome="Passed" testListId="8c84fa94-04c1-424b-9868-57a2d4851a1d" relativeResultsDirectory="5f68c602-5fd2-49b3-814b-e380c54dc8ee" />
    <UnitTestResult executionId="5f46094d-8fba-4187-bc9c-c838834e45b9" testId="55b6d6a9-1ff3-abec-61b8-2fca053dcddf" testName="Confirmai.Tests.AdminLogsExportServiceTests.BuildJson_WhenRowsProvided_ReturnsIndentedPayloadWithFields" computerName="DESKTOP-EO2KNBC" duration="00:00:00.0030819" startTime="2026-05-27T05:11:15.1349842-03:00" endTime="2026-05-27T05:11:15.1380424-03:00" testType="13cdc9d9-ddb5-4fa4-a97d-d965ccfc6d4b" outcome="Passed" testListId="8c84fa94-04c1-424b-9868-57a2d4851a1d" relativeResultsDirectory="5f46094d-8fba-4187-bc9c-c838834e45b9" />
    <UnitTestResult executionId="5bc2c310-329a-482b-96b0-52b1d2c31853" testId="83bc7848-9737-da71-db66-9a3992dee597" testName="Confirmai.Tests.AdminSecurityPolicyServiceTests.GetRuntimePolicyAsync_UsesPersistedValues_WhenSettingsExist" computerName="DESKTOP-EO2KNBC" duration="00:00:00.0020770" startTime="2026-05-27T05:11:14.9476725-03:00" endTime="2026-05-27T05:11:14.9498413-03:00" testType="13cdc9d9-ddb5-4fa4-a97d-d965ccfc6d4b" outcome="Passed" testListId="8c84fa94-04c1-424b-9868-57a2d4851a1d" relativeResultsDirectory="5bc2c310-329a-482b-96b0-52b1d2c31853" />
    <UnitTestResult executionId="41817c17-6f12-4883-9c9b-d5e53ac58379" testId="e7ef969c-acd0-dd38-7cb0-0459d0fb2286" testName="Confirmai.Tests.AuditLoggingHooksTests.ProductService_DeleteAsync_WritesProductDeletedAudit_WhenNoOrders" computerName="DESKTOP-EO2KNBC" duration="00:00:00.0399479" startTime="2026-05-27T05:11:13.4165661-03:00" endTime="2026-05-27T05:11:13.4560198-03:00" testType="13cdc9d9-ddb5-4fa4-a97d-d965ccfc6d4b" outcome="Passed" testListId="8c84fa94-04c1-424b-9868-57a2d4851a1d" relativeResultsDirectory="41817c17-6f12-4883-9c9b-d5e53ac58379" />
    <UnitTestResult executionId="dd04ef2d-e17c-4828-9db1-8bb023cc560c" testId="43df72ef-58d6-76af-93a8-f5657687028f" testName="Confirmai.Tests.FullFlowRecentFeaturesIntegrationTests.LanguageFlow_QueryHintWithoutCookie_RendersEnglishOnPayments" computerName="DESKTOP-EO2KNBC" duration="00:00:00.0069086" startTime="2026-05-27T05:11:15.1156610-03:00" endTime="2026-05-27T05:11:15.1227549-03:00" testType="13cdc9d9-ddb5-4fa4-a97d-d965ccfc6d4b" outcome="Passed" testListId="8c84fa94-04c1-424b-9868-57a2d4851a1d" relativeResultsDirectory="dd04ef2d-e17c-4828-9db1-8bb023cc560c" />
    <UnitTestResult executionId="05847748-e834-4230-866f-598d354a1a56" testId="6eae5b5f-a1ac-d984-a9b4-f4d892ff7ab5" testName="Confirmai.Tests.AppInitializationServiceTests.SeedAsync_CreatesAdminUser_AndAssignsAdminRole" computerName="DESKTOP-EO2KNBC" duration="00:00:01.4653314" startTime="2026-05-27T05:11:17.2541739-03:00" endTime="2026-05-27T05:11:18.7194017-03:00" testType="13cdc9d9-ddb5-4fa4-a97d-d965ccfc6d4b" outcome="Passed" testListId="8c84fa94-04c1-424b-9868-57a2d4851a1d" relativeResultsDirectory="05847748-e834-4230-866f-598d354a1a56" />
    <UnitTestResult executionId="2f2a9298-92a7-4b49-ac1b-8f497b5fb0ab" testId="a139a5cb-282c-9710-24d5-95c765381d1a" testName="Confirmai.Tests.BtcPayWebhookServiceTests.HandleAsync_RespectsConfiguredWebhookMaxBodyBytes" computerName="DESKTOP-EO2KNBC" duration="00:00:00.0020741" startTime="2026-05-27T05:11:14.2340185-03:00" endTime="2026-05-27T05:11:14.2353859-03:00" testType="13cdc9d9-ddb5-4fa4-a97d-d965ccfc6d4b" outcome="Passed" testListId="8c84fa94-04c1-424b-9868-57a2d4851a1d" relativeResultsDirectory="2f2a9298-92a7-4b49-ac1b-8f497b5fb0ab" />
    <UnitTestResult executionId="2276d77a-787c-40df-b22c-193de44da677" testId="9754868b-244d-5f33-18f2-681daca23e84" testName="Confirmai.Tests.WebhookEndpointIntegrationTests.WebhookEndpoint_ProcessesValidPayload_WithEscapesAndUnicodeWithinLimit" computerName="DESKTOP-EO2KNBC" duration="00:00:00.0186451" startTime="2026-05-27T05:11:14.1845146-03:00" endTime="2026-05-27T05:11:14.2193678-03:00" testType="13cdc9d9-ddb5-4fa4-a97d-d965ccfc6d4b" outcome="Passed" testListId="8c84fa94-04c1-424b-9868-57a2d4851a1d" relativeResultsDirectory="2276d77a-787c-40df-b22c-193de44da677" />
    <UnitTestResult executionId="3b10a595-f77f-4f3b-8261-c9fa5e6d0d1d" testId="7aa2e5ef-0e81-358f-0429-6e4dd4cc3d6f" testName="Confirmai.Tests.EventNotificationServiceTests.NotifyEventUpdatedAsync_MessageBody_ContainsOldAndNewDates" computerName="DESKTOP-EO2KNBC" duration="00:00:00.0041279" startTime="2026-05-27T05:11:15.4930521-03:00" endTime="2026-05-27T05:11:15.4970810-03:00" testType="13cdc9d9-ddb5-4fa4-a97d-d965ccfc6d4b" outcome="Passed" testListId="8c84fa94-04c1-424b-9868-57a2d4851a1d" relativeResultsDirectory="3b10a595-f77f-4f3b-8261-c9fa5e6d0d1d" />
    <UnitTestResult executionId="b4f40cdd-4d14-4eab-934f-4d7cfdf68f53" testId="f201ed40-3521-5670-bea4-d59757950b00" testName="Confirmai.Tests.FutsalIntegrationTests.FutsalIndex_ShowsCreateLink_ForAuthenticatedUser" computerName="DESKTOP-EO2KNBC" duration="00:00:00.2589702" startTime="2026-05-27T05:11:14.8621633-03:00" endTime="2026-05-27T05:11:15.1213227-03:00" testType="13cdc9d9-ddb5-4fa4-a97d-d965ccfc6d4b" outcome="Passed" testListId="8c84fa94-04c1-424b-9868-57a2d4851a1d" relativeResultsDirectory="b4f40cdd-4d14-4eab-934f-4d7cfdf68f53" />
    <UnitTestResult executionId="ea4a7e59-dc78-43d3-a80f-8d61a6f6cd85" testId="7281f629-690f-f5a7-a0ea-19cd3ec0801c" testName="Confirmai.Tests.RachaSchedulerServiceTests.GenerateEventsAsync_CreatesEventsForAllActiveSchedules_WhenMultipleExist" computerName="DESKTOP-EO2KNBC" duration="00:00:00.0425888" startTime="2026-05-27T05:11:13.6620725-03:00" endTime="2026-05-27T05:11:13.7046038-03:00" testType="13cdc9d9-ddb5-4fa4-a97d-d965ccfc6d4b" outcome="Passed" testListId="8c84fa94-04c1-424b-9868-57a2d4851a1d" relativeResultsDirectory="ea4a7e59-dc78-43d3-a80f-8d61a6f6cd85" />
    <UnitTestResult executionId="1e42f0d2-89ac-47d9-9a97-b7477900da8f" testId="a8205da5-eb09-a6f3-e74d-00353522dd6e" testName="Confirmai.Tests.WebhookEndpointIntegrationTests.WebhookEndpoint_ReturnsBadRequest_WhenPayloadIsInvalid_AndDoesNotMutateData" computerName="DESKTOP-EO2KNBC" duration="00:00:00.0592509" startTime="2026-05-27T05:11:13.9936328-03:00" endTime="2026-05-27T05:11:14.0591568-03:00" testType="13cdc9d9-ddb5-4fa4-a97d-d965ccfc6d4b" outcome="Passed" testListId="8c84fa94-04c1-424b-9868-57a2d4851a1d" relativeResultsDirectory="1e42f0d2-89ac-47d9-9a97-b7477900da8f" />
    <UnitTestResult executionId="d6429846-5299-4998-8b82-291206530ffb" testId="b9f1bae6-f8e1-df0a-2e7e-d9540499f18a" testName="Confirmai.Tests.OperationFeeCalculatorServiceTests.CalculateBreakdownAsync_UsesDefaultPercent_WhenSettingIsMissing" computerName="DESKTOP-EO2KNBC" duration="00:00:00.0051240" startTime="2026-05-27T05:11:15.1187703-03:00" endTime="2026-05-27T05:11:15.1237653-03:00" testType="13cdc9d9-ddb5-4fa4-a97d-d965ccfc6d4b" outcome="Passed" testListId="8c84fa94-04c1-424b-9868-57a2d4851a1d" relativeResultsDirectory="d6429846-5299-4998-8b82-291206530ffb" />
    <UnitTestResult executionId="6c9a585f-6bb7-4b87-99cf-317bf48f0a3f" testId="6a538bea-f539-fbf9-3eb9-9b2bac1aad42" testName="Confirmai.Tests.MailboxConversationArchiveServiceTests.ArchiveOrderConversation_DoesNothing_WhenNoMatchingMessages" computerName="DESKTOP-EO2KNBC" duration="00:00:00.0059090" startTime="2026-05-27T05:11:15.1011793-03:00" endTime="2026-05-27T05:11:15.1072107-03:00" testType="13cdc9d9-ddb5-4fa4-a97d-d965ccfc6d4b" outcome="Passed" testListId="8c84fa94-04c1-424b-9868-57a2d4851a1d" relativeResultsDirectory="6c9a585f-6bb7-4b87-99cf-317bf48f0a3f" />
    <UnitTestResult executionId="692b7aff-f767-40b3-ab03-26c07add7383" testId="d5041b6a-8cc7-8615-1271-c586b070bf3e" testName="Confirmai.Tests.BitcoinQuoteServiceTests.GetQuoteAsync_ReturnsCachedQuote_WhenHttpFails" computerName="DESKTOP-EO2KNBC" duration="00:00:00.0011245" startTime="2026-05-27T05:11:12.7673799-03:00" endTime="2026-05-27T05:11:12.7674217-03:00" testType="13cdc9d9-ddb5-4fa4-a97d-d965ccfc6d4b" outcome="Passed" testListId="8c84fa94-04c1-424b-9868-57a2d4851a1d" relativeResultsDirectory="692b7aff-f767-40b3-ab03-26c07add7383" />
    <UnitTestResult executionId="fb7d6cac-6280-4c99-9389-0748518842b6" testId="fc8ac3f0-1825-c3aa-c1c1-a5645260f462" testName="Confirmai.Tests.LogRetentionServiceTests.RunAsync_NeverPurges_FinancialLog_OlderThan90Days(eventType: &quot;order.created&quot;)" computerName="DESKTOP-EO2KNBC" duration="00:00:00.0014867" startTime="2026-05-27T05:11:14.2047480-03:00" endTime="2026-05-27T05:11:14.2055761-03:00" testType="13cdc9d9-ddb5-4fa4-a97d-d965ccfc6d4b" outcome="Passed" testListId="8c84fa94-04c1-424b-9868-57a2d4851a1d" relativeResultsDirectory="fb7d6cac-6280-4c99-9389-0748518842b6" />
    <UnitTestResult executionId="7fb4fcfc-4eaf-4700-98ef-ef996e40d525" testId="346f21aa-9048-1c63-da02-d0f2e2d6a4b3" testName="Confirmai.Tests.ProtectedPagesIntegrationTests.AdminRoutes_ShowNotAuthorized_ForNonAdminUser(route: &quot;/admin&quot;)" computerName="DESKTOP-EO2KNBC" duration="00:00:00.0184319" startTime="2026-05-27T05:11:14.8188408-03:00" endTime="2026-05-27T05:11:14.8562529-03:00" testType="13cdc9d9-ddb5-4fa4-a97d-d965ccfc6d4b" outcome="Passed" testListId="8c84fa94-04c1-424b-9868-57a2d4851a1d" relativeResultsDirectory="7fb4fcfc-4eaf-4700-98ef-ef996e40d525" />
    <UnitTestResult executionId="8715ed2f-c59d-4d48-9a23-71c91c692531" testId="fb6a723a-155c-8388-969c-003e71c38a8b" testName="Confirmai.Tests.ProtectedPagesIntegrationTests.PublicRoutes_AreAccessible_WhenAnonymous(route: &quot;/contact&quot;)" computerName="DESKTOP-EO2KNBC" duration="00:00:00.0164004" startTime="2026-05-27T05:11:15.1195420-03:00" endTime="2026-05-27T05:11:15.1470677-03:00" testType="13cdc9d9-ddb5-4fa4-a97d-d965ccfc6d4b" outcome="Passed" testListId="8c84fa94-04c1-424b-9868-57a2d4851a1d" relativeResultsDirectory="8715ed2f-c59d-4d48-9a23-71c91c692531" />
    <UnitTestResult executionId="9870564d-768e-4e5c-a7f1-a33907b68ada" testId="461942d8-f6e4-641f-4de0-cd86416c0499" testName="Confirmai.Tests.FutsalIntegrationTests.FutsalEdit_Returns200AndShowsForm_WhenCreatorAccesses" computerName="DESKTOP-EO2KNBC" duration="00:00:00.0372267" startTime="2026-05-27T05:11:15.3153459-03:00" endTime="2026-05-27T05:11:15.3544527-03:00" testType="13cdc9d9-ddb5-4fa4-a97d-d965ccfc6d4b" outcome="Passed" testListId="8c84fa94-04c1-424b-9868-57a2d4851a1d" relativeResultsDirectory="9870564d-768e-4e5c-a7f1-a33907b68ada" />
    <UnitTestResult executionId="1de97d3b-9cfd-4b08-a3e8-7490bf1c5504" testId="b24613cc-98d1-74fc-880e-9c0249fc1f03" testName="Confirmai.Tests.FullFlowRecentFeaturesIntegrationTests.Breadcrumb_DoesNotIncludeUiLangQueryText_OnAdminLanguagesRoute" computerName="DESKTOP-EO2KNBC" duration="00:00:00.0367851" startTime="2026-05-27T05:11:15.0194687-03:00" endTime="2026-05-27T05:11:15.0566348-03:00" testType="13cdc9d9-ddb5-4fa4-a97d-d965ccfc6d4b" outcome="Passed" testListId="8c84fa94-04c1-424b-9868-57a2d4851a1d" relativeResultsDirectory="1de97d3b-9cfd-4b08-a3e8-7490bf1c5504" />
    <UnitTestResult executionId="5d6dd110-1179-401f-af65-4821c8eae1f9" testId="58c75de8-db05-4049-463f-579eeeb90ec8" testName="Confirmai.Tests.IdentityPageModelsIntegrationTests.RegisterConfirmation_RedirectsToLogin_WhenEmailIsMissing" computerName="DESKTOP-EO2KNBC" duration="00:00:00.0185765" startTime="2026-05-27T05:11:14.3160034-03:00" endTime="2026-05-27T05:11:14.3370829-03:00" testType="13cdc9d9-ddb5-4fa4-a97d-d965ccfc6d4b" outcome="Passed" testListId="8c84fa94-04c1-424b-9868-57a2d4851a1d" relativeResultsDirectory="5d6dd110-1179-401f-af65-4821c8eae1f9" />
    <UnitTestResult executionId="6cce6737-bc56-406c-81a8-4c59cd0d0e0a" testId="fc0a3176-f331-35e0-ddfe-0dd3719f7673" testName="Confirmai.Tests.EventNotificationServiceTests.NotifyEventUpdatedAsync_DoesNothing_WhenEventNotFound" computerName="DESKTOP-EO2KNBC" duration="00:00:00.0020121" startTime="2026-05-27T05:11:15.4527822-03:00" endTime="2026-05-27T05:11:15.4547063-03:00" testType="13cdc9d9-ddb5-4fa4-a97d-d965ccfc6d4b" outcome="Passed" testListId="8c84fa94-04c1-424b-9868-57a2d4851a1d" relativeResultsDirectory="6cce6737-bc56-406c-81a8-4c59cd0d0e0a" />
    <UnitTestResult executionId="e0f1f1fc-f621-4e9b-931e-d152e2883cb8" testId="a5b0496d-e0aa-9de4-7a38-39f510a2b8e0" testName="Confirmai.Tests.AdminLogsFilterStateServiceTests.SaveAsync_WhenJsInteropThrows_DoesNotPropagateException" computerName="DESKTOP-EO2KNBC" duration="00:00:00.0004668" startTime="2026-05-27T05:11:14.2633102-03:00" endTime="2026-05-27T05:11:14.2636541-03:00" testType="13cdc9d9-ddb5-4fa4-a97d-d965ccfc6d4b" outcome="Passed" testListId="8c84fa94-04c1-424b-9868-57a2d4851a1d" relativeResultsDirectory="e0f1f1fc-f621-4e9b-931e-d152e2883cb8" />
    <UnitTestResult executionId="8e414369-2bac-400e-b190-492a09ba5816" testId="36f8f6a5-6cb5-38e5-5238-893c9f098636" testName="Confirmai.Tests.LocalStorageStateHelpersTests.GetDecimalAsync_WhenInvalid_ReturnsNull" computerName="DESKTOP-EO2KNBC" duration="00:00:00.0004685" startTime="2026-05-27T05:11:15.4940761-03:00" endTime="2026-05-27T05:11:15.4941353-03:00" testType="13cdc9d9-ddb5-4fa4-a97d-d965ccfc6d4b" outcome="Passed" testListId="8c84fa94-04c1-424b-9868-57a2d4851a1d" relativeResultsDirectory="8e414369-2bac-400e-b190-492a09ba5816" />
    <UnitTestResult executionId="d96085e5-6ab8-4a75-913f-2c1d24163ed6" testId="d7d656f2-080b-d777-69de-d60bd45c1c96" testName="Confirmai.Tests.ProtectedPagesIntegrationTests.AdminRoutes_ShowNotAuthorized_ForNonAdminUser(route: &quot;/admin/security&quot;)" computerName="DESKTOP-EO2KNBC" duration="00:00:00.0730847" startTime="2026-05-27T05:11:14.9430143-03:00" endTime="2026-05-27T05:11:15.0362076-03:00" testType="13cdc9d9-ddb5-4fa4-a97d-d965ccfc6d4b" outcome="Passed" testListId="8c84fa94-04c1-424b-9868-57a2d4851a1d" relativeResultsDirectory="d96085e5-6ab8-4a75-913f-2c1d24163ed6" />
    <UnitTestResult executionId="b3613ee2-a404-4860-8a04-18406717d26f" testId="752205b4-38f6-6e47-2bb3-c7500f0fd5cf" testName="Confirmai.Tests.RachaSchedulerServiceTests.GetOccurrences_DatesAreSpacedExactlySevenDaysApart" computerName="DESKTOP-EO2KNBC" duration="00:00:00.0040514" startTime="2026-05-27T05:11:13.6054228-03:00" endTime="2026-05-27T05:11:13.6094532-03:00" testType="13cdc9d9-ddb5-4fa4-a97d-d965ccfc6d4b" outcome="Passed" testListId="8c84fa94-04c1-424b-9868-57a2d4851a1d" relativeResultsDirectory="b3613ee2-a404-4860-8a04-18406717d26f" />
    <UnitTestResult executionId="b9bcd733-1d81-4aa2-b170-1a6bc5bf127b" testId="ca418922-1ac3-fe4f-2644-0b57c3c225fb" testName="Confirmai.Tests.AdminLogsFilterInferenceTests.InferAuditQuickFilter_WhenSourceIsDifferent_ReturnsAll" computerName="DESKTOP-EO2KNBC" duration="00:00:00.0019146" startTime="2026-05-27T05:11:13.7148558-03:00" endTime="2026-05-27T05:11:13.7166772-03:00" testType="13cdc9d9-ddb5-4fa4-a97d-d965ccfc6d4b" outcome="Passed" testListId="8c84fa94-04c1-424b-9868-57a2d4851a1d" relativeResultsDirectory="b9bcd733-1d81-4aa2-b170-1a6bc5bf127b" />
    <UnitTestResult executionId="1a7b9e52-2280-4eeb-a8fb-ba17b6521287" testId="5dfdd17e-dbb0-0def-80d0-985777ff8885" testName="Confirmai.Tests.AdminSecurityPolicyServiceTests.SetRuntimePolicyForAdminAsync_PersistsValues_WhenUserIsAdmin" computerName="DESKTOP-EO2KNBC" duration="00:00:00.0065043" startTime="2026-05-27T05:11:14.9500300-03:00" endTime="2026-05-27T05:11:14.9562860-03:00" testType="13cdc9d9-ddb5-4fa4-a97d-d965ccfc6d4b" outcome="Passed" testListId="8c84fa94-04c1-424b-9868-57a2d4851a1d" relativeResultsDirectory="1a7b9e52-2280-4eeb-a8fb-ba17b6521287" />
    <UnitTestResult executionId="8b42a533-b314-409b-8fc4-1294ee4a56ef" testId="f2b9cb87-bfc7-2ed6-223f-d247fceba720" testName="Confirmai.Tests.IdentityPageModelsIntegrationTests.ConfirmEmail_RendersPage_WhenLinkIsInvalid" computerName="DESKTOP-EO2KNBC" duration="00:00:00.0306141" startTime="2026-05-27T05:11:14.4067340-03:00" endTime="2026-05-27T05:11:14.4375448-03:00" testType="13cdc9d9-ddb5-4fa4-a97d-d965ccfc6d4b" outcome="Passed" testListId="8c84fa94-04c1-424b-9868-57a2d4851a1d" relativeResultsDirectory="8b42a533-b314-409b-8fc4-1294ee4a56ef" />
    <UnitTestResult executionId="2be1621e-7f92-461d-ba8b-9ece59ad6123" testId="87fc550f-8857-0eec-69bd-7e40524d74fe" testName="Confirmai.Tests.PaymentHubTests.PaymentHub_ExtendsHub" computerName="DESKTOP-EO2KNBC" duration="00:00:00.0001608" startTime="2026-05-27T05:11:13.3293332-03:00" endTime="2026-05-27T05:11:13.3293800-03:00" testType="13cdc9d9-ddb5-4fa4-a97d-d965ccfc6d4b" outcome="Passed" testListId="8c84fa94-04c1-424b-9868-57a2d4851a1d" relativeResultsDirectory="2be1621e-7f92-461d-ba8b-9ece59ad6123" />
    <UnitTestResult executionId="3d283918-fb8b-4788-aee9-2e9442a3c09d" testId="971b927e-68d7-2a85-eb6a-aa433e910c3a" testName="Confirmai.Tests.ConfigurationDefaultsTests.SecurityPolicyDefaults_Create_ReturnsDevelopmentDefaults_WhenIsDevelopmentIsTrue" computerName="DESKTOP-EO2KNBC" duration="00:00:00.0001114" startTime="2026-05-27T05:11:14.2342002-03:00" endTime="2026-05-27T05:11:14.2342412-03:00" testType="13cdc9d9-ddb5-4fa4-a97d-d965ccfc6d4b" outcome="Passed" testListId="8c84fa94-04c1-424b-9868-57a2d4851a1d" relativeResultsDirectory="3d283918-fb8b-4788-aee9-2e9442a3c09d" />
    <UnitTestResult executionId="5f1384df-d727-4f84-8f7c-b8393f6bcf6f" testId="1e069a9a-91ee-fdb0-5cee-92bce731ffe9" testName="Confirmai.Tests.FullFlowRecentFeaturesIntegrationTests.LanguageFlow_AnonymousAdminPage_RendersEnglishNotAuthorized_WhenCookieIsEnglish" computerName="DESKTOP-EO2KNBC" duration="00:00:00.0491727" startTime="2026-05-27T05:11:14.9066760-03:00" endTime="2026-05-27T05:11:14.9657293-03:00" testType="13cdc9d9-ddb5-4fa4-a97d-d965ccfc6d4b" outcome="Passed" testListId="8c84fa94-04c1-424b-9868-57a2d4851a1d" relativeResultsDirectory="5f1384df-d727-4f84-8f7c-b8393f6bcf6f" />
    <UnitTestResult executionId="d3f4a26e-caff-4445-b18b-81e9de0b82e0" testId="7793515d-3d6f-d362-7971-a8c00693678c" testName="Confirmai.Tests.PiiSanitizerTests.MaskEmail_ReturnsFirstCharPlusMaskedLocalPart(input: &quot;j@domain.io&quot;, expected: &quot;j***@domain.io&quot;)" computerName="DESKTOP-EO2KNBC" duration="00:00:00.0001049" startTime="2026-05-27T05:11:13.3379112-03:00" endTime="2026-05-27T05:11:13.3379640-03:00" testType="13cdc9d9-ddb5-4fa4-a97d-d965ccfc6d4b" outcome="Passed" testListId="8c84fa94-04c1-424b-9868-57a2d4851a1d" relativeResultsDirectory="d3f4a26e-caff-4445-b18b-81e9de0b82e0" />
    <UnitTestResult executionId="0b6b9d78-1bf0-4685-9034-ea5ea8215fe6" testId="cc72615d-8090-77aa-7583-beebd588465f" testName="Confirmai.Tests.ProductServiceTests.AddAsync_SetsRequiresDeliveryFalse" computerName="DESKTOP-EO2KNBC" duration="00:00:00.0010005" startTime="2026-05-27T05:11:15.0307892-03:00" endTime="2026-05-27T05:11:15.0316958-03:00" testType="13cdc9d9-ddb5-4fa4-a97d-d965ccfc6d4b" outcome="Passed" testListId="8c84fa94-04c1-424b-9868-57a2d4851a1d" relativeResultsDirectory="0b6b9d78-1bf0-4685-9034-ea5ea8215fe6" />
    <UnitTestResult executionId="3e413c86-ed4b-49ef-abfb-15ae79d0c732" testId="24ebf81a-4ba2-f1d8-288b-e93cea72435d" testName="Confirmai.Tests.GroupInviteCodeGenerationTests.SaveChanges_GeneratesInviteCode_WhenMissing" computerName="DESKTOP-EO2KNBC" duration="00:00:00.0081007" startTime="2026-05-27T05:11:13.9791455-03:00" endTime="2026-05-27T05:11:13.9870866-03:00" testType="13cdc9d9-ddb5-4fa4-a97d-d965ccfc6d4b" outcome="Passed" testListId="8c84fa94-04c1-424b-9868-57a2d4851a1d" relativeResultsDirectory="3e413c86-ed4b-49ef-abfb-15ae79d0c732" />
    <UnitTestResult executionId="4b1230c8-fa82-4573-90dd-48cab3dbd684" testId="f1185046-1238-4015-a814-9f9d79a20d00" testName="Confirmai.Tests.FutsalIntegrationTests.FutsalIndex_Returns200_ForAnonymousUser" computerName="DESKTOP-EO2KNBC" duration="00:00:00.0037083" startTime="2026-05-27T05:11:15.5698462-03:00" endTime="2026-05-27T05:11:15.5736203-03:00" testType="13cdc9d9-ddb5-4fa4-a97d-d965ccfc6d4b" outcome="Passed" testListId="8c84fa94-04c1-424b-9868-57a2d4851a1d" relativeResultsDirectory="4b1230c8-fa82-4573-90dd-48cab3dbd684" />
    <UnitTestResult executionId="4b2d58d3-cc77-4960-b35d-e447461b7bff" testId="52c90187-dc10-1d3b-6908-5adb2ac4c74a" testName="Confirmai.Tests.FullFlowRecentFeaturesIntegrationTests.SetLanguage_UnsafeReturnUrl_RedirectsHome_AndStillSetsLanguageCookie" computerName="DESKTOP-EO2KNBC" duration="00:00:00.1887967" startTime="2026-05-27T05:11:14.5278300-03:00" endTime="2026-05-27T05:11:14.7169524-03:00" testType="13cdc9d9-ddb5-4fa4-a97d-d965ccfc6d4b" outcome="Passed" testListId="8c84fa94-04c1-424b-9868-57a2d4851a1d" relativeResultsDirectory="4b2d58d3-cc77-4960-b35d-e447461b7bff" />
    <UnitTestResult executionId="f57d8d25-8656-41de-9bba-8aa25087100e" testId="03c098c1-6d10-e958-6ce3-0c190f0b34e6" testName="Confirmai.Tests.CurrencyPreferenceServiceTests.DefaultsToUsd" computerName="DESKTOP-EO2KNBC" duration="00:00:00.0000493" startTime="2026-05-27T05:11:15.4789411-03:00" endTime="2026-05-27T05:11:15.4789803-03:00" testType="13cdc9d9-ddb5-4fa4-a97d-d965ccfc6d4b" outcome="Passed" testListId="8c84fa94-04c1-424b-9868-57a2d4851a1d" relativeResultsDirectory="f57d8d25-8656-41de-9bba-8aa25087100e" />
    <UnitTestResult executionId="7a817a78-f934-408c-b7b3-bfd3cc95aa97" testId="bece6eaf-4244-d977-6504-cbe6ad1ad74b" testName="Confirmai.Tests.CurrencyPreferenceServiceTests.SetCurrency_AllowsBrl_AndFallsBackToUsd" computerName="DESKTOP-EO2KNBC" duration="00:00:00.0001805" startTime="2026-05-27T05:11:15.4786508-03:00" endTime="2026-05-27T05:11:15.4788159-03:00" testType="13cdc9d9-ddb5-4fa4-a97d-d965ccfc6d4b" outcome="Passed" testListId="8c84fa94-04c1-424b-9868-57a2d4851a1d" relativeResultsDirectory="7a817a78-f934-408c-b7b3-bfd3cc95aa97" />
    <UnitTestResult executionId="be760d22-098d-489c-ac05-0e77f9b090fa" testId="9dbb7ab7-d779-87e6-95bf-364c8e6f83d1" testName="Confirmai.Tests.AdminLogsExportServiceTests.BuildExportFileName_WithFilters_ReturnsNormalizedAndDeterministicName" computerName="DESKTOP-EO2KNBC" duration="00:00:00.0007284" startTime="2026-05-27T05:11:15.1344854-03:00" endTime="2026-05-27T05:11:15.1345303-03:00" testType="13cdc9d9-ddb5-4fa4-a97d-d965ccfc6d4b" outcome="Passed" testListId="8c84fa94-04c1-424b-9868-57a2d4851a1d" relativeResultsDirectory="be760d22-098d-489c-ac05-0e77f9b090fa" />
[...]
    <TestEntry testId="d4b014f1-ad25-c9cc-5a3c-a5a1af35d3c4" executionId="93bfbc7a-ebe6-4973-925b-20546c7256e1" testListId="8c84fa94-04c1-424b-9868-57a2d4851a1d" />
    <TestEntry testId="22e7ec22-7c57-c97d-0e5d-87c339e412ec" executionId="5a07f7e6-1741-4178-8a08-d415b0a0a000" testListId="8c84fa94-04c1-424b-9868-57a2d4851a1d" />
    <TestEntry testId="4bff6a18-6d2a-eaac-7fcd-b3afca3842a6" executionId="a7ed29c3-7279-4775-99d2-139b58a54fff" testListId="8c84fa94-04c1-424b-9868-57a2d4851a1d" />
    <TestEntry testId="efbe9a6a-29ea-35d5-5071-0a9a77cedffa" executionId="d299e6e1-c080-4f09-a9bf-a606f2553c9c" testListId="8c84fa94-04c1-424b-9868-57a2d4851a1d" />
    <TestEntry testId="2b2fd9e6-99e0-1f9f-5e90-cd4bf0fac7ba" executionId="19623b73-113b-47b5-89ad-1bdda1b047fa" testListId="8c84fa94-04c1-424b-9868-57a2d4851a1d" />
    <TestEntry testId="82f7ba8b-3713-62d1-5f8f-140f5627dd34" executionId="5437b40d-fc74-4f85-85f6-f0fe13d96094" testListId="8c84fa94-04c1-424b-9868-57a2d4851a1d" />
    <TestEntry testId="060810d2-bb61-84e8-a5c1-662929ecfe3f" executionId="197ace02-aa36-49a5-bb23-0756bc47230a" testListId="8c84fa94-04c1-424b-9868-57a2d4851a1d" />
    <TestEntry testId="53a42ce8-7192-2367-b5de-48eb2ea23bd5" executionId="aeb9d036-043c-4f3b-8f33-ea0616d2a1a8" testListId="8c84fa94-04c1-424b-9868-57a2d4851a1d" />
    <TestEntry testId="3292d2aa-ff51-2383-40dd-f3b83d4eecf2" executionId="e15849ae-c341-40cd-9c15-e7d94d88d455" testListId="8c84fa94-04c1-424b-9868-57a2d4851a1d" />
    <TestEntry testId="42262a25-a97b-a0ed-8b3f-2bfcb41e0edf" executionId="94e316fb-25e9-4966-9ad7-cc68214feb97" testListId="8c84fa94-04c1-424b-9868-57a2d4851a1d" />
    <TestEntry testId="21fcfdbc-cdd9-9dcc-5266-8993010a0454" executionId="9366f645-0a04-4bc5-b059-f708fa1ff802" testListId="8c84fa94-04c1-424b-9868-57a2d4851a1d" />
    <TestEntry testId="0f5bd7db-b439-9b9a-506d-979261738382" executionId="39790ea0-ee28-4fc4-a34b-e9b60c5d6022" testListId="8c84fa94-04c1-424b-9868-57a2d4851a1d" />
    <TestEntry testId="305f3169-b73a-70e6-fec8-c107f0097779" executionId="e19647d0-6f20-463a-9805-73c7c9c72813" testListId="8c84fa94-04c1-424b-9868-57a2d4851a1d" />
    <TestEntry testId="9ae1f618-ad90-a021-349e-0de641f62e6c" executionId="5a321bc7-c266-4c04-b2b7-21766d5f6a63" testListId="8c84fa94-04c1-424b-9868-57a2d4851a1d" />
    <TestEntry testId="9cda556a-31f4-6397-e514-45012b25d7a6" executionId="0ddd729c-c62b-4db7-a32c-d9ead7e6695a" testListId="8c84fa94-04c1-424b-9868-57a2d4851a1d" />
    <TestEntry testId="0a7ab669-afd0-13b4-e8e0-ed89db62e5f2" executionId="ee5de523-8e10-45ba-9712-b2317e55adfa" testListId="8c84fa94-04c1-424b-9868-57a2d4851a1d" />
    <TestEntry testId="11b4ea49-3b2f-82bf-e1ab-ac4b39e1db32" executionId="88f1ccfb-3893-47e1-8eb8-c5bcb6701847" testListId="8c84fa94-04c1-424b-9868-57a2d4851a1d" />
  </TestEntries>
  <TestLists>
    <TestList name="Results Not in a List" id="8c84fa94-04c1-424b-9868-57a2d4851a1d" />
    <TestList name="All Loaded Results" id="19431567-8539-422a-85d7-44ee4e166bda" />
  </TestLists>
  <ResultSummary outcome="Completed">
    <Counters total="393" executed="393" passed="393" failed="0" error="0" timeout="0" aborted="0" inconclusive="0" passedButRunAborted="0" notRunnable="0" notExecuted="0" disconnected="0" warning="0" completed="0" inProgress="0" pending="0" />
    <Output>
      <StdOut>[xUnit.net 00:00:00.00] xUnit.net VSTest Adapter v3.1.4+50e68bbb8b (64-bit .NET 9.0.13)&#xD;
[xUnit.net 00:00:00.09]   Discovering: Confirmai.Tests&#xD;
[xUnit.net 00:00:00.16]   Discovered:  Confirmai.Tests&#xD;
[xUnit.net 00:00:00.21]   Starting:    Confirmai.Tests&#xD;
[05:11:13 INF] Confirmai.Services.AppInitializationService: Usu�rio admin seed criado: admin@test.local&#xD;
[05:11:13 INF] Confirmai.Services.AppInitializationService: Usu�rio admin@test.local promovido a admin.&#xD;
[05:11:13 INF] Confirmai.Services.AppInitializationService: Usu�rio admin seed criado: admin@test.local&#xD;
[05:11:13 INF] Confirmai.Services.AppInitializationService: Usu�rio admin@test.local promovido a admin.&#xD;
[05:11:13 INF] Confirmai.Services.AppInitializationService: Usu�rio admin seed criado: admin@test.local&#xD;
[05:11:13 INF] Confirmai.Services.AppInitializationService: Usu�rio admin@test.local promovido a admin.&#xD;
[05:11:13 INF] Confirmai.Services.AppInitializationService: Usu�rio admin seed criado: admin@test.local&#xD;
[05:11:13 INF] Confirmai.Services.AppInitializationService: Usu�rio admin@test.local promovido a admin.&#xD;
[05:11:13 INF] Confirmai.Services.AppInitializationService: Usu�rio admin seed criado: admin@test.local&#xD;
[05:11:13 INF] Confirmai.Services.AppInitializationService: Usu�rio admin@test.local promovido a admin.&#xD;
[05:11:13 INF] Confirmai.Services.LogService: [Webhook] Webhook chamado.&#xD;
[05:11:13 INF] Confirmai.Services.LogService: [Webhook] Webhook chamado.&#xD;
[05:11:13 WRN] Confirmai.Services.LogService: [Webhook] Tentativa de acesso negada ao webhook. Header recebido: 'null'. IP: &#xD;
[05:11:13 INF] Confirmai.Services.LogService: [Webhook] Webhook chamado. Body recebido: {"invoiceId":"inv-flow-dup-1","type":"InvoiceSettled"}&#xD;
[05:11:13 INF] Confirmai.Services.LogService: [Webhook] Webhook recebido: status=InvoiceSettled, invoiceId=inv-flow-dup-1, deliveryId=&#xD;
[05:11:13 INF] Confirmai.Services.LogService: [AdminSecurityPolicy] Security policy updated. RequireConfirmedEmail: True -&gt; False; LockoutMaxFailedAccessAttempts: 5 -&gt; 4; LockoutMinutes: 15 -&gt; 22.&#xD;
[05:11:13 INF] Confirmai.Services.LogService: [Payments] Pagamento confirmado via webhook BtcPay (invoice inv-flow-dup-1).&#xD;
[05:11:13 INF] Confirmai.Services.LogService: [Webhook] Pagamento confirmado: paymentId=1, userId=buyer-flow-dup, productId=1&#xD;
[05:11:13 INF] Confirmai.Services.LogService: [Webhook] Webhook chamado.&#xD;
[05:11:13 INF] Confirmai.Services.LogService: [Webhook] Webhook chamado. Body recebido: {"invoiceId":"inv-flow-dup-1","type":"InvoiceSettled"}&#xD;
[05:11:13 INF] Confirmai.Services.LogService: [Webhook] Webhook recebido: status=InvoiceSettled, invoiceId=inv-flow-dup-1, deliveryId=&#xD;
[05:11:13 INF] Confirmai.Services.LogService: [Webhook] Pagamento j� est� marcado como pago para invoiceId=inv-flow-dup-1&#xD;
[05:11:13 INF] Confirmai.Services.LogService: [Webhook] Webhook chamado.&#xD;
[05:11:13 WRN] Confirmai.Services.LogService: [Webhook] Tentativa de acesso negada ao webhook. Header recebido: ' expected-secret '. IP: &#xD;
[05:11:13 INF] Confirmai.Services.LogService: [Webhook] Webhook chamado.&#xD;
[05:11:13 INF] Confirmai.Services.LogService: [Webhook] Webhook chamado. Body recebido: {"invoiceId":"inv-flow-1","type":"InvoiceSettled"}&#xD;
[05:11:13 INF] Confirmai.Services.LogService: [Webhook] Webhook recebido: status=InvoiceSettled, invoiceId=inv-flow-1, deliveryId=&#xD;
[05:11:13 INF] Confirmai.Services.LogService: [Payments] Pagamento confirmado via webhook BtcPay (invoice inv-flow-1).&#xD;
[05:11:13 INF] Confirmai.Services.LogService: [Webhook] Pagamento confirmado: paymentId=2, userId=buyer-flow-1, productId=2&#xD;
[05:11:13 INF] Confirmai.Services.LogService: [Webhook] Webhook chamado.&#xD;
[05:11:13 INF] Confirmai.Services.LogService: [Webhook] Webhook chamado. Body recebido: {"invoiceId":"inv-http-idempotent","type":"InvoiceSettled"}&#xD;
[05:11:13 INF] Confirmai.Services.LogService: [Webhook] Webhook recebido: status=InvoiceSettled, invoiceId=inv-http-idempotent, deliveryId=&#xD;
[05:11:13 INF] Confirmai.Services.LogService: [Payments] Pagamento confirmado via webhook BtcPay (invoice inv-http-idempotent).&#xD;
[05:11:13 INF] Confirmai.Services.LogService: [Webhook] Pagamento confirmado: paymentId=2, userId=buyer-int-1, productId=2&#xD;
[05:11:13 INF] Confirmai.Services.LogService: [Webhook] Webhook chamado.&#xD;
[05:11:13 INF] Confirmai.Services.LogService: [Webhook] Webhook chamado. Body recebido: {"invoiceId":"inv-http-idempotent","type":"InvoiceSettled"}&#xD;
[05:11:13 INF] Confirmai.Services.LogService: [Webhook] Webhook recebido: status=InvoiceSettled, invoiceId=inv-http-idempotent, deliveryId=&#xD;
[05:11:13 INF] Confirmai.Services.LogService: [Webhook] Pagamento j� est� marcado como pago para invoiceId=inv-http-idempotent&#xD;
[05:11:13 INF] Confirmai.Services.LogService: [Webhook] Webhook chamado.&#xD;
[05:11:13 WRN] Confirmai.Services.LogService: [Webhook] Tentativa de acesso negada ao webhook. Header recebido: 'null'. IP: &#xD;
[05:11:13 INF] Confirmai.Services.LogService: [Webhook] Webhook chamado.&#xD;
[05:11:13 INF] Confirmai.Services.LogService: [Webhook] Webhook chamado. Body recebido: {"invoiceId":"inv-http-processing","type":"InvoiceProcessing"}&#xD;
[05:11:13 INF] Confirmai.Services.LogService: [Webhook] Webhook recebido: status=InvoiceProcessing, invoiceId=inv-http-processing, deliveryId=&#xD;
[05:11:13 INF] Confirmai.Services.AppInitializationService: Usu�rio admin seed criado: admin@test.local&#xD;
[05:11:13 INF] Confirmai.Services.LogService: [Webhook] Webhook chamado.&#xD;
[05:11:13 INF] Confirmai.Services.LogService: [Webhook] Webhook chamado. Body recebido: {"invoiceId":"   ","type":" \t "}&#xD;
[05:11:13 WRN] Confirmai.Services.LogService: [Webhook] Payload do webhook com invoiceId/type vazios.&#xD;
[05:11:13 INF] Confirmai.Services.AppInitializationService: Usu�rio admin@test.local promovido a admin.&#xD;
[05:11:13 INF] Confirmai.Services.LogService: [Webhook] Webhook chamado.&#xD;
[05:11:13 WRN] Confirmai.Services.LogService: [Webhook] Payload do webhook excede limite permitido (2131 bytes). Limite: 256 bytes.&#xD;
[05:11:13 INF] Confirmai.Services.LogService: [Webhook] Webhook chamado.&#xD;
[05:11:13 INF] Confirmai.Services.LogService: [Webhook] Webhook chamado. Body recebido: {invalid-json&#xD;
[05:11:14 WRN] Confirmai.Services.LogService: [Webhook] Payload JSON inv�lido no webhook: 'i' is an invalid start of a property name. Expected a '"'. LineNumber: 0 | BytePositionInLine: 1.&#xD;
[05:11:14 INF] Confirmai.Services.LogService: [Webhook] Webhook chamado.&#xD;
[05:11:14 INF] Confirmai.Services.LogService: [Webhook] Webhook chamado. Body recebido: {"invoiceId":"inv-http-missing","type":"InvoiceSettled"}&#xD;
[05:11:14 INF] Confirmai.Services.LogService: [Webhook] Webhook recebido: status=InvoiceSettled, invoiceId=inv-http-missing, deliveryId=&#xD;
[05:11:14 WRN] Confirmai.Services.LogService: [Webhook] Pagamento nao encontrado para invoiceId=inv-http-missing&#xD;
[05:11:14 INF] Confirmai.Services.AppInitializationService: Usu�rio admin seed criado: admin@test.local&#xD;
[05:11:14 INF] Confirmai.Services.AppInitializationService: Usu�rio admin@test.local promovido a admin.&#xD;
[05:11:14 INF] Confirmai.Services.AppInitializationService: Usu�rio admin seed criado: admin@test.local&#xD;
[05:11:14 INF] Confirmai.Services.AppInitializationService: Usu�rio admin@test.local promovido a admin.&#xD;
[05:11:14 INF] Confirmai.Services.LogService: [Webhook] Webhook chamado.&#xD;
[05:11:14 WRN] Confirmai.Services.LogService: [Webhook] Tentativa de acesso negada ao webhook. Header recebido: 'null'. IP: &#xD;
[05:11:14 INF] Confirmai.Services.AppInitializationService: Usu�rio admin seed criado: admin@test.local&#xD;
[05:11:14 INF] Confirmai.Services.AppInitializationService: Usu�rio admin@test.local promovido a admin.&#xD;
[05:11:14 INF] Confirmai.Services.LogService: [Webhook] Webhook chamado.&#xD;
[05:11:14 INF] Confirmai.Services.LogService: [Webhook] Webhook chamado. Body recebido: {"invoiceId":"inv-http-unicode-valid","type":"InvoiceSettled","note":"linha\ncom\ttab e unicode \u20AC"}&#xD;
[05:11:14 INF] Confirmai.Services.LogService: [Webhook] Webhook recebido: status=InvoiceSettled, invoiceId=inv-http-unicode-valid, deliveryId=&#xD;
[05:11:14 INF] Confirmai.Services.LogService: [Payments] Pagamento confirmado via webhook BtcPay (invoice inv-http-unicode-valid).&#xD;
[05:11:14 INF] Confirmai.Services.LogService: [Webhook] Pagamento confirmado: paymentId=9, userId=buyer-int-1, productId=9&#xD;
[05:11:14 INF] Confirmai.Services.LogService: [Webhook] Webhook chamado.&#xD;
[05:11:14 INF] Confirmai.Services.LogService: [Webhook] Webhook chamado. Body recebido: {"invoiceId":"inv-http-paid","type":"InvoiceSettled"}&#xD;
[05:11:14 INF] Confirmai.Services.LogService: [Webhook] Webhook recebido: status=InvoiceSettled, invoiceId=inv-http-paid, deliveryId=&#xD;
[05:11:14 INF] Confirmai.Services.LogService: [Payments] Pagamento confirmado via webhook BtcPay (invoice inv-http-paid).&#xD;
[05:11:14 INF] Confirmai.Services.LogService: [Webhook] Pagamento confirmado: paymentId=10, userId=buyer-int-1, productId=10&#xD;
[05:11:14 INF] Confirmai.Services.LogService: [Webhook] Webhook chamado.&#xD;
[05:11:14 WRN] Confirmai.Services.LogService: [Webhook] Tentativa de acesso negada ao webhook. Header recebido: 'EXPECTED-SECRET'. IP: &#xD;
[05:11:14 INF] Confirmai.Tests.TestAuthHandler: AuthenticationScheme: TestAuth was challenged.&#xD;
[05:11:14 INF] Confirmai.Services.LogService: [Webhook] Webhook chamado.&#xD;
[05:11:14 WRN] Confirmai.Services.LogService: [Webhook] Tentativa de acesso negada ao webhook. Header recebido: 'wrong-secret'. IP: &#xD;
[05:11:14 INF] Confirmai.Services.LogService: [Webhook] Webhook chamado.&#xD;
[05:11:14 WRN] Confirmai.Services.LogService: [Webhook] Payload do webhook excede limite permitido (2116 bytes). Limite: 256 bytes.&#xD;
[05:11:14 INF] Confirmai.Services.LogService: [Webhook] Webhook chamado.&#xD;
[05:11:14 INF] Confirmai.Services.LogService: [Webhook] Webhook chamado. Body recebido: {"invoiceId":"inv-http-utf8-at-limit","type":"InvoiceSettled","note":"aaaaaaaaaaaaaaaaaaaaaaaaaaaaaaaaaaaaaaaaaaaaaaaaaaaaaaaaaaaaaaaaaaaaaaaaaaaaaaaaaaaaaaaaaaaaaaaaaaaaaaaaaaaaaaaaaaaaaaaaaaaaaaaaaaaaaaaaaaaaaaaaaaaaaaaaaaaaaaaaaaaaaaaaaaaaaaaaaaaaaaaa"}&#xD;
[05:11:14 INF] Confirmai.Services.LogService: [Webhook] Webhook recebido: status=InvoiceSettled, invoiceId=inv-http-utf8-at-limit, deliveryId=&#xD;
[05:11:14 INF] Confirmai.Services.LogService: [Payments] Pagamento confirmado via webhook BtcPay (invoice inv-http-utf8-at-limit).&#xD;
[05:11:14 INF] Confirmai.Services.LogService: [Webhook] Pagamento confirmado: paymentId=13, userId=buyer-int-1, productId=13&#xD;
[05:11:14 INF] Confirmai.Services.LogService: [Webhook] Webhook chamado.&#xD;
[05:11:14 INF] Confirmai.Services.LogService: [Webhook] Webhook chamado. Body recebido: {"invoiceId":"inv-http-at-limit","type":"InvoiceSettled","note":"aaaaaaaaaaaaaaaaaaaaaaaaaaaaaaaaaaaaaaaaaaaaaaaaaaaaaaaaaaaaaaaaaaaaaaaaaaaaaaaaaaaaaaaaaaaaaaaaaaaaaaaaaaaaaaaaaaaaaaaaaaaaaaaaaaaaaaaaaaaaaaaaaaaaaaaaaaaaaaaaaaaaaaaaaaaaaaaaaaaaaaaaaaaaa"}&#xD;
[05:11:14 INF] Confirmai.Services.LogService: [Webhook] Webhook recebido: status=InvoiceSettled, invoiceId=inv-http-at-limit, deliveryId=&#xD;
[05:11:14 INF] Confirmai.Services.LogService: [Payments] Pagamento confirmado via webhook BtcPay (invoice inv-http-at-limit).&#xD;
[05:11:14 INF] Confirmai.Services.LogService: [Webhook] Pagamento confirmado: paymentId=14, userId=buyer-int-1, productId=14&#xD;
[05:11:14 INF] Confirmai.Services.LogService: [Webhook] Webhook chamado.&#xD;
[05:11:14 WRN] Confirmai.Services.LogService: [Webhook] Payload do webhook excede limite permitido (433 bytes). Limite: 256 bytes.&#xD;
[05:11:14 INF] Confirmai.Services.AppInitializationService: Usu�rio admin seed criado: admin@test.local&#xD;
[05:11:14 INF] Confirmai.Services.AppInitializationService: Usu�rio admin@test.local promovido a admin.&#xD;
[05:11:14 INF] Confirmai.Services.AppInitializationService: Usu�rio admin seed criado: admin@test.local&#xD;
[05:11:14 INF] Confirmai.Services.AppInitializationService: Usu�rio admin seed criado: admin@test.local&#xD;
[05:11:14 INF] Confirmai.Services.AppInitializationService: Usu�rio admin@test.local promovido a admin.&#xD;
[05:11:14 INF] Confirmai.Services.AppInitializationService: Usu�rio admin@test.local promovido a admin.&#xD;
[05:11:14 INF] Confirmai.Services.LogService: [Webhook] Webhook chamado.&#xD;
[05:11:14 INF] Confirmai.Services.LogService: [Webhook] Webhook chamado. Body recebido: {"invoiceId":12345,"type":999}&#xD;
[05:11:14 WRN] Confirmai.Services.LogService: [Webhook] Payload do webhook com tipos inv�lidos para invoiceId/type.&#xD;
[05:11:14 INF] Confirmai.Services.LogService: [Webhook] Webhook chamado.&#xD;
[05:11:14 WRN] Confirmai.Services.LogService: [Webhook] Payload do webhook excede limite permitido (508 bytes). Limite: 256 bytes.&#xD;
[05:11:14 INF] Confirmai.Services.LogService: [Webhook] Webhook chamado.&#xD;
[05:11:14 INF] Confirmai.Services.LogService: [Webhook] Webhook chamado. Body recebido: {"invoiceId":"inv-http-secret-case","type":"InvoiceSettled"}&#xD;
[05:11:14 INF] Confirmai.Services.LogService: [Webhook] Webhook recebido: status=InvoiceSettled, invoiceId=inv-http-secret-case, deliveryId=&#xD;
[05:11:14 INF] Confirmai.Services.LogService: [Payments] Pagamento confirmado via webhook BtcPay (invoice inv-http-secret-case).&#xD;
[05:11:14 INF] Confirmai.Services.LogService: [Webhook] Pagamento confirmado: paymentId=18, userId=buyer-int-1, productId=18&#xD;
[05:11:14 WRN] Confirmai.Services.LogService: [Identity] Tentativa de login inv�lida: runtime-lockout@test.local.&#xD;
[05:11:14 INF] Confirmai.Services.AppInitializationService: Usu�rio admin seed criado: admin@test.local&#xD;
[05:11:14 INF] Confirmai.Services.AppInitializationService: Usu�rio admin@test.local promovido a admin.&#xD;
[05:11:14 INF] Confirmai.Services.LogService: [Webhook] Webhook chamado.&#xD;
[05:11:14 INF] Confirmai.Services.LogService: [Webhook] Webhook chamado. Body recebido: {"invoiceId":"","type":""}&#xD;
[05:11:14 WRN] Confirmai.Services.LogService: [Webhook] Payload do webhook com invoiceId/type vazios.&#xD;
[05:11:14 WRN] Confirmai.Services.LogService: [Identity] Usu�rio bloqueado por excesso de tentativas: runtime-lockout@test.local.&#xD;
[05:11:14 INF] Confirmai.Services.AppInitializationService: Usu�rio admin seed criado: admin@test.local&#xD;
[05:11:14 INF] Confirmai.Services.AppInitializationService: Usu�rio admin@test.local promovido a admin.&#xD;
[05:11:14 INF] Confirmai.Services.LogService: [Identity] Login bem-sucedido: runtime-unconfirmed@test.local.&#xD;
[05:11:15 INF] Confirmai.Services.AppInitializationService: Usu�rio admin seed criado: admin@test.local&#xD;
[05:11:15 INF] Confirmai.Services.AppInitializationService: Usu�rio admin@test.local promovido a admin.&#xD;
[05:11:15 WRN] Confirmai.Services.LogService: [Identity] Tentativa de login inv�lida: lockout@test.local.&#xD;
[05:11:15 INF] Confirmai.Services.AppInitializationService: Usu�rio admin seed criado: admin@test.local&#xD;
[05:11:15 INF] Confirmai.Services.AppInitializationService: Usu�rio admin@test.local promovido a admin.&#xD;
[05:11:15 WRN] Confirmai.Services.LogService: [Identity] Tentativa de login inv�lida: lockout@test.local.&#xD;
[05:11:15 WRN] Confirmai.Services.LogService: [Identity] Tentativa de login inv�lida: lockout@test.local.&#xD;
[05:11:15 INF] Confirmai.Services.AppInitializationService: Usu�rio admin seed criado: admin@test.local&#xD;
[05:11:15 INF] Confirmai.Services.AppInitializationService: Usu�rio admin@test.local promovido a admin.&#xD;
[05:11:15 INF] Confirmai.Services.LogService: [AdminSettings] Configura�ao alterada: OperationFeePercent = 2.&#xD;
[05:11:15 INF] Confirmai.Services.LogService: [AdminSettings] Configura�ao alterada: OperationFeePercent = 3.75.&#xD;
[05:11:15 INF] Confirmai.Services.LogService: [AdminSettings] Configura�ao alterada: OperationFeePercent = 4.25.&#xD;
[05:11:15 WRN] Confirmai.Services.LogService: [Identity] Tentativa de login inv�lida: lockout@test.local.&#xD;
[05:11:15 WRN] Confirmai.Services.LogService: [Identity] Tentativa de login inv�lida: lockout@test.local.&#xD;
[xUnit.net 00:00:07.70]   Finished:    Confirmai.Tests&#xD;
</StdOut>
    </Output>
  </ResultSummary>
</TestRun>