<?xml version="1.0" encoding="utf-8"?>
<TestRun id="91656be9-d3a4-4ec6-bc5f-c4ed731ae392" name="FreezaPC@DESKTOP-EO2KNBC 2026-05-27 03:55:16" runUser="DESKTOP-EO2KNBC\FreezaPC" xmlns="http://microsoft.com/schemas/VisualStudio/TeamTest/2010">
  <Times creation="2026-05-27T03:55:16.3732473-03:00" queuing="2026-05-27T03:55:16.3732476-03:00" start="2026-05-27T03:55:15.6295036-03:00" finish="2026-05-27T03:55:24.5374666-03:00" />
  <TestSettings name="default" id="b34774fe-d645-430d-b935-a7b54d170068">
    <Deployment runDeploymentRoot="FreezaPC_DESKTOP-EO2KNBC_2026-05-27_03_55_16" />
  </TestSettings>
  <Results>
    <UnitTestResult executionId="fbc4876f-91b7-4723-a322-2ce320607d19" testId="d8fe2aa7-66ac-1c02-d8df-6e3469889f47" testName="Confirmai.Tests.ModelValidationTests.Event_Valid_WhenLineupConfirmedAtIsNull" computerName="DESKTOP-EO2KNBC" duration="00:00:00.0000917" startTime="2026-05-27T03:55:16.9271710-03:00" endTime="2026-05-27T03:55:16.9272113-03:00" testType="13cdc9d9-ddb5-4fa4-a97d-d965ccfc6d4b" outcome="Passed" testListId="8c84fa94-04c1-424b-9868-57a2d4851a1d" relativeResultsDirectory="fbc4876f-91b7-4723-a322-2ce320607d19" />
    <UnitTestResult executionId="c00732d4-5a80-4bcf-82c1-2eb3e796142a" testId="7281f629-690f-f5a7-a0ea-19cd3ec0801c" testName="Confirmai.Tests.RachaSchedulerServiceTests.GenerateEventsAsync_CreatesEventsForAllActiveSchedules_WhenMultipleExist" computerName="DESKTOP-EO2KNBC" duration="00:00:00.0490053" startTime="2026-05-27T03:55:18.2023963-03:00" endTime="2026-05-27T03:55:18.2515249-03:00" testType="13cdc9d9-ddb5-4fa4-a97d-d965ccfc6d4b" outcome="Passed" testListId="8c84fa94-04c1-424b-9868-57a2d4851a1d" relativeResultsDirectory="c00732d4-5a80-4bcf-82c1-2eb3e796142a" />
    <UnitTestResult executionId="3315d07b-9db0-4af9-a43a-fb266d80b887" testId="e3d40f7d-6949-e59d-3dce-e25647167720" testName="Confirmai.Tests.PaymentEventBusTests.NotifyPaymentConfirmed_InvokesMultipleSubscribers" computerName="DESKTOP-EO2KNBC" duration="00:00:00.0004577" startTime="2026-05-27T03:55:17.3024276-03:00" endTime="2026-05-27T03:55:17.3024712-03:00" testType="13cdc9d9-ddb5-4fa4-a97d-d965ccfc6d4b" outcome="Passed" testListId="8c84fa94-04c1-424b-9868-57a2d4851a1d" relativeResultsDirectory="3315d07b-9db0-4af9-a43a-fb266d80b887" />
    <UnitTestResult executionId="022d7d76-9586-4a4a-a583-ed5c26c23810" testId="3e8c52da-20ef-4feb-877c-d3d8e6ff8eaa" testName="Confirmai.Tests.FutsalIntegrationTests.FutsalIndex_ContainsFutsalTitle" computerName="DESKTOP-EO2KNBC" duration="00:00:00.0101975" startTime="2026-05-27T03:55:18.3446939-03:00" endTime="2026-05-27T03:55:18.3549836-03:00" testType="13cdc9d9-ddb5-4fa4-a97d-d965ccfc6d4b" outcome="Passed" testListId="8c84fa94-04c1-424b-9868-57a2d4851a1d" relativeResultsDirectory="022d7d76-9586-4a4a-a583-ed5c26c23810" />
    <UnitTestResult executionId="83663ab1-f1f3-46ca-abac-d2c9be69dce5" testId="27a522d0-c66c-1f2e-f0e0-f4ba3ccc4e8b" testName="Confirmai.Tests.WebhookEndpointIntegrationTests.WebhookEndpoint_ReturnsUnauthorized_WhenSecretHeaderHasDuplicateExpectedValues_AndDoesNotMutateData" computerName="DESKTOP-EO2KNBC" duration="00:00:00.3070238" startTime="2026-05-27T03:55:17.0454305-03:00" endTime="2026-05-27T03:55:17.3523684-03:00" testType="13cdc9d9-ddb5-4fa4-a97d-d965ccfc6d4b" outcome="Passed" testListId="8c84fa94-04c1-424b-9868-57a2d4851a1d" relativeResultsDirectory="83663ab1-f1f3-46ca-abac-d2c9be69dce5" />
    <UnitTestResult executionId="e0a90728-8ae0-4f9b-950d-b95db9762d56" testId="c74275ef-657d-a44c-0306-c087df01e5ca" testName="Confirmai.Tests.PiiSanitizerTests.MaskEmailsInJson_MasksEmailFieldCaseInsensitive" computerName="DESKTOP-EO2KNBC" duration="00:00:00.0001145" startTime="2026-05-27T03:55:16.8688009-03:00" endTime="2026-05-27T03:55:16.8688458-03:00" testType="13cdc9d9-ddb5-4fa4-a97d-d965ccfc6d4b" outcome="Passed" testListId="8c84fa94-04c1-424b-9868-57a2d4851a1d" relativeResultsDirectory="e0a90728-8ae0-4f9b-950d-b95db9762d56" />
    <UnitTestResult executionId="1e495ae8-38dd-4bdc-9c3c-c0f9b5036fe8" testId="6406a516-0098-da3f-9718-8ec78e8f115c" testName="Confirmai.Tests.AuthNavigationHelperTests.BuildLoginUrl_PrependsSlash_WhenMissing" computerName="DESKTOP-EO2KNBC" duration="00:00:00.0000496" startTime="2026-05-27T03:55:18.0411546-03:00" endTime="2026-05-27T03:55:18.0411943-03:00" testType="13cdc9d9-ddb5-4fa4-a97d-d965ccfc6d4b" outcome="Passed" testListId="8c84fa94-04c1-424b-9868-57a2d4851a1d" relativeResultsDirectory="1e495ae8-38dd-4bdc-9c3c-c0f9b5036fe8" />
    <UnitTestResult executionId="320e5157-5619-4e92-b826-85827d1ac376" testId="a0f994b5-61c6-e394-27cc-1b8ffe1934d2" testName="Confirmai.Tests.IdentityPageModelsIntegrationTests.RegisterConfirmation_Renders_WhenEmailIsProvided" computerName="DESKTOP-EO2KNBC" duration="00:00:00.0054966" startTime="2026-05-27T03:55:18.9054983-03:00" endTime="2026-05-27T03:55:18.9110628-03:00" testType="13cdc9d9-ddb5-4fa4-a97d-d965ccfc6d4b" outcome="Passed" testListId="8c84fa94-04c1-424b-9868-57a2d4851a1d" relativeResultsDirectory="320e5157-5619-4e92-b826-85827d1ac376" />
    <UnitTestResult executionId="6d23aefa-881c-4c45-80a4-434ace8ee3b4" testId="51c29fd7-ac0c-aedd-5ccb-094791c80f08" testName="Confirmai.Tests.AdminPaymentsFilterStateServiceTests.LoadAsync_WithStoredValues_ParsesState" computerName="DESKTOP-EO2KNBC" duration="00:00:00.0006241" startTime="2026-05-27T03:55:17.7033817-03:00" endTime="2026-05-27T03:55:17.7042401-03:00" testType="13cdc9d9-ddb5-4fa4-a97d-d965ccfc6d4b" outcome="Passed" testListId="8c84fa94-04c1-424b-9868-57a2d4851a1d" relativeResultsDirectory="6d23aefa-881c-4c45-80a4-434ace8ee3b4" />
    <UnitTestResult executionId="0de19148-480e-4062-8f63-0fce2358dc95" testId="caf7f350-ac89-5197-9087-887906785af0" testName="Confirmai.Tests.ModelValidationTests.UserMailboxMessage_Invalid_WhenBodyIsEmpty" computerName="DESKTOP-EO2KNBC" duration="00:00:00.0001161" startTime="2026-05-27T03:55:16.9276061-03:00" endTime="2026-05-27T03:55:16.9277165-03:00" testType="13cdc9d9-ddb5-4fa4-a97d-d965ccfc6d4b" outcome="Passed" testListId="8c84fa94-04c1-424b-9868-57a2d4851a1d" relativeResultsDirectory="0de19148-480e-4062-8f63-0fce2358dc95" />
    <UnitTestResult executionId="6aefb7a0-732e-4370-80da-6dd5bb1f3bc2" testId="d0e6c428-c1b4-3d4f-79b0-e0013deeee6e" testName="Confirmai.Tests.CryptoQuoteServiceTests.GetQuoteAsync_UsesNormalizedIdAndCache" computerName="DESKTOP-EO2KNBC" duration="00:00:00.0155847" startTime="2026-05-27T03:55:17.3037684-03:00" endTime="2026-05-27T03:55:17.3172037-03:00" testType="13cdc9d9-ddb5-4fa4-a97d-d965ccfc6d4b" outcome="Passed" testListId="8c84fa94-04c1-424b-9868-57a2d4851a1d" relativeResultsDirectory="6aefb7a0-732e-4370-80da-6dd5bb1f3bc2" />
    <UnitTestResult executionId="42bc99cd-7e40-455d-ba13-a19325a5f654" testId="94ee0d9a-c866-06ed-a341-037a6071cc27" testName="Confirmai.Tests.ProductServiceTests.AccentColor_IsNormalizedOnAdd(input: null, expected: null)" computerName="DESKTOP-EO2KNBC" duration="00:00:00.0059740" startTime="2026-05-27T03:55:18.7166450-03:00" endTime="2026-05-27T03:55:18.7171159-03:00" testType="13cdc9d9-ddb5-4fa4-a97d-d965ccfc6d4b" outcome="Passed" testListId="8c84fa94-04c1-424b-9868-57a2d4851a1d" relativeResultsDirectory="42bc99cd-7e40-455d-ba13-a19325a5f654" />
    <UnitTestResult executionId="755ab39e-1753-495c-8d13-96e9772d4ab7" testId="26b6bfdc-f43c-08de-a3ea-411a549edfdc" testName="Confirmai.Tests.AppDbContextFactoryTests.CreateDbContext_Throws_WhenConfigurationIsMissingOrPlaceholder" computerName="DESKTOP-EO2KNBC" duration="00:00:00.0283463" startTime="2026-05-27T03:55:16.2759078-03:00" endTime="2026-05-27T03:55:16.3103858-03:00" testType="13cdc9d9-ddb5-4fa4-a97d-d965ccfc6d4b" outcome="Passed" testListId="8c84fa94-04c1-424b-9868-57a2d4851a1d" relativeResultsDirectory="755ab39e-1753-495c-8d13-96e9772d4ab7" />
    <UnitTestResult executionId="7d61949f-c425-404a-bb67-2aa94c188227" testId="df656781-2ab4-bc1c-f4ae-2803d072f798" testName="Confirmai.Tests.RachaSchedulerServiceTests.GenerateEventsAsync_SetsCorrectProperties_OnGeneratedEvent" computerName="DESKTOP-EO2KNBC" duration="00:00:00.0342131" startTime="2026-05-27T03:55:18.1136861-03:00" endTime="2026-05-27T03:55:18.1479271-03:00" testType="13cdc9d9-ddb5-4fa4-a97d-d965ccfc6d4b" outcome="Passed" testListId="8c84fa94-04c1-424b-9868-57a2d4851a1d" relativeResultsDirectory="7d61949f-c425-404a-bb67-2aa94c188227" />
    <UnitTestResult executionId="188a303c-c2c2-49b9-92d3-a35a10ce96e3" testId="570b1a39-382a-3448-85f4-23163b3a594c" testName="Confirmai.Tests.BtcPayWebhookServiceTests.HandleAsync_ReturnsBadRequest_WhenInvoiceIdHasInvalidType" computerName="DESKTOP-EO2KNBC" duration="00:00:00.0015024" startTime="2026-05-27T03:55:18.3021556-03:00" endTime="2026-05-27T03:55:18.3035349-03:00" testType="13cdc9d9-ddb5-4fa4-a97d-d965ccfc6d4b" outcome="Passed" testListId="8c84fa94-04c1-424b-9868-57a2d4851a1d" relativeResultsDirectory="188a303c-c2c2-49b9-92d3-a35a10ce96e3" />
    <UnitTestResult executionId="b39031ec-fa35-49b7-a7f3-686e5158a93b" testId="cc72615d-8090-77aa-7583-beebd588465f" testName="Confirmai.Tests.ProductServiceTests.AddAsync_SetsRequiresDeliveryFalse" computerName="DESKTOP-EO2KNBC" duration="00:00:00.0062096" startTime="2026-05-27T03:55:18.7689822-03:00" endTime="2026-05-27T03:55:18.7750654-03:00" testType="13cdc9d9-ddb5-4fa4-a97d-d965ccfc6d4b" outcome="Passed" testListId="8c84fa94-04c1-424b-9868-57a2d4851a1d" relativeResultsDirectory="b39031ec-fa35-49b7-a7f3-686e5158a93b" />
    <UnitTestResult executionId="2cbbb40e-8937-4ebf-8b1e-34731a2160f4" testId="a8205da5-eb09-a6f3-e74d-00353522dd6e" testName="Confirmai.Tests.WebhookEndpointIntegrationTests.WebhookEndpoint_ReturnsBadRequest_WhenPayloadIsInvalid_AndDoesNotMutateData" computerName="DESKTOP-EO2KNBC" duration="00:00:00.0112041" startTime="2026-05-27T03:55:17.7041912-03:00" endTime="2026-05-27T03:55:17.7151118-03:00" testType="13cdc9d9-ddb5-4fa4-a97d-d965ccfc6d4b" outcome="Passed" testListId="8c84fa94-04c1-424b-9868-57a2d4851a1d" relativeResultsDirectory="2cbbb40e-8937-4ebf-8b1e-34731a2160f4" />
    <UnitTestResult executionId="27b78990-654a-4777-9175-4869b645d8ff" testId="d5041b6a-8cc7-8615-1271-c586b070bf3e" testName="Confirmai.Tests.BitcoinQuoteServiceTests.GetQuoteAsync_ReturnsCachedQuote_WhenHttpFails" computerName="DESKTOP-EO2KNBC" duration="00:00:00.0009907" startTime="2026-05-27T03:55:17.0914282-03:00" endTime="2026-05-27T03:55:17.0930885-03:00" testType="13cdc9d9-ddb5-4fa4-a97d-d965ccfc6d4b" outcome="Passed" testListId="8c84fa94-04c1-424b-9868-57a2d4851a1d" relativeResultsDirectory="27b78990-654a-4777-9175-4869b645d8ff" />
    <UnitTestResult executionId="34a4ee9b-5dca-4b57-8f27-c4759d2c31a4" testId="f1135a61-077d-7034-85fb-ab138eb710b0" testName="Confirmai.Tests.LocalStorageStateHelpersTests.GetPositiveIntAsync_And_GetNonNegativeIntAsync_ParseWithExpectedGuards" computerName="DESKTOP-EO2KNBC" duration="00:00:00.0008378" startTime="2026-05-27T03:55:17.1991692-03:00" endTime="2026-05-27T03:55:17.1999119-03:00" testType="13cdc9d9-ddb5-4fa4-a97d-d965ccfc6d4b" outcome="Passed" testListId="8c84fa94-04c1-424b-9868-57a2d4851a1d" relativeResultsDirectory="34a4ee9b-5dca-4b57-8f27-c4759d2c31a4" />
    <UnitTestResult executionId="5f3f75d6-5e0f-44b0-b146-6f1f9295387b" testId="151d7d41-263c-94a5-5bc8-53f30bce0e08" testName="Confirmai.Tests.AdminLogsFilterInferenceTests.InferQuickRangePreset_WhenDatesAreEmpty_ReturnsNone" computerName="DESKTOP-EO2KNBC" duration="00:00:00.0000755" startTime="2026-05-27T03:55:17.9329342-03:00" endTime="2026-05-27T03:55:17.9329786-03:00" testType="13cdc9d9-ddb5-4fa4-a97d-d965ccfc6d4b" outcome="Passed" testListId="8c84fa94-04c1-424b-9868-57a2d4851a1d" relativeResultsDirectory="5f3f75d6-5e0f-44b0-b146-6f1f9295387b" />
    <UnitTestResult executionId="2941c715-f697-4583-9b74-9b1f7d33d8a5" testId="33a2ec02-417f-ff84-b40e-037d108c5eb6" testName="Confirmai.Tests.FullFlowAuthenticationIdentityScenariosIntegrationTests.Login_RejectsPlainUsernameIdentifier_BecauseInputRequiresEmailFormat" computerName="DESKTOP-EO2KNBC" duration="00:00:00.6169822" startTime="2026-05-27T03:55:16.9296615-03:00" endTime="2026-05-27T03:55:17.5519615-03:00" testType="13cdc9d9-ddb5-4fa4-a97d-d965ccfc6d4b" outcome="Passed" testListId="8c84fa94-04c1-424b-9868-57a2d4851a1d" relativeResultsDirectory="2941c715-f697-4583-9b74-9b1f7d33d8a5" />
    <UnitTestResult executionId="c89b0b22-1db1-45cc-b5d1-bd507c3d374e" testId="21cdb632-ff6b-3206-5051-a5539bdfb2af" testName="Confirmai.Tests.AdminLogSortingIntegrationTests.Apply_WhenSortingByTimestampDescending_ReturnsNewestFirst" computerName="DESKTOP-EO2KNBC" duration="00:00:00.0052408" startTime="2026-05-27T03:55:18.2259727-03:00" endTime="2026-05-27T03:55:18.2296864-03:00" testType="13cdc9d9-ddb5-4fa4-a97d-d965ccfc6d4b" outcome="Passed" testListId="8c84fa94-04c1-424b-9868-57a2d4851a1d" relativeResultsDirectory="c89b0b22-1db1-45cc-b5d1-bd507c3d374e" />
    <UnitTestResult executionId="2ba56aca-1476-4dd9-b4f7-64dd3adcff8e" testId="d051f796-a442-81c2-6bec-b8cbfea89a26" testName="Confirmai.Tests.ProductServiceTests.GetAllAsync_ExcludesArchivedProducts" computerName="DESKTOP-EO2KNBC" duration="00:00:00.0200869" startTime="2026-05-27T03:55:18.7371288-03:00" endTime="2026-05-27T03:55:18.7570900-03:00" testType="13cdc9d9-ddb5-4fa4-a97d-d965ccfc6d4b" outcome="Passed" testListId="8c84fa94-04c1-424b-9868-57a2d4851a1d" relativeResultsDirectory="2ba56aca-1476-4dd9-b4f7-64dd3adcff8e" />
    <UnitTestResult executionId="c85612ee-1dd7-4d83-8b39-27359d217b11" testId="59b56359-e147-5cb1-faea-e98294d473b2" testName="Confirmai.Tests.LanguagePreferenceServiceTests.SetLanguage_UsesDefault_WhenInputIsNullOrWhitespace" computerName="DESKTOP-EO2KNBC" duration="00:00:00.0001039" startTime="2026-05-27T03:55:17.7160343-03:00" endTime="2026-05-27T03:55:17.7160790-03:00" testType="13cdc9d9-ddb5-4fa4-a97d-d965ccfc6d4b" outcome="Passed" testListId="8c84fa94-04c1-424b-9868-57a2d4851a1d" relativeResultsDirectory="c85612ee-1dd7-4d83-8b39-27359d217b11" />
    <UnitTestResult executionId="1c7e3503-dd53-47a2-96e2-8ff2da7023e2" testId="8dc16293-96bf-eb3f-e587-4f062f571bb5" testName="Confirmai.Tests.WebhookEndpointIntegrationTests.WebhookEndpoint_ReturnsBadRequest_WhenRequiredFieldsAreWhitespace_AndDoesNotMutateData" computerName="DESKTOP-EO2KNBC" duration="00:00:00.0557661" startTime="2026-05-27T03:55:17.6057814-03:00" endTime="2026-05-27T03:55:17.6712056-03:00" testType="13cdc9d9-ddb5-4fa4-a97d-d965ccfc6d4b" outcome="Passed" testListId="8c84fa94-04c1-424b-9868-57a2d4851a1d" relativeResultsDirectory="1c7e3503-dd53-47a2-96e2-8ff2da7023e2" />
    <UnitTestResult executionId="31bcf4f6-6978-4d47-aff2-5842e35c9c64" testId="b90d71cd-0ed9-cb27-da4c-8f5d1010a0f5" testName="Confirmai.Tests.BitcoinQuoteServiceTests.GetQuoteAsync_DoesNotCreateQuoteQueryLogs_WhenFetchingLiveData" computerName="DESKTOP-EO2KNBC" duration="00:00:00.0048436" startTime="2026-05-27T03:55:17.0932453-03:00" endTime="2026-05-27T03:55:17.0969046-03:00" testType="13cdc9d9-ddb5-4fa4-a97d-d965ccfc6d4b" outcome="Passed" testListId="8c84fa94-04c1-424b-9868-57a2d4851a1d" relativeResultsDirectory="31bcf4f6-6978-4d47-aff2-5842e35c9c64" />
    <UnitTestResult executionId="adebdaf7-3a70-480d-b4b2-ac82ce582d05" testId="6385dac2-1370-6b0a-dba6-7d6fa9d8c390" testName="Confirmai.Tests.WebhookEndpointIntegrationTests.WebhookEndpoint_ReturnsPayloadTooLarge_WhenBodyExceedsLimit_AndContentLengthIsUnknown" computerName="DESKTOP-EO2KNBC" duration="00:00:00.0216643" startTime="2026-05-27T03:55:17.6718620-03:00" endTime="2026-05-27T03:55:17.7035581-03:00" testType="13cdc9d9-ddb5-4fa4-a97d-d965ccfc6d4b" outcome="Passed" testListId="8c84fa94-04c1-424b-9868-57a2d4851a1d" relativeResultsDirectory="adebdaf7-3a70-480d-b4b2-ac82ce582d05" />
    <UnitTestResult executionId="74b87479-a007-4fbe-8a6b-6d4b2fc66dee" testId="53368183-c9b2-1ee8-8011-6667b3af93d9" testName="Confirmai.Tests.IdentityEmailSenderTests.SendEmailAsync_PersistsFallbackFiles_WhenSmtpIsDisabled" computerName="DESKTOP-EO2KNBC" duration="00:00:00.2147843" startTime="2026-05-27T03:55:18.6001232-03:00" endTime="2026-05-27T03:55:18.8151078-03:00" testType="13cdc9d9-ddb5-4fa4-a97d-d965ccfc6d4b" outcome="Passed" testListId="8c84fa94-04c1-424b-9868-57a2d4851a1d" relativeResultsDirectory="74b87479-a007-4fbe-8a6b-6d4b2fc66dee" />
    <UnitTestResult executionId="9f004c49-e565-414e-8145-217648f365d2" testId="0252d23b-1df5-4dba-37f8-e6cc7f6fb74c" testName="Confirmai.Tests.AppInitializationServiceTests.SeedAsync_PromotesExistingUserToAdmin_WhenUserExistsWithoutRole" computerName="DESKTOP-EO2KNBC" duration="00:00:01.4063397" startTime="2026-05-27T03:55:22.9837868-03:00" endTime="2026-05-27T03:55:24.3892062-03:00" testType="13cdc9d9-ddb5-4fa4-a97d-d965ccfc6d4b" outcome="Passed" testListId="8c84fa94-04c1-424b-9868-57a2d4851a1d" relativeResultsDirectory="9f004c49-e565-414e-8145-217648f365d2" />
    <UnitTestResult executionId="9aa85a4d-7a3a-40d9-949f-c400b3c2d651" testId="38d3e545-7815-35b3-1f53-9871b2c0d947" testName="Confirmai.Tests.MatchScheduleTests.EventEdit_WithNoRachaScheduleId_DoesNotThrow" computerName="DESKTOP-EO2KNBC" duration="00:00:00.0024336" startTime="2026-05-27T03:55:18.6696633-03:00" endTime="2026-05-27T03:55:18.6721005-03:00" testType="13cdc9d9-ddb5-4fa4-a97d-d965ccfc6d4b" outcome="Passed" testListId="8c84fa94-04c1-424b-9868-57a2d4851a1d" relativeResultsDirectory="9aa85a4d-7a3a-40d9-949f-c400b3c2d651" />
    <UnitTestResult executionId="6ed7b219-c68c-463f-ad8c-33df87588a63" testId="168a8463-bb53-5c5a-4159-af76ebb43fd9" testName="Confirmai.Tests.RachaSchedulerServiceTests.GetOccurrences_AllReturnedDatesHaveCorrectTime" computerName="DESKTOP-EO2KNBC" duration="00:00:00.0007840" startTime="2026-05-27T03:55:18.1502375-03:00" endTime="2026-05-27T03:55:18.1509168-03:00" testType="13cdc9d9-ddb5-4fa4-a97d-d965ccfc6d4b" outcome="Passed" testListId="8c84fa94-04c1-424b-9868-57a2d4851a1d" relativeResultsDirectory="6ed7b219-c68c-463f-ad8c-33df87588a63" />
    <UnitTestResult executionId="360782c6-e62f-49ca-b220-83401da27631" testId="5a0a40f5-37af-f757-54c8-c6e8d805b752" testName="Confirmai.Tests.PurchaseFlowIntegrationTests.DuplicateWebhookSettlement_KeepsSinglePaymentPaid" computerName="DESKTOP-EO2KNBC" duration="00:00:00.2586399" startTime="2026-05-27T03:55:18.3100423-03:00" endTime="2026-05-27T03:55:18.5706407-03:00" testType="13cdc9d9-ddb5-4fa4-a97d-d965ccfc6d4b" outcome="Passed" testListId="8c84fa94-04c1-424b-9868-57a2d4851a1d" relativeResultsDirectory="360782c6-e62f-49ca-b220-83401da27631" />
    <UnitTestResult executionId="856cf405-7fd9-4d1c-ba5e-ada5e7a06203" testId="0077510a-ad35-179f-acec-a76f0cd56782" testName="Confirmai.Tests.CryptoQuoteServiceTests.GetQuoteAsync_DoesNotCreateQuoteQueryLogs_WhenFetchingLiveData" computerName="DESKTOP-EO2KNBC" duration="00:00:00.0013956" startTime="2026-05-27T03:55:17.3185639-03:00" endTime="2026-05-27T03:55:17.3198855-03:00" testType="13cdc9d9-ddb5-4fa4-a97d-d965ccfc6d4b" outcome="Passed" testListId="8c84fa94-04c1-424b-9868-57a2d4851a1d" relativeResultsDirectory="856cf405-7fd9-4d1c-ba5e-ada5e7a06203" />
    <UnitTestResult executionId="1cd6f781-28f6-4e89-950e-694d519dc035" testId="a0c9d427-6269-20e7-5139-e050eb1c887e" testName="Confirmai.Tests.EventNotificationServiceTests.NotifyEventCancelledAsync_ExcludesOrganizer_FromRecipients" computerName="DESKTOP-EO2KNBC" duration="00:00:00.0038832" startTime="2026-05-27T03:55:18.0214516-03:00" endTime="2026-05-27T03:55:18.0251784-03:00" testType="13cdc9d9-ddb5-4fa4-a97d-d965ccfc6d4b" outcome="Passed" testListId="8c84fa94-04c1-424b-9868-57a2d4851a1d" relativeResultsDirectory="1cd6f781-28f6-4e89-950e-694d519dc035" />
    <UnitTestResult executionId="5476f938-81bd-42fd-b01e-b1d7dcc7db44" testId="58c75de8-db05-4049-463f-579eeeb90ec8" testName="Confirmai.Tests.IdentityPageModelsIntegrationTests.RegisterConfirmation_RedirectsToLogin_WhenEmailIsMissing" computerName="DESKTOP-EO2KNBC" duration="00:00:00.0039277" startTime="2026-05-27T03:55:18.9013482-03:00" endTime="2026-05-27T03:55:18.9053358-03:00" testType="13cdc9d9-ddb5-4fa4-a97d-d965ccfc6d4b" outcome="Passed" testListId="8c84fa94-04c1-424b-9868-57a2d4851a1d" relativeResultsDirectory="5476f938-81bd-42fd-b01e-b1d7dcc7db44" />
    <UnitTestResult executionId="78613006-644c-45e2-9508-d6ee4f19c810" testId="915cf5e2-de70-307f-c203-1d9fcae4ce84" testName="Confirmai.Tests.AdminPaymentsFilterStateServiceTests.SaveAsync_WhenJsInteropThrows_DoesNotPropagateException" computerName="DESKTOP-EO2KNBC" duration="00:00:00.0004621" startTime="2026-05-27T03:55:17.6934619-03:00" endTime="2026-05-27T03:55:17.6938444-03:00" testType="13cdc9d9-ddb5-4fa4-a97d-d965ccfc6d4b" outcome="Passed" testListId="8c84fa94-04c1-424b-9868-57a2d4851a1d" relativeResultsDirectory="78613006-644c-45e2-9508-d6ee4f19c810" />
    <UnitTestResult executionId="111662fc-ea45-4d1c-952b-407cdd03bffd" testId="b9c81452-49bb-b461-e7e9-d2f9b488cfeb" testName="Confirmai.Tests.RecentFeaturesIntegrationTests.SetLanguageRoute_SetsCookie_AndRedirectsToReturnUrl" computerName="DESKTOP-EO2KNBC" duration="00:00:00.0195510" startTime="2026-05-27T03:55:17.3530640-03:00" endTime="2026-05-27T03:55:17.3934654-03:00" testType="13cdc9d9-ddb5-4fa4-a97d-d965ccfc6d4b" outcome="Passed" testListId="8c84fa94-04c1-424b-9868-57a2d4851a1d" relativeResultsDirectory="111662fc-ea45-4d1c-952b-407cdd03bffd" />
    <UnitTestResult executionId="f1e916a2-7383-47e4-ba1f-1f52b591d3cb" testId="e105625a-13d8-ce91-b906-7b40241cc3a3" testName="Confirmai.Tests.LogRetentionServiceTests.RunAsync_DoesNotPurge_NonFinancialLogNewerThan90Days" computerName="DESKTOP-EO2KNBC" duration="00:00:00.0063843" startTime="2026-05-27T03:55:17.9436584-03:00" endTime="2026-05-27T03:55:17.9499320-03:00" testType="13cdc9d9-ddb5-4fa4-a97d-d965ccfc6d4b" outcome="Passed" testListId="8c84fa94-04c1-424b-9868-57a2d4851a1d" relativeResultsDirectory="f1e916a2-7383-47e4-ba1f-1f52b591d3cb" />
    <UnitTestResult executionId="5a14b5d0-a2a5-4a54-9f33-7067f25e355f" testId="40b27d24-5018-d2a7-c03b-4a2aab3f45c8" testName="Confirmai.Tests.ProtectedPagesIntegrationTests.AdminRoutes_ShowNotAuthorized_ForNonAdminUser(route: &quot;/admin/languages&quot;)" computerName="DESKTOP-EO2KNBC" duration="00:00:00.0218971" startTime="2026-05-27T03:55:17.6930708-03:00" endTime="2026-05-27T03:55:17.7192398-03:00" testType="13cdc9d9-ddb5-4fa4-a97d-d965ccfc6d4b" outcome="Passed" testListId="8c84fa94-04c1-424b-9868-57a2d4851a1d" relativeResultsDirectory="5a14b5d0-a2a5-4a54-9f33-7067f25e355f" />
    <UnitTestResult executionId="9bd91002-4d8f-4312-bb10-5ef65f39e4ae" testId="f6785cb6-f26d-70b6-1bf1-3f28165c49db" testName="Confirmai.Tests.BtcPayWebhookServiceTests.HandleAsync_RejectsSecondDeliveryWithSameDeliveryId" computerName="DESKTOP-EO2KNBC" duration="00:00:00.0041907" startTime="2026-05-27T03:55:18.2371685-03:00" endTime="2026-05-27T03:55:18.2412425-03:00" testType="13cdc9d9-ddb5-4fa4-a97d-d965ccfc6d4b" outcome="Passed" testListId="8c84fa94-04c1-424b-9868-57a2d4851a1d" relativeResultsDirectory="9bd91002-4d8f-4312-bb10-5ef65f39e4ae" />
    <UnitTestResult executionId="94ae92da-33df-4d90-9440-ae304690824f" testId="2f718626-9b84-e8cf-3dbe-c4489475bcbf" testName="Confirmai.Tests.ProtectedPagesIntegrationTests.AdminRoutes_ShowNotAuthorized_ForNonAdminUser(route: &quot;/admin/logs&quot;)" computerName="DESKTOP-EO2KNBC" duration="00:00:00.0105200" startTime="2026-05-27T03:55:17.8417123-03:00" endTime="2026-05-27T03:55:17.8577962-03:00" testType="13cdc9d9-ddb5-4fa4-a97d-d965ccfc6d4b" outcome="Passed" testListId="8c84fa94-04c1-424b-9868-57a2d4851a1d" relativeResultsDirectory="94ae92da-33df-4d90-9440-ae304690824f" />
    <UnitTestResult executionId="935371cc-a33b-43e5-87fd-f56cc08e427d" testId="867b1d7a-660d-4a4d-baa4-ad5c05a5d1ff" testName="Confirmai.Tests.EventNotificationServiceTests.NotifyNewRecurringEventAsync_ExcludesCreator_FromRecipients" computerName="DESKTOP-EO2KNBC" duration="00:00:00.0071970" startTime="2026-05-27T03:55:17.9448708-03:00" endTime="2026-05-27T03:55:17.9519263-03:00" testType="13cdc9d9-ddb5-4fa4-a97d-d965ccfc6d4b" outcome="Passed" testListId="8c84fa94-04c1-424b-9868-57a2d4851a1d" relativeResultsDirectory="935371cc-a33b-43e5-87fd-f56cc08e427d" />
    <UnitTestResult executionId="e3dd77b7-aa62-4060-992d-80c6f876c49b" testId="f201ed40-3521-5670-bea4-d59757950b00" testName="Confirmai.Tests.FutsalIntegrationTests.FutsalIndex_ShowsCreateLink_ForAuthenticatedUser" computerName="DESKTOP-EO2KNBC" duration="00:00:00.2943300" startTime="2026-05-27T03:55:17.5550728-03:00" endTime="2026-05-27T03:55:17.8500787-03:00" testType="13cdc9d9-ddb5-4fa4-a97d-d965ccfc6d4b" outcome="Passed" testListId="8c84fa94-04c1-424b-9868-57a2d4851a1d" relativeResultsDirectory="e3dd77b7-aa62-4060-992d-80c6f876c49b" />
    <UnitTestResult executionId="1927d65f-6df7-403e-822e-a9bb16777ae5" testId="2f026a53-6e18-62f7-f831-beacbed6ee4d" testName="Confirmai.Tests.ProductServiceTests.AccentColor_IsNormalizedOnAdd(input: &quot;#ff00aa&quot;, expected: &quot;#FF00AA&quot;)" computerName="DESKTOP-EO2KNBC" duration="00:00:00.0002745" startTime="2026-05-27T03:55:18.7181709-03:00" endTime="2026-05-27T03:55:18.7182106-03:00" testType="13cdc9d9-ddb5-4fa4-a97d-d965ccfc6d4b" outcome="Passed" testListId="8c84fa94-04c1-424b-9868-57a2d4851a1d" relativeResultsDirectory="1927d65f-6df7-403e-822e-a9bb16777ae5" />
    <UnitTestResult executionId="3d1d308e-0b86-4208-9837-8e199feca8de" testId="87fc1985-0963-6970-8031-0b9587870b68" testName="Confirmai.Tests.ProtectedPagesIntegrationTests.AdminRoutes_ShowNotAuthorized_ForNonAdminUser(route: &quot;/admin/users/view/user-123&quot;)" computerName="DESKTOP-EO2KNBC" duration="00:00:00.0153335" startTime="2026-05-27T03:55:17.8585812-03:00" endTime="2026-05-27T03:55:17.8913184-03:00" testType="13cdc9d9-ddb5-4fa4-a97d-d965ccfc6d4b" outcome="Passed" testListId="8c84fa94-04c1-424b-9868-57a2d4851a1d" relativeResultsDirectory="3d1d308e-0b86-4208-9837-8e199feca8de" />
    <UnitTestResult executionId="878e5935-55c1-4e41-820d-93f593e2ce94" testId="c31a9250-4eaa-ac76-f152-b0845db92d6e" testName="Confirmai.Tests.LogRetentionServiceTests.RunAsync_PurgesNonFinancialOperationalLog_OlderThan90Days" computerName="DESKTOP-EO2KNBC" duration="00:00:00.0023589" startTime="2026-05-27T03:55:17.9781279-03:00" endTime="2026-05-27T03:55:17.9803672-03:00" testType="13cdc9d9-ddb5-4fa4-a97d-d965ccfc6d4b" outcome="Passed" testListId="8c84fa94-04c1-424b-9868-57a2d4851a1d" relativeResultsDirectory="878e5935-55c1-4e41-820d-93f593e2ce94" />
    <UnitTestResult executionId="84b73c8f-559e-4012-9170-79961134b7a4" testId="6462a9bb-2b5d-e6a8-1440-f5c5a31edb89" testName="Confirmai.Tests.EventNotificationServiceTests.NotifyNewRecurringEventAsync_MessageBody_ContainsEventDetails" computerName="DESKTOP-EO2KNBC" duration="00:00:00.0039569" startTime="2026-05-27T03:55:17.9723901-03:00" endTime="2026-05-27T03:55:17.9763411-03:00" testType="13cdc9d9-ddb5-4fa4-a97d-d965ccfc6d4b" outcome="Passed" testListId="8c84fa94-04c1-424b-9868-57a2d4851a1d" relativeResultsDirectory="84b73c8f-559e-4012-9170-79961134b7a4" />
    <UnitTestResult executionId="a79b2588-4f4d-4ead-a4cc-8e8ae0035cc5" testId="9923ea8b-d653-18a0-2a8e-55c9c8bd629a" testName="Confirmai.Tests.IdentityPageModelsIntegrationTests.IdentityPages_RenderForAnonymousUser(route: &quot;/Identity/Account/Logout&quot;)" computerName="DESKTOP-EO2KNBC" duration="00:00:00.0490386" startTime="2026-05-27T03:55:18.8064733-03:00" endTime="2026-05-27T03:55:18.8555862-03:00" testType="13cdc9d9-ddb5-4fa4-a97d-d965ccfc6d4b" outcome="Passed" testListId="8c84fa94-04c1-424b-9868-57a2d4851a1d" relativeResultsDirectory="a79b2588-4f4d-4ead-a4cc-8e8ae0035cc5" />
    <UnitTestResult executionId="e7f6f2d8-c384-4332-9da9-f1bd4ed976a1" testId="d6364776-dc33-597d-62fc-de6f91857458" testName="Confirmai.Tests.PiiSanitizerTests.MaskEmailsInJson_LeavesNonEmailJsonUnchanged" computerName="DESKTOP-EO2KNBC" duration="00:00:00.0000961" startTime="2026-05-27T03:55:16.8690960-03:00" endTime="2026-05-27T03:55:16.8691362-03:00" testType="13cdc9d9-ddb5-4fa4-a97d-d965ccfc6d4b" outcome="Passed" testListId="8c84fa94-04c1-424b-9868-57a2d4851a1d" relativeResultsDirectory="e7f6f2d8-c384-4332-9da9-f1bd4ed976a1" />
    <UnitTestResult executionId="4dde4b68-3c1b-4fd8-ad15-6e2f97e8bfac" testId="bc2d380c-afd7-02dd-8588-bb441276b48b" testName="Confirmai.Tests.ProtectedPagesIntegrationTests.AdminRoutes_ShowNotAuthorized_ForNonAdminUser(route: &quot;/admin/gateways&quot;)" computerName="DESKTOP-EO2KNBC" duration="00:00:00.0526818" startTime="2026-05-27T03:55:17.9476803-03:00" endTime="2026-05-27T03:55:18.0007157-03:00" testType="13cdc9d9-ddb5-4fa4-a97d-d965ccfc6d4b" outcome="Passed" testListId="8c84fa94-04c1-424b-9868-57a2d4851a1d" relativeResultsDirectory="4dde4b68-3c1b-4fd8-ad15-6e2f97e8bfac" />
    <UnitTestResult executionId="eb63b40d-e179-44d6-86c7-9561e43e2fbf" testId="df7903c3-c0a6-07c8-f506-8032191c5e9d" testName="Confirmai.Tests.EventNotificationServiceTests.NotifyEventCancelledAsync_DoesNothing_WhenNoParticipantsOtherThanOrganizer" computerName="DESKTOP-EO2KNBC" duration="00:00:00.0022445" startTime="2026-05-27T03:55:17.9809807-03:00" endTime="2026-05-27T03:55:17.9831427-03:00" testType="13cdc9d9-ddb5-4fa4-a97d-d965ccfc6d4b" outcome="Passed" testListId="8c84fa94-04c1-424b-9868-57a2d4851a1d" relativeResultsDirectory="eb63b40d-e179-44d6-86c7-9561e43e2fbf" />
    <UnitTestResult executionId="aed279f7-3e3d-4a0d-87f9-81240492569c" testId="5ca27c80-ba90-2e26-9ad5-c5439bf220cc" testName="Confirmai.Tests.AdminLogsFilterStateRulesTests.ShouldShowRestoredNotice_WhenStateIsEmpty_ReturnsFalse" computerName="DESKTOP-EO2KNBC" duration="00:00:00.0000660" startTime="2026-05-27T03:55:18.7757858-03:00" endTime="2026-05-27T03:55:18.7758303-03:00" testType="13cdc9d9-ddb5-4fa4-a97d-d965ccfc6d4b" outcome="Passed" testListId="8c84fa94-04c1-424b-9868-57a2d4851a1d" relativeResultsDirectory="aed279f7-3e3d-4a0d-87f9-81240492569c" />
    <UnitTestResult executionId="96328eca-faeb-47d5-8d67-2743dbb59bda" testId="dafe75c9-d154-e8bf-d249-d41d3d24b6cc" testName="Confirmai.Tests.RachaSchedulerServiceTests.GetOccurrences_ReturnsUtcKindDates" computerName="DESKTOP-EO2KNBC" duration="00:00:00.0026037" startTime="2026-05-27T03:55:18.1791167-03:00" endTime="2026-05-27T03:55:18.1812051-03:00" testType="13cdc9d9-ddb5-4fa4-a97d-d965ccfc6d4b" outcome="Passed" testListId="8c84fa94-04c1-424b-9868-57a2d4851a1d" relativeResultsDirectory="96328eca-faeb-47d5-8d67-2743dbb59bda" />
    <UnitTestResult executionId="24a53910-fdd2-44c9-9c5c-b0e9bd21c288" testId="1a14efe3-fb42-b076-cd8c-5f0e67f20fa0" testName="Confirmai.Tests.AdminLogsFilterInferenceTests.InferQuickRangePreset_WhenRangeMatchesLast7Days_ReturnsLast7Days" computerName="DESKTOP-EO2KNBC" duration="00:00:00.0031584" startTime="2026-05-27T03:55:17.9213946-03:00" endTime="2026-05-27T03:55:17.9239256-03:00" testType="13cdc9d9-ddb5-4fa4-a97d-d965ccfc6d4b" outcome="Passed" testListId="8c84fa94-04c1-424b-9868-57a2d4851a1d" relativeResultsDirectory="24a53910-fdd2-44c9-9c5c-b0e9bd21c288" />
    <UnitTestResult executionId="e4e44eb9-4cfe-4cf2-9155-a01b261b54ef" testId="060810d2-bb61-84e8-a5c1-662929ecfe3f" testName="Confirmai.Tests.PurchaseFlowIntegrationTests.BuyerPaymentIsMarkedPaid_AfterWebhookConfirmsPayment" computerName="DESKTOP-EO2KNBC" duration="00:00:00.0216138" startTime="2026-05-27T03:55:18.5707962-03:00" endTime="2026-05-27T03:55:18.5988375-03:00" testType="13cdc9d9-ddb5-4fa4-a97d-d965ccfc6d4b" outcome="Passed" testListId="8c84fa94-04c1-424b-9868-57a2d4851a1d" relativeResultsDirectory="e4e44eb9-4cfe-4cf2-9155-a01b261b54ef" />
    <UnitTestResult executionId="ac7a800d-f5d1-4d98-9af0-01cfe18f8446" testId="461942d8-f6e4-641f-4de0-cd86416c0499" testName="Confirmai.Tests.FutsalIntegrationTests.FutsalEdit_Returns200AndShowsForm_WhenCreatorAccesses" computerName="DESKTOP-EO2KNBC" duration="00:00:00.0317734" startTime="2026-05-27T03:55:18.1284892-03:00" endTime="2026-05-27T03:55:18.1599500-03:00" testType="13cdc9d9-ddb5-4fa4-a97d-d965ccfc6d4b" outcome="Passed" testListId="8c84fa94-04c1-424b-9868-57a2d4851a1d" relativeResultsDirectory="ac7a800d-f5d1-4d98-9af0-01cfe18f8446" />
    <UnitTestResult executionId="1686bd06-7ad2-427b-bd5b-2578615753e3" testId="0ef338da-833b-a4bf-52a4-86dbd5097367" testName="Confirmai.Tests.AuditLoggingHooksTests.ProductService_UpdateAsync_WritesProductUpdatedAudit" computerName="DESKTOP-EO2KNBC" duration="00:00:00.0181606" startTime="2026-05-27T03:55:17.3383590-03:00" endTime="2026-05-27T03:55:17.3565116-03:00" testType="13cdc9d9-ddb5-4fa4-a97d-d965ccfc6d4b" outcome="Passed" testListId="8c84fa94-04c1-424b-9868-57a2d4851a1d" relativeResultsDirectory="1686bd06-7ad2-427b-bd5b-2578615753e3" />
    <UnitTestResult executionId="dd9072b4-42e3-449c-9afc-a4b2976a0e27" testId="81990095-9192-69ba-1e31-4eafd8fc70a3" testName="Confirmai.Tests.ModelValidationTests.UserMailboxMessage_Invalid_WhenRecipientUserIdIsEmpty" computerName="DESKTOP-EO2KNBC" duration="00:00:00.0050705" startTime="2026-05-27T03:55:16.9082960-03:00" endTime="2026-05-27T03:55:16.9122108-03:00" testType="13cdc9d9-ddb5-4fa4-a97d-d965ccfc6d4b" outcome="Passed" testListId="8c84fa94-04c1-424b-9868-57a2d4851a1d" relativeResultsDirectory="dd9072b4-42e3-449c-9afc-a4b2976a0e27" />
    <UnitTestResult executionId="c21bd412-f0c4-4dd5-954f-b7e005abbb77" testId="304e753e-2d3e-4851-5e1e-ebd16ef180bd" testName="Confirmai.Tests.AdminLogsFilterInferenceTests.InferAuditQuickFilter_WhenSourceMatchesSecurityPolicy_ReturnsSecurityPolicy" computerName="DESKTOP-EO2KNBC" duration="00:00:00.0001767" startTime="2026-05-27T03:55:17.9332464-03:00" endTime="2026-05-27T03:55:17.9332886-03:00" testType="13cdc9d9-ddb5-4fa4-a97d-d965ccfc6d4b" outcome="Passed" testListId="8c84fa94-04c1-424b-9868-57a2d4851a1d" relativeResultsDirectory="c21bd412-f0c4-4dd5-954f-b7e005abbb77" />
    <UnitTestResult executionId="dd21d56e-d05f-45d7-ba41-8975632988b4" testId="d6c09c40-566b-72d9-9343-b2878c9bea69" testName="Confirmai.Tests.AdminUsersFilterStateServiceTests.SaveAsync_WritesValuesAndPersistsPageFallback" computerName="DESKTOP-EO2KNBC" duration="00:00:00.0003970" startTime="2026-05-27T03:55:17.7074075-03:00" endTime="2026-05-27T03:55:17.7077142-03:00" testType="13cdc9d9-ddb5-4fa4-a97d-d965ccfc6d4b" outcome="Passed" testListId="8c84fa94-04c1-424b-9868-57a2d4851a1d" relativeResultsDirectory="dd21d56e-d05f-45d7-ba41-8975632988b4" />
    <UnitTestResult executionId="e1d0a4bb-92ed-47cf-9a2c-e35502fe29b0" testId="61986960-c0b1-0336-996a-49c57c761c6f" testName="Confirmai.Tests.ModelValidationTests.UserMailboxMessage_Invalid_WhenSenderUserIdIsEmpty" computerName="DESKTOP-EO2KNBC" duration="00:00:00.0000849" startTime="2026-05-27T03:55:16.9258273-03:00" endTime="2026-05-27T03:55:16.9258844-03:00" testType="13cdc9d9-ddb5-4fa4-a97d-d965ccfc6d4b" outcome="Passed" testListId="8c84fa94-04c1-424b-9868-57a2d4851a1d" relativeResultsDirectory="e1d0a4bb-92ed-47cf-9a2c-e35502fe29b0" />
    <UnitTestResult executionId="643366f4-1b24-41d3-a280-e5146f0acc7a" testId="d08b0851-ee37-918a-b3db-9728998d8ea5" testName="Confirmai.Tests.MatchScheduleTests.ScheduleNextEvents_ReturnsEmpty_WhenNoFutureEvents" computerName="DESKTOP-EO2KNBC" duration="00:00:00.0024802" startTime="2026-05-27T03:55:18.6887532-03:00" endTime="2026-05-27T03:55:18.6911324-03:00" testType="13cdc9d9-ddb5-4fa4-a97d-d965ccfc6d4b" outcome="Passed" testListId="8c84fa94-04c1-424b-9868-57a2d4851a1d" relativeResultsDirectory="643366f4-1b24-41d3-a280-e5146f0acc7a" />
    <UnitTestResult executionId="951186d1-bc41-44dd-8f2e-6a055b7d37ad" testId="d7d656f2-080b-d777-69de-d60bd45c1c96" testName="Confirmai.Tests.ProtectedPagesIntegrationTests.AdminRoutes_ShowNotAuthorized_ForNonAdminUser(route: &quot;/admin/security&quot;)" computerName="DESKTOP-EO2KNBC" duration="00:00:00.0239738" startTime="2026-05-27T03:55:17.9233157-03:00" endTime="2026-05-27T03:55:17.9475449-03:00" testType="13cdc9d9-ddb5-4fa4-a97d-d965ccfc6d4b" outcome="Passed" testListId="8c84fa94-04c1-424b-9868-57a2d4851a1d" relativeResultsDirectory="951186d1-bc41-44dd-8f2e-6a055b7d37ad" />
    <UnitTestResult executionId="e16c5c31-add4-443d-a09d-71929a418478" testId="296dea52-d044-55c6-eaf8-1097289ee372" testName="Confirmai.Tests.WebhookEndpointIntegrationTests.WebhookEndpoint_ConfirmsPaymentAndCreatesOrder_WhenInvoiceSettled" computerName="DESKTOP-EO2KNBC" duration="00:00:00.0244855" startTime="2026-05-27T03:55:17.8281450-03:00" endTime="2026-05-27T03:55:17.8584373-03:00" testType="13cdc9d9-ddb5-4fa4-a97d-d965ccfc6d4b" outcome="Passed" testListId="8c84fa94-04c1-424b-9868-57a2d4851a1d" relativeResultsDirectory="e16c5c31-add4-443d-a09d-71929a418478" />
    <UnitTestResult executionId="4d56a0db-8eb6-4ec9-a9e1-e8dc316b8e67" testId="6c819cec-5255-1d06-2d8a-01bd01bb1711" testName="Confirmai.Tests.AdminSettingsServiceTests.SetOperationFeePercentAsync_ReturnsFalse_WhenInputIsOutOfRange" computerName="DESKTOP-EO2KNBC" duration="00:00:00.0041774" startTime="2026-05-27T03:55:17.2054561-03:00" endTime="2026-05-27T03:55:17.2095867-03:00" testType="13cdc9d9-ddb5-4fa4-a97d-d965ccfc6d4b" outcome="Passed" testListId="8c84fa94-04c1-424b-9868-57a2d4851a1d" relativeResultsDirectory="4d56a0db-8eb6-4ec9-a9e1-e8dc316b8e67" />
    <UnitTestResult executionId="50f94a3d-b67a-4bf3-86f3-e73cf8c47167" testId="efa5f845-4bdb-8d2f-f902-ac7ec88a92b0" testName="Confirmai.Tests.AuditLoggingHooksTests.AdminLogsQueryService_GetEntityTimelineAsync_ReturnsOnlyMatchingLogs" computerName="DESKTOP-EO2KNBC" duration="00:00:00.0441635" startTime="2026-05-27T03:55:17.3649335-03:00" endTime="2026-05-27T03:55:17.4090929-03:00" testType="13cdc9d9-ddb5-4fa4-a97d-d965ccfc6d4b" outcome="Passed" testListId="8c84fa94-04c1-424b-9868-57a2d4851a1d" relativeResultsDirectory="50f94a3d-b67a-4bf3-86f3-e73cf8c47167" />
    <UnitTestResult executionId="2b7c6042-fcea-49cf-a99e-8516d5302355" testId="ad0b6bca-4521-abd3-9b3c-9c84a14330fd" testName="Confirmai.Tests.LocalStorageStateHelpersTests.GetStringAsync_WhenMissing_ReturnsEmptyString" computerName="DESKTOP-EO2KNBC" duration="00:00:00.0002866" startTime="2026-05-27T03:55:17.1988577-03:00" endTime="2026-05-27T03:55:17.1990302-03:00" testType="13cdc9d9-ddb5-4fa4-a97d-d965ccfc6d4b" outcome="Passed" testListId="8c84fa94-04c1-424b-9868-57a2d4851a1d" relativeResultsDirectory="2b7c6042-fcea-49cf-a99e-8516d5302355" />
    <UnitTestResult executionId="9aa96e73-1a4d-4244-94d5-2674bb7a18f6" testId="b146af2f-f06f-0c18-f453-d18cd77412fd" testName="Confirmai.Tests.FutsalIntegrationTests.FutsalDetail_Returns200_ForExistingEvent" computerName="DESKTOP-EO2KNBC" duration="00:00:00.0302182" startTime="2026-05-27T03:55:18.3551137-03:00" endTime="2026-05-27T03:55:18.3886535-03:00" testType="13cdc9d9-ddb5-4fa4-a97d-d965ccfc6d4b" outcome="Passed" testListId="8c84fa94-04c1-424b-9868-57a2d4851a1d" relativeResultsDirectory="9aa96e73-1a4d-4244-94d5-2674bb7a18f6" />
    <UnitTestResult executionId="9752a804-e9e5-4964-8372-9eef1d3bf716" testId="bfec2b69-ecca-a547-4235-765c2abf3124" testName="Confirmai.Tests.EventNotificationServiceTests.NotifyEventUpdatedAsync_SkipsNotification_WhenDateChangeIsUnderOneMinute" computerName="DESKTOP-EO2KNBC" duration="00:00:00.0030594" startTime="2026-05-27T03:55:17.9520800-03:00" endTime="2026-05-27T03:55:17.9550582-03:00" testType="13cdc9d9-ddb5-4fa4-a97d-d965ccfc6d4b" outcome="Passed" testListId="8c84fa94-04c1-424b-9868-57a2d4851a1d" relativeResultsDirectory="9752a804-e9e5-4964-8372-9eef1d3bf716" />
    <UnitTestResult executionId="fa832406-5d1e-49cf-9c40-40f1b183b2e4" testId="9ae1f618-ad90-a021-349e-0de641f62e6c" testName="Confirmai.Tests.LanguagePreferenceServiceTests.SetLanguage_TrimsAndAppliesSupportedLanguage" computerName="DESKTOP-EO2KNBC" duration="00:00:00.0000557" startTime="2026-05-27T03:55:17.7161914-03:00" endTime="2026-05-27T03:55:17.7162341-03:00" testType="13cdc9d9-ddb5-4fa4-a97d-d965ccfc6d4b" outcome="Passed" testListId="8c84fa94-04c1-424b-9868-57a2d4851a1d" relativeResultsDirectory="fa832406-5d1e-49cf-9c40-40f1b183b2e4" />
    <UnitTestResult executionId="ee529965-9fd0-408f-883c-e78d1ced1285" testId="346f21aa-9048-1c63-da02-d0f2e2d6a4b3" testName="Confirmai.Tests.ProtectedPagesIntegrationTests.AdminRoutes_ShowNotAuthorized_ForNonAdminUser(route: &quot;/admin&quot;)" computerName="DESKTOP-EO2KNBC" duration="00:00:00.0201926" startTime="2026-05-27T03:55:17.8176951-03:00" endTime="2026-05-27T03:55:17.8415171-03:00" testType="13cdc9d9-ddb5-4fa4-a97d-d965ccfc6d4b" outcome="Passed" testListId="8c84fa94-04c1-424b-9868-57a2d4851a1d" relativeResultsDirectory="ee529965-9fd0-408f-883c-e78d1ced1285" />
    <UnitTestResult executionId="56ae90ca-3ac2-4de8-bf2b-01d55cf7264b" testId="e1f00014-d0d8-23c1-9e28-115632c1c98a" testName="Confirmai.Tests.LogRetentionServiceTests.RunAsync_AnonymizesIpAddress_ForLogsOlderThan30Days" computerName="DESKTOP-EO2KNBC" duration="00:00:00.1768296" startTime="2026-05-27T03:55:17.7666406-03:00" endTime="2026-05-27T03:55:17.9434934-03:00" testType="13cdc9d9-ddb5-4fa4-a97d-d965ccfc6d4b" outcome="Passed" testListId="8c84fa94-04c1-424b-9868-57a2d4851a1d" relativeResultsDirectory="56ae90ca-3ac2-4de8-bf2b-01d55cf7264b" />
    <UnitTestResult executionId="a4701a20-99b8-4e93-9a40-cfe1d40ebb81" testId="e3cf210e-685e-ac2b-d4d0-3f6cbd6853ab" testName="Confirmai.Tests.LocalStorageStateHelpersTests.GetHelpers_WhenJsThrows_PropagateExceptionToCaller" computerName="DESKTOP-EO2KNBC" duration="00:00:00.0006617" startTime="2026-05-27T03:55:17.1919917-03:00" endTime="2026-05-27T03:55:17.1921360-03:00" testType="13cdc9d9-ddb5-4fa4-a97d-d965ccfc6d4b" outcome="Passed" testListId="8c84fa94-04c1-424b-9868-57a2d4851a1d" relativeResultsDirectory="a4701a20-99b8-4e93-9a40-cfe1d40ebb81" />
    <UnitTestResult executionId="ca0c2190-3654-4cc3-b04d-11929b7ba14a" testId="baf099c3-5511-94ed-ed61-a6e21211b481" testName="Confirmai.Tests.AdminLogsFilterStateServiceTests.LoadAsync_WithInvalidStoredValues_UsesDefaultsForTypedFields" computerName="DESKTOP-EO2KNBC" duration="00:00:00.0086485" startTime="2026-05-27T03:55:16.9569043-03:00" endTime="2026-05-27T03:55:16.9589268-03:00" testType="13cdc9d9-ddb5-4fa4-a97d-d965ccfc6d4b" outcome="Passed" testListId="8c84fa94-04c1-424b-9868-57a2d4851a1d" relativeResultsDirectory="ca0c2190-3654-4cc3-b04d-11929b7ba14a" />
    <UnitTestResult executionId="30c95984-9d08-4b9e-b47e-4f62196b8529" testId="0e1e3184-7088-0b40-4c65-45225949f3d9" testName="Confirmai.Tests.AdminSecurityPolicyServiceTests.GetRuntimePolicyAsync_ReturnsEnvironmentDefaults_WhenSettingsDoNotExist" computerName="DESKTOP-EO2KNBC" duration="00:00:00.0009013" startTime="2026-05-27T03:55:16.9421985-03:00" endTime="2026-05-27T03:55:16.9422425-03:00" testType="13cdc9d9-ddb5-4fa4-a97d-d965ccfc6d4b" outcome="Passed" testListId="8c84fa94-04c1-424b-9868-57a2d4851a1d" relativeResultsDirectory="30c95984-9d08-4b9e-b47e-4f62196b8529" />
    <UnitTestResult executionId="ba6e91e8-bde4-49dc-89fb-a5bebb69a56a" testId="22e7ec22-7c57-c97d-0e5d-87c339e412ec" testName="Confirmai.Tests.FutsalIntegrationTests.FutsalEdit_ShowsAccessDenied_WhenAuthenticatedUserIsNotCreator" computerName="DESKTOP-EO2KNBC" duration="00:00:00.0113890" startTime="2026-05-27T03:55:18.3888223-03:00" endTime="2026-05-27T03:55:18.4002902-03:00" testType="13cdc9d9-ddb5-4fa4-a97d-d965ccfc6d4b" outcome="Passed" testListId="8c84fa94-04c1-424b-9868-57a2d4851a1d" relativeResultsDirectory="ba6e91e8-bde4-49dc-89fb-a5bebb69a56a" />
    <UnitTestResult executionId="db00772b-5f44-4543-ae46-264fa18ce4a8" testId="2dea77bd-10a4-1659-901e-fe81a3bafe47" testName="Confirmai.Tests.AdminLogSortingIntegrationTests.Apply_WhenSortingByLevelAscending_UsesTimestampAsTieBreaker" computerName="DESKTOP-EO2KNBC" duration="00:00:00.1637407" startTime="2026-05-27T03:55:18.0421231-03:00" endTime="2026-05-27T03:55:18.2051594-03:00" testType="13cdc9d9-ddb5-4fa4-a97d-d965ccfc6d4b" outcome="Passed" testListId="8c84fa94-04c1-424b-9868-57a2d4851a1d" relativeResultsDirectory="db00772b-5f44-4543-ae46-264fa18ce4a8" />
    <UnitTestResult executionId="0681bda5-c5cc-43a2-a021-2012ffb86525" testId="d4a3851d-760a-73c9-dfdf-6a7de555a8cd" testName="Confirmai.Tests.EventNotificationServiceTests.NotifyEventCancelledAsync_DoesNothing_WhenEventNotFound" computerName="DESKTOP-EO2KNBC" duration="00:00:00.0016207" startTime="2026-05-27T03:55:17.9832858-03:00" endTime="2026-05-27T03:55:17.9898466-03:00" testType="13cdc9d9-ddb5-4fa4-a97d-d965ccfc6d4b" outcome="Passed" testListId="8c84fa94-04c1-424b-9868-57a2d4851a1d" relativeResultsDirectory="0681bda5-c5cc-43a2-a021-2012ffb86525" />
    <UnitTestResult executionId="88d3ab11-110d-4721-bba4-527fb9085b46" testId="d69856bd-dd84-23c0-b2d8-4a7738808288" testName="Confirmai.Tests.MailboxConversationArchiveServiceTests.ArchiveOrderConversation_MatchesSubject_CaseInsensitively" computerName="DESKTOP-EO2KNBC" duration="00:00:00.0010810" startTime="2026-05-27T03:55:16.9098416-03:00" endTime="2026-05-27T03:55:16.9108125-03:00" testType="13cdc9d9-ddb5-4fa4-a97d-d965ccfc6d4b" outcome="Passed" testListId="8c84fa94-04c1-424b-9868-57a2d4851a1d" relativeResultsDirectory="88d3ab11-110d-4721-bba4-527fb9085b46" />
    <UnitTestResult executionId="830ec223-6e6a-4514-a64c-dda6b69b2bb9" testId="9754868b-244d-5f33-18f2-681daca23e84" testName="Confirmai.Tests.WebhookEndpointIntegrationTests.WebhookEndpoint_ProcessesValidPayload_WithEscapesAndUnicodeWithinLimit" computerName="DESKTOP-EO2KNBC" duration="00:00:00.0105059" startTime="2026-05-27T03:55:17.8169315-03:00" endTime="2026-05-27T03:55:17.8276931-03:00" testType="13cdc9d9-ddb5-4fa4-a97d-d965ccfc6d4b" outcome="Passed" testListId="8c84fa94-04c1-424b-9868-57a2d4851a1d" relativeResultsDirectory="830ec223-6e6a-4514-a64c-dda6b69b2bb9" />
    <UnitTestResult executionId="180639b6-c682-4334-95cb-46c6bc617191" testId="8a14ee16-4a6c-d64e-bb38-445240cf5f00" testName="Confirmai.Tests.AdminSettingsServiceTests.GetOperationFeePercentForAdminAsync_Throws_WhenUserIsNotAdmin" computerName="DESKTOP-EO2KNBC" duration="00:00:00.0011119" startTime="2026-05-27T03:55:17.2001033-03:00" endTime="2026-05-27T03:55:17.2012394-03:00" testType="13cdc9d9-ddb5-4fa4-a97d-d965ccfc6d4b" outcome="Passed" testListId="8c84fa94-04c1-424b-9868-57a2d4851a1d" relativeResultsDirectory="180639b6-c682-4334-95cb-46c6bc617191" />
    <UnitTestResult executionId="92b17fa7-8dfc-49f5-8a0e-dbe775b6ba27" testId="0d14dd82-3425-ebe0-63e6-00490f7ed8dd" testName="Confirmai.Tests.CryptoQuoteServiceTests.GetQuoteAsync_RetriesWithApiKey_WhenForbidden" computerName="DESKTOP-EO2KNBC" duration="00:00:00.0007331" startTime="2026-05-27T03:55:17.3173651-03:00" endTime="2026-05-27T03:55:17.3179559-03:00" testType="13cdc9d9-ddb5-4fa4-a97d-d965ccfc6d4b" outcome="Passed" testListId="8c84fa94-04c1-424b-9868-57a2d4851a1d" relativeResultsDirectory="92b17fa7-8dfc-49f5-8a0e-dbe775b6ba27" />
    <UnitTestResult executionId="5c87d48c-ede2-4daa-add3-e33181b27e19" testId="9c898cd2-3495-35f4-a326-c5c148355485" testName="Confirmai.Tests.ProtectedPagesIntegrationTests.AdminPage_ShowsNotAuthorized_ForMixedRoleHeader_WithoutAdmin" computerName="DESKTOP-EO2KNBC" duration="00:00:00.0319807" startTime="2026-05-27T03:55:18.3227218-03:00" endTime="2026-05-27T03:55:18.3543243-03:00" testType="13cdc9d9-ddb5-4fa4-a97d-d965ccfc6d4b" outcome="Passed" testListId="8c84fa94-04c1-424b-9868-57a2d4851a1d" relativeResultsDirectory="5c87d48c-ede2-4daa-add3-e33181b27e19" />
    <UnitTestResult executionId="c5ba5bf4-51ca-4cbe-811d-65fbe3536165" testId="c68420e0-bfdc-7afd-595b-68a6ad3585ed" testName="Confirmai.Tests.BtcUsdFormatterTests.FormatMarkup_ShowsUnavailableBadge_WhenUsdRateIsMissing" computerName="DESKTOP-EO2KNBC" duration="00:00:00.0005037" startTime="2026-05-27T03:55:17.2583876-03:00" endTime="2026-05-27T03:55:17.2588166-03:00" testType="13cdc9d9-ddb5-4fa4-a97d-d965ccfc6d4b" outcome="Passed" testListId="8c84fa94-04c1-424b-9868-57a2d4851a1d" relativeResultsDirectory="c5ba5bf4-51ca-4cbe-811d-65fbe3536165" />
    <UnitTestResult executionId="392392fa-b2d5-4ee7-900c-48dc65edeae5" testId="1aaad4e3-b256-6300-14ee-f65b0edc8758" testName="Confirmai.Tests.ModelValidationTests.Venue_Invalid_WhenNameIsEmpty" computerName="DESKTOP-EO2KNBC" duration="00:00:00.0008438" startTime="2026-05-27T03:55:16.9134180-03:00" endTime="2026-05-27T03:55:16.9141952-03:00" testType="13cdc9d9-ddb5-4fa4-a97d-d965ccfc6d4b" outcome="Passed" testListId="8c84fa94-04c1-424b-9868-57a2d4851a1d" relativeResultsDirectory="392392fa-b2d5-4ee7-900c-48dc65edeae5" />
    <UnitTestResult executionId="15f4d988-355d-4327-bb7f-57868d67895e" testId="2b2fd9e6-99e0-1f9f-5e90-cd4bf0fac7ba" testName="Confirmai.Tests.LogRetentionServiceTests.RunAsync_NeverPurges_FinancialLog_OlderThan90Days(eventType: &quot;order.released&quot;)" computerName="DESKTOP-EO2KNBC" duration="00:00:00.0071831" startTime="2026-05-27T03:55:17.9664045-03:00" endTime="2026-05-27T03:55:17.9677265-03:00" testType="13cdc9d9-ddb5-4fa4-a97d-d965ccfc6d4b" outcome="Passed" testListId="8c84fa94-04c1-424b-9868-57a2d4851a1d" relativeResultsDirectory="15f4d988-355d-4327-bb7f-57868d67895e" />
    <UnitTestResult executionId="89e915a3-a8db-4f81-b526-54c6bc5ca68d" testId="1f3b34f8-df5c-70d6-004a-19b008a83df9" testName="Confirmai.Tests.AppInitializationServiceTests.SeedAsync_AddsDefaultGateways_Idempotently" computerName="DESKTOP-EO2KNBC" duration="00:00:01.7175378" startTime="2026-05-27T03:55:19.8363239-03:00" endTime="2026-05-27T03:55:21.5537335-03:00" testType="13cdc9d9-ddb5-4fa4-a97d-d965ccfc6d4b" outcome="Passed" testListId="8c84fa94-04c1-424b-9868-57a2d4851a1d" relativeResultsDirectory="89e915a3-a8db-4f81-b526-54c6bc5ca68d" />
    <UnitTestResult executionId="2ccdfe63-6ffe-43aa-be35-4308a72517ce" testId="e1d935d3-a94d-36cc-a035-b659b727e270" testName="Confirmai.Tests.ModelValidationTests.Venue_Invalid_WhenAddressIsEmpty" computerName="DESKTOP-EO2KNBC" duration="00:00:00.0000690" startTime="2026-05-27T03:55:16.9268134-03:00" endTime="2026-05-27T03:55:16.9268558-03:00" testType="13cdc9d9-ddb5-4fa4-a97d-d965ccfc6d4b" outcome="Passed" testListId="8c84fa94-04c1-424b-9868-57a2d4851a1d" relativeResultsDirectory="2ccdfe63-6ffe-43aa-be35-4308a72517ce" />
    <UnitTestResult executionId="6e6bc4e8-8e49-4d60-9482-25ef062d57c0" testId="1df0c2ed-71e6-7dae-18d0-b8681e542fec" testName="Confirmai.Tests.AdminLogsExportServiceTests.BuildCsv_WhenRowsProvided_ReturnsHeaderAndEscapedValues" computerName="DESKTOP-EO2KNBC" duration="00:00:00.0004278" startTime="2026-05-27T03:55:18.3093660-03:00" endTime="2026-05-27T03:55:18.3097220-03:00" testType="13cdc9d9-ddb5-4fa4-a97d-d965ccfc6d4b" outcome="Passed" testListId="8c84fa94-04c1-424b-9868-57a2d4851a1d" relativeResultsDirectory="6e6bc4e8-8e49-4d60-9482-25ef062d57c0" />
    <UnitTestResult executionId="f9e8e998-b70b-40d8-9ad8-7e9d8a285d63" testId="17db86c5-8d68-aa46-d815-d46c605a8e21" testName="Confirmai.Tests.FutsalEscalacaoIntegrationTests.EscalacaoPage_Returns200_AndShowsNotFound_WhenEventDoesNotExist" computerName="DESKTOP-EO2KNBC" duration="00:00:00.0202696" startTime="2026-05-27T03:55:19.0177650-03:00" endTime="2026-05-27T03:55:19.0380662-03:00" testType="13cdc9d9-ddb5-4fa4-a97d-d965ccfc6d4b" outcome="Passed" testListId="8c84fa94-04c1-424b-9868-57a2d4851a1d" relativeResultsDirectory="f9e8e998-b70b-40d8-9ad8-7e9d8a285d63" />
    <UnitTestResult executionId="7efef31c-c2b3-4caa-b30f-68b93cb78017" testId="36f8f6a5-6cb5-38e5-5238-893c9f098636" testName="Confirmai.Tests.LocalStorageStateHelpersTests.GetDecimalAsync_WhenInvalid_ReturnsNull" computerName="DESKTOP-EO2KNBC" duration="00:00:00.0052780" startTime="2026-05-27T03:55:17.1926103-03:00" endTime="2026-05-27T03:55:17.1978746-03:00" testType="13cdc9d9-ddb5-4fa4-a97d-d965ccfc6d4b" outcome="Passed" testListId="8c84fa94-04c1-424b-9868-57a2d4851a1d" relativeResultsDirectory="7efef31c-c2b3-4caa-b30f-68b93cb78017" />
    <UnitTestResult executionId="d0fa4e85-dd6e-4835-8fd8-094c3b025863" testId="40f06eed-6b65-af20-6ce5-0815c827960b" testName="Confirmai.Tests.AdminLogsQueryServiceIntegrationTests.GetPageDataAsync_ReturnsSecurityPolicyAuditLogs_AfterPolicyChange" computerName="DESKTOP-EO2KNBC" duration="00:00:00.2356329" startTime="2026-05-27T03:55:17.2141860-03:00" endTime="2026-05-27T03:55:17.4498115-03:00" testType="13cdc9d9-ddb5-4fa4-a97d-d965ccfc6d4b" outcome="Passed" testListId="8c84fa94-04c1-424b-9868-57a2d4851a1d" relativeResultsDirectory="d0fa4e85-dd6e-4835-8fd8-094c3b025863" />
    <UnitTestResult executionId="ca31769b-8cd9-4760-ac03-e54f66dafce8" testId="f2b9cb87-bfc7-2ed6-223f-d247fceba720" testName="Confirmai.Tests.IdentityPageModelsIntegrationTests.ConfirmEmail_RendersPage_WhenLinkIsInvalid" computerName="DESKTOP-EO2KNBC" duration="00:00:00.0092879" startTime="2026-05-27T03:55:18.9112246-03:00" endTime="2026-05-27T03:55:18.9205501-03:00" testType="13cdc9d9-ddb5-4fa4-a97d-d965ccfc6d4b" outcome="Passed" testListId="8c84fa94-04c1-424b-9868-57a2d4851a1d" relativeResultsDirectory="ca31769b-8cd9-4760-ac03-e54f66dafce8" />
    <UnitTestResult executionId="d6b19a8c-ecb3-4025-9d55-136319991ca2" testId="6f0aeffb-e183-8caf-6dcd-70744fe35e81" testName="Confirmai.Tests.ProductServiceTests.AddAsync_PersistsProduct_WhenImageIsNull" computerName="DESKTOP-EO2KNBC" duration="00:00:00.0027381" startTime="2026-05-27T03:55:18.7319350-03:00" endTime="2026-05-27T03:55:18.7345096-03:00" testType="13cdc9d9-ddb5-4fa4-a97d-d965ccfc6d4b" outcome="Passed" testListId="8c84fa94-04c1-424b-9868-57a2d4851a1d" relativeResultsDirectory="d6b19a8c-ecb3-4025-9d55-136319991ca2" />
    <UnitTestResult executionId="56c09f95-96ee-4e52-a97f-3391615c4150" testId="62d46368-6ef8-e7a2-171c-42fbc31d2550" testName="Confirmai.Tests.RecentFeaturesIntegrationTests.SetLanguageRoute_UsesDefaultLanguage_WhenLanguageIsInvalid" computerName="DESKTOP-EO2KNBC" duration="00:00:01.0626520" startTime="2026-05-27T03:55:16.2770216-03:00" endTime="2026-05-27T03:55:17.3431633-03:00" testType="13cdc9d9-ddb5-4fa4-a97d-d965ccfc6d4b" outcome="Passed" testListId="8c84fa94-04c1-424b-9868-57a2d4851a1d" relativeResultsDirectory="56c09f95-96ee-4e52-a97f-3391615c4150" />
    <UnitTestResult executionId="daef6ab4-8930-4b18-a87d-8bfd08a2afc5" testId="f24e936e-5a59-9df9-de3b-f875fbf19fd7" testName="Confirmai.Tests.RachaSchedulerServiceTests.GenerateEventsAsync_SkipsCollision_WhenGroupAlreadyHasEventAtThatTime" computerName="DESKTOP-EO2KNBC" duration="00:00:00.0236185" startTime="2026-05-27T03:55:18.1541088-03:00" endTime="2026-05-27T03:55:18.1772298-03:00" testType="13cdc9d9-ddb5-4fa4-a97d-d965ccfc6d4b" outcome="Passed" testListId="8c84fa94-04c1-424b-9868-57a2d4851a1d" relativeResultsDirectory="daef6ab4-8930-4b18-a87d-8bfd08a2afc5" />
    <UnitTestResult executionId="2e638e1b-bd5d-4183-bf14-d386de4912b0" testId="720e7167-91a2-ed1a-fd13-6e13823d702a" testName="Confirmai.Tests.RachaSchedulerServiceTests.GetOccurrences_ReturnsAtLeastEightDates_ForEightWeekWindow_StartingOnTargetDay" computerName="DESKTOP-EO2KNBC" duration="00:00:00.0001531" startTime="2026-05-27T03:55:18.1531608-03:00" endTime="2026-05-27T03:55:18.1532087-03:00" testType="13cdc9d9-ddb5-4fa4-a97d-d965ccfc6d4b" outcome="Passed" testListId="8c84fa94-04c1-424b-9868-57a2d4851a1d" relativeResultsDirectory="2e638e1b-bd5d-4183-bf14-d386de4912b0" />
    <UnitTestResult executionId="aacae6db-2bf9-4f9d-a7a5-f39836fed9a5" testId="7a44bf9c-9224-8d9e-1e1a-9324520e27fb" testName="Confirmai.Tests.PiiSanitizerTests.MaskEmailsInJson_MasksBareEmailValue" computerName="DESKTOP-EO2KNBC" duration="00:00:00.0001159" startTime="2026-05-27T03:55:16.3483997-03:00" endTime="2026-05-27T03:55:16.3484432-03:00" testType="13cdc9d9-ddb5-4fa4-a97d-d965ccfc6d4b" outcome="Passed" testListId="8c84fa94-04c1-424b-9868-57a2d4851a1d" relativeResultsDirectory="aacae6db-2bf9-4f9d-a7a5-f39836fed9a5" />
    <UnitTestResult executionId="1fbb0094-46ea-43d6-9de3-24a3b1f9494e" testId="92d43672-77a2-4c39-0141-5f8cd7c60c27" testName="Confirmai.Tests.OperationFeeCalculatorServiceTests.CalculateBreakdownAsync_UsesPersistedPercent_AndRoundsFeeToEightDecimals" computerName="DESKTOP-EO2KNBC" duration="00:00:00.0010601" startTime="2026-05-27T03:55:18.2255418-03:00" endTime="2026-05-27T03:55:18.2255878-03:00" testType="13cdc9d9-ddb5-4fa4-a97d-d965ccfc6d4b" outcome="Passed" testListId="8c84fa94-04c1-424b-9868-57a2d4851a1d" relativeResultsDirectory="1fbb0094-46ea-43d6-9de3-24a3b1f9494e" />
    <UnitTestResult executionId="6f8e00fa-7088-4a13-8115-6ba9761d6e45" testId="01b04b8b-1531-1daf-43df-fa64c2156edf" testName="Confirmai.Tests.MatchScheduleTests.EventEdit_PropagatesMaxGoalkeepers_ToParentSchedule" computerName="DESKTOP-EO2KNBC" duration="00:00:00.0036518" startTime="2026-05-27T03:55:18.6943579-03:00" endTime="2026-05-27T03:55:18.6981209-03:00" testType="13cdc9d9-ddb5-4fa4-a97d-d965ccfc6d4b" outcome="Passed" testListId="8c84fa94-04c1-424b-9868-57a2d4851a1d" relativeResultsDirectory="6f8e00fa-7088-4a13-8115-6ba9761d6e45" />
    <UnitTestResult executionId="5b9cfb8b-34ad-4e7e-aa1b-8d47bfbe30d6" testId="e39b6198-aa1e-21eb-8ea2-733994915581" testName="Confirmai.Tests.LogServiceTests.LogAsync_PersistsExceptionText_WhenExceptionIsProvided" computerName="DESKTOP-EO2KNBC" duration="00:00:00.0009571" startTime="2026-05-27T03:55:16.9080930-03:00" endTime="2026-05-27T03:55:16.9081370-03:00" testType="13cdc9d9-ddb5-4fa4-a97d-d965ccfc6d4b" outcome="Passed" testListId="8c84fa94-04c1-424b-9868-57a2d4851a1d" relativeResultsDirectory="5b9cfb8b-34ad-4e7e-aa1b-8d47bfbe30d6" />
    <UnitTestResult executionId="11a190bc-bc24-4889-80d5-692ad032354f" testId="3bc1ff02-b724-ea26-ad80-f9fc55e01535" testName="Confirmai.Tests.FullFlowRecentFeaturesIntegrationTests.LanguageFlow_AnonymousPaymentsPage_RendersSpanish_WhenCookieIsSetByRoute" computerName="DESKTOP-EO2KNBC" duration="00:00:00.0425640" startTime="2026-05-27T03:55:18.6058022-03:00" endTime="2026-05-27T03:55:18.6486883-03:00" testType="13cdc9d9-ddb5-4fa4-a97d-d965ccfc6d4b" outcome="Passed" testListId="8c84fa94-04c1-424b-9868-57a2d4851a1d" relativeResultsDirectory="11a190bc-bc24-4889-80d5-692ad032354f" />
    <UnitTestResult executionId="58d20e39-bf75-45bb-b30b-cb40d838148e" testId="43df72ef-58d6-76af-93a8-f5657687028f" testName="Confirmai.Tests.FullFlowRecentFeaturesIntegrationTests.LanguageFlow_QueryHintWithoutCookie_RendersEnglishOnPayments" computerName="DESKTOP-EO2KNBC" duration="00:00:00.0045898" startTime="2026-05-27T03:55:18.7857257-03:00" endTime="2026-05-27T03:55:18.7904846-03:00" testType="13cdc9d9-ddb5-4fa4-a97d-d965ccfc6d4b" outcome="Passed" testListId="8c84fa94-04c1-424b-9868-57a2d4851a1d" relativeResultsDirectory="58d20e39-bf75-45bb-b30b-cb40d838148e" />
    <UnitTestResult executionId="0c540021-34b7-4b59-86fa-3c299f1cc2b8" testId="04356570-ad04-422d-31ad-439a1c92aa7c" testName="Confirmai.Tests.ProtectedPagesIntegrationTests.AdminPage_RendersForMixedRoleHeader_WhenAdminIsPresent" computerName="DESKTOP-EO2KNBC" duration="00:00:00.0195967" startTime="2026-05-27T03:55:18.5848770-03:00" endTime="2026-05-27T03:55:18.6053061-03:00" testType="13cdc9d9-ddb5-4fa4-a97d-d965ccfc6d4b" outcome="Passed" testListId="8c84fa94-04c1-424b-9868-57a2d4851a1d" relativeResultsDirectory="0c540021-34b7-4b59-86fa-3c299f1cc2b8" />
    <UnitTestResult executionId="224875bb-3096-4af6-baaa-15673fd4be11" testId="59cf4226-6800-3f1c-d2c0-5ea28102dd78" testName="Confirmai.Tests.AdminSettingsServiceTests.GetOperationFeePercentAsync_ReturnsDefault_WhenSettingDoesNotExist" computerName="DESKTOP-EO2KNBC" duration="00:00:00.0006634" startTime="2026-05-27T03:55:17.2133776-03:00" endTime="2026-05-27T03:55:17.2139583-03:00" testType="13cdc9d9-ddb5-4fa4-a97d-d965ccfc6d4b" outcome="Passed" testListId="8c84fa94-04c1-424b-9868-57a2d4851a1d" relativeResultsDirectory="224875bb-3096-4af6-baaa-15673fd4be11" />
    <UnitTestResult executionId="7e2de0ef-66c7-4c83-8197-ba3f0dfc14ed" testId="d4b014f1-ad25-c9cc-5a3c-a5a1af35d3c4" testName="Confirmai.Tests.LogRetentionServiceTests.RunAsync_DoesNotAnonymize_LogsThatAlreadyHaveNullIpAddress" computerName="DESKTOP-EO2KNBC" duration="00:00:00.0019330" startTime="2026-05-27T03:55:17.9722365-03:00" endTime="2026-05-27T03:55:17.9731561-03:00" testType="13cdc9d9-ddb5-4fa4-a97d-d965ccfc6d4b" outcome="Passed" testListId="8c84fa94-04c1-424b-9868-57a2d4851a1d" relativeResultsDirectory="7e2de0ef-66c7-4c83-8197-ba3f0dfc14ed" />
    <UnitTestResult executionId="ee875243-24cf-4ba5-85f5-f13507f2b0ac" testId="afe3c6ba-2dd4-ed10-688b-518a36422910" testName="Confirmai.Tests.BtcPayWebhookServiceTests.HandleAsync_ReturnsPayloadTooLarge_WhenBodyExceedsLimit" computerName="DESKTOP-EO2KNBC" duration="00:00:00.0018336" startTime="2026-05-27T03:55:18.2352549-03:00" endTime="2026-05-27T03:55:18.2369974-03:00" testType="13cdc9d9-ddb5-4fa4-a97d-d965ccfc6d4b" outcome="Passed" testListId="8c84fa94-04c1-424b-9868-57a2d4851a1d" relativeResultsDirectory="ee875243-24cf-4ba5-85f5-f13507f2b0ac" />
    <UnitTestResult executionId="e0938469-31cd-480b-8a3e-05ebcbf3f729" testId="a2109b21-ec3e-1579-8c6e-3e57c35c186b" testName="Confirmai.Tests.IdentityPageModelsIntegrationTests.IdentityPages_RenderForAnonymousUser(route: &quot;/Identity/Account/ResendEmailConfirmation&quot;)" computerName="DESKTOP-EO2KNBC" duration="00:00:00.0126087" startTime="2026-05-27T03:55:18.8562722-03:00" endTime="2026-05-27T03:55:18.8684220-03:00" testType="13cdc9d9-ddb5-4fa4-a97d-d965ccfc6d4b" outcome="Passed" testListId="8c84fa94-04c1-424b-9868-57a2d4851a1d" relativeResultsDirectory="e0938469-31cd-480b-8a3e-05ebcbf3f729" />
    <UnitTestResult executionId="b6acafa6-c06d-4e3c-9f32-1c31c8b0454e" testId="25395ff4-b458-4ded-a295-d891e3a64e0a" testName="Confirmai.Tests.AdminLogsFilterInferenceTests.InferQuickRangePreset_WhenRangeIsCustom_ReturnsCustom" computerName="DESKTOP-EO2KNBC" duration="00:00:00.0001134" startTime="2026-05-27T03:55:17.9327737-03:00" endTime="2026-05-27T03:55:17.9328177-03:00" testType="13cdc9d9-ddb5-4fa4-a97d-d965ccfc6d4b" outcome="Passed" testListId="8c84fa94-04c1-424b-9868-57a2d4851a1d" relativeResultsDirectory="b6acafa6-c06d-4e3c-9f32-1c31c8b0454e" />
    <UnitTestResult executionId="ca54ecfb-8818-4435-b9c9-77742eafc9e1" testId="bece6eaf-4244-d977-6504-cbe6ad1ad74b" testName="Confirmai.Tests.CurrencyPreferenceServiceTests.SetCurrency_AllowsBrl_AndFallsBackToUsd" computerName="DESKTOP-EO2KNBC" duration="00:00:00.0002520" startTime="2026-05-27T03:55:17.3200831-03:00" endTime="2026-05-27T03:55:17.3202640-03:00" testType="13cdc9d9-ddb5-4fa4-a97d-d965ccfc6d4b" outcome="Passed" testListId="8c84fa94-04c1-424b-9868-57a2d4851a1d" relativeResultsDirectory="ca54ecfb-8818-4435-b9c9-77742eafc9e1" />
    <UnitTestResult executionId="c323a869-65ee-4bdf-a9bd-56f1f4eea3f0" testId="c8ec2dc1-7b0c-14aa-9c79-71b7989622de" testName="Confirmai.Tests.ProductServiceTests.DeleteAsync_ReturnsNotFound_WhenMissing" computerName="DESKTOP-EO2KNBC" duration="00:00:00.0010290" startTime="2026-05-27T03:55:18.7662746-03:00" endTime="2026-05-27T03:55:18.7671772-03:00" testType="13cdc9d9-ddb5-4fa4-a97d-d965ccfc6d4b" outcome="Passed" testListId="8c84fa94-04c1-424b-9868-57a2d4851a1d" relativeResultsDirectory="c323a869-65ee-4bdf-a9bd-56f1f4eea3f0" />
    <UnitTestResult executionId="15dfae82-d074-4666-8dd0-755fabad73b9" testId="2c78a2da-f72a-a1bd-d71e-cf759c5bc18b" testName="Confirmai.Tests.PaymentConfirmationServiceTests.ConfirmAsync_ConfirmsPayment_WhenBlockchainReturnsEnoughFunds" computerName="DESKTOP-EO2KNBC" duration="00:00:00.0613275" startTime="2026-05-27T03:55:16.9799806-03:00" endTime="2026-05-27T03:55:17.0414348-03:00" testType="13cdc9d9-ddb5-4fa4-a97d-d965ccfc6d4b" outcome="Passed" testListId="8c84fa94-04c1-424b-9868-57a2d4851a1d" relativeResultsDirectory="15dfae82-d074-4666-8dd0-755fabad73b9" />
    <UnitTestResult executionId="66de37a6-de7a-4823-945a-6d64f73565ee" testId="0f5bd7db-b439-9b9a-506d-979261738382" testName="Confirmai.Tests.LogRetentionServiceTests.RunAsync_NeverPurges_FinancialLog_OlderThan90Days(eventType: &quot;order.disputed&quot;)" computerName="DESKTOP-EO2KNBC" duration="00:00:00.0010849" startTime="2026-05-27T03:55:17.9678521-03:00" endTime="2026-05-27T03:55:17.9691622-03:00" testType="13cdc9d9-ddb5-4fa4-a97d-d965ccfc6d4b" outcome="Passed" testListId="8c84fa94-04c1-424b-9868-57a2d4851a1d" relativeResultsDirectory="66de37a6-de7a-4823-945a-6d64f73565ee" />
    <UnitTestResult executionId="bd6f38dd-db3a-4fc1-81ba-807ff77314c9" testId="f73575ef-0468-15e7-f067-73b38c439b23" testName="Confirmai.Tests.FullFlowIdentityLocalizationIntegrationTests.LoginPage_RendersEnglishLanguageAndTexts_WhenUiLanguageCookieIsEnglish" computerName="DESKTOP-EO2KNBC" duration="00:00:00.2341293" startTime="2026-05-27T03:55:17.4572222-03:00" endTime="2026-05-27T03:55:17.6924027-03:00" testType="13cdc9d9-ddb5-4fa4-a97d-d965ccfc6d4b" outcome="Passed" testListId="8c84fa94-04c1-424b-9868-57a2d4851a1d" relativeResultsDirectory="bd6f38dd-db3a-4fc1-81ba-807ff77314c9" />
    <UnitTestResult executionId="2b1b06ca-c756-4fe4-9a2e-693888140ac5" testId="b34c1ab6-f4f1-f896-4af5-bf71eca1b11a" testName="Confirmai.Tests.AuthenticationIntegrationTests.IsNotAllowed_WhenEmailNotConfirmed_ProductionConfig" computerName="DESKTOP-EO2KNBC" duration="00:00:00.0890523" startTime="2026-05-27T03:55:18.7568360-03:00" endTime="2026-05-27T03:55:18.8475592-03:00" testType="13cdc9d9-ddb5-4fa4-a97d-d965ccfc6d4b" outcome="Passed" testListId="8c84fa94-04c1-424b-9868-57a2d4851a1d" relativeResultsDirectory="2b1b06ca-c756-4fe4-9a2e-693888140ac5" />
    <UnitTestResult executionId="93953c6e-13ac-4f73-8538-3d44b391ead5" testId="af8a483c-ba81-f4b7-3dd6-aac85e7999d2" testName="Confirmai.Tests.ModelValidationTests.Venue_Invalid_WhenNameExceeds120Chars" computerName="DESKTOP-EO2KNBC" duration="00:00:00.0001465" startTime="2026-05-27T03:55:16.9250356-03:00" endTime="2026-05-27T03:55:16.9250771-03:00" testType="13cdc9d9-ddb5-4fa4-a97d-d965ccfc6d4b" outcome="Passed" testListId="8c84fa94-04c1-424b-9868-57a2d4851a1d" relativeResultsDirectory="93953c6e-13ac-4f73-8538-3d44b391ead5" />
    <UnitTestResult executionId="e2884dd5-d771-44cb-92ed-5b3f1cdaa155" testId="5291fa06-087f-cbec-f0d9-6e452022fe2e" testName="Confirmai.Tests.PiiSanitizerTests.MaskEmail_ReturnsUnchanged_WhenInputIsNotEmail(input: &quot;notanemail&quot;)" computerName="DESKTOP-EO2KNBC" duration="00:00:00.0000783" startTime="2026-05-27T03:55:16.3477686-03:00" endTime="2026-05-27T03:55:16.3478122-03:00" testType="13cdc9d9-ddb5-4fa4-a97d-d965ccfc6d4b" outcome="Passed" testListId="8c84fa94-04c1-424b-9868-57a2d4851a1d" relativeResultsDirectory="e2884dd5-d771-44cb-92ed-5b3f1cdaa155" />
    <UnitTestResult executionId="b1701996-f6d6-4179-9541-69a85f7113b3" testId="c921f1b3-4500-9b8e-f3de-eae28d85ab64" testName="Confirmai.Tests.FullFlowRecentFeaturesIntegrationTests.LanguageFlow_AnonymousPaymentsPage_FallsBackToPortuguese_WhenLanguageIsInvalid" computerName="DESKTOP-EO2KNBC" duration="00:00:00.0108108" startTime="2026-05-27T03:55:18.7746709-03:00" endTime="2026-05-27T03:55:18.7855613-03:00" testType="13cdc9d9-ddb5-4fa4-a97d-d965ccfc6d4b" outcome="Passed" testListId="8c84fa94-04c1-424b-9868-57a2d4851a1d" relativeResultsDirectory="b1701996-f6d6-4179-9541-69a85f7113b3" />
    <UnitTestResult executionId="e6374c7b-1740-46c6-a18f-fb7f8ca3b320" testId="d719763d-db9e-6486-ba54-1e2441e9b3e6" testName="Confirmai.Tests.PaymentEventBusTests.NotifyPaymentConfirmed_InvokesSubscribers" computerName="DESKTOP-EO2KNBC" duration="00:00:00.0001417" startTime="2026-05-27T03:55:17.3025864-03:00" endTime="2026-05-27T03:55:17.3026475-03:00" testType="13cdc9d9-ddb5-4fa4-a97d-d965ccfc6d4b" outcome="Passed" testListId="8c84fa94-04c1-424b-9868-57a2d4851a1d" relativeResultsDirectory="e6374c7b-1740-46c6-a18f-fb7f8ca3b320" />
    <UnitTestResult executionId="0f43ae41-9807-4ee1-8826-982f726fc62e" testId="303197c7-aa8f-b0a4-dbc8-8dd45e340b2f" testName="Confirmai.Tests.BtcPayWebhookServiceTests.HandleAsync_ReturnsUnauthorized_WhenConfiguredSecretIsMissing" computerName="DESKTOP-EO2KNBC" duration="00:00:00.0022158" startTime="2026-05-27T03:55:18.2743385-03:00" endTime="2026-05-27T03:55:18.2766647-03:00" testType="13cdc9d9-ddb5-4fa4-a97d-d965ccfc6d4b" outcome="Passed" testListId="8c84fa94-04c1-424b-9868-57a2d4851a1d" relativeResultsDirectory="0f43ae41-9807-4ee1-8826-982f726fc62e" />
    <UnitTestResult executionId="cd1c697e-9412-49a6-b93a-c7137e403b9a" testId="3a4bfab2-4be1-ff87-35a6-b256f97cbadd" testName="Confirmai.Tests.BtcPayWebhookServiceTests.HandleAsync_DoesNotConfirm_WhenEventTypeIsNotSettled" computerName="DESKTOP-EO2KNBC" duration="00:00:00.0026577" startTime="2026-05-27T03:55:18.3004870-03:00" endTime="2026-05-27T03:55:18.3020011-03:00" testType="13cdc9d9-ddb5-4fa4-a97d-d965ccfc6d4b" outcome="Passed" testListId="8c84fa94-04c1-424b-9868-57a2d4851a1d" relativeResultsDirectory="cd1c697e-9412-49a6-b93a-c7137e403b9a" />
    <UnitTestResult executionId="4528e0aa-cb5c-453e-9ef8-2dd1fa1c2012" testId="f918ed4d-6e48-1201-e1c5-048286cc4f25" testName="Confirmai.Tests.LogServiceTests.AuditAsync_KeepsLegacyFieldsBackwardCompatible" computerName="DESKTOP-EO2KNBC" duration="00:00:00.0314353" startTime="2026-05-27T03:55:16.8709627-03:00" endTime="2026-05-27T03:55:16.9030018-03:00" testType="13cdc9d9-ddb5-4fa4-a97d-d965ccfc6d4b" outcome="Passed" testListId="8c84fa94-04c1-424b-9868-57a2d4851a1d" relativeResultsDirectory="4528e0aa-cb5c-453e-9ef8-2dd1fa1c2012" />
    <UnitTestResult executionId="4f72b382-2a9c-4b3e-886d-67c5fd0b5949" testId="2c18676d-e467-5431-2914-1710b9f342c5" testName="Confirmai.Tests.AdminAuthorizationConventionsTests.AdminRazorPages_MustDeclareAdminRoleAuthorization" computerName="DESKTOP-EO2KNBC" duration="00:00:00.0022353" startTime="2026-05-27T03:55:17.9183833-03:00" endTime="2026-05-27T03:55:17.9206016-03:00" testType="13cdc9d9-ddb5-4fa4-a97d-d965ccfc6d4b" outcome="Passed" testListId="8c84fa94-04c1-424b-9868-57a2d4851a1d" relativeResultsDirectory="4f72b382-2a9c-4b3e-886d-67c5fd0b5949" />
    <UnitTestResult executionId="4bf48faf-fd5e-4669-9a4b-6bbd88c61e30" testId="53a42ce8-7192-2367-b5de-48eb2ea23bd5" testName="Confirmai.Tests.WebhookEndpointIntegrationTests.WebhookEndpoint_ReturnsOk_WhenInvoiceDoesNotExist_AndKeepsDatabaseUnchanged" computerName="DESKTOP-EO2KNBC" duration="00:00:00.0426857" startTime="2026-05-27T03:55:17.7152754-03:00" endTime="2026-05-27T03:55:17.7581200-03:00" testType="13cdc9d9-ddb5-4fa4-a97d-d965ccfc6d4b" outcome="Passed" testListId="8c84fa94-04c1-424b-9868-57a2d4851a1d" relativeResultsDirectory="4bf48faf-fd5e-4669-9a4b-6bbd88c61e30" />
    <UnitTestResult executionId="d185ce47-714c-4eae-9557-97331f221139" testId="df7fd402-db42-1789-985e-07e96fb42858" testName="Confirmai.Tests.AdminLogsFilterStateServiceTests.SaveAsync_WritesValuesAndRemovesMissingDates" computerName="DESKTOP-EO2KNBC" duration="00:00:00.0006221" startTime="2026-05-27T03:55:16.9567568-03:00" endTime="2026-05-27T03:55:16.9567993-03:00" testType="13cdc9d9-ddb5-4fa4-a97d-d965ccfc6d4b" outcome="Passed" testListId="8c84fa94-04c1-424b-9868-57a2d4851a1d" relativeResultsDirectory="d185ce47-714c-4eae-9557-97331f221139" />
    <UnitTestResult executionId="2338841d-a2d8-442f-8ccc-37bc05ee4bc6" testId="d024063d-e29a-b5f0-7f8b-f1319f924ffd" testName="Confirmai.Tests.ModelValidationTests.UserMailboxMessage_Invalid_WhenBodyExceeds4000Chars" computerName="DESKTOP-EO2KNBC" duration="00:00:00.0003969" startTime="2026-05-27T03:55:16.9254707-03:00" endTime="2026-05-27T03:55:16.9255108-03:00" testType="13cdc9d9-ddb5-4fa4-a97d-d965ccfc6d4b" outcome="Passed" testListId="8c84fa94-04c1-424b-9868-57a2d4851a1d" relativeResultsDirectory="2338841d-a2d8-442f-8ccc-37bc05ee4bc6" />
    <UnitTestResult executionId="548acec2-1a56-4235-b436-272c0f487695" testId="381416b1-2c0d-ae8e-49b9-0f56ddc94a7c" testName="Confirmai.Tests.PiiSanitizerTests.LogService_AuditAsync_MasksEmailInMetadataJson" computerName="DESKTOP-EO2KNBC" duration="00:00:00.0109650" startTime="2026-05-27T03:55:16.8684748-03:00" endTime="2026-05-27T03:55:16.8686866-03:00" testType="13cdc9d9-ddb5-4fa4-a97d-d965ccfc6d4b" outcome="Passed" testListId="8c84fa94-04c1-424b-9868-57a2d4851a1d" relativeResultsDirectory="548acec2-1a56-4235-b436-272c0f487695" />
    <UnitTestResult executionId="63d4f435-2c0e-4ede-856f-02174c47fd1a" testId="1823bed7-a35f-6eec-6919-ddd31c7bbc26" testName="Confirmai.Tests.FutsalIntegrationTests.FutsalCreate_RedirectsToLogin_ForAnonymousUser" computerName="DESKTOP-EO2KNBC" duration="00:00:00.0326097" startTime="2026-05-27T03:55:17.9843906-03:00" endTime="2026-05-27T03:55:18.0185153-03:00" testType="13cdc9d9-ddb5-4fa4-a97d-d965ccfc6d4b" outcome="Passed" testListId="8c84fa94-04c1-424b-9868-57a2d4851a1d" relativeResultsDirectory="63d4f435-2c0e-4ede-856f-02174c47fd1a" />
    <UnitTestResult executionId="495bdd6a-7507-41ae-a4de-57b311f8f6e8" testId="e7ef969c-acd0-dd38-7cb0-0459d0fb2286" testName="Confirmai.Tests.AuditLoggingHooksTests.ProductService_DeleteAsync_WritesProductDeletedAudit_WhenNoOrders" computerName="DESKTOP-EO2KNBC" duration="00:00:00.0407501" startTime="2026-05-27T03:55:17.4189428-03:00" endTime="2026-05-27T03:55:17.4499267-03:00" testType="13cdc9d9-ddb5-4fa4-a97d-d965ccfc6d4b" outcome="Passed" testListId="8c84fa94-04c1-424b-9868-57a2d4851a1d" relativeResultsDirectory="495bdd6a-7507-41ae-a4de-57b311f8f6e8" />
    <UnitTestResult executionId="c012f525-764e-45be-882a-7be22fd0597e" testId="ab490450-6a94-169c-8d3e-83dfdd57d47d" testName="Confirmai.Tests.ProtectedPagesIntegrationTests.AdminRoutes_ShowNotAuthorized_ForNonAdminUser(route: &quot;/admin/payments&quot;)" computerName="DESKTOP-EO2KNBC" duration="00:00:00.0465340" startTime="2026-05-27T03:55:17.7193724-03:00" endTime="2026-05-27T03:55:17.7681893-03:00" testType="13cdc9d9-ddb5-4fa4-a97d-d965ccfc6d4b" outcome="Passed" testListId="8c84fa94-04c1-424b-9868-57a2d4851a1d" relativeResultsDirectory="c012f525-764e-45be-882a-7be22fd0597e" />
    <UnitTestResult executionId="97c49e61-4c90-4839-8f93-5f9276f62fd9" testId="552d2a40-e9f9-28f3-3e65-91c7ea83cef4" testName="Confirmai.Tests.EventNotificationServiceTests.NotifyNewRecurringEventAsync_SendsMailbox_ToGroupMembers" computerName="DESKTOP-EO2KNBC" duration="00:00:00.0125106" startTime="2026-05-27T03:55:17.9910975-03:00" endTime="2026-05-27T03:55:18.0039010-03:00" testType="13cdc9d9-ddb5-4fa4-a97d-d965ccfc6d4b" outcome="Passed" testListId="8c84fa94-04c1-424b-9868-57a2d4851a1d" relativeResultsDirectory="97c49e61-4c90-4839-8f93-5f9276f62fd9" />
    <UnitTestResult executionId="6b3569ee-e64b-4b4d-a80a-87031ddc9777" testId="001d330a-775c-e6ea-74c3-d47aa82d8f18" testName="Confirmai.Tests.AdminLogSortingIntegrationTests.Apply_WhenSortingBySourceDescending_ReturnsLexicographicOrder" computerName="DESKTOP-EO2KNBC" duration="00:00:00.0088037" startTime="2026-05-27T03:55:18.2300518-03:00" endTime="2026-05-27T03:55:18.2385202-03:00" testType="13cdc9d9-ddb5-4fa4-a97d-d965ccfc6d4b" outcome="Passed" testListId="8c84fa94-04c1-424b-9868-57a2d4851a1d" relativeResultsDirectory="6b3569ee-e64b-4b4d-a80a-87031ddc9777" />
    <UnitTestResult executionId="59d2a96a-1005-4460-86e8-47065277ed19" testId="fe486eee-63ed-2732-3f74-94d71743e485" testName="Confirmai.Tests.FullFlowRecentFeaturesIntegrationTests.LanguageFlow_QueryHintWithoutCookie_RendersSpanishOnPayments" computerName="DESKTOP-EO2KNBC" duration="00:00:00.0360531" startTime="2026-05-27T03:55:18.5691512-03:00" endTime="2026-05-27T03:55:18.6055970-03:00" testType="13cdc9d9-ddb5-4fa4-a97d-d965ccfc6d4b" outcome="Passed" testListId="8c84fa94-04c1-424b-9868-57a2d4851a1d" relativeResultsDirectory="59d2a96a-1005-4460-86e8-47065277ed19" />
    <UnitTestResult executionId="e3eaf019-839a-4a74-8bef-86e7e2303753" testId="dc103e8d-3ff3-623b-5987-86e69a23bb9f" testName="Confirmai.Tests.BtcUsdFormatterTests.Format_ShowsUsdEstimate_WhenUsdRateExists" computerName="DESKTOP-EO2KNBC" duration="00:00:00.0021419" startTime="2026-05-27T03:55:17.2555412-03:00" endTime="2026-05-27T03:55:17.2576747-03:00" testType="13cdc9d9-ddb5-4fa4-a97d-d965ccfc6d4b" outcome="Passed" testListId="8c84fa94-04c1-424b-9868-57a2d4851a1d" relativeResultsDirectory="e3eaf019-839a-4a74-8bef-86e7e2303753" />
    <UnitTestResult executionId="44a4f557-3daa-4f40-be7b-44f6cb285399" testId="75cada4f-f072-f9bf-bc65-2ebc4b955ba4" testName="Confirmai.Tests.BtcPayWebhookServiceTests.HandleAsync_ReturnsBadRequest_WhenJsonIsInvalid" computerName="DESKTOP-EO2KNBC" duration="00:00:00.0023875" startTime="2026-05-27T03:55:18.2769306-03:00" endTime="2026-05-27T03:55:18.2793809-03:00" testType="13cdc9d9-ddb5-4fa4-a97d-d965ccfc6d4b" outcome="Passed" testListId="8c84fa94-04c1-424b-9868-57a2d4851a1d" relativeResultsDirectory="44a4f557-3daa-4f40-be7b-44f6cb285399" />
    <UnitTestResult executionId="7acf6e56-1b06-419c-85e5-644d81073c3f" testId="ca418922-1ac3-fe4f-2644-0b57c3c225fb" testName="Confirmai.Tests.AdminLogsFilterInferenceTests.InferAuditQuickFilter_WhenSourceIsDifferent_ReturnsAll" computerName="DESKTOP-EO2KNBC" duration="00:00:00.0082771" startTime="2026-05-27T03:55:17.9241011-03:00" endTime="2026-05-27T03:55:17.9323371-03:00" testType="13cdc9d9-ddb5-4fa4-a97d-d965ccfc6d4b" outcome="Passed" testListId="8c84fa94-04c1-424b-9868-57a2d4851a1d" relativeResultsDirectory="7acf6e56-1b06-419c-85e5-644d81073c3f" />
    <UnitTestResult executionId="36c9e6fb-652c-4eab-a450-26761b565dd8" testId="6eae5b5f-a1ac-d984-a9b4-f4d892ff7ab5" testName="Confirmai.Tests.AppInitializationServiceTests.SeedAsync_CreatesAdminUser_AndAssignsAdminRole" computerName="DESKTOP-EO2KNBC" duration="00:00:01.4289107" startTime="2026-05-27T03:55:21.5539803-03:00" endTime="2026-05-27T03:55:22.9829161-03:00" testType="13cdc9d9-ddb5-4fa4-a97d-d965ccfc6d4b" outcome="Passed" testListId="8c84fa94-04c1-424b-9868-57a2d4851a1d" relativeResultsDirectory="36c9e6fb-652c-4eab-a450-26761b565dd8" />
    <UnitTestResult executionId="3577f70f-dc13-478e-95fd-8f2c79c99902" testId="afd72e2f-10d7-f13d-7d37-2a37c67c5a02" testName="Confirmai.Tests.AdminUsersFilterStateServiceTests.SaveAsync_WhenJsInteropThrows_DoesNotPropagateException" computerName="DESKTOP-EO2KNBC" duration="00:00:00.0010823" startTime="2026-05-27T03:55:17.7045638-03:00" endTime="2026-05-27T03:55:17.7055720-03:00" testType="13cdc9d9-ddb5-4fa4-a97d-d965ccfc6d4b" outcome="Passed" testListId="8c84fa94-04c1-424b-9868-57a2d4851a1d" relativeResultsDirectory="3577f70f-dc13-478e-95fd-8f2c79c99902" />
    <UnitTestResult executionId="879c2a38-7a32-486f-b8f5-446abaaec7eb" testId="a1a7292b-1f36-a136-7d9d-51f3ee9dd630" testName="Confirmai.Tests.WebhookEndpointIntegrationTests.WebhookEndpoint_ConfirmsPayment_WhenSecretHeaderNameHasDifferentCasing" computerName="DESKTOP-EO2KNBC" duration="00:00:00.0542632" startTime="2026-05-27T03:55:18.1011516-03:00" endTime="2026-05-27T03:55:18.1565321-03:00" testType="13cdc9d9-ddb5-4fa4-a97d-d965ccfc6d4b" outcome="Passed" testListId="8c84fa94-04c1-424b-9868-57a2d4851a1d" relativeResultsDirectory="879c2a38-7a32-486f-b8f5-446abaaec7eb" />
    <UnitTestResult executionId="21dfd4df-cddf-480b-8e88-c601e5ed9ce6" testId="8c90679e-33d5-62a3-1391-0cc205731361" testName="Confirmai.Tests.IdentityPageModelsIntegrationTests.ResetPassword_ReturnsBadRequest_WhenCodeIsMissing" computerName="DESKTOP-EO2KNBC" duration="00:00:00.0098002" startTime="2026-05-27T03:55:18.9207095-03:00" endTime="2026-05-27T03:55:18.9305872-03:00" testType="13cdc9d9-ddb5-4fa4-a97d-d965ccfc6d4b" outcome="Passed" testListId="8c84fa94-04c1-424b-9868-57a2d4851a1d" relativeResultsDirectory="21dfd4df-cddf-480b-8e88-c601e5ed9ce6" />
    <UnitTestResult executionId="2dafbf9d-a968-471d-817a-5a00a702e4b5" testId="e6c6257f-c856-f73f-834c-5dad1fd118c4" testName="Confirmai.Tests.WebhookEndpointIntegrationTests.WebhookEndpoint_ReturnsPayloadTooLarge_WhenUtf8MultibytePayloadExceedsByteLimit" computerName="DESKTOP-EO2KNBC" duration="00:00:00.0137474" startTime="2026-05-27T03:55:18.0001508-03:00" endTime="2026-05-27T03:55:18.0127420-03:00" testType="13cdc9d9-ddb5-4fa4-a97d-d965ccfc6d4b" outcome="Passed" testListId="8c84fa94-04c1-424b-9868-57a2d4851a1d" relativeResultsDirectory="2dafbf9d-a968-471d-817a-5a00a702e4b5" />
[...]
    <TestEntry testId="d706c1bd-093e-21cb-e98a-c117594691e3" executionId="d68bbaac-0ba7-4a1f-92cc-21e23cf4f2c1" testListId="8c84fa94-04c1-424b-9868-57a2d4851a1d" />
    <TestEntry testId="bbd8b794-30b2-c284-3225-ba483acdd628" executionId="a4618fb2-46a8-4e55-bc9f-100eeb3953f1" testListId="8c84fa94-04c1-424b-9868-57a2d4851a1d" />
    <TestEntry testId="9562bbb4-345b-ef5f-be34-52991ef48079" executionId="b0143782-4af5-433b-9afc-25d6bc10cbdb" testListId="8c84fa94-04c1-424b-9868-57a2d4851a1d" />
    <TestEntry testId="a35492c2-a905-5315-5bbb-65048d2488cd" executionId="1678e100-4203-42d9-b4e3-f999f8edbfb4" testListId="8c84fa94-04c1-424b-9868-57a2d4851a1d" />
    <TestEntry testId="1e069a9a-91ee-fdb0-5cee-92bce731ffe9" executionId="c838b6f9-4aac-49e0-8730-22cc71c0dff5" testListId="8c84fa94-04c1-424b-9868-57a2d4851a1d" />
    <TestEntry testId="b087dbc8-d11b-bfef-53a1-ef80fc4c1242" executionId="b817180c-0817-436c-b0bc-bb4c038297ce" testListId="8c84fa94-04c1-424b-9868-57a2d4851a1d" />
    <TestEntry testId="4ed45374-fd92-55b8-26cc-9541d5a13ef6" executionId="2e83a07a-a2a3-4432-a681-0fdfaeece6c8" testListId="8c84fa94-04c1-424b-9868-57a2d4851a1d" />
    <TestEntry testId="4c1d51fe-efbf-4c4c-4b1d-d28fe7fb5ba0" executionId="1589a573-a064-43a7-999f-559ec957df86" testListId="8c84fa94-04c1-424b-9868-57a2d4851a1d" />
    <TestEntry testId="207dd251-959a-1b7d-7672-d7765a761b8e" executionId="fe1ad315-c5d5-4a9f-b9fc-3edefa184059" testListId="8c84fa94-04c1-424b-9868-57a2d4851a1d" />
    <TestEntry testId="87fc550f-8857-0eec-69bd-7e40524d74fe" executionId="b3568bfc-cd87-417c-8dff-ec6462f67cd6" testListId="8c84fa94-04c1-424b-9868-57a2d4851a1d" />
    <TestEntry testId="b732df71-8a54-7089-1c89-f15c2ebd9a62" executionId="a1c2d1e2-ce72-44a5-ae85-df30e74dc59c" testListId="8c84fa94-04c1-424b-9868-57a2d4851a1d" />
    <TestEntry testId="a5276a46-48cb-68ac-dd68-6079af03bedc" executionId="ae59d098-38b0-4c3c-a601-dac5cb576e01" testListId="8c84fa94-04c1-424b-9868-57a2d4851a1d" />
    <TestEntry testId="22c412fd-c3eb-0c5f-14b7-217623cd42e5" executionId="e2f73fc2-f9cf-468b-8362-a2cb8ce119cf" testListId="8c84fa94-04c1-424b-9868-57a2d4851a1d" />
    <TestEntry testId="45e43c8d-945e-e4a5-54db-acc508adbd63" executionId="29722f4d-5a1b-406c-82ad-7089e3b485a9" testListId="8c84fa94-04c1-424b-9868-57a2d4851a1d" />
    <TestEntry testId="fc0a3176-f331-35e0-ddfe-0dd3719f7673" executionId="eb5fdafc-f45b-4b11-9b3f-e4b86903db3b" testListId="8c84fa94-04c1-424b-9868-57a2d4851a1d" />
    <TestEntry testId="f43cd8bd-35b2-dfd0-5b9a-38f49b7915a9" executionId="c4713492-4515-4165-9c17-fb0540154d00" testListId="8c84fa94-04c1-424b-9868-57a2d4851a1d" />
    <TestEntry testId="9a65437b-d2a9-705a-d8ad-e94033fd2ee7" executionId="d4daa40a-cf80-40c2-a954-6f9a2c706c84" testListId="8c84fa94-04c1-424b-9868-57a2d4851a1d" />
  </TestEntries>
  <TestLists>
    <TestList name="Results Not in a List" id="8c84fa94-04c1-424b-9868-57a2d4851a1d" />
    <TestList name="All Loaded Results" id="19431567-8539-422a-85d7-44ee4e166bda" />
  </TestLists>
  <ResultSummary outcome="Completed">
    <Counters total="391" executed="391" passed="391" failed="0" error="0" timeout="0" aborted="0" inconclusive="0" passedButRunAborted="0" notRunnable="0" notExecuted="0" disconnected="0" warning="0" completed="0" inProgress="0" pending="0" />
    <Output>
      <StdOut>[xUnit.net 00:00:00.00] xUnit.net VSTest Adapter v3.1.4+50e68bbb8b (64-bit .NET 9.0.13)&#xD;
[xUnit.net 00:00:00.15]   Discovering: Confirmai.Tests&#xD;
[xUnit.net 00:00:00.22]   Discovered:  Confirmai.Tests&#xD;
[xUnit.net 00:00:00.27]   Starting:    Confirmai.Tests&#xD;
[03:55:16 INF] Confirmai.Services.AppInitializationService: Usu�rio admin seed criado: admin@test.local&#xD;
[03:55:17 INF] Confirmai.Services.AppInitializationService: Usu�rio admin seed criado: admin@test.local&#xD;
[03:55:17 INF] Confirmai.Services.AppInitializationService: Usu�rio admin@test.local promovido a admin.&#xD;
[03:55:17 INF] Confirmai.Services.AppInitializationService: Usu�rio admin@test.local promovido a admin.&#xD;
[03:55:17 INF] Confirmai.Services.AppInitializationService: Usu�rio admin seed criado: admin@test.local&#xD;
[03:55:17 INF] Confirmai.Services.AppInitializationService: Usu�rio admin@test.local promovido a admin.&#xD;
[03:55:17 INF] Confirmai.Services.AppInitializationService: Usu�rio admin seed criado: admin@test.local&#xD;
[03:55:17 INF] Confirmai.Services.AppInitializationService: Usu�rio admin@test.local promovido a admin.&#xD;
[03:55:17 INF] Confirmai.Services.LogService: [Webhook] Webhook chamado.&#xD;
[03:55:17 WRN] Confirmai.Services.LogService: [Webhook] Tentativa de acesso negada ao webhook. Header recebido: 'null'. IP: &#xD;
[03:55:17 INF] Confirmai.Services.LogService: [Webhook] Webhook chamado.&#xD;
[03:55:17 WRN] Confirmai.Services.LogService: [Webhook] Tentativa de acesso negada ao webhook. Header recebido: ' expected-secret '. IP: &#xD;
[03:55:17 INF] Confirmai.Services.AppInitializationService: Usu�rio admin seed criado: admin@test.local&#xD;
[03:55:17 INF] Confirmai.Services.AppInitializationService: Usu�rio admin@test.local promovido a admin.&#xD;
[03:55:17 INF] Confirmai.Services.AppInitializationService: Usu�rio admin seed criado: admin@test.local&#xD;
[03:55:17 INF] Confirmai.Services.AppInitializationService: Usu�rio admin@test.local promovido a admin.&#xD;
[03:55:17 INF] Confirmai.Services.LogService: [AdminSecurityPolicy] Security policy updated. RequireConfirmedEmail: True -&gt; False; LockoutMaxFailedAccessAttempts: 5 -&gt; 4; LockoutMinutes: 15 -&gt; 22.&#xD;
[03:55:17 INF] Confirmai.Services.LogService: [AdminSettings] Configura�ao alterada: OperationFeePercent = 2.&#xD;
[03:55:17 INF] Confirmai.Services.LogService: [AdminSettings] Configura�ao alterada: OperationFeePercent = 3.75.&#xD;
[03:55:17 INF] Confirmai.Services.LogService: [AdminSettings] Configura�ao alterada: OperationFeePercent = 4.25.&#xD;
[03:55:17 INF] Confirmai.Services.LogService: [Webhook] Webhook chamado.&#xD;
[03:55:17 INF] Confirmai.Services.LogService: [Webhook] Webhook chamado. Body recebido: {"invoiceId":"inv-http-idempotent","type":"InvoiceSettled"}&#xD;
[03:55:17 INF] Confirmai.Services.LogService: [Webhook] Webhook recebido: status=InvoiceSettled, invoiceId=inv-http-idempotent, deliveryId=&#xD;
[03:55:17 INF] Confirmai.Services.LogService: [Payments] Pagamento confirmado via webhook BtcPay (invoice inv-http-idempotent).&#xD;
[03:55:17 INF] Confirmai.Services.LogService: [Webhook] Pagamento confirmado: paymentId=2, userId=buyer-int-1, productId=2&#xD;
[03:55:17 INF] Confirmai.Services.LogService: [Webhook] Webhook chamado.&#xD;
[03:55:17 INF] Confirmai.Services.LogService: [Webhook] Webhook chamado. Body recebido: {"invoiceId":"inv-http-idempotent","type":"InvoiceSettled"}&#xD;
[03:55:17 INF] Confirmai.Services.LogService: [Webhook] Webhook recebido: status=InvoiceSettled, invoiceId=inv-http-idempotent, deliveryId=&#xD;
[03:55:17 INF] Confirmai.Services.LogService: [Webhook] Pagamento j� est� marcado como pago para invoiceId=inv-http-idempotent&#xD;
[03:55:17 INF] Confirmai.Services.LogService: [Webhook] Webhook chamado.&#xD;
[03:55:17 WRN] Confirmai.Services.LogService: [Webhook] Tentativa de acesso negada ao webhook. Header recebido: 'null'. IP: &#xD;
[03:55:17 INF] Confirmai.Services.LogService: [Webhook] Webhook chamado.&#xD;
[03:55:17 INF] Confirmai.Services.LogService: [Webhook] Webhook chamado. Body recebido: {"invoiceId":"inv-http-processing","type":"InvoiceProcessing"}&#xD;
[03:55:17 INF] Confirmai.Services.LogService: [Webhook] Webhook recebido: status=InvoiceProcessing, invoiceId=inv-http-processing, deliveryId=&#xD;
[03:55:17 INF] Confirmai.Services.LogService: [Webhook] Webhook chamado.&#xD;
[03:55:17 INF] Confirmai.Services.LogService: [Webhook] Webhook chamado. Body recebido: {"invoiceId":"   ","type":" \t "}&#xD;
[03:55:17 WRN] Confirmai.Services.LogService: [Webhook] Payload do webhook com invoiceId/type vazios.&#xD;
[03:55:17 INF] Confirmai.Services.AppInitializationService: Usu�rio admin seed criado: admin@test.local&#xD;
[03:55:17 INF] Confirmai.Services.AppInitializationService: Usu�rio admin seed criado: admin@test.local&#xD;
[03:55:17 INF] Confirmai.Services.AppInitializationService: Usu�rio admin@test.local promovido a admin.&#xD;
[03:55:17 INF] Confirmai.Services.AppInitializationService: Usu�rio admin@test.local promovido a admin.&#xD;
[03:55:17 INF] Confirmai.Services.LogService: [Webhook] Webhook chamado.&#xD;
[03:55:17 WRN] Confirmai.Services.LogService: [Webhook] Payload do webhook excede limite permitido (2131 bytes). Limite: 256 bytes.&#xD;
[03:55:17 INF] Confirmai.Services.LogService: [Webhook] Webhook chamado.&#xD;
[03:55:17 INF] Confirmai.Services.LogService: [Webhook] Webhook chamado. Body recebido: {invalid-json&#xD;
[03:55:17 WRN] Confirmai.Services.LogService: [Webhook] Payload JSON inv�lido no webhook: 'i' is an invalid start of a property name. Expected a '"'. LineNumber: 0 | BytePositionInLine: 1.&#xD;
[03:55:17 INF] Confirmai.Services.AppInitializationService: Usu�rio admin seed criado: admin@test.local&#xD;
[03:55:17 INF] Confirmai.Services.LogService: [Webhook] Webhook chamado.&#xD;
[03:55:17 INF] Confirmai.Services.LogService: [Webhook] Webhook chamado. Body recebido: {"invoiceId":"inv-http-missing","type":"InvoiceSettled"}&#xD;
[03:55:17 INF] Confirmai.Services.LogService: [Webhook] Webhook recebido: status=InvoiceSettled, invoiceId=inv-http-missing, deliveryId=&#xD;
[03:55:17 WRN] Confirmai.Services.LogService: [Webhook] Pagamento nao encontrado para invoiceId=inv-http-missing&#xD;
[03:55:17 INF] Confirmai.Services.AppInitializationService: Usu�rio admin@test.local promovido a admin.&#xD;
[03:55:17 INF] Confirmai.Services.LogService: [Webhook] Webhook chamado.&#xD;
[03:55:17 WRN] Confirmai.Services.LogService: [Webhook] Tentativa de acesso negada ao webhook. Header recebido: 'null'. IP: &#xD;
[03:55:17 INF] Confirmai.Services.AppInitializationService: Usu�rio admin seed criado: admin@test.local&#xD;
[03:55:17 INF] Confirmai.Services.AppInitializationService: Usu�rio admin@test.local promovido a admin.&#xD;
[03:55:17 INF] Confirmai.Services.LogService: [Webhook] Webhook chamado.&#xD;
[03:55:17 INF] Confirmai.Services.LogService: [Webhook] Webhook chamado. Body recebido: {"invoiceId":"inv-http-unicode-valid","type":"InvoiceSettled","note":"linha\ncom\ttab e unicode \u20AC"}&#xD;
[03:55:17 INF] Confirmai.Services.LogService: [Webhook] Webhook recebido: status=InvoiceSettled, invoiceId=inv-http-unicode-valid, deliveryId=&#xD;
[03:55:17 INF] Confirmai.Services.LogService: [Payments] Pagamento confirmado via webhook BtcPay (invoice inv-http-unicode-valid).&#xD;
[03:55:17 INF] Confirmai.Services.LogService: [Webhook] Pagamento confirmado: paymentId=9, userId=buyer-int-1, productId=9&#xD;
[03:55:17 INF] Confirmai.Services.LogService: [Webhook] Webhook chamado.&#xD;
[03:55:17 INF] Confirmai.Services.LogService: [Webhook] Webhook chamado. Body recebido: {"invoiceId":"inv-http-paid","type":"InvoiceSettled"}&#xD;
[03:55:17 INF] Confirmai.Services.LogService: [Webhook] Webhook recebido: status=InvoiceSettled, invoiceId=inv-http-paid, deliveryId=&#xD;
[03:55:17 INF] Confirmai.Services.LogService: [Payments] Pagamento confirmado via webhook BtcPay (invoice inv-http-paid).&#xD;
[03:55:17 INF] Confirmai.Services.LogService: [Webhook] Pagamento confirmado: paymentId=10, userId=buyer-int-1, productId=10&#xD;
[03:55:17 INF] Confirmai.Services.LogService: [Webhook] Webhook chamado.&#xD;
[03:55:17 WRN] Confirmai.Services.LogService: [Webhook] Tentativa de acesso negada ao webhook. Header recebido: 'EXPECTED-SECRET'. IP: &#xD;
[03:55:17 INF] Confirmai.Services.LogService: [Webhook] Webhook chamado.&#xD;
[03:55:17 INF] Confirmai.Services.AppInitializationService: Usu�rio admin seed criado: admin@test.local&#xD;
[03:55:17 WRN] Confirmai.Services.LogService: [Webhook] Tentativa de acesso negada ao webhook. Header recebido: 'wrong-secret'. IP: &#xD;
[03:55:17 INF] Confirmai.Services.AppInitializationService: Usu�rio admin@test.local promovido a admin.&#xD;
[03:55:17 INF] Confirmai.Services.LogService: [Webhook] Webhook chamado.&#xD;
[03:55:17 WRN] Confirmai.Services.LogService: [Webhook] Payload do webhook excede limite permitido (2116 bytes). Limite: 256 bytes.&#xD;
[03:55:17 INF] Confirmai.Services.LogService: [Webhook] Webhook chamado.&#xD;
[03:55:17 INF] Confirmai.Services.LogService: [Webhook] Webhook chamado. Body recebido: {"invoiceId":"inv-http-utf8-at-limit","type":"InvoiceSettled","note":"aaaaaaaaaaaaaaaaaaaaaaaaaaaaaaaaaaaaaaaaaaaaaaaaaaaaaaaaaaaaaaaaaaaaaaaaaaaaaaaaaaaaaaaaaaaaaaaaaaaaaaaaaaaaaaaaaaaaaaaaaaaaaaaaaaaaaaaaaaaaaaaaaaaaaaaaaaaaaaaaaaaaaaaaaaaaaaaaaaaaaaaa"}&#xD;
[03:55:17 INF] Confirmai.Services.LogService: [Webhook] Webhook recebido: status=InvoiceSettled, invoiceId=inv-http-utf8-at-limit, deliveryId=&#xD;
[03:55:17 INF] Confirmai.Services.LogService: [Payments] Pagamento confirmado via webhook BtcPay (invoice inv-http-utf8-at-limit).&#xD;
[03:55:17 INF] Confirmai.Services.LogService: [Webhook] Pagamento confirmado: paymentId=13, userId=buyer-int-1, productId=13&#xD;
[03:55:17 INF] Confirmai.Services.LogService: [Webhook] Webhook chamado.&#xD;
[03:55:17 INF] Confirmai.Services.LogService: [Webhook] Webhook chamado. Body recebido: {"invoiceId":"inv-http-at-limit","type":"InvoiceSettled","note":"aaaaaaaaaaaaaaaaaaaaaaaaaaaaaaaaaaaaaaaaaaaaaaaaaaaaaaaaaaaaaaaaaaaaaaaaaaaaaaaaaaaaaaaaaaaaaaaaaaaaaaaaaaaaaaaaaaaaaaaaaaaaaaaaaaaaaaaaaaaaaaaaaaaaaaaaaaaaaaaaaaaaaaaaaaaaaaaaaaaaaaaaaaaaa"}&#xD;
[03:55:17 INF] Confirmai.Services.LogService: [Webhook] Webhook recebido: status=InvoiceSettled, invoiceId=inv-http-at-limit, deliveryId=&#xD;
[03:55:17 INF] Confirmai.Services.LogService: [Payments] Pagamento confirmado via webhook BtcPay (invoice inv-http-at-limit).&#xD;
[03:55:17 INF] Confirmai.Services.LogService: [Webhook] Pagamento confirmado: paymentId=14, userId=buyer-int-1, productId=14&#xD;
[03:55:18 INF] Confirmai.Services.LogService: [Webhook] Webhook chamado.&#xD;
[03:55:18 WRN] Confirmai.Services.LogService: [Webhook] Payload do webhook excede limite permitido (433 bytes). Limite: 256 bytes.&#xD;
[03:55:18 INF] Confirmai.Services.LogService: [Webhook] Webhook chamado.&#xD;
[03:55:18 INF] Confirmai.Services.LogService: [Webhook] Webhook chamado. Body recebido: {"invoiceId":12345,"type":999}&#xD;
[03:55:18 WRN] Confirmai.Services.LogService: [Webhook] Payload do webhook com tipos inv�lidos para invoiceId/type.&#xD;
[03:55:18 INF] Confirmai.Services.LogService: [Webhook] Webhook chamado.&#xD;
[03:55:18 WRN] Confirmai.Services.LogService: [Webhook] Payload do webhook excede limite permitido (508 bytes). Limite: 256 bytes.&#xD;
[03:55:18 INF] Confirmai.Services.AppInitializationService: Usu�rio admin seed criado: admin@test.local&#xD;
[03:55:18 INF] Confirmai.Services.AppInitializationService: Usu�rio admin@test.local promovido a admin.&#xD;
[03:55:18 INF] Confirmai.Services.LogService: [Webhook] Webhook chamado.&#xD;
[03:55:18 INF] Confirmai.Services.LogService: [Webhook] Webhook chamado. Body recebido: {"invoiceId":"inv-http-secret-case","type":"InvoiceSettled"}&#xD;
[03:55:18 INF] Confirmai.Services.LogService: [Webhook] Webhook recebido: status=InvoiceSettled, invoiceId=inv-http-secret-case, deliveryId=&#xD;
[03:55:18 INF] Confirmai.Services.LogService: [Payments] Pagamento confirmado via webhook BtcPay (invoice inv-http-secret-case).&#xD;
[03:55:18 INF] Confirmai.Services.LogService: [Webhook] Pagamento confirmado: paymentId=18, userId=buyer-int-1, productId=18&#xD;
[03:55:18 INF] Confirmai.Services.LogService: [Webhook] Webhook chamado.&#xD;
[03:55:18 INF] Confirmai.Services.LogService: [Webhook] Webhook chamado. Body recebido: {"invoiceId":"","type":""}&#xD;
[03:55:18 WRN] Confirmai.Services.LogService: [Webhook] Payload do webhook com invoiceId/type vazios.&#xD;
[03:55:18 INF] Confirmai.Services.AppInitializationService: Usu�rio admin seed criado: admin@test.local&#xD;
[03:55:18 INF] Confirmai.Services.AppInitializationService: Usu�rio admin@test.local promovido a admin.&#xD;
[03:55:18 WRN] Confirmai.Services.LogService: [Identity] Tentativa de login inv�lida: runtime-lockout@test.local.&#xD;
[03:55:18 INF] Confirmai.Services.AppInitializationService: Usu�rio admin seed criado: admin@test.local&#xD;
[03:55:18 INF] Confirmai.Services.AppInitializationService: Usu�rio admin@test.local promovido a admin.&#xD;
[03:55:18 INF] Confirmai.Services.AppInitializationService: Usu�rio admin seed criado: admin@test.local&#xD;
[03:55:18 INF] Confirmai.Services.AppInitializationService: Usu�rio admin@test.local promovido a admin.&#xD;
[03:55:18 WRN] Confirmai.Services.LogService: [Identity] Usu�rio bloqueado por excesso de tentativas: runtime-lockout@test.local.&#xD;
[03:55:18 INF] Confirmai.Services.LogService: [Webhook] Webhook chamado.&#xD;
[03:55:18 INF] Confirmai.Services.LogService: [Webhook] Webhook chamado. Body recebido: {"invoiceId":"inv-flow-dup-1","type":"InvoiceSettled"}&#xD;
[03:55:18 INF] Confirmai.Services.LogService: [Webhook] Webhook recebido: status=InvoiceSettled, invoiceId=inv-flow-dup-1, deliveryId=&#xD;
[03:55:18 INF] Confirmai.Services.LogService: [Payments] Pagamento confirmado via webhook BtcPay (invoice inv-flow-dup-1).&#xD;
[03:55:18 INF] Confirmai.Services.LogService: [Webhook] Pagamento confirmado: paymentId=1, userId=buyer-flow-dup, productId=1&#xD;
[03:55:18 INF] Confirmai.Services.LogService: [Webhook] Webhook chamado.&#xD;
[03:55:18 INF] Confirmai.Services.LogService: [Webhook] Webhook chamado. Body recebido: {"invoiceId":"inv-flow-dup-1","type":"InvoiceSettled"}&#xD;
[03:55:18 INF] Confirmai.Services.LogService: [Webhook] Webhook recebido: status=InvoiceSettled, invoiceId=inv-flow-dup-1, deliveryId=&#xD;
[03:55:18 INF] Confirmai.Services.LogService: [Webhook] Pagamento j� est� marcado como pago para invoiceId=inv-flow-dup-1&#xD;
[03:55:18 INF] Confirmai.Services.LogService: [Webhook] Webhook chamado.&#xD;
[03:55:18 INF] Confirmai.Services.LogService: [Webhook] Webhook chamado. Body recebido: {"invoiceId":"inv-flow-1","type":"InvoiceSettled"}&#xD;
[03:55:18 INF] Confirmai.Services.LogService: [Webhook] Webhook recebido: status=InvoiceSettled, invoiceId=inv-flow-1, deliveryId=&#xD;
[03:55:18 INF] Confirmai.Services.LogService: [Payments] Pagamento confirmado via webhook BtcPay (invoice inv-flow-1).&#xD;
[03:55:18 INF] Confirmai.Services.LogService: [Webhook] Pagamento confirmado: paymentId=2, userId=buyer-flow-1, productId=2&#xD;
[03:55:18 INF] Confirmai.Services.AppInitializationService: Usu�rio admin seed criado: admin@test.local&#xD;
[03:55:18 INF] Confirmai.Services.AppInitializationService: Usu�rio admin@test.local promovido a admin.&#xD;
[03:55:18 INF] Confirmai.Services.LogService: [Identity] Login bem-sucedido: runtime-unconfirmed@test.local.&#xD;
[03:55:18 INF] Confirmai.Tests.TestAuthHandler: AuthenticationScheme: TestAuth was challenged.&#xD;
[03:55:18 INF] Confirmai.Services.AppInitializationService: Usu�rio admin seed criado: admin@test.local&#xD;
[03:55:18 INF] Confirmai.Services.AppInitializationService: Usu�rio admin@test.local promovido a admin.&#xD;
[03:55:18 WRN] Confirmai.Services.LogService: [Identity] Tentativa de login inv�lida: lockout@test.local.&#xD;
[03:55:19 WRN] Confirmai.Services.LogService: [Identity] Tentativa de login inv�lida: lockout@test.local.&#xD;
[03:55:19 WRN] Confirmai.Services.LogService: [Identity] Tentativa de login inv�lida: lockout@test.local.&#xD;
[03:55:19 WRN] Confirmai.Services.LogService: [Identity] Tentativa de login inv�lida: lockout@test.local.&#xD;
[03:55:19 WRN] Confirmai.Services.LogService: [Identity] Tentativa de login inv�lida: lockout@test.local.&#xD;
[xUnit.net 00:00:08.40]   Finished:    Confirmai.Tests&#xD;
</StdOut>
    </Output>
  </ResultSummary>
</TestRun>